{"D:\\000_Edrick\\UBC\\CPSC_310\\project_team139\\src\\controller\\IInsightFacade.ts":{"path":"D:\\000_Edrick\\UBC\\CPSC_310\\project_team139\\src\\controller\\IInsightFacade.ts","statementMap":{"0":{"start":{"line":2,"column":0},"end":{"line":2,"column":62}},"1":{"start":{"line":3,"column":0},"end":{"line":3,"column":113}},"2":{"start":{"line":5,"column":0},"end":{"line":8,"column":89}},"3":{"start":{"line":6,"column":4},"end":{"line":6,"column":48}},"4":{"start":{"line":7,"column":4},"end":{"line":7,"column":42}},"5":{"start":{"line":11,"column":8},"end":{"line":11,"column":23}},"6":{"start":{"line":12,"column":8},"end":{"line":12,"column":52}},"7":{"start":{"line":15,"column":0},"end":{"line":15,"column":36}},"8":{"start":{"line":18,"column":8},"end":{"line":18,"column":23}},"9":{"start":{"line":19,"column":8},"end":{"line":19,"column":53}},"10":{"start":{"line":22,"column":0},"end":{"line":22,"column":38}},"11":{"start":{"line":25,"column":8},"end":{"line":25,"column":23}},"12":{"start":{"line":26,"column":8},"end":{"line":26,"column":59}},"13":{"start":{"line":29,"column":0},"end":{"line":29,"column":50}}},"fnMap":{"0":{"name":"(anonymous_0)","decl":{"start":{"line":5,"column":1},"end":{"line":5,"column":2}},"loc":{"start":{"line":5,"column":31},"end":{"line":8,"column":1}},"line":5},"1":{"name":"(anonymous_1)","decl":{"start":{"line":10,"column":4},"end":{"line":10,"column":5}},"loc":{"start":{"line":10,"column":25},"end":{"line":13,"column":5}},"line":10},"2":{"name":"(anonymous_2)","decl":{"start":{"line":17,"column":4},"end":{"line":17,"column":5}},"loc":{"start":{"line":17,"column":25},"end":{"line":20,"column":5}},"line":17},"3":{"name":"(anonymous_3)","decl":{"start":{"line":24,"column":4},"end":{"line":24,"column":5}},"loc":{"start":{"line":24,"column":25},"end":{"line":27,"column":5}},"line":24}},"branchMap":{"0":{"loc":{"start":{"line":8,"column":24},"end":{"line":8,"column":87}},"type":"binary-expr","locations":[{"start":{"line":8,"column":24},"end":{"line":8,"column":50}},{"start":{"line":8,"column":55},"end":{"line":8,"column":86}}],"line":8}},"s":{"0":1,"1":1,"2":1,"3":1,"4":1,"5":308,"6":308,"7":1,"8":3,"9":3,"10":1,"11":1,"12":1,"13":1},"f":{"0":1,"1":308,"2":3,"3":1},"b":{"0":[1,1]},"inputSourceMap":{"version":3,"file":"D:/000_Edrick/UBC/CPSC_310/project_team139/src/controller/IInsightFacade.ts","sources":["D:/000_Edrick/UBC/CPSC_310/project_team139/src/controller/IInsightFacade.ts"],"names":[],"mappings":";;;AAMA,IAAY,kBAGX;AAHD,WAAY,kBAAkB;IAC7B,2CAAqB,CAAA;IACrB,qCAAe,CAAA;AAChB,CAAC,EAHW,kBAAkB,GAAlB,0BAAkB,KAAlB,0BAAkB,QAG7B;AAUD,MAAa,YAAa,SAAQ,KAAK;IACtC,YAAY,OAAgB;QAC3B,KAAK,CAAC,OAAO,CAAC,CAAC;QACf,KAAK,CAAC,iBAAiB,CAAC,IAAI,EAAE,YAAY,CAAC,CAAC;IAC7C,CAAC;CACD;AALD,oCAKC;AAED,MAAa,aAAc,SAAQ,KAAK;IACvC,YAAY,OAAgB;QAC3B,KAAK,CAAC,OAAO,CAAC,CAAC;QACf,KAAK,CAAC,iBAAiB,CAAC,IAAI,EAAE,aAAa,CAAC,CAAC;IAC9C,CAAC;CACD;AALD,sCAKC;AAED,MAAa,mBAAoB,SAAQ,KAAK;IAC7C,YAAY,OAAgB;QAC3B,KAAK,CAAC,OAAO,CAAC,CAAC;QACf,KAAK,CAAC,iBAAiB,CAAC,IAAI,EAAE,mBAAmB,CAAC,CAAC;IACpD,CAAC;CACD;AALD,kDAKC","sourcesContent":["/*\n * This is the primary high-level API for the project. In this folder there should be:\n * A class called InsightFacade, this should be in a file called InsightFacade.ts.\n * You should not change this interface at all or the test suite will not work.\n */\n\nexport enum InsightDatasetKind {\n\tSections = \"sections\",\n\tRooms = \"rooms\",\n}\n\nexport interface InsightDataset {\n\tid: string;\n\tkind: InsightDatasetKind;\n\tnumRows: number;\n}\n\nexport type InsightResult = Record<string, string | number>;\n\nexport class InsightError extends Error {\n\tconstructor(message?: string) {\n\t\tsuper(message);\n\t\tError.captureStackTrace(this, InsightError);\n\t}\n}\n\nexport class NotFoundError extends Error {\n\tconstructor(message?: string) {\n\t\tsuper(message);\n\t\tError.captureStackTrace(this, NotFoundError);\n\t}\n}\n\nexport class ResultTooLargeError extends Error {\n\tconstructor(message?: string) {\n\t\tsuper(message);\n\t\tError.captureStackTrace(this, ResultTooLargeError);\n\t}\n}\n\nexport interface IInsightFacade {\n\t/**\n\t * Add a dataset to insightUBC.\n\t *\n\t * @param id  The id of the dataset being added. Follows the format /^[^_]+$/\n\t * @param content  The base64 content of the dataset. This content should be in the form of a serialized zip file.\n\t * @param kind  The kind of the dataset\n\t *\n\t * @return Promise <string[]>\n\t *\n\t * The promise should fulfill on a successful add, reject for any failures.\n\t * The promise should fulfill with a string array,\n\t * containing the ids of all currently added datasets upon a successful add.\n\t * The promise should reject with an InsightError describing the error.\n\t *\n\t * An id is invalid if it contains an underscore, or is only whitespace characters.\n\t * If id is the same as the id of an already added dataset, the dataset should be rejected and not saved.\n\t *\n\t * After receiving the dataset, it should be processed into a data structure of\n\t * your design. The processed data structure should be persisted to disk; your\n\t * system should be able to load this persisted value into memory for answering\n\t * queries.\n\t *\n\t * Ultimately, a dataset must be added or loaded from disk before queries can\n\t * be successfully answered.\n\t */\n\taddDataset(id: string, content: string, kind: InsightDatasetKind): Promise<string[]>;\n\n\t/**\n\t * Remove a dataset from insightUBC.\n\t *\n\t * @param id  The id of the dataset to remove. Follows the format /^[^_]+$/\n\t *\n\t * @return Promise <string>\n\t *\n\t * The promise should fulfill upon a successful removal, reject on any error.\n\t * Attempting to remove a dataset that hasn't been added yet counts as an error.\n\t *\n\t * An id is invalid if it contains an underscore, or is only whitespace characters.\n\t *\n\t * The promise should fulfill the id of the dataset that was removed.\n\t * The promise should reject with a NotFoundError (if a valid id was not yet added)\n\t * or an InsightError (invalid id or any other source of failure) describing the error.\n\t *\n\t * This will delete both disk and memory caches for the dataset for the id meaning\n\t * that subsequent queries for that id should fail unless a new addDataset happens first.\n\t */\n\tremoveDataset(id: string): Promise<string>;\n\n\t/**\n\t * Perform a query on insightUBC.\n\t *\n\t * @param query  The query to be performed.\n\t *\n\t * If a query is incorrectly formatted, references a dataset not added (in memory or on disk),\n\t * or references multiple datasets, it should be rejected.\n\t *\n\t * @return Promise <InsightResult[]>\n\t *\n\t * The promise should fulfill with an array of results.\n\t * The promise should reject with a ResultTooLargeError (if the query returns too many results)\n\t * or an InsightError (for any other source of failure) describing the error.\n\t */\n\tperformQuery(query: unknown): Promise<InsightResult[]>;\n\n\t/**\n\t * List all currently added datasets, their types, and number of rows.\n\t *\n\t * @return Promise <InsightDataset[]>\n\t * The promise should fulfill an array of currently added InsightDatasets, and will only fulfill.\n\t */\n\tlistDatasets(): Promise<InsightDataset[]>;\n}\n"]},"_coverageSchema":"1a1c01bbd47fc00a2c39e90264f33305004495a9","hash":"0edcbd741df7bc084b9e75af7bef382455fbac42","contentHash":"c164cfdc6b2e297e9cc51d719a97397203f9d54e45e6e278604f801085141be2"},"D:\\000_Edrick\\UBC\\CPSC_310\\project_team139\\src\\controller\\InsightFacade.ts":{"path":"D:\\000_Edrick\\UBC\\CPSC_310\\project_team139\\src\\controller\\InsightFacade.ts","statementMap":{"0":{"start":{"line":2,"column":22},"end":{"line":12,"column":3}},"1":{"start":{"line":3,"column":4},"end":{"line":3,"column":33}},"2":{"start":{"line":3,"column":26},"end":{"line":3,"column":33}},"3":{"start":{"line":4,"column":15},"end":{"line":4,"column":52}},"4":{"start":{"line":5,"column":4},"end":{"line":7,"column":5}},"5":{"start":{"line":6,"column":6},"end":{"line":6,"column":68}},"6":{"start":{"line":6,"column":51},"end":{"line":6,"column":63}},"7":{"start":{"line":8,"column":4},"end":{"line":8,"column":39}},"8":{"start":{"line":10,"column":4},"end":{"line":10,"column":33}},"9":{"start":{"line":10,"column":26},"end":{"line":10,"column":33}},"10":{"start":{"line":11,"column":4},"end":{"line":11,"column":17}},"11":{"start":{"line":13,"column":25},"end":{"line":17,"column":2}},"12":{"start":{"line":14,"column":4},"end":{"line":14,"column":72}},"13":{"start":{"line":16,"column":4},"end":{"line":16,"column":21}},"14":{"start":{"line":18,"column":19},"end":{"line":24,"column":1}},"15":{"start":{"line":19,"column":4},"end":{"line":19,"column":42}},"16":{"start":{"line":19,"column":31},"end":{"line":19,"column":42}},"17":{"start":{"line":20,"column":17},"end":{"line":20,"column":19}},"18":{"start":{"line":21,"column":4},"end":{"line":21,"column":141}},"19":{"start":{"line":21,"column":21},"end":{"line":21,"column":141}},"20":{"start":{"line":21,"column":40},"end":{"line":21,"column":141}},"21":{"start":{"line":21,"column":109},"end":{"line":21,"column":141}},"22":{"start":{"line":22,"column":4},"end":{"line":22,"column":36}},"23":{"start":{"line":23,"column":4},"end":{"line":23,"column":18}},"24":{"start":{"line":25,"column":0},"end":{"line":25,"column":62}},"25":{"start":{"line":26,"column":25},"end":{"line":26,"column":52}},"26":{"start":{"line":27,"column":16},"end":{"line":27,"column":32}},"27":{"start":{"line":28,"column":11},"end":{"line":28,"column":44}},"28":{"start":{"line":29,"column":22},"end":{"line":29,"column":46}},"29":{"start":{"line":30,"column":25},"end":{"line":30,"column":52}},"30":{"start":{"line":31,"column":21},"end":{"line":31,"column":44}},"31":{"start":{"line":32,"column":15},"end":{"line":32,"column":46}},"32":{"start":{"line":33,"column":22},"end":{"line":33,"column":46}},"33":{"start":{"line":34,"column":31},"end":{"line":34,"column":64}},"34":{"start":{"line":35,"column":21},"end":{"line":35,"column":44}},"35":{"start":{"line":37,"column":15},"end":{"line":37,"column":24}},"36":{"start":{"line":38,"column":9},"end":{"line":38,"column":46}},"37":{"start":{"line":39,"column":9},"end":{"line":39,"column":38}},"38":{"start":{"line":40,"column":9},"end":{"line":40,"column":40}},"39":{"start":{"line":41,"column":9},"end":{"line":41,"column":58}},"40":{"start":{"line":42,"column":9},"end":{"line":42,"column":38}},"41":{"start":{"line":44,"column":8},"end":{"line":44,"column":46}},"42":{"start":{"line":45,"column":8},"end":{"line":47,"column":9}},"43":{"start":{"line":46,"column":12},"end":{"line":46,"column":66}},"44":{"start":{"line":48,"column":8},"end":{"line":50,"column":9}},"45":{"start":{"line":49,"column":12},"end":{"line":49,"column":78}},"46":{"start":{"line":52,"column":8},"end":{"line":73,"column":9}},"47":{"start":{"line":53,"column":12},"end":{"line":53,"column":78}},"48":{"start":{"line":54,"column":12},"end":{"line":69,"column":13}},"49":{"start":{"line":55,"column":30},"end":{"line":55,"column":55}},"50":{"start":{"line":56,"column":16},"end":{"line":58,"column":17}},"51":{"start":{"line":57,"column":20},"end":{"line":57,"column":81}},"52":{"start":{"line":59,"column":16},"end":{"line":61,"column":17}},"53":{"start":{"line":60,"column":20},"end":{"line":60,"column":83}},"54":{"start":{"line":62,"column":16},"end":{"line":62,"column":68}},"55":{"start":{"line":64,"column":17},"end":{"line":69,"column":13}},"56":{"start":{"line":65,"column":16},"end":{"line":65,"column":72}},"57":{"start":{"line":68,"column":16},"end":{"line":68,"column":80}},"58":{"start":{"line":72,"column":12},"end":{"line":72,"column":69}},"59":{"start":{"line":74,"column":8},"end":{"line":74,"column":48}},"60":{"start":{"line":77,"column":8},"end":{"line":77,"column":86}},"61":{"start":{"line":78,"column":8},"end":{"line":78,"column":83}},"62":{"start":{"line":79,"column":8},"end":{"line":81,"column":9}},"63":{"start":{"line":80,"column":12},"end":{"line":80,"column":66}},"64":{"start":{"line":82,"column":8},"end":{"line":84,"column":9}},"65":{"start":{"line":83,"column":12},"end":{"line":83,"column":71}},"66":{"start":{"line":85,"column":8},"end":{"line":85,"column":33}},"67":{"start":{"line":86,"column":8},"end":{"line":86,"column":51}},"68":{"start":{"line":87,"column":8},"end":{"line":87,"column":18}},"69":{"start":{"line":90,"column":29},"end":{"line":90,"column":98}},"70":{"start":{"line":91,"column":30},"end":{"line":91,"column":99}},"71":{"start":{"line":91,"column":72},"end":{"line":91,"column":98}},"72":{"start":{"line":92,"column":8},"end":{"line":94,"column":9}},"73":{"start":{"line":93,"column":12},"end":{"line":93,"column":76}},"74":{"start":{"line":95,"column":26},"end":{"line":95,"column":53}},"75":{"start":{"line":96,"column":8},"end":{"line":98,"column":9}},"76":{"start":{"line":97,"column":12},"end":{"line":97,"column":87}},"77":{"start":{"line":99,"column":29},"end":{"line":99,"column":60}},"78":{"start":{"line":100,"column":25},"end":{"line":100,"column":51}},"79":{"start":{"line":101,"column":23},"end":{"line":101,"column":68}},"80":{"start":{"line":102,"column":30},"end":{"line":102,"column":89}},"81":{"start":{"line":102,"column":53},"end":{"line":102,"column":88}},"82":{"start":{"line":103,"column":8},"end":{"line":105,"column":9}},"83":{"start":{"line":104,"column":12},"end":{"line":104,"column":79}},"84":{"start":{"line":106,"column":45},"end":{"line":106,"column":88}},"85":{"start":{"line":107,"column":8},"end":{"line":107,"column":46}},"86":{"start":{"line":108,"column":22},"end":{"line":108,"column":86}},"87":{"start":{"line":109,"column":8},"end":{"line":115,"column":9}},"88":{"start":{"line":110,"column":12},"end":{"line":112,"column":13}},"89":{"start":{"line":111,"column":16},"end":{"line":111,"column":25}},"90":{"start":{"line":113,"column":33},"end":{"line":113,"column":61}},"91":{"start":{"line":114,"column":12},"end":{"line":114,"column":47}},"92":{"start":{"line":116,"column":8},"end":{"line":116,"column":39}},"93":{"start":{"line":117,"column":8},"end":{"line":117,"column":46}},"94":{"start":{"line":120,"column":8},"end":{"line":120,"column":86}},"95":{"start":{"line":121,"column":8},"end":{"line":121,"column":83}},"96":{"start":{"line":122,"column":35},"end":{"line":122,"column":37}},"97":{"start":{"line":123,"column":28},"end":{"line":123,"column":51}},"98":{"start":{"line":124,"column":8},"end":{"line":131,"column":9}},"99":{"start":{"line":125,"column":35},"end":{"line":129,"column":13}},"100":{"start":{"line":130,"column":12},"end":{"line":130,"column":52}},"101":{"start":{"line":132,"column":8},"end":{"line":132,"column":34}},"102":{"start":{"line":135,"column":8},"end":{"line":135,"column":86}},"103":{"start":{"line":136,"column":8},"end":{"line":136,"column":83}},"104":{"start":{"line":137,"column":8},"end":{"line":139,"column":9}},"105":{"start":{"line":138,"column":12},"end":{"line":138,"column":54}},"106":{"start":{"line":140,"column":52},"end":{"line":140,"column":57}},"107":{"start":{"line":141,"column":42},"end":{"line":141,"column":89}},"108":{"start":{"line":142,"column":23},"end":{"line":142,"column":25}},"109":{"start":{"line":143,"column":8},"end":{"line":148,"column":9}},"110":{"start":{"line":144,"column":12},"end":{"line":144,"column":88}},"111":{"start":{"line":146,"column":13},"end":{"line":148,"column":9}},"112":{"start":{"line":147,"column":12},"end":{"line":147,"column":85}},"113":{"start":{"line":149,"column":8},"end":{"line":151,"column":9}},"114":{"start":{"line":150,"column":12},"end":{"line":150,"column":22}},"115":{"start":{"line":152,"column":8},"end":{"line":154,"column":9}},"116":{"start":{"line":153,"column":12},"end":{"line":153,"column":85}},"117":{"start":{"line":155,"column":23},"end":{"line":155,"column":75}},"118":{"start":{"line":156,"column":22},"end":{"line":156,"column":26}},"119":{"start":{"line":157,"column":8},"end":{"line":159,"column":9}},"120":{"start":{"line":158,"column":12},"end":{"line":158,"column":79}},"121":{"start":{"line":160,"column":8},"end":{"line":160,"column":22}},"122":{"start":{"line":163,"column":8},"end":{"line":165,"column":9}},"123":{"start":{"line":164,"column":12},"end":{"line":164,"column":102}},"124":{"start":{"line":166,"column":8},"end":{"line":170,"column":9}},"125":{"start":{"line":167,"column":12},"end":{"line":169,"column":13}},"126":{"start":{"line":168,"column":16},"end":{"line":168,"column":89}},"127":{"start":{"line":171,"column":24},"end":{"line":171,"column":57}},"128":{"start":{"line":172,"column":29},"end":{"line":172,"column":55}},"129":{"start":{"line":173,"column":8},"end":{"line":175,"column":9}},"130":{"start":{"line":174,"column":12},"end":{"line":174,"column":75}},"131":{"start":{"line":176,"column":8},"end":{"line":176,"column":41}},"132":{"start":{"line":179,"column":35},"end":{"line":179,"column":42}},"133":{"start":{"line":180,"column":28},"end":{"line":180,"column":30}},"134":{"start":{"line":181,"column":24},"end":{"line":192,"column":10}},"135":{"start":{"line":182,"column":27},"end":{"line":182,"column":29}},"136":{"start":{"line":183,"column":12},"end":{"line":190,"column":15}},"137":{"start":{"line":184,"column":43},"end":{"line":184,"column":57}},"138":{"start":{"line":185,"column":16},"end":{"line":187,"column":17}},"139":{"start":{"line":186,"column":20},"end":{"line":186,"column":79}},"140":{"start":{"line":188,"column":16},"end":{"line":188,"column":40}},"141":{"start":{"line":189,"column":16},"end":{"line":189,"column":63}},"142":{"start":{"line":191,"column":12},"end":{"line":191,"column":26}},"143":{"start":{"line":193,"column":8},"end":{"line":195,"column":9}},"144":{"start":{"line":194,"column":12},"end":{"line":194,"column":70}},"145":{"start":{"line":196,"column":8},"end":{"line":196,"column":23}},"146":{"start":{"line":199,"column":8},"end":{"line":216,"column":9}},"147":{"start":{"line":200,"column":26},"end":{"line":200,"column":69}},"148":{"start":{"line":201,"column":12},"end":{"line":203,"column":13}},"149":{"start":{"line":202,"column":16},"end":{"line":202,"column":23}},"150":{"start":{"line":204,"column":33},"end":{"line":204,"column":74}},"151":{"start":{"line":205,"column":12},"end":{"line":215,"column":13}},"152":{"start":{"line":206,"column":16},"end":{"line":208,"column":17}},"153":{"start":{"line":207,"column":20},"end":{"line":207,"column":29}},"154":{"start":{"line":209,"column":32},"end":{"line":209,"column":61}},"155":{"start":{"line":210,"column":16},"end":{"line":210,"column":52}},"156":{"start":{"line":211,"column":16},"end":{"line":211,"column":46}},"157":{"start":{"line":212,"column":16},"end":{"line":212,"column":50}},"158":{"start":{"line":213,"column":16},"end":{"line":213,"column":44}},"159":{"start":{"line":214,"column":16},"end":{"line":214,"column":47}},"160":{"start":{"line":219,"column":29},"end":{"line":219,"column":101}},"161":{"start":{"line":220,"column":27},"end":{"line":220,"column":36}},"162":{"start":{"line":221,"column":27},"end":{"line":221,"column":50}},"163":{"start":{"line":222,"column":32},"end":{"line":224,"column":10}},"164":{"start":{"line":223,"column":12},"end":{"line":223,"column":80}},"165":{"start":{"line":225,"column":29},"end":{"line":231,"column":10}},"166":{"start":{"line":226,"column":25},"end":{"line":226,"column":44}},"167":{"start":{"line":227,"column":12},"end":{"line":230,"column":13}},"168":{"start":{"line":228,"column":38},"end":{"line":228,"column":64}},"169":{"start":{"line":229,"column":16},"end":{"line":229,"column":56}},"170":{"start":{"line":232,"column":32},"end":{"line":232,"column":63}},"171":{"start":{"line":233,"column":8},"end":{"line":238,"column":9}},"172":{"start":{"line":234,"column":12},"end":{"line":237,"column":13}},"173":{"start":{"line":235,"column":36},"end":{"line":235,"column":70}},"174":{"start":{"line":236,"column":16},"end":{"line":236,"column":53}},"175":{"start":{"line":239,"column":8},"end":{"line":241,"column":9}},"176":{"start":{"line":240,"column":12},"end":{"line":240,"column":56}},"177":{"start":{"line":242,"column":8},"end":{"line":242,"column":39}},"178":{"start":{"line":243,"column":8},"end":{"line":243,"column":46}},"179":{"start":{"line":246,"column":30},"end":{"line":246,"column":60}},"180":{"start":{"line":247,"column":8},"end":{"line":247,"column":37}},"181":{"start":{"line":248,"column":8},"end":{"line":248,"column":66}},"182":{"start":{"line":251,"column":0},"end":{"line":251,"column":32}}},"fnMap":{"0":{"name":"(anonymous_0)","decl":{"start":{"line":2,"column":74},"end":{"line":2,"column":75}},"loc":{"start":{"line":2,"column":96},"end":{"line":9,"column":1}},"line":2},"1":{"name":"(anonymous_1)","decl":{"start":{"line":6,"column":38},"end":{"line":6,"column":39}},"loc":{"start":{"line":6,"column":49},"end":{"line":6,"column":65}},"line":6},"2":{"name":"(anonymous_2)","decl":{"start":{"line":9,"column":6},"end":{"line":9,"column":7}},"loc":{"start":{"line":9,"column":28},"end":{"line":12,"column":1}},"line":9},"3":{"name":"(anonymous_3)","decl":{"start":{"line":13,"column":80},"end":{"line":13,"column":81}},"loc":{"start":{"line":13,"column":95},"end":{"line":15,"column":1}},"line":13},"4":{"name":"(anonymous_4)","decl":{"start":{"line":15,"column":5},"end":{"line":15,"column":6}},"loc":{"start":{"line":15,"column":20},"end":{"line":17,"column":1}},"line":15},"5":{"name":"(anonymous_5)","decl":{"start":{"line":18,"column":50},"end":{"line":18,"column":51}},"loc":{"start":{"line":18,"column":65},"end":{"line":24,"column":1}},"line":18},"6":{"name":"(anonymous_6)","decl":{"start":{"line":43,"column":4},"end":{"line":43,"column":5}},"loc":{"start":{"line":43,"column":40},"end":{"line":75,"column":5}},"line":43},"7":{"name":"(anonymous_7)","decl":{"start":{"line":76,"column":4},"end":{"line":76,"column":5}},"loc":{"start":{"line":76,"column":28},"end":{"line":88,"column":5}},"line":76},"8":{"name":"(anonymous_8)","decl":{"start":{"line":89,"column":4},"end":{"line":89,"column":5}},"loc":{"start":{"line":89,"column":50},"end":{"line":118,"column":5}},"line":89},"9":{"name":"(anonymous_9)","decl":{"start":{"line":91,"column":62},"end":{"line":91,"column":63}},"loc":{"start":{"line":91,"column":72},"end":{"line":91,"column":98}},"line":91},"10":{"name":"(anonymous_10)","decl":{"start":{"line":102,"column":42},"end":{"line":102,"column":43}},"loc":{"start":{"line":102,"column":53},"end":{"line":102,"column":88}},"line":102},"11":{"name":"(anonymous_11)","decl":{"start":{"line":119,"column":4},"end":{"line":119,"column":5}},"loc":{"start":{"line":119,"column":25},"end":{"line":133,"column":5}},"line":119},"12":{"name":"(anonymous_12)","decl":{"start":{"line":134,"column":4},"end":{"line":134,"column":5}},"loc":{"start":{"line":134,"column":30},"end":{"line":161,"column":5}},"line":134},"13":{"name":"(anonymous_13)","decl":{"start":{"line":162,"column":4},"end":{"line":162,"column":5}},"loc":{"start":{"line":162,"column":47},"end":{"line":177,"column":5}},"line":162},"14":{"name":"(anonymous_14)","decl":{"start":{"line":178,"column":4},"end":{"line":178,"column":5}},"loc":{"start":{"line":178,"column":52},"end":{"line":197,"column":5}},"line":178},"15":{"name":"(anonymous_15)","decl":{"start":{"line":181,"column":37},"end":{"line":181,"column":38}},"loc":{"start":{"line":181,"column":47},"end":{"line":192,"column":9}},"line":181},"16":{"name":"(anonymous_16)","decl":{"start":{"line":183,"column":28},"end":{"line":183,"column":29}},"loc":{"start":{"line":183,"column":37},"end":{"line":190,"column":13}},"line":183},"17":{"name":"(anonymous_17)","decl":{"start":{"line":198,"column":4},"end":{"line":198,"column":5}},"loc":{"start":{"line":198,"column":34},"end":{"line":217,"column":5}},"line":198},"18":{"name":"(anonymous_18)","decl":{"start":{"line":218,"column":4},"end":{"line":218,"column":5}},"loc":{"start":{"line":218,"column":42},"end":{"line":244,"column":5}},"line":218},"19":{"name":"(anonymous_19)","decl":{"start":{"line":222,"column":50},"end":{"line":222,"column":51}},"loc":{"start":{"line":222,"column":65},"end":{"line":224,"column":9}},"line":222},"20":{"name":"(anonymous_20)","decl":{"start":{"line":225,"column":49},"end":{"line":225,"column":50}},"loc":{"start":{"line":225,"column":70},"end":{"line":231,"column":9}},"line":225},"21":{"name":"(anonymous_21)","decl":{"start":{"line":245,"column":4},"end":{"line":245,"column":5}},"loc":{"start":{"line":245,"column":37},"end":{"line":249,"column":5}},"line":245}},"branchMap":{"0":{"loc":{"start":{"line":2,"column":22},"end":{"line":12,"column":3}},"type":"binary-expr","locations":[{"start":{"line":2,"column":23},"end":{"line":2,"column":27}},{"start":{"line":2,"column":31},"end":{"line":2,"column":51}},{"start":{"line":2,"column":57},"end":{"line":12,"column":2}}],"line":2},"1":{"loc":{"start":{"line":2,"column":57},"end":{"line":12,"column":2}},"type":"cond-expr","locations":[{"start":{"line":2,"column":74},"end":{"line":9,"column":1}},{"start":{"line":9,"column":6},"end":{"line":12,"column":1}}],"line":2},"2":{"loc":{"start":{"line":3,"column":4},"end":{"line":3,"column":33}},"type":"if","locations":[{"start":{"line":3,"column":4},"end":{"line":3,"column":33}},{"start":{"line":3,"column":4},"end":{"line":3,"column":33}}],"line":3},"3":{"loc":{"start":{"line":5,"column":4},"end":{"line":7,"column":5}},"type":"if","locations":[{"start":{"line":5,"column":4},"end":{"line":7,"column":5}},{"start":{"line":5,"column":4},"end":{"line":7,"column":5}}],"line":5},"4":{"loc":{"start":{"line":5,"column":8},"end":{"line":5,"column":85}},"type":"binary-expr","locations":[{"start":{"line":5,"column":8},"end":{"line":5,"column":13}},{"start":{"line":5,"column":18},"end":{"line":5,"column":84}}],"line":5},"5":{"loc":{"start":{"line":5,"column":18},"end":{"line":5,"column":84}},"type":"cond-expr","locations":[{"start":{"line":5,"column":34},"end":{"line":5,"column":47}},{"start":{"line":5,"column":50},"end":{"line":5,"column":84}}],"line":5},"6":{"loc":{"start":{"line":5,"column":50},"end":{"line":5,"column":84}},"type":"binary-expr","locations":[{"start":{"line":5,"column":50},"end":{"line":5,"column":63}},{"start":{"line":5,"column":67},"end":{"line":5,"column":84}}],"line":5},"7":{"loc":{"start":{"line":10,"column":4},"end":{"line":10,"column":33}},"type":"if","locations":[{"start":{"line":10,"column":4},"end":{"line":10,"column":33}},{"start":{"line":10,"column":4},"end":{"line":10,"column":33}}],"line":10},"8":{"loc":{"start":{"line":13,"column":25},"end":{"line":17,"column":2}},"type":"binary-expr","locations":[{"start":{"line":13,"column":26},"end":{"line":13,"column":30}},{"start":{"line":13,"column":34},"end":{"line":13,"column":57}},{"start":{"line":13,"column":63},"end":{"line":17,"column":1}}],"line":13},"9":{"loc":{"start":{"line":13,"column":63},"end":{"line":17,"column":1}},"type":"cond-expr","locations":[{"start":{"line":13,"column":80},"end":{"line":15,"column":1}},{"start":{"line":15,"column":5},"end":{"line":17,"column":1}}],"line":13},"10":{"loc":{"start":{"line":18,"column":19},"end":{"line":24,"column":1}},"type":"binary-expr","locations":[{"start":{"line":18,"column":20},"end":{"line":18,"column":24}},{"start":{"line":18,"column":28},"end":{"line":18,"column":45}},{"start":{"line":18,"column":50},"end":{"line":24,"column":1}}],"line":18},"11":{"loc":{"start":{"line":19,"column":4},"end":{"line":19,"column":42}},"type":"if","locations":[{"start":{"line":19,"column":4},"end":{"line":19,"column":42}},{"start":{"line":19,"column":4},"end":{"line":19,"column":42}}],"line":19},"12":{"loc":{"start":{"line":19,"column":8},"end":{"line":19,"column":29}},"type":"binary-expr","locations":[{"start":{"line":19,"column":8},"end":{"line":19,"column":11}},{"start":{"line":19,"column":15},"end":{"line":19,"column":29}}],"line":19},"13":{"loc":{"start":{"line":21,"column":4},"end":{"line":21,"column":141}},"type":"if","locations":[{"start":{"line":21,"column":4},"end":{"line":21,"column":141}},{"start":{"line":21,"column":4},"end":{"line":21,"column":141}}],"line":21},"14":{"loc":{"start":{"line":21,"column":40},"end":{"line":21,"column":141}},"type":"if","locations":[{"start":{"line":21,"column":40},"end":{"line":21,"column":141}},{"start":{"line":21,"column":40},"end":{"line":21,"column":141}}],"line":21},"15":{"loc":{"start":{"line":21,"column":44},"end":{"line":21,"column":107}},"type":"binary-expr","locations":[{"start":{"line":21,"column":44},"end":{"line":21,"column":59}},{"start":{"line":21,"column":63},"end":{"line":21,"column":107}}],"line":21},"16":{"loc":{"start":{"line":45,"column":8},"end":{"line":47,"column":9}},"type":"if","locations":[{"start":{"line":45,"column":8},"end":{"line":47,"column":9}},{"start":{"line":45,"column":8},"end":{"line":47,"column":9}}],"line":45},"17":{"loc":{"start":{"line":48,"column":8},"end":{"line":50,"column":9}},"type":"if","locations":[{"start":{"line":48,"column":8},"end":{"line":50,"column":9}},{"start":{"line":48,"column":8},"end":{"line":50,"column":9}}],"line":48},"18":{"loc":{"start":{"line":54,"column":12},"end":{"line":69,"column":13}},"type":"if","locations":[{"start":{"line":54,"column":12},"end":{"line":69,"column":13}},{"start":{"line":54,"column":12},"end":{"line":69,"column":13}}],"line":54},"19":{"loc":{"start":{"line":56,"column":16},"end":{"line":58,"column":17}},"type":"if","locations":[{"start":{"line":56,"column":16},"end":{"line":58,"column":17}},{"start":{"line":56,"column":16},"end":{"line":58,"column":17}}],"line":56},"20":{"loc":{"start":{"line":59,"column":16},"end":{"line":61,"column":17}},"type":"if","locations":[{"start":{"line":59,"column":16},"end":{"line":61,"column":17}},{"start":{"line":59,"column":16},"end":{"line":61,"column":17}}],"line":59},"21":{"loc":{"start":{"line":64,"column":17},"end":{"line":69,"column":13}},"type":"if","locations":[{"start":{"line":64,"column":17},"end":{"line":69,"column":13}},{"start":{"line":64,"column":17},"end":{"line":69,"column":13}}],"line":64},"22":{"loc":{"start":{"line":79,"column":8},"end":{"line":81,"column":9}},"type":"if","locations":[{"start":{"line":79,"column":8},"end":{"line":81,"column":9}},{"start":{"line":79,"column":8},"end":{"line":81,"column":9}}],"line":79},"23":{"loc":{"start":{"line":82,"column":8},"end":{"line":84,"column":9}},"type":"if","locations":[{"start":{"line":82,"column":8},"end":{"line":84,"column":9}},{"start":{"line":82,"column":8},"end":{"line":84,"column":9}}],"line":82},"24":{"loc":{"start":{"line":92,"column":8},"end":{"line":94,"column":9}},"type":"if","locations":[{"start":{"line":92,"column":8},"end":{"line":94,"column":9}},{"start":{"line":92,"column":8},"end":{"line":94,"column":9}}],"line":92},"25":{"loc":{"start":{"line":96,"column":8},"end":{"line":98,"column":9}},"type":"if","locations":[{"start":{"line":96,"column":8},"end":{"line":98,"column":9}},{"start":{"line":96,"column":8},"end":{"line":98,"column":9}}],"line":96},"26":{"loc":{"start":{"line":103,"column":8},"end":{"line":105,"column":9}},"type":"if","locations":[{"start":{"line":103,"column":8},"end":{"line":105,"column":9}},{"start":{"line":103,"column":8},"end":{"line":105,"column":9}}],"line":103},"27":{"loc":{"start":{"line":110,"column":12},"end":{"line":112,"column":13}},"type":"if","locations":[{"start":{"line":110,"column":12},"end":{"line":112,"column":13}},{"start":{"line":110,"column":12},"end":{"line":112,"column":13}}],"line":110},"28":{"loc":{"start":{"line":137,"column":8},"end":{"line":139,"column":9}},"type":"if","locations":[{"start":{"line":137,"column":8},"end":{"line":139,"column":9}},{"start":{"line":137,"column":8},"end":{"line":139,"column":9}}],"line":137},"29":{"loc":{"start":{"line":137,"column":12},"end":{"line":137,"column":55}},"type":"binary-expr","locations":[{"start":{"line":137,"column":12},"end":{"line":137,"column":37}},{"start":{"line":137,"column":41},"end":{"line":137,"column":55}}],"line":137},"30":{"loc":{"start":{"line":143,"column":8},"end":{"line":148,"column":9}},"type":"if","locations":[{"start":{"line":143,"column":8},"end":{"line":148,"column":9}},{"start":{"line":143,"column":8},"end":{"line":148,"column":9}}],"line":143},"31":{"loc":{"start":{"line":146,"column":13},"end":{"line":148,"column":9}},"type":"if","locations":[{"start":{"line":146,"column":13},"end":{"line":148,"column":9}},{"start":{"line":146,"column":13},"end":{"line":148,"column":9}}],"line":146},"32":{"loc":{"start":{"line":149,"column":8},"end":{"line":151,"column":9}},"type":"if","locations":[{"start":{"line":149,"column":8},"end":{"line":151,"column":9}},{"start":{"line":149,"column":8},"end":{"line":151,"column":9}}],"line":149},"33":{"loc":{"start":{"line":152,"column":8},"end":{"line":154,"column":9}},"type":"if","locations":[{"start":{"line":152,"column":8},"end":{"line":154,"column":9}},{"start":{"line":152,"column":8},"end":{"line":154,"column":9}}],"line":152},"34":{"loc":{"start":{"line":157,"column":8},"end":{"line":159,"column":9}},"type":"if","locations":[{"start":{"line":157,"column":8},"end":{"line":159,"column":9}},{"start":{"line":157,"column":8},"end":{"line":159,"column":9}}],"line":157},"35":{"loc":{"start":{"line":163,"column":8},"end":{"line":165,"column":9}},"type":"if","locations":[{"start":{"line":163,"column":8},"end":{"line":165,"column":9}},{"start":{"line":163,"column":8},"end":{"line":165,"column":9}}],"line":163},"36":{"loc":{"start":{"line":163,"column":12},"end":{"line":163,"column":30}},"type":"binary-expr","locations":[{"start":{"line":163,"column":12},"end":{"line":163,"column":18}},{"start":{"line":163,"column":22},"end":{"line":163,"column":30}}],"line":163},"37":{"loc":{"start":{"line":167,"column":12},"end":{"line":169,"column":13}},"type":"if","locations":[{"start":{"line":167,"column":12},"end":{"line":169,"column":13}},{"start":{"line":167,"column":12},"end":{"line":169,"column":13}}],"line":167},"38":{"loc":{"start":{"line":167,"column":16},"end":{"line":167,"column":75}},"type":"binary-expr","locations":[{"start":{"line":167,"column":16},"end":{"line":167,"column":29}},{"start":{"line":167,"column":33},"end":{"line":167,"column":48}},{"start":{"line":167,"column":52},"end":{"line":167,"column":75}}],"line":167},"39":{"loc":{"start":{"line":173,"column":8},"end":{"line":175,"column":9}},"type":"if","locations":[{"start":{"line":173,"column":8},"end":{"line":175,"column":9}},{"start":{"line":173,"column":8},"end":{"line":175,"column":9}}],"line":173},"40":{"loc":{"start":{"line":185,"column":16},"end":{"line":187,"column":17}},"type":"if","locations":[{"start":{"line":185,"column":16},"end":{"line":187,"column":17}},{"start":{"line":185,"column":16},"end":{"line":187,"column":17}}],"line":185},"41":{"loc":{"start":{"line":193,"column":8},"end":{"line":195,"column":9}},"type":"if","locations":[{"start":{"line":193,"column":8},"end":{"line":195,"column":9}},{"start":{"line":193,"column":8},"end":{"line":195,"column":9}}],"line":193},"42":{"loc":{"start":{"line":199,"column":8},"end":{"line":216,"column":9}},"type":"if","locations":[{"start":{"line":199,"column":8},"end":{"line":216,"column":9}},{"start":{"line":199,"column":8},"end":{"line":216,"column":9}}],"line":199},"43":{"loc":{"start":{"line":199,"column":12},"end":{"line":199,"column":113}},"type":"binary-expr","locations":[{"start":{"line":199,"column":12},"end":{"line":199,"column":62}},{"start":{"line":199,"column":66},"end":{"line":199,"column":113}}],"line":199},"44":{"loc":{"start":{"line":201,"column":12},"end":{"line":203,"column":13}},"type":"if","locations":[{"start":{"line":201,"column":12},"end":{"line":203,"column":13}},{"start":{"line":201,"column":12},"end":{"line":203,"column":13}}],"line":201},"45":{"loc":{"start":{"line":206,"column":16},"end":{"line":208,"column":17}},"type":"if","locations":[{"start":{"line":206,"column":16},"end":{"line":208,"column":17}},{"start":{"line":206,"column":16},"end":{"line":208,"column":17}}],"line":206},"46":{"loc":{"start":{"line":223,"column":19},"end":{"line":223,"column":79}},"type":"binary-expr","locations":[{"start":{"line":223,"column":19},"end":{"line":223,"column":51}},{"start":{"line":223,"column":55},"end":{"line":223,"column":79}}],"line":223},"47":{"loc":{"start":{"line":227,"column":12},"end":{"line":230,"column":13}},"type":"if","locations":[{"start":{"line":227,"column":12},"end":{"line":230,"column":13}},{"start":{"line":227,"column":12},"end":{"line":230,"column":13}}],"line":227},"48":{"loc":{"start":{"line":239,"column":8},"end":{"line":241,"column":9}},"type":"if","locations":[{"start":{"line":239,"column":8},"end":{"line":241,"column":9}},{"start":{"line":239,"column":8},"end":{"line":241,"column":9}}],"line":239}},"s":{"0":1,"1":148,"2":148,"3":148,"4":148,"5":148,"6":289,"7":148,"8":0,"9":0,"10":0,"11":1,"12":1,"13":0,"14":1,"15":2,"16":1,"17":1,"18":1,"19":1,"20":148,"21":148,"22":1,"23":1,"24":1,"25":1,"26":1,"27":1,"28":1,"29":1,"30":1,"31":1,"32":1,"33":1,"34":1,"35":25,"36":25,"37":25,"38":25,"39":25,"40":25,"41":23,"42":23,"43":5,"44":18,"45":1,"46":17,"47":17,"48":17,"49":15,"50":15,"51":0,"52":15,"53":0,"54":15,"55":2,"56":2,"57":0,"58":2,"59":15,"60":13,"61":13,"62":13,"63":5,"64":8,"65":3,"66":5,"67":5,"68":5,"69":2,"70":2,"71":160,"72":2,"73":0,"74":2,"75":2,"76":0,"77":2,"78":2,"79":2,"80":2,"81":2,"82":2,"83":0,"84":2,"85":2,"86":2,"87":2,"88":788,"89":60,"90":728,"91":728,"92":2,"93":2,"94":5,"95":5,"96":5,"97":5,"98":5,"99":5,"100":5,"101":5,"102":41,"103":41,"104":41,"105":0,"106":41,"107":41,"108":36,"109":36,"110":31,"111":5,"112":5,"113":26,"114":1,"115":25,"116":2,"117":25,"118":21,"119":21,"120":1,"121":20,"122":41,"123":3,"124":38,"125":78,"126":0,"127":38,"128":36,"129":36,"130":0,"131":36,"132":25,"133":25,"134":25,"135":64960,"136":64960,"137":130104,"138":130104,"139":1,"140":130103,"141":130103,"142":64957,"143":22,"144":14,"145":21,"146":141,"147":141,"148":141,"149":33,"150":108,"151":108,"152":194,"153":194,"154":0,"155":0,"156":0,"157":0,"158":0,"159":0,"160":15,"161":15,"162":15,"163":15,"164":77289,"165":15,"166":77273,"167":77273,"168":77273,"169":77273,"170":15,"171":15,"172":77273,"173":839956,"174":839956,"175":15,"176":2,"177":13,"178":13,"179":20,"180":20,"181":20,"182":1},"f":{"0":148,"1":289,"2":0,"3":1,"4":0,"5":2,"6":23,"7":13,"8":2,"9":160,"10":2,"11":5,"12":41,"13":41,"14":25,"15":64960,"16":130104,"17":141,"18":15,"19":77289,"20":77273,"21":20},"b":{"0":[1,1,1],"1":[1,0],"2":[148,0],"3":[148,0],"4":[148,148],"5":[0,148],"6":[148,0],"7":[0,0],"8":[1,1,1],"9":[1,0],"10":[1,1,1],"11":[1,1],"12":[2,2],"13":[1,0],"14":[148,0],"15":[148,148],"16":[5,18],"17":[1,17],"18":[15,2],"19":[0,15],"20":[0,15],"21":[2,0],"22":[5,8],"23":[3,5],"24":[0,2],"25":[0,2],"26":[0,2],"27":[60,728],"28":[0,41],"29":[41,41],"30":[31,5],"31":[5,0],"32":[1,25],"33":[2,23],"34":[1,20],"35":[3,38],"36":[41,39],"37":[0,78],"38":[78,40,2],"39":[0,36],"40":[1,130103],"41":[14,8],"42":[141,0],"43":[141,61],"44":[33,108],"45":[194,0],"46":[77289,77288],"47":[77273,0],"48":[2,13]},"inputSourceMap":{"version":3,"file":"D:/000_Edrick/UBC/CPSC_310/project_team139/src/controller/InsightFacade.ts","sources":["D:/000_Edrick/UBC/CPSC_310/project_team139/src/controller/InsightFacade.ts"],"names":[],"mappings":";;;;;;;;;;;;;;;;;;;;;;;;;AAAA,qDAQ0B;AAC1B,iCAAyC;AACzC,6CAA+B;AAC/B,+CAAwD;AACxD,qDAAkD;AAClD,6CAA0C;AAC1C,+CAAiC;AACjC,+CAA4C;AAC5C,iEAA8D;AAC9D,6CAA0C;AAG1C,MAAqB,aAAa;IACzB,QAAQ,GAAG,IAAI,GAAG,EAAoB,CAAC;IACvC,EAAE,GAAG,IAAI,+BAAc,EAAE,CAAC;IAC1B,EAAE,GAAG,IAAI,uBAAU,EAAE,CAAC;IACtB,EAAE,GAAG,IAAI,yBAAW,EAAE,CAAC;IACvB,EAAE,GAAG,IAAI,2CAAoB,EAAE,CAAC;IAChC,EAAE,GAAG,IAAI,uBAAU,EAAE,CAAC;IAEvB,KAAK,CAAC,UAAU,CAAC,EAAU,EAAE,OAAe,EAAE,IAAwB;QAC5E,MAAM,IAAI,CAAC,oBAAoB,CAAC,IAAI,CAAC,CAAC;QAEtC,IAAI,CAAC,IAAI,CAAC,EAAE,CAAC,SAAS,CAAC,EAAE,CAAC,EAAE;YAC3B,MAAM,IAAI,6BAAY,CAAC,YAAY,CAAC,CAAC;SACrC;QACD,IAAI,IAAI,CAAC,QAAQ,CAAC,GAAG,CAAC,EAAE,CAAC,EAAE;YAC1B,MAAM,IAAI,6BAAY,CAAC,wBAAwB,CAAC,CAAC;SACjD;QAED,IAAI,OAAc,CAAC;QACnB,IAAI;YACH,OAAO,GAAG,MAAM,IAAA,iBAAS,EAAC,OAAO,EAAE,EAAE,MAAM,EAAE,IAAI,EAAE,CAAC,CAAC;YACrD,IAAI,IAAI,KAAK,mCAAkB,CAAC,QAAQ,EAAE;gBACzC,MAAM,KAAK,GAAG,OAAO,CAAC,MAAM,CAAC,SAAS,CAAC,CAAC;gBACxC,IAAI,CAAC,KAAK,EAAE;oBACX,MAAM,IAAI,6BAAY,CAAC,mBAAmB,CAAC,CAAC;iBAC5C;gBACD,IAAI,KAAK,CAAC,MAAM,KAAK,CAAC,EAAE;oBACvB,MAAM,IAAI,6BAAY,CAAC,qBAAqB,CAAC,CAAC;iBAC9C;gBACD,MAAM,IAAI,CAAC,YAAY,CAAC,EAAE,EAAE,OAAO,EAAE,IAAI,CAAC,QAAQ,CAAC,CAAC;aACpD;iBAAM,IAAI,IAAI,KAAK,mCAAkB,CAAC,KAAK,EAAE;gBAC7C,MAAM,IAAI,CAAC,gBAAgB,CAAC,EAAE,EAAE,OAAO,EAAE,IAAI,CAAC,QAAQ,CAAC,CAAC;aACxD;iBAAM;gBACN,MAAM,IAAI,6BAAY,CAAC,sBAAsB,CAAC,CAAC;aAC/C;SACD;QAAC,OAAO,IAAI,EAAE;YACd,MAAM,IAAI,6BAAY,CAAC,eAAe,CAAC,CAAC;SACxC;QAED,OAAO,KAAK,CAAC,IAAI,CAAC,IAAI,CAAC,QAAQ,CAAC,IAAI,EAAE,CAAC,CAAC;IACzC,CAAC;IAEM,KAAK,CAAC,aAAa,CAAC,EAAU;QACpC,MAAM,IAAI,CAAC,oBAAoB,CAAC,mCAAkB,CAAC,QAAQ,CAAC,CAAC;QAC7D,MAAM,IAAI,CAAC,oBAAoB,CAAC,mCAAkB,CAAC,KAAK,CAAC,CAAC;QAE1D,IAAI,CAAC,IAAI,CAAC,EAAE,CAAC,SAAS,CAAC,EAAE,CAAC,EAAE;YAC3B,MAAM,IAAI,6BAAY,CAAC,YAAY,CAAC,CAAC;SACrC;QAED,IAAI,CAAC,IAAI,CAAC,QAAQ,CAAC,GAAG,CAAC,EAAE,CAAC,EAAE;YAC3B,MAAM,IAAI,8BAAa,CAAC,gBAAgB,CAAC,CAAC;SAC1C;QAED,IAAI,CAAC,QAAQ,CAAC,MAAM,CAAC,EAAE,CAAC,CAAC;QAEzB,MAAM,IAAI,CAAC,gBAAgB,CAAC,IAAI,CAAC,QAAQ,CAAC,CAAC;QAE3C,OAAO,EAAE,CAAC;IACX,CAAC;IAEO,KAAK,CAAC,gBAAgB,CAAC,EAAU,EAAE,OAAc,EAAE,QAA+B;QACzF,MAAM,YAAY,GAAG,IAAI,sBAAQ,CAAC,mCAAkB,CAAC,KAAK,CAAC,CAAC;QAC5D,MAAM,aAAa,GAAG,MAAM,CAAC,IAAI,CAAC,OAAO,CAAC,KAAK,CAAC,CAAC,IAAI,CAAC,CAAC,IAAI,EAAE,EAAE,CAAC,IAAI,CAAC,QAAQ,CAAC,WAAW,CAAC,CAAC,CAAC;QAC5F,IAAI,CAAC,aAAa,EAAE;YACnB,MAAM,IAAI,6BAAY,CAAC,sBAAsB,CAAC,CAAC;SAC/C;QACD,MAAM,SAAS,GAAG,OAAO,CAAC,IAAI,CAAC,aAAa,CAAC,CAAC;QAC9C,IAAI,CAAC,SAAS,EAAE;YACf,MAAM,IAAI,6BAAY,CAAC,iCAAiC,CAAC,CAAC;SAC1D;QACD,MAAM,YAAY,GAAG,MAAM,SAAS,CAAC,KAAK,CAAC,QAAQ,CAAC,CAAC;QACrD,MAAM,QAAQ,GAAG,MAAM,CAAC,KAAK,CAAC,YAAY,CAAC,CAAC;QAG5C,MAAM,MAAM,GAAG,IAAI,CAAC,EAAE,CAAC,kBAAkB,CAAC,QAAQ,EAAE,OAAO,CAAC,CAAC;QAC7D,MAAM,aAAa,GAAG,MAAM,CAAC,IAAI,CAAC,CAAC,KAAK,EAAE,EAAE,CAAC,IAAI,CAAC,EAAE,CAAC,oBAAoB,CAAC,KAAK,CAAC,CAAC,CAAC;QAElF,IAAI,CAAC,aAAa,EAAE;YACnB,MAAM,IAAI,6BAAY,CAAC,yBAAyB,CAAC,CAAC;SAClD;QAGD,MAAM,EAAE,SAAS,EAAE,aAAa,EAAE,GAAG,IAAI,CAAC,EAAE,CAAC,oBAAoB,CAAC,aAAa,CAAC,CAAC;QAEjF,MAAM,IAAI,CAAC,EAAE,CAAC,YAAY,CAAC,SAAS,CAAC,CAAC;QAEtC,MAAM,KAAK,GAAG,MAAM,IAAI,CAAC,EAAE,CAAC,eAAe,CAAC,aAAa,EAAE,SAAS,EAAE,OAAO,CAAC,CAAC;QAE/E,KAAK,MAAM,IAAI,IAAI,KAAK,EAAE;YACzB,IAAI,CAAC,IAAI,EAAE;gBACV,SAAS;aACT;YACD,MAAM,YAAY,GAAG,IAAI,kBAAI,CAAC,IAAI,CAAC,CAAC;YAEpC,YAAY,CAAC,OAAO,CAAC,YAAY,CAAC,CAAC;SAEnC;QAGD,QAAQ,CAAC,GAAG,CAAC,EAAE,EAAE,YAAY,CAAC,CAAC;QAC/B,MAAM,IAAI,CAAC,gBAAgB,CAAC,QAAQ,CAAC,CAAC;IACvC,CAAC;IAEM,KAAK,CAAC,YAAY;QACxB,MAAM,IAAI,CAAC,oBAAoB,CAAC,mCAAkB,CAAC,QAAQ,CAAC,CAAC;QAC7D,MAAM,IAAI,CAAC,oBAAoB,CAAC,mCAAkB,CAAC,KAAK,CAAC,CAAC;QAE1D,MAAM,kBAAkB,GAAqB,EAAE,CAAC;QAChD,MAAM,WAAW,GAAG,IAAI,CAAC,QAAQ,CAAC,OAAO,EAAE,CAAC;QAE5C,KAAK,MAAM,CAAC,EAAE,EAAE,OAAO,CAAC,IAAI,WAAW,EAAE;YAExC,MAAM,cAAc,GAAmB;gBACtC,EAAE,EAAE,EAAE;gBACN,IAAI,EAAE,OAAO,CAAC,IAAI;gBAClB,OAAO,EAAE,OAAO,CAAC,OAAO;aACxB,CAAC;YACF,kBAAkB,CAAC,IAAI,CAAC,cAAc,CAAC,CAAC;SACxC;QACD,OAAO,kBAAkB,CAAC;IAC3B,CAAC;IAEM,KAAK,CAAC,YAAY,CAAC,KAAc;QAEvC,MAAM,IAAI,CAAC,oBAAoB,CAAC,mCAAkB,CAAC,QAAQ,CAAC,CAAC;QAC7D,MAAM,IAAI,CAAC,oBAAoB,CAAC,mCAAkB,CAAC,KAAK,CAAC,CAAC;QAE1D,IAAI,OAAO,KAAK,KAAK,QAAQ,IAAI,KAAK,KAAK,IAAI,EAAE;YAChD,MAAM,IAAI,6BAAY,EAAE,CAAC;SACzB;QAED,MAAM,EAAE,KAAK,EAAE,OAAO,EAAE,eAAe,EAAE,GAAG,KAAY,CAAC;QAEzD,MAAM,EAAE,YAAY,EAAE,OAAO,EAAE,GAAG,MAAM,IAAI,CAAC,aAAa,CAAC,KAAK,EAAE,OAAO,EAAE,KAAK,CAAC,CAAC;QAElF,IAAI,QAAQ,GAAuB,EAAE,CAAC;QACtC,IAAI,YAAY,CAAC,IAAI,KAAK,mCAAkB,CAAC,QAAQ,EAAE;YACtD,QAAQ,GAAG,MAAM,IAAI,CAAC,EAAE,CAAC,WAAW,CAAC,KAAK,EAAE,YAAY,CAAC,QAAQ,EAAE,OAAO,CAAC,CAAC;SAC5E;aAAM,IAAI,YAAY,CAAC,IAAI,KAAK,mCAAkB,CAAC,KAAK,EAAE;YAC1D,QAAQ,GAAG,MAAM,IAAI,CAAC,EAAE,CAAC,WAAW,CAAC,KAAK,EAAE,YAAY,CAAC,KAAK,EAAE,OAAO,CAAC,CAAC;SACzE;QAED,IAAI,QAAQ,CAAC,MAAM,KAAK,CAAC,EAAE;YAC1B,OAAO,EAAE,CAAC;SACV;QAGD,IAAI,eAAe,EAAE;YACpB,QAAQ,GAAG,MAAM,IAAI,CAAC,EAAE,CAAC,oBAAoB,CAAC,eAAe,EAAE,QAAQ,CAAC,CAAC;SACzE;QACD,MAAM,MAAM,GAAG,MAAM,IAAI,CAAC,aAAa,CAAC,OAAO,EAAE,QAAQ,EAAE,OAAO,CAAC,CAAC;QAEpE,MAAM,KAAK,GAAG,IAAI,CAAC;QAEnB,IAAI,MAAM,CAAC,MAAM,GAAG,KAAK,EAAE;YAC1B,MAAM,IAAI,oCAAmB,CAAC,kBAAkB,CAAC,CAAC;SAClD;QAID,OAAO,MAAM,CAAC;IACf,CAAC;IAEO,KAAK,CAAC,aAAa,CAAC,KAAU,EAAE,OAAY,EAAE,KAAa;QAClE,IAAI,CAAC,KAAK,IAAI,CAAC,OAAO,EAAE;YAEvB,MAAM,IAAI,6BAAY,CAAC,gDAAgD,CAAC,CAAC;SACzE;QAED,KAAK,MAAM,CAAC,IAAI,MAAM,CAAC,IAAI,CAAC,KAAK,CAAC,EAAE;YACnC,IAAI,CAAC,KAAK,OAAO,IAAI,CAAC,KAAK,SAAS,IAAI,CAAC,KAAK,iBAAiB,EAAE;gBAChE,MAAM,IAAI,6BAAY,CAAC,+BAA+B,CAAC,CAAC;aACxD;SACD;QAGD,MAAM,OAAO,GAAG,MAAM,IAAI,CAAC,EAAE,CAAC,UAAU,CAAC,OAAO,CAAC,CAAC;QAElD,MAAM,YAAY,GAAG,IAAI,CAAC,QAAQ,CAAC,GAAG,CAAC,OAAO,CAAC,CAAC;QAGhD,IAAI,CAAC,YAAY,EAAE;YAClB,MAAM,IAAI,6BAAY,CAAC,qBAAqB,CAAC,CAAC;SAC9C;QACD,OAAO,EAAE,YAAY,EAAE,OAAO,EAAE,CAAC;IAClC,CAAC;IA6BO,KAAK,CAAC,aAAa,CAAC,OAAY,EAAE,QAAe,EAAE,OAAe;QACzE,MAAM,EAAE,OAAO,EAAE,KAAK,EAAE,GAAG,OAAO,CAAC;QACnC,MAAM,WAAW,GAAa,EAAE,CAAC;QAKjC,MAAM,OAAO,GAAoB,QAAQ,CAAC,GAAG,CAAC,CAAC,IAAI,EAAE,EAAE;YACtD,MAAM,MAAM,GAAQ,EAAE,CAAC;YAGvB,OAAO,CAAC,OAAO,CAAC,CAAC,GAAW,EAAE,EAAE;gBAC/B,MAAM,CAAC,SAAS,EAAE,KAAK,CAAC,GAAG,GAAG,CAAC,KAAK,CAAC,GAAG,CAAC,CAAC;gBAG1C,IAAI,SAAS,KAAK,OAAO,EAAE;oBAC1B,MAAM,IAAI,6BAAY,CAAC,iBAAiB,CAAC,CAAC;iBAC1C;gBACD,WAAW,CAAC,IAAI,CAAC,KAAK,CAAC,CAAC;gBAIxB,MAAM,CAAC,GAAG,CAAC,GAAG,IAAI,CAAC,EAAE,CAAC,WAAW,CAAC,KAAK,EAAE,IAAI,CAAC,CAAC;YAEhD,CAAC,CAAC,CAAC;YAEH,OAAO,MAAM,CAAC;QACf,CAAC,CAAC,CAAC;QAGH,IAAI,KAAK,EAAE;YACV,IAAI,CAAC,EAAE,CAAC,WAAW,CAAC,OAAO,EAAE,KAAK,EAAE,OAAO,EAAE,WAAW,CAAC,CAAC;SAC1D;QAID,OAAO,OAAO,CAAC;IAChB,CAAC;IAEO,KAAK,CAAC,oBAAoB,CAAC,CAAqB;QACvD,IAAI,CAAC,KAAK,mCAAkB,CAAC,QAAQ,IAAI,CAAC,KAAK,mCAAkB,CAAC,KAAK,EAAE;YACxE,MAAM,KAAK,GAAG,MAAM,EAAE,CAAC,UAAU,CAAC,sBAAsB,CAAC,CAAC;YAE1D,IAAI,CAAC,KAAK,EAAE;gBACX,OAAO;aACP;YAED,MAAM,YAAY,GAAyB,MAAM,EAAE,CAAC,QAAQ,CAAC,sBAAsB,CAAC,CAAC;YAErF,KAAK,MAAM,CAAC,EAAE,EAAE,OAAO,CAAC,IAAI,YAAY,EAAE;gBACzC,IAAI,IAAI,CAAC,QAAQ,CAAC,GAAG,CAAC,EAAE,CAAC,EAAE;oBAC1B,SAAS;iBACT;gBACD,MAAM,OAAO,GAAG,IAAI,sBAAQ,CAAC,CAAC,CAAC,CAAC;gBAChC,OAAO,CAAC,QAAQ,GAAG,OAAO,CAAC,QAAQ,CAAC;gBACpC,OAAO,CAAC,KAAK,GAAG,OAAO,CAAC,KAAK,CAAC;gBAC9B,OAAO,CAAC,OAAO,GAAG,OAAO,CAAC,OAAO,CAAC;gBAClC,OAAO,CAAC,IAAI,GAAG,OAAO,CAAC,IAAI,CAAC;gBAC5B,IAAI,CAAC,QAAQ,CAAC,GAAG,CAAC,EAAE,EAAE,OAAO,CAAC,CAAC;aAC/B;SACD;IACF,CAAC;IAEO,KAAK,CAAC,YAAY,CAAC,EAAU,EAAE,GAAU,EAAE,QAA+B;QACjF,MAAM,YAAY,GAAG,IAAI,sBAAQ,CAAC,mCAAkB,CAAC,QAAQ,CAAC,CAAC;QAC/D,MAAM,UAAU,GAAG,GAAG,CAAC,KAAK,CAAC;QAC7B,MAAM,UAAU,GAAG,MAAM,CAAC,IAAI,CAAC,UAAU,CAAC,CAAC;QAC3C,MAAM,eAAe,GAAG,UAAU,CAAC,MAAM,CAAC,CAAC,SAAiB,EAAE,EAAE;YAC/D,OAAO,SAAS,CAAC,UAAU,CAAC,UAAU,CAAC,IAAI,SAAS,KAAK,UAAU,CAAC;QACrE,CAAC,CAAC,CAAC;QAEH,MAAM,YAAY,GAAG,eAAe,CAAC,GAAG,CAAC,KAAK,EAAE,SAAS,EAAE,EAAE;YAC5D,MAAM,IAAI,GAAG,GAAG,CAAC,IAAI,CAAC,SAAS,CAAC,CAAC;YACjC,IAAI,IAAI,EAAE;gBACT,MAAM,aAAa,GAAG,MAAM,IAAI,CAAC,KAAK,CAAC,QAAQ,CAAC,CAAC;gBACjD,OAAO,IAAI,CAAC,KAAK,CAAC,aAAa,CAAC,CAAC,MAAM,CAAC;aACxC;QACF,CAAC,CAAC,CAAC;QAEH,MAAM,eAAe,GAAG,MAAM,OAAO,CAAC,GAAG,CAAC,YAAY,CAAC,CAAC;QACxD,KAAK,MAAM,MAAM,IAAI,eAAe,EAAE;YACrC,KAAK,MAAM,OAAO,IAAI,MAAM,EAAE;gBAC7B,MAAM,WAAW,GAAG,IAAI,qBAAO,CAAC,OAAO,CAAC,CAAC;gBACzC,YAAY,CAAC,UAAU,CAAC,WAAW,CAAC,CAAC;aACrC;SACD;QACD,IAAI,YAAY,CAAC,QAAQ,CAAC,MAAM,KAAK,CAAC,EAAE;YACvC,MAAM,IAAI,6BAAY,CAAC,EAAE,CAAC,CAAC;SAC3B;QAGD,QAAQ,CAAC,GAAG,CAAC,EAAE,EAAE,YAAY,CAAC,CAAC;QAE/B,MAAM,IAAI,CAAC,gBAAgB,CAAC,QAAQ,CAAC,CAAC;IACvC,CAAC;IAEO,KAAK,CAAC,gBAAgB,CAAC,QAA+B;QAE7D,MAAM,aAAa,GAAG,KAAK,CAAC,IAAI,CAAC,QAAQ,CAAC,OAAO,EAAE,CAAC,CAAC;QAErD,MAAM,EAAE,CAAC,SAAS,CAAC,QAAQ,CAAC,CAAC;QAE7B,MAAM,EAAE,CAAC,SAAS,CAAC,sBAAsB,EAAE,aAAa,CAAC,CAAC;IAC3D,CAAC;CACD;AA/TD,gCA+TC","sourcesContent":["import {\n\tIInsightFacade,\n\tInsightDataset,\n\tInsightDatasetKind,\n\tInsightResult,\n\tNotFoundError,\n\tInsightError,\n\tResultTooLargeError,\n} from \"./IInsightFacade\";\nimport JSZip, { loadAsync } from \"jszip\";\nimport * as fs from \"fs-extra\";\nimport { Datasets, Section, Room } from \"./helperClass\";\nimport { HelperFunction } from \"./helperFunction\";\nimport { HelperRoom } from \"./helperRoom\";\nimport * as parse5 from \"parse5\";\nimport { HelperWhere } from \"./helperWhere\";\nimport { HelperTransformation } from \"./helperTransformation\";\nimport { HelperSort } from \"./helperSort\";\n// import * as path from \"path\";\n\nexport default class InsightFacade implements IInsightFacade {\n\tprivate datasets = new Map<string, Datasets>();\n\tprivate hf = new HelperFunction();\n\tprivate hr = new HelperRoom();\n\tprivate hw = new HelperWhere();\n\tprivate ht = new HelperTransformation();\n\tprivate hs = new HelperSort();\n\n\tpublic async addDataset(id: string, content: string, kind: InsightDatasetKind): Promise<string[]> {\n\t\tawait this.loadDatasetsFromDisk(kind);\n\n\t\tif (!this.hf.isValidId(id)) {\n\t\t\tthrow new InsightError(\"Invalid id\");\n\t\t}\n\t\tif (this.datasets.has(id)) {\n\t\t\tthrow new InsightError(\"Dataset already exists\");\n\t\t}\n\n\t\tlet zipData: JSZip;\n\t\ttry {\n\t\t\tzipData = await loadAsync(content, { base64: true });\n\t\t\tif (kind === InsightDatasetKind.Sections) {\n\t\t\t\tconst files = zipData.folder(\"courses\");\n\t\t\t\tif (!files) {\n\t\t\t\t\tthrow new InsightError(\"no courses folder\");\n\t\t\t\t}\n\t\t\t\tif (files.length === 0) {\n\t\t\t\t\tthrow new InsightError(\"no content in files\");\n\t\t\t\t}\n\t\t\t\tawait this.parseZipFile(id, zipData, this.datasets);\n\t\t\t} else if (kind === InsightDatasetKind.Rooms) {\n\t\t\t\tawait this.parseRoomZipFile(id, zipData, this.datasets);\n\t\t\t} else {\n\t\t\t\tthrow new InsightError(\"Invalid dataset kind\");\n\t\t\t}\n\t\t} catch (_err) {\n\t\t\tthrow new InsightError(\"Fail to unzip\");\n\t\t}\n\n\t\treturn Array.from(this.datasets.keys());\n\t}\n\n\tpublic async removeDataset(id: string): Promise<string> {\n\t\tawait this.loadDatasetsFromDisk(InsightDatasetKind.Sections);\n\t\tawait this.loadDatasetsFromDisk(InsightDatasetKind.Rooms);\n\n\t\tif (!this.hf.isValidId(id)) {\n\t\t\tthrow new InsightError(\"Invalid id\");\n\t\t}\n\n\t\tif (!this.datasets.has(id)) {\n\t\t\tthrow new NotFoundError(\"cannot find id\");\n\t\t}\n\n\t\tthis.datasets.delete(id);\n\n\t\tawait this.saveDatasetsDisk(this.datasets);\n\n\t\treturn id;\n\t}\n\n\tprivate async parseRoomZipFile(id: string, zipData: JSZip, datasets: Map<string, Datasets>): Promise<void> {\n\t\tconst dumpDatasets = new Datasets(InsightDatasetKind.Rooms);\n\t\tconst indexFilePath = Object.keys(zipData.files).find((path) => path.endsWith(\"index.htm\"));\n\t\tif (!indexFilePath) {\n\t\t\tthrow new InsightError(\"no index.htm folderß\");\n\t\t}\n\t\tconst indexFile = zipData.file(indexFilePath);\n\t\tif (!indexFile) {\n\t\t\tthrow new InsightError(\"no index file inside the folder\");\n\t\t}\n\t\tconst indexContent = await indexFile.async(\"string\");\n\t\tconst document = parse5.parse(indexContent);\n\n\t\t// find building and classrooms table\n\t\tconst tables = this.hr.findAllNodesByName(document, \"table\");\n\t\tconst buildingTable = tables.find((table) => this.hr.isValidBuildingTable(table));\n\t\t//console.log(buildingTable);\n\t\tif (!buildingTable) {\n\t\t\tthrow new InsightError(\"no valid building table\");\n\t\t}\n\n\t\t// extract room data\n\t\tconst { buildings, buildingLinks } = this.hr.extractBuildingsData(buildingTable);\n\n\t\tawait this.hr.assignLatLon(buildings);\n\n\t\tconst rooms = await this.hr.extractRoomData(buildingLinks, buildings, zipData);\n\t\t//let i = 0;\n\t\tfor (const room of rooms) {\n\t\t\tif (!room) {\n\t\t\t\tcontinue;\n\t\t\t}\n\t\t\tconst roomInstance = new Room(room);\n\t\t\t//console.log(roomInstance);\n\t\t\tdumpDatasets.addRoom(roomInstance);\n\t\t\t//i++;\n\t\t}\n\t\t//console.log(i);\n\t\t//console.log(rooms.length);\n\t\tdatasets.set(id, dumpDatasets);\n\t\tawait this.saveDatasetsDisk(datasets);\n\t}\n\n\tpublic async listDatasets(): Promise<InsightDataset[]> {\n\t\tawait this.loadDatasetsFromDisk(InsightDatasetKind.Sections);\n\t\tawait this.loadDatasetsFromDisk(InsightDatasetKind.Rooms);\n\n\t\tconst insightDatasetList: InsightDataset[] = [];\n\t\tconst datasetList = this.datasets.entries();\n\n\t\tfor (const [id, dataset] of datasetList) {\n\t\t\t// from chatGPT (next 5 lines)\n\t\t\tconst insightDataset: InsightDataset = {\n\t\t\t\tid: id,\n\t\t\t\tkind: dataset.kind,\n\t\t\t\tnumRows: dataset.numRows,\n\t\t\t};\n\t\t\tinsightDatasetList.push(insightDataset);\n\t\t}\n\t\treturn insightDatasetList;\n\t}\n\n\tpublic async performQuery(query: unknown): Promise<InsightResult[]> {\n\t\t// load from disk\n\t\tawait this.loadDatasetsFromDisk(InsightDatasetKind.Sections);\n\t\tawait this.loadDatasetsFromDisk(InsightDatasetKind.Rooms);\n\n\t\tif (typeof query !== \"object\" || query === null) {\n\t\t\tthrow new InsightError();\n\t\t}\n\n\t\tconst { WHERE, OPTIONS, TRANSFORMATIONS } = query as any;\n\n\t\tconst { foundDataset, queryId } = await this.validateQuery(WHERE, OPTIONS, query);\n\n\t\tlet filtered: Section[] | Room[] = [];\n\t\tif (foundDataset.kind === InsightDatasetKind.Sections) {\n\t\t\tfiltered = await this.hw.handleWhere(WHERE, foundDataset.sections, queryId);\n\t\t} else if (foundDataset.kind === InsightDatasetKind.Rooms) {\n\t\t\tfiltered = await this.hw.handleWhere(WHERE, foundDataset.rooms, queryId);\n\t\t}\n\n\t\tif (filtered.length === 0) {\n\t\t\treturn [];\n\t\t}\n\n\t\t// handle TRANSFORMATIONS when possible, then handle Options\n\t\tif (TRANSFORMATIONS) {\n\t\t\tfiltered = await this.ht.handleTransformation(TRANSFORMATIONS, filtered);\n\t\t}\n\t\tconst result = await this.handleOptions(OPTIONS, filtered, queryId);\n\n\t\tconst limit = 5000;\n\n\t\tif (result.length > limit) {\n\t\t\tthrow new ResultTooLargeError(\"result too large\");\n\t\t}\n\n\t\t// console.log(result);\n\n\t\treturn result;\n\t}\n\n\tprivate async validateQuery(WHERE: any, OPTIONS: any, query: object): Promise<any> {\n\t\tif (!WHERE || !OPTIONS) {\n\t\t\t// check valid WHERE and valid OPTION\n\t\t\tthrow new InsightError(\"invalid format: WHERE and OPTIONS are required\");\n\t\t}\n\n\t\tfor (const x of Object.keys(query)) {\n\t\t\tif (x !== \"WHERE\" && x !== \"OPTIONS\" && x !== \"TRANSFORMATIONS\") {\n\t\t\t\tthrow new InsightError(\"Unexpected key found in query\");\n\t\t\t}\n\t\t}\n\n\t\t// get id from first element of column\n\t\tconst queryId = await this.hf.getQueryId(OPTIONS);\n\n\t\tconst foundDataset = this.datasets.get(queryId);\n\n\t\t// no dataset with id found\n\t\tif (!foundDataset) {\n\t\t\tthrow new InsightError(\"reference not found\");\n\t\t}\n\t\treturn { foundDataset, queryId };\n\t}\n\n\t// private async handleOptions(options: any, filtered: Section[], queryId: string): Promise<InsightResult[]> {\n\t// \tconst columns = options.COLUMNS;\n\t// \tconst order = options.ORDER;\n\t// \tconst columnParam: String[] = [];\n\n\t// \t// map filtered sections to the required columns\n\t// \tconst results: InsightResult[] = filtered.map((section) => {\n\t// \t\tconst result: any = {};\n\t// \t\tcolumns.forEach((col: string) => {\n\t// \t\t\tconst [datasetId, field] = col.split(\"_\");\n\t// \t\t\tif (datasetId !== queryId) {\n\t// \t\t\t\tthrow new InsightError(\"invalid dataset\");\n\t// \t\t\t}\n\t// \t\t\tcolumnParam.push(field);\n\t// \t\t\tresult[col] = this.hf.getParamAll(field, section);\n\t// \t\t});\n\t// \t\treturn result;\n\t// \t});\n\n\t// \t// If ORDER exists, sort the results\n\t// \tif (order) {\n\t// \t\tthis.hs.sortResults(results, order, queryId, columnParam);\n\t// \t}\n\n\t// \treturn results;\n\t// }\n\n\tprivate async handleOptions(options: any, filtered: any[], queryId: string): Promise<InsightResult[]> {\n\t\tconst { COLUMNS, ORDER } = options;\n\t\tconst columnParam: string[] = [];\n\n\t\t//console.log(COLUMNS);\n\n\t\t// Map filtered sections or transformed data to the required columns\n\t\tconst results: InsightResult[] = filtered.map((item) => {\n\t\t\tconst result: any = {};\n\n\t\t\t// Handle each column in the result\n\t\t\tCOLUMNS.forEach((col: string) => {\n\t\t\t\tconst [datasetId, field] = col.split(\"_\");\n\n\t\t\t\t// Validate datasetId if it's from the query\n\t\t\t\tif (datasetId !== queryId) {\n\t\t\t\t\tthrow new InsightError(\"Invalid dataset\");\n\t\t\t\t}\n\t\t\t\tcolumnParam.push(field);\n\t\t\t\t//console.log(columnParam);\n\n\t\t\t\t// Use this.hf.getParamAll for the original sections or direct access for transformed data\n\t\t\t\tresult[col] = this.hf.getParamAll(field, item); // Assume item is a Section or transformed object\n\t\t\t\t//console.log(\"hi\");\n\t\t\t});\n\n\t\t\treturn result;\n\t\t});\n\n\t\t// Apply ORDER if it exists\n\t\tif (ORDER) {\n\t\t\tthis.hs.sortResults(results, ORDER, queryId, columnParam);\n\t\t}\n\n\t\t//console.log(results);\n\n\t\treturn results;\n\t}\n\n\tprivate async loadDatasetsFromDisk(k: InsightDatasetKind): Promise<void> {\n\t\tif (k === InsightDatasetKind.Sections || k === InsightDatasetKind.Rooms) {\n\t\t\tconst exist = await fs.pathExists(\"./data/Datasets.json\");\n\n\t\t\tif (!exist) {\n\t\t\t\treturn;\n\t\t\t}\n\n\t\t\tconst datasetArray: [string, Datasets][] = await fs.readJSON(\"./data/Datasets.json\");\n\n\t\t\tfor (const [id, dataset] of datasetArray) {\n\t\t\t\tif (this.datasets.has(id)) {\n\t\t\t\t\tcontinue;\n\t\t\t\t}\n\t\t\t\tconst newData = new Datasets(k);\n\t\t\t\tnewData.sections = dataset.sections;\n\t\t\t\tnewData.rooms = dataset.rooms;\n\t\t\t\tnewData.numRows = dataset.numRows;\n\t\t\t\tnewData.kind = dataset.kind;\n\t\t\t\tthis.datasets.set(id, newData);\n\t\t\t}\n\t\t}\n\t}\n\n\tprivate async parseZipFile(id: string, zip: JSZip, datasets: Map<string, Datasets>): Promise<void> {\n\t\tconst dumpDatasets = new Datasets(InsightDatasetKind.Sections);\n\t\tconst zipContent = zip.files;\n\t\tconst keyContent = Object.keys(zipContent);\n\t\tconst filteredContent = keyContent.filter((checkPath: string) => {\n\t\t\treturn checkPath.startsWith(\"courses/\") && checkPath !== \"courses/\";\n\t\t});\n\n\t\tconst listPromises = filteredContent.map(async (checkPath) => {\n\t\t\tconst file = zip.file(checkPath);\n\t\t\tif (file) {\n\t\t\t\tconst stringContent = await file.async(\"string\");\n\t\t\t\treturn JSON.parse(stringContent).result;\n\t\t\t}\n\t\t});\n\n\t\tconst fulfillPromises = await Promise.all(listPromises);\n\t\tfor (const course of fulfillPromises) {\n\t\t\tfor (const section of course) {\n\t\t\t\tconst dumpSection = new Section(section);\n\t\t\t\tdumpDatasets.addSection(dumpSection);\n\t\t\t}\n\t\t}\n\t\tif (dumpDatasets.sections.length === 0) {\n\t\t\tthrow new InsightError(\"\");\n\t\t}\n\n\t\t// set map\n\t\tdatasets.set(id, dumpDatasets);\n\n\t\tawait this.saveDatasetsDisk(datasets);\n\t}\n\n\tprivate async saveDatasetsDisk(datasets: Map<String, Datasets>): Promise<void> {\n\t\t// Convert Map to an object before writing, from chatGPT\n\t\tconst datasetsArray = Array.from(datasets.entries());\n\n\t\tawait fs.ensureDir(\"./data\");\n\n\t\tawait fs.writeJSON(\"./data/Datasets.json\", datasetsArray);\n\t}\n}\n"]},"_coverageSchema":"1a1c01bbd47fc00a2c39e90264f33305004495a9","hash":"55d3e197afc4d2bfe4833faa08c94303d815601f","contentHash":"1f544b3652350fd577aef71f36e45f08f0b269be8667f6d310a79200c0a92125"},"D:\\000_Edrick\\UBC\\CPSC_310\\project_team139\\src\\controller\\helperClass.ts":{"path":"D:\\000_Edrick\\UBC\\CPSC_310\\project_team139\\src\\controller\\helperClass.ts","statementMap":{"0":{"start":{"line":2,"column":0},"end":{"line":2,"column":62}},"1":{"start":{"line":3,"column":0},"end":{"line":3,"column":59}},"2":{"start":{"line":4,"column":25},"end":{"line":4,"column":52}},"3":{"start":{"line":11,"column":8},"end":{"line":11,"column":27}},"4":{"start":{"line":12,"column":8},"end":{"line":12,"column":24}},"5":{"start":{"line":13,"column":8},"end":{"line":13,"column":25}},"6":{"start":{"line":14,"column":8},"end":{"line":14,"column":22}},"7":{"start":{"line":17,"column":8},"end":{"line":17,"column":23}},"8":{"start":{"line":18,"column":8},"end":{"line":18,"column":38}},"9":{"start":{"line":21,"column":8},"end":{"line":21,"column":23}},"10":{"start":{"line":22,"column":8},"end":{"line":22,"column":33}},"11":{"start":{"line":25,"column":0},"end":{"line":25,"column":28}},"12":{"start":{"line":38,"column":8},"end":{"line":40,"column":9}},"13":{"start":{"line":39,"column":12},"end":{"line":39,"column":93}},"14":{"start":{"line":41,"column":8},"end":{"line":60,"column":9}},"15":{"start":{"line":42,"column":12},"end":{"line":42,"column":43}},"16":{"start":{"line":43,"column":12},"end":{"line":43,"column":45}},"17":{"start":{"line":44,"column":12},"end":{"line":44,"column":47}},"18":{"start":{"line":45,"column":12},"end":{"line":45,"column":56}},"19":{"start":{"line":46,"column":12},"end":{"line":46,"column":48}},"20":{"start":{"line":47,"column":12},"end":{"line":52,"column":13}},"21":{"start":{"line":48,"column":16},"end":{"line":48,"column":33}},"22":{"start":{"line":51,"column":16},"end":{"line":51,"column":56}},"23":{"start":{"line":53,"column":12},"end":{"line":53,"column":50}},"24":{"start":{"line":54,"column":12},"end":{"line":54,"column":52}},"25":{"start":{"line":55,"column":12},"end":{"line":55,"column":52}},"26":{"start":{"line":56,"column":12},"end":{"line":56,"column":54}},"27":{"start":{"line":59,"column":12},"end":{"line":59,"column":77}},"28":{"start":{"line":63,"column":8},"end":{"line":73,"column":35}},"29":{"start":{"line":76,"column":20},"end":{"line":76,"column":29}},"30":{"start":{"line":77,"column":8},"end":{"line":79,"column":9}},"31":{"start":{"line":78,"column":12},"end":{"line":78,"column":73}},"32":{"start":{"line":80,"column":8},"end":{"line":80,"column":19}},"33":{"start":{"line":83,"column":0},"end":{"line":83,"column":26}},"34":{"start":{"line":97,"column":8},"end":{"line":99,"column":9}},"35":{"start":{"line":98,"column":12},"end":{"line":98,"column":93}},"36":{"start":{"line":100,"column":8},"end":{"line":115,"column":9}},"37":{"start":{"line":101,"column":12},"end":{"line":101,"column":50}},"38":{"start":{"line":102,"column":12},"end":{"line":102,"column":52}},"39":{"start":{"line":103,"column":12},"end":{"line":103,"column":46}},"40":{"start":{"line":104,"column":12},"end":{"line":104,"column":42}},"41":{"start":{"line":105,"column":12},"end":{"line":105,"column":48}},"42":{"start":{"line":106,"column":12},"end":{"line":106,"column":47}},"43":{"start":{"line":107,"column":12},"end":{"line":107,"column":47}},"44":{"start":{"line":108,"column":12},"end":{"line":108,"column":51}},"45":{"start":{"line":109,"column":12},"end":{"line":109,"column":42}},"46":{"start":{"line":110,"column":12},"end":{"line":110,"column":52}},"47":{"start":{"line":111,"column":12},"end":{"line":111,"column":42}},"48":{"start":{"line":114,"column":12},"end":{"line":114,"column":77}},"49":{"start":{"line":118,"column":8},"end":{"line":128,"column":33}},"50":{"start":{"line":131,"column":20},"end":{"line":131,"column":29}},"51":{"start":{"line":132,"column":8},"end":{"line":134,"column":9}},"52":{"start":{"line":133,"column":12},"end":{"line":133,"column":73}},"53":{"start":{"line":135,"column":8},"end":{"line":135,"column":19}},"54":{"start":{"line":138,"column":0},"end":{"line":138,"column":20}}},"fnMap":{"0":{"name":"(anonymous_0)","decl":{"start":{"line":10,"column":4},"end":{"line":10,"column":5}},"loc":{"start":{"line":10,"column":19},"end":{"line":15,"column":5}},"line":10},"1":{"name":"(anonymous_1)","decl":{"start":{"line":16,"column":4},"end":{"line":16,"column":5}},"loc":{"start":{"line":16,"column":26},"end":{"line":19,"column":5}},"line":16},"2":{"name":"(anonymous_2)","decl":{"start":{"line":20,"column":4},"end":{"line":20,"column":5}},"loc":{"start":{"line":20,"column":21},"end":{"line":23,"column":5}},"line":20},"3":{"name":"(anonymous_3)","decl":{"start":{"line":37,"column":4},"end":{"line":37,"column":5}},"loc":{"start":{"line":37,"column":25},"end":{"line":61,"column":5}},"line":37},"4":{"name":"(anonymous_4)","decl":{"start":{"line":62,"column":4},"end":{"line":62,"column":5}},"loc":{"start":{"line":62,"column":22},"end":{"line":74,"column":5}},"line":62},"5":{"name":"(anonymous_5)","decl":{"start":{"line":75,"column":4},"end":{"line":75,"column":5}},"loc":{"start":{"line":75,"column":16},"end":{"line":81,"column":5}},"line":75},"6":{"name":"(anonymous_6)","decl":{"start":{"line":96,"column":4},"end":{"line":96,"column":5}},"loc":{"start":{"line":96,"column":22},"end":{"line":116,"column":5}},"line":96},"7":{"name":"(anonymous_7)","decl":{"start":{"line":117,"column":4},"end":{"line":117,"column":5}},"loc":{"start":{"line":117,"column":19},"end":{"line":129,"column":5}},"line":117},"8":{"name":"(anonymous_8)","decl":{"start":{"line":130,"column":4},"end":{"line":130,"column":5}},"loc":{"start":{"line":130,"column":16},"end":{"line":136,"column":5}},"line":130}},"branchMap":{"0":{"loc":{"start":{"line":38,"column":8},"end":{"line":40,"column":9}},"type":"if","locations":[{"start":{"line":38,"column":8},"end":{"line":40,"column":9}},{"start":{"line":38,"column":8},"end":{"line":40,"column":9}}],"line":38},"1":{"loc":{"start":{"line":47,"column":12},"end":{"line":52,"column":13}},"type":"if","locations":[{"start":{"line":47,"column":12},"end":{"line":52,"column":13}},{"start":{"line":47,"column":12},"end":{"line":52,"column":13}}],"line":47},"2":{"loc":{"start":{"line":63,"column":16},"end":{"line":73,"column":33}},"type":"binary-expr","locations":[{"start":{"line":63,"column":16},"end":{"line":63,"column":34}},{"start":{"line":64,"column":12},"end":{"line":64,"column":34}},{"start":{"line":65,"column":12},"end":{"line":65,"column":33}},{"start":{"line":66,"column":12},"end":{"line":66,"column":37}},{"start":{"line":67,"column":12},"end":{"line":67,"column":35}},{"start":{"line":68,"column":12},"end":{"line":68,"column":35}},{"start":{"line":69,"column":12},"end":{"line":69,"column":32}},{"start":{"line":70,"column":12},"end":{"line":70,"column":31}},{"start":{"line":71,"column":12},"end":{"line":71,"column":32}},{"start":{"line":72,"column":12},"end":{"line":72,"column":32}},{"start":{"line":73,"column":12},"end":{"line":73,"column":33}}],"line":63},"3":{"loc":{"start":{"line":77,"column":8},"end":{"line":79,"column":9}},"type":"if","locations":[{"start":{"line":77,"column":8},"end":{"line":79,"column":9}},{"start":{"line":77,"column":8},"end":{"line":79,"column":9}}],"line":77},"4":{"loc":{"start":{"line":97,"column":8},"end":{"line":99,"column":9}},"type":"if","locations":[{"start":{"line":97,"column":8},"end":{"line":99,"column":9}},{"start":{"line":97,"column":8},"end":{"line":99,"column":9}}],"line":97},"5":{"loc":{"start":{"line":118,"column":16},"end":{"line":128,"column":31}},"type":"binary-expr","locations":[{"start":{"line":118,"column":16},"end":{"line":118,"column":40}},{"start":{"line":119,"column":12},"end":{"line":119,"column":37}},{"start":{"line":120,"column":12},"end":{"line":120,"column":34}},{"start":{"line":121,"column":12},"end":{"line":121,"column":32}},{"start":{"line":122,"column":12},"end":{"line":122,"column":35}},{"start":{"line":123,"column":12},"end":{"line":123,"column":33}},{"start":{"line":124,"column":12},"end":{"line":124,"column":32}},{"start":{"line":125,"column":12},"end":{"line":125,"column":37}},{"start":{"line":126,"column":12},"end":{"line":126,"column":32}},{"start":{"line":127,"column":12},"end":{"line":127,"column":31}},{"start":{"line":128,"column":12},"end":{"line":128,"column":31}}],"line":118},"6":{"loc":{"start":{"line":132,"column":8},"end":{"line":134,"column":9}},"type":"if","locations":[{"start":{"line":132,"column":8},"end":{"line":134,"column":9}},{"start":{"line":132,"column":8},"end":{"line":134,"column":9}}],"line":132}},"s":{"0":1,"1":1,"2":1,"3":17,"4":17,"5":17,"6":17,"7":839956,"8":839956,"9":728,"10":728,"11":1,"12":839956,"13":0,"14":839956,"15":839956,"16":839956,"17":839956,"18":839956,"19":839956,"20":839956,"21":320073,"22":519883,"23":839956,"24":839956,"25":839956,"26":839956,"27":0,"28":839956,"29":3879707,"30":3879707,"31":0,"32":3879707,"33":1,"34":728,"35":0,"36":728,"37":728,"38":728,"39":728,"40":728,"41":728,"42":728,"43":728,"44":728,"45":728,"46":728,"47":728,"48":0,"49":728,"50":2184,"51":2184,"52":0,"53":2184,"54":1},"f":{"0":17,"1":839956,"2":728,"3":839956,"4":839956,"5":3879707,"6":728,"7":728,"8":2184},"b":{"0":[0,839956],"1":[320073,519883],"2":[839956,0,0,0,0,0,0,0,0,0,0],"3":[0,3879707],"4":[0,728],"5":[728,728,728,728,728,728,728,728,728,728,728],"6":[0,2184]},"inputSourceMap":{"version":3,"file":"D:/000_Edrick/UBC/CPSC_310/project_team139/src/controller/helperClass.ts","sources":["D:/000_Edrick/UBC/CPSC_310/project_team139/src/controller/helperClass.ts"],"names":[],"mappings":";;;AAAA,qDAAoE;AAEpE,MAAa,QAAQ;IACb,QAAQ,CAAY;IACpB,KAAK,CAAS;IACd,OAAO,CAAS;IAChB,IAAI,CAAqB;IAEhC,YAAY,CAAqB;QAChC,IAAI,CAAC,QAAQ,GAAG,EAAE,CAAC;QACnB,IAAI,CAAC,KAAK,GAAG,EAAE,CAAC;QAChB,IAAI,CAAC,OAAO,GAAG,CAAC,CAAC;QACjB,IAAI,CAAC,IAAI,GAAG,CAAC,CAAC;IACf,CAAC;IAEM,UAAU,CAAC,SAAkB;QACnC,EAAE,IAAI,CAAC,OAAO,CAAC;QACf,IAAI,CAAC,QAAQ,CAAC,IAAI,CAAC,SAAS,CAAC,CAAC;IAC/B,CAAC;IAEM,OAAO,CAAC,OAAa;QAC3B,EAAE,IAAI,CAAC,OAAO,CAAC;QACf,IAAI,CAAC,KAAK,CAAC,IAAI,CAAC,OAAO,CAAC,CAAC;IAC1B,CAAC;CACD;AAtBD,4BAsBC;AAED,MAAa,OAAO;IACZ,IAAI,CAAS;IACb,EAAE,CAAS;IACX,KAAK,CAAS;IACd,UAAU,CAAS;IACnB,IAAI,CAAS;IACb,IAAI,CAAS;IACb,GAAG,CAAS;IACZ,IAAI,CAAS;IACb,IAAI,CAAS;IACb,KAAK,CAAS;IAErB,YAAY,OAAY;QAEvB,IAAI,CAAC,IAAI,CAAC,cAAc,CAAC,OAAO,CAAC,EAAE;YAClC,MAAM,IAAI,6BAAY,CAAC,uCAAuC,CAAC,CAAC;SAChE;QACD,IAAI;YACH,IAAI,CAAC,IAAI,GAAG,MAAM,CAAC,OAAO,CAAC,EAAE,CAAC,CAAC;YAC/B,IAAI,CAAC,EAAE,GAAG,MAAM,CAAC,OAAO,CAAC,MAAM,CAAC,CAAC;YACjC,IAAI,CAAC,KAAK,GAAG,MAAM,CAAC,OAAO,CAAC,KAAK,CAAC,CAAC;YACnC,IAAI,CAAC,UAAU,GAAG,MAAM,CAAC,OAAO,CAAC,SAAS,CAAC,CAAC;YAC5C,IAAI,CAAC,IAAI,GAAG,MAAM,CAAC,OAAO,CAAC,OAAO,CAAC,CAAC;YACpC,IAAI,OAAO,CAAC,OAAO,KAAK,SAAS,EAAE;gBAClC,IAAI,CAAC,IAAI,GAAG,IAAI,CAAC;aACjB;iBAAM;gBACN,IAAI,CAAC,IAAI,GAAG,IAAI,CAAC,QAAQ,CAAC,OAAO,CAAC,IAAI,CAAC,CAAC;aACxC;YACD,IAAI,CAAC,GAAG,GAAG,IAAI,CAAC,QAAQ,CAAC,OAAO,CAAC,GAAG,CAAC,CAAC;YACtC,IAAI,CAAC,IAAI,GAAG,IAAI,CAAC,QAAQ,CAAC,OAAO,CAAC,IAAI,CAAC,CAAC;YACxC,IAAI,CAAC,IAAI,GAAG,IAAI,CAAC,QAAQ,CAAC,OAAO,CAAC,IAAI,CAAC,CAAC;YACxC,IAAI,CAAC,KAAK,GAAG,IAAI,CAAC,QAAQ,CAAC,OAAO,CAAC,KAAK,CAAC,CAAC;SAC1C;QAAC,OAAO,IAAI,EAAE;YACd,MAAM,IAAI,6BAAY,CAAC,uBAAuB,CAAC,CAAC;SAChD;IACF,CAAC;IAEM,cAAc,CAAC,CAAM;QAC3B,OAAO,CACN,CAAC,CAAC,EAAE,KAAK,SAAS;YAClB,CAAC,CAAC,MAAM,KAAK,SAAS;YACtB,CAAC,CAAC,KAAK,KAAK,SAAS;YACrB,CAAC,CAAC,SAAS,KAAK,SAAS;YACzB,CAAC,CAAC,OAAO,KAAK,SAAS;YACvB,CAAC,CAAC,OAAO,KAAK,SAAS;YACvB,CAAC,CAAC,IAAI,KAAK,SAAS;YACpB,CAAC,CAAC,GAAG,KAAK,SAAS;YACnB,CAAC,CAAC,IAAI,KAAK,SAAS;YACpB,CAAC,CAAC,IAAI,KAAK,SAAS;YACpB,CAAC,CAAC,KAAK,KAAK,SAAS,CACrB,CAAC;IACH,CAAC;IAEM,QAAQ,CAAC,CAAM;QACrB,MAAM,GAAG,GAAG,MAAM,CAAC,CAAC,CAAC,CAAC;QACtB,IAAI,KAAK,CAAC,GAAG,CAAC,EAAE;YACf,MAAM,IAAI,6BAAY,CAAC,mBAAmB,CAAC,CAAC;SAC5C;QACD,OAAO,GAAG,CAAC;IACZ,CAAC;CACD;AA5DD,0BA4DC;AAED,MAAa,IAAI;IACT,QAAQ,CAAS;IACjB,SAAS,CAAS;IAClB,MAAM,CAAS;IACf,IAAI,CAAS;IACb,OAAO,CAAS;IAChB,GAAG,CAAS;IACZ,GAAG,CAAS;IACZ,KAAK,CAAS;IACd,IAAI,CAAS;IACb,SAAS,CAAS;IAClB,IAAI,CAAS;IAEpB,YAAY,IAAS;QAEpB,IAAI,CAAC,IAAI,CAAC,WAAW,CAAC,IAAI,CAAC,EAAE;YAC5B,MAAM,IAAI,6BAAY,CAAC,uCAAuC,CAAC,CAAC;SAChE;QACD,IAAI;YACH,IAAI,CAAC,QAAQ,GAAG,MAAM,CAAC,IAAI,CAAC,QAAQ,CAAC,CAAC;YACtC,IAAI,CAAC,SAAS,GAAG,MAAM,CAAC,IAAI,CAAC,SAAS,CAAC,CAAC;YACxC,IAAI,CAAC,MAAM,GAAG,MAAM,CAAC,IAAI,CAAC,MAAM,CAAC,CAAC;YAClC,IAAI,CAAC,IAAI,GAAG,MAAM,CAAC,IAAI,CAAC,IAAI,CAAC,CAAC;YAC9B,IAAI,CAAC,OAAO,GAAG,MAAM,CAAC,IAAI,CAAC,OAAO,CAAC,CAAC;YACpC,IAAI,CAAC,GAAG,GAAG,IAAI,CAAC,QAAQ,CAAC,IAAI,CAAC,GAAG,CAAC,CAAC;YACnC,IAAI,CAAC,GAAG,GAAG,IAAI,CAAC,QAAQ,CAAC,IAAI,CAAC,GAAG,CAAC,CAAC;YACnC,IAAI,CAAC,KAAK,GAAG,IAAI,CAAC,QAAQ,CAAC,IAAI,CAAC,KAAK,CAAC,CAAC;YACvC,IAAI,CAAC,IAAI,GAAG,MAAM,CAAC,IAAI,CAAC,IAAI,CAAC,CAAC;YAC9B,IAAI,CAAC,SAAS,GAAG,MAAM,CAAC,IAAI,CAAC,SAAS,CAAC,CAAC;YACxC,IAAI,CAAC,IAAI,GAAG,MAAM,CAAC,IAAI,CAAC,IAAI,CAAC,CAAC;SAC9B;QAAC,OAAO,IAAI,EAAE;YACd,MAAM,IAAI,6BAAY,CAAC,uBAAuB,CAAC,CAAC;SAChD;IACF,CAAC;IAEM,WAAW,CAAC,CAAM;QACxB,OAAO,CACN,CAAC,CAAC,QAAQ,KAAK,SAAS;YACxB,CAAC,CAAC,SAAS,KAAK,SAAS;YACzB,CAAC,CAAC,MAAM,KAAK,SAAS;YACtB,CAAC,CAAC,IAAI,KAAK,SAAS;YACpB,CAAC,CAAC,OAAO,KAAK,SAAS;YACvB,CAAC,CAAC,KAAK,KAAK,SAAS;YACrB,CAAC,CAAC,IAAI,KAAK,SAAS;YACpB,CAAC,CAAC,SAAS,KAAK,SAAS;YACzB,CAAC,CAAC,IAAI,KAAK,SAAS;YACpB,CAAC,CAAC,GAAG,KAAK,SAAS;YACnB,CAAC,CAAC,GAAG,KAAK,SAAS,CACnB,CAAC;IAEH,CAAC;IAEM,QAAQ,CAAC,CAAM;QACrB,MAAM,GAAG,GAAG,MAAM,CAAC,CAAC,CAAC,CAAC;QACtB,IAAI,KAAK,CAAC,GAAG,CAAC,EAAE;YACf,MAAM,IAAI,6BAAY,CAAC,mBAAmB,CAAC,CAAC;SAC5C;QACD,OAAO,GAAG,CAAC;IACZ,CAAC;CACD;AA3DD,oBA2DC","sourcesContent":["import { InsightDatasetKind, InsightError } from \"./IInsightFacade\";\n\nexport class Datasets {\n\tpublic sections: Section[];\n\tpublic rooms: Room[];\n\tpublic numRows: number;\n\tpublic kind: InsightDatasetKind;\n\n\tconstructor(k: InsightDatasetKind) {\n\t\tthis.sections = [];\n\t\tthis.rooms = [];\n\t\tthis.numRows = 0;\n\t\tthis.kind = k;\n\t}\n\n\tpublic addSection(newCourse: Section): void {\n\t\t++this.numRows;\n\t\tthis.sections.push(newCourse);\n\t}\n\n\tpublic addRoom(newRoom: Room): void {\n\t\t++this.numRows;\n\t\tthis.rooms.push(newRoom);\n\t}\n}\n\nexport class Section {\n\tpublic uuid: string;\n\tpublic id: string;\n\tpublic title: string;\n\tpublic instructor: string;\n\tpublic dept: string;\n\tpublic year: number;\n\tpublic avg: number;\n\tpublic pass: number;\n\tpublic fail: number;\n\tpublic audit: number;\n\n\tconstructor(section: any) {\n\t\t// check if section is valid\n\t\tif (!this.isValidSection(section)) {\n\t\t\tthrow new InsightError(\"Undefined variable -> invalid section\");\n\t\t}\n\t\ttry {\n\t\t\tthis.uuid = String(section.id);\n\t\t\tthis.id = String(section.Course);\n\t\t\tthis.title = String(section.Title);\n\t\t\tthis.instructor = String(section.Professor);\n\t\t\tthis.dept = String(section.Subject);\n\t\t\tif (section.Section === \"overall\") {\n\t\t\t\tthis.year = 1900;\n\t\t\t} else {\n\t\t\t\tthis.year = this.anyToNum(section.Year);\n\t\t\t}\n\t\t\tthis.avg = this.anyToNum(section.Avg);\n\t\t\tthis.pass = this.anyToNum(section.Pass);\n\t\t\tthis.fail = this.anyToNum(section.Fail);\n\t\t\tthis.audit = this.anyToNum(section.Audit);\n\t\t} catch (_err) {\n\t\t\tthrow new InsightError(\"invalid variable type\");\n\t\t}\n\t}\n\n\tpublic isValidSection(c: any): boolean {\n\t\treturn (\n\t\t\tc.id !== undefined ||\n\t\t\tc.Course !== undefined ||\n\t\t\tc.title !== undefined ||\n\t\t\tc.Professor !== undefined ||\n\t\t\tc.Subject !== undefined ||\n\t\t\tc.Section !== undefined ||\n\t\t\tc.Year !== undefined ||\n\t\t\tc.Avg !== undefined ||\n\t\t\tc.Pass !== undefined ||\n\t\t\tc.Fail !== undefined ||\n\t\t\tc.Audit !== undefined\n\t\t);\n\t}\n\n\tpublic anyToNum(n: any): number {\n\t\tconst num = Number(n);\n\t\tif (isNaN(num)) {\n\t\t\tthrow new InsightError(\"n is not a number\");\n\t\t}\n\t\treturn num;\n\t}\n}\n\nexport class Room {\n\tpublic fullname: string;\n\tpublic shortname: string;\n\tpublic number: string;\n\tpublic name: string;\n\tpublic address: string;\n\tpublic lat: number;\n\tpublic lon: number;\n\tpublic seats: number;\n\tpublic type: string;\n\tpublic furniture: string;\n\tpublic href: string;\n\n\tconstructor(room: any) {\n\t\t// check if section is valid\n\t\tif (!this.isValidRoom(room)) {\n\t\t\tthrow new InsightError(\"Undefined variable -> invalid section\");\n\t\t}\n\t\ttry {\n\t\t\tthis.fullname = String(room.fullname);\n\t\t\tthis.shortname = String(room.shortname);\n\t\t\tthis.number = String(room.number);\n\t\t\tthis.name = String(room.name);\n\t\t\tthis.address = String(room.address);\n\t\t\tthis.lat = this.anyToNum(room.lat);\n\t\t\tthis.lon = this.anyToNum(room.lon);\n\t\t\tthis.seats = this.anyToNum(room.seats);\n\t\t\tthis.type = String(room.type);\n\t\t\tthis.furniture = String(room.furniture);\n\t\t\tthis.href = String(room.href);\n\t\t} catch (_err) {\n\t\t\tthrow new InsightError(\"invalid variable type\");\n\t\t}\n\t}\n\n\tpublic isValidRoom(r: any): boolean {\n\t\treturn (\n\t\t\tr.fullname !== undefined &&\n\t\t\tr.shortname !== undefined &&\n\t\t\tr.number !== undefined &&\n\t\t\tr.name !== undefined &&\n\t\t\tr.address !== undefined &&\n\t\t\tr.seats !== undefined &&\n\t\t\tr.type !== undefined &&\n\t\t\tr.furniture !== undefined &&\n\t\t\tr.href !== undefined &&\n\t\t\tr.lat !== undefined &&\n\t\t\tr.lon !== undefined\n\t\t);\n\t\t//tambahin lat and lon\n\t}\n\n\tpublic anyToNum(n: any): number {\n\t\tconst num = Number(n);\n\t\tif (isNaN(num)) {\n\t\t\tthrow new InsightError(\"n is not a number\");\n\t\t}\n\t\treturn num;\n\t}\n}\n"]},"_coverageSchema":"1a1c01bbd47fc00a2c39e90264f33305004495a9","hash":"598e75354f20a0a4592b96f161937e10927d6889","contentHash":"9be94d11cb704172c2174612889d3395da123e4e5d252fd96853bd9d56d83cab"},"D:\\000_Edrick\\UBC\\CPSC_310\\project_team139\\src\\controller\\helperFunction.ts":{"path":"D:\\000_Edrick\\UBC\\CPSC_310\\project_team139\\src\\controller\\helperFunction.ts","statementMap":{"0":{"start":{"line":2,"column":0},"end":{"line":2,"column":62}},"1":{"start":{"line":3,"column":0},"end":{"line":3,"column":32}},"2":{"start":{"line":4,"column":25},"end":{"line":4,"column":52}},"3":{"start":{"line":5,"column":22},"end":{"line":5,"column":46}},"4":{"start":{"line":8,"column":8},"end":{"line":35,"column":9}},"5":{"start":{"line":9,"column":12},"end":{"line":11,"column":13}},"6":{"start":{"line":10,"column":16},"end":{"line":10,"column":30}},"7":{"start":{"line":12,"column":12},"end":{"line":14,"column":13}},"8":{"start":{"line":13,"column":16},"end":{"line":13,"column":29}},"9":{"start":{"line":15,"column":12},"end":{"line":17,"column":13}},"10":{"start":{"line":16,"column":16},"end":{"line":16,"column":30}},"11":{"start":{"line":18,"column":12},"end":{"line":20,"column":13}},"12":{"start":{"line":19,"column":16},"end":{"line":19,"column":30}},"13":{"start":{"line":21,"column":12},"end":{"line":23,"column":13}},"14":{"start":{"line":22,"column":16},"end":{"line":22,"column":31}},"15":{"start":{"line":25,"column":13},"end":{"line":35,"column":9}},"16":{"start":{"line":26,"column":12},"end":{"line":28,"column":13}},"17":{"start":{"line":27,"column":16},"end":{"line":27,"column":29}},"18":{"start":{"line":29,"column":12},"end":{"line":31,"column":13}},"19":{"start":{"line":30,"column":16},"end":{"line":30,"column":29}},"20":{"start":{"line":32,"column":12},"end":{"line":34,"column":13}},"21":{"start":{"line":33,"column":16},"end":{"line":33,"column":31}},"22":{"start":{"line":36,"column":8},"end":{"line":36,"column":50}},"23":{"start":{"line":39,"column":8},"end":{"line":81,"column":9}},"24":{"start":{"line":40,"column":12},"end":{"line":42,"column":13}},"25":{"start":{"line":41,"column":16},"end":{"line":41,"column":30}},"26":{"start":{"line":43,"column":12},"end":{"line":45,"column":13}},"27":{"start":{"line":44,"column":16},"end":{"line":44,"column":28}},"28":{"start":{"line":46,"column":12},"end":{"line":48,"column":13}},"29":{"start":{"line":47,"column":16},"end":{"line":47,"column":31}},"30":{"start":{"line":49,"column":12},"end":{"line":51,"column":13}},"31":{"start":{"line":50,"column":16},"end":{"line":50,"column":36}},"32":{"start":{"line":52,"column":12},"end":{"line":54,"column":13}},"33":{"start":{"line":53,"column":16},"end":{"line":53,"column":30}},"34":{"start":{"line":56,"column":13},"end":{"line":81,"column":9}},"35":{"start":{"line":57,"column":12},"end":{"line":59,"column":13}},"36":{"start":{"line":58,"column":16},"end":{"line":58,"column":34}},"37":{"start":{"line":60,"column":12},"end":{"line":62,"column":13}},"38":{"start":{"line":61,"column":16},"end":{"line":61,"column":35}},"39":{"start":{"line":63,"column":12},"end":{"line":65,"column":13}},"40":{"start":{"line":64,"column":16},"end":{"line":64,"column":32}},"41":{"start":{"line":66,"column":12},"end":{"line":68,"column":13}},"42":{"start":{"line":67,"column":16},"end":{"line":67,"column":30}},"43":{"start":{"line":69,"column":12},"end":{"line":71,"column":13}},"44":{"start":{"
[...]
lumn":9}},"25":{"start":{"line":46,"column":42},"end":{"line":46,"column":58}},"26":{"start":{"line":47,"column":12},"end":{"line":49,"column":13}},"27":{"start":{"line":48,"column":16},"end":{"line":48,"column":75}},"28":{"start":{"line":50,"column":12},"end":{"line":52,"column":13}},"29":{"start":{"line":51,"column":16},"end":{"line":51,"column":89}},"30":{"start":{"line":55,"column":12},"end":{"line":57,"column":13}},"31":{"start":{"line":56,"column":16},"end":{"line":56,"column":84}},"32":{"start":{"line":61,"column":8},"end":{"line":81,"column":11}},"33":{"start":{"line":62,"column":12},"end":{"line":79,"column":13}},"34":{"start":{"line":63,"column":31},"end":{"line":63,"column":37}},"35":{"start":{"line":64,"column":31},"end":{"line":64,"column":37}},"36":{"start":{"line":65,"column":16},"end":{"line":78,"column":17}},"37":{"start":{"line":66,"column":39},"end":{"line":66,"column":85}},"38":{"start":{"line":67,"column":20},"end":{"line":69,"column":21}},"39":{"start":{"line":68,"column":24},"end":{"line":68,"column":42}},"40":{"start":{"line":71,"column":21},"end":{"line":78,"column":17}},"41":{"start":{"line":72,"column":20},"end":{"line":74,"column":21}},"42":{"start":{"line":73,"column":24},"end":{"line":73,"column":47}},"43":{"start":{"line":77,"column":20},"end":{"line":77,"column":104}},"44":{"start":{"line":80,"column":12},"end":{"line":80,"column":21}},"45":{"start":{"line":84,"column":8},"end":{"line":104,"column":11}},"46":{"start":{"line":85,"column":12},"end":{"line":102,"column":13}},"47":{"start":{"line":86,"column":31},"end":{"line":86,"column":37}},"48":{"start":{"line":87,"column":31},"end":{"line":87,"column":37}},"49":{"start":{"line":88,"column":16},"end":{"line":101,"column":17}},"50":{"start":{"line":89,"column":39},"end":{"line":89,"column":85}},"51":{"start":{"line":90,"column":20},"end":{"line":92,"column":21}},"52":{"start":{"line":91,"column":24},"end":{"line":91,"column":42}},"53":{"start":{"line":94,"column":21},"end":{"line":101,"column":17}},"54":{"start":{"line":95,"column":20},"end":{"line":97,"column":21}},"55":{"start":{"line":96,"column":24},"end":{"line":96,"column":47}},"56":{"start":{"line":100,"column":20},"end":{"line":100,"column":104}},"57":{"start":{"line":103,"column":12},"end":{"line":103,"column":21}},"58":{"start":{"line":107,"column":0},"end":{"line":107,"column":32}}},"fnMap":{"0":{"name":"(anonymous_0)","decl":{"start":{"line":6,"column":4},"end":{"line":6,"column":5}},"loc":{"start":{"line":6,"column":54},"end":{"line":13,"column":5}},"line":6},"1":{"name":"(anonymous_1)","decl":{"start":{"line":14,"column":4},"end":{"line":14,"column":5}},"loc":{"start":{"line":14,"column":52},"end":{"line":29,"column":5}},"line":14},"2":{"name":"(anonymous_2)","decl":{"start":{"line":16,"column":21},"end":{"line":16,"column":22}},"loc":{"start":{"line":16,"column":31},"end":{"line":28,"column":9}},"line":16},"3":{"name":"(anonymous_3)","decl":{"start":{"line":30,"column":4},"end":{"line":30,"column":5}},"loc":{"start":{"line":30,"column":55},"end":{"line":43,"column":5}},"line":30},"4":{"name":"(anonymous_4)","decl":{"start":{"line":33,"column":25},"end":{"line":33,"column":26}},"loc":{"start":{"line":33,"column":34},"end":{"line":33,"column":85}},"line":33},"5":{"name":"(anonymous_5)","decl":{"start":{"line":44,"column":4},"end":{"line":44,"column":5}},"loc":{"start":{"line":44,"column":53},"end":{"line":59,"column":5}},"line":44},"6":{"name":"(anonymous_6)","decl":{"start":{"line":60,"column":4},"end":{"line":60,"column":5}},"loc":{"start":{"line":60,"column":30},"end":{"line":82,"column":5}},"line":60},"7":{"name":"(anonymous_7)","decl":{"start":{"line":61,"column":21},"end":{"line":61,"column":22}},"loc":{"start":{"line":61,"column":31},"end":{"line":81,"column":9}},"line":61},"8":{"name":"(anonymous_8)","decl":{"start":{"line":83,"column":4},"end":{"line":83,"column":5}},"loc":{"start":{"line":83,"column":32},"end":{"line":105,"column":5}},"line":83},"9":{"name":"(anonymous_9)","decl":{"start":{"line":84,"column":21},"end":{"line":84,"column":22}},"loc":{"start":{"line":84,"column":31},"end":{"line":104,"column":9}},"line":84}},"branchMap":{"0":{"loc":{"start":{"line":7,"column":8},"end":{"line":12,"column":9}},"type":"if","locations":[{"start":{"line":7,"column":8},"end":{"line":12,"column":9}},{"start":{"line":7,"column":8},"end":{"line":12,"column":9}}],"line":7},"1":{"loc":{"start":{"line":19,"column":12},"end":{"line":27,"column":13}},"type":"if","locations":[{"start":{"line":19,"column":12},"end":{"line":27,"column":13}},{"start":{"line":19,"column":12},"end":{"line":27,"column":13}}],"line":19},"2":{"loc":{"start":{"line":19,"column":16},"end":{"line":19,"column":72}},"type":"binary-expr","locations":[{"start":{"line":19,"column":16},"end":{"line":19,"column":42}},{"start":{"line":19,"column":46},"end":{"line":19,"column":72}}],"line":19},"3":{"loc":{"start":{"line":20,"column":23},"end":{"line":20,"column":69}},"type":"cond-expr","locations":[{"start":{"line":20,"column":41},"end":{"line":20,"column":42}},{"start":{"line":20,"column":45},"end":{"line":20,"column":69}}],"line":20},"4":{"loc":{"start":{"line":20,"column":45},"end":{"line":20,"column":69}},"type":"cond-expr","locations":[{"start":{"line":20,"column":63},"end":{"line":20,"column":65}},{"start":{"line":20,"column":68},"end":{"line":20,"column":69}}],"line":20},"5":{"loc":{"start":{"line":22,"column":17},"end":{"line":27,"column":13}},"type":"if","locations":[{"start":{"line":22,"column":17},"end":{"line":27,"column":13}},{"start":{"line":22,"column":17},"end":{"line":27,"column":13}}],"line":22},"6":{"loc":{"start":{"line":22,"column":21},"end":{"line":22,"column":77}},"type":"binary-expr","locations":[{"start":{"line":22,"column":21},"end":{"line":22,"column":47}},{"start":{"line":22,"column":51},"end":{"line":22,"column":77}}],"line":22},"7":{"loc":{"start":{"line":34,"column":8},"end":{"line":42,"column":9}},"type":"if","locations":[{"start":{"line":34,"column":8},"end":{"line":42,"column":9}},{"start":{"line":34,"column":8},"end":{"line":42,"column":9}}],"line":34},"8":{"loc":{"start":{"line":37,"column":13},"end":{"line":42,"column":9}},"type":"if","locations":[{"start":{"line":37,"column":13},"end":{"line":42,"column":9}},{"start":{"line":37,"column":13},"end":{"line":42,"column":9}}],"line":37},"9":{"loc":{"start":{"line":45,"column":8},"end":{"line":58,"column":9}},"type":"if","locations":[{"start":{"line":45,"column":8},"end":{"line":58,"column":9}},{"start":{"line":45,"column":8},"end":{"line":58,"column":9}}],"line":45},"10":{"loc":{"start":{"line":47,"column":12},"end":{"line":49,"column":13}},"type":"if","locations":[{"start":{"line":47,"column":12},"end":{"line":49,"column":13}},{"start":{"line":47,"column":12},"end":{"line":49,"column":13}}],"line":47},"11":{"loc":{"start":{"line":50,"column":12},"end":{"line":52,"column":13}},"type":"if","locations":[{"start":{"line":50,"column":12},"end":{"line":52,"column":13}},{"start":{"line":50,"column":12},"end":{"line":52,"column":13}}],"line":50},"12":{"loc":{"start":{"line":55,"column":12},"end":{"line":57,"column":13}},"type":"if","locations":[{"start":{"line":55,"column":12},"end":{"line":57,"column":13}},{"start":{"line":55,"column":12},"end":{"line":57,"column":13}}],"line":55},"13":{"loc":{"start":{"line":65,"column":16},"end":{"line":78,"column":17}},"type":"if","locations":[{"start":{"line":65,"column":16},"end":{"line":78,"column":17}},{"start":{"line":65,"column":16},"end":{"line":78,"column":17}}],"line":65},"14":{"loc":{"start":{"line":65,"column":20},"end":{"line":65,"column":76}},"type":"binary-expr","locations":[{"start":{"line":65,"column":20},"end":{"line":65,"column":46}},{"start":{"line":65,"column":50},"end":{"line":65,"column":76}}],"line":65},"15":{"loc":{"start":{"line":66,"column":39},"end":{"line":66,"column":85}},"type":"cond-expr","locations":[{"start":{"line":66,"column":57},"end":{"line":66,"column":58}},{"start":{"line":66,"column":61},"end":{"line":66,"column":85}}],"line":66},"16":{"loc":{"start":{"line":66,"column":61},"end":{"line":66,"column":85}},"type":"cond-expr","locations":[{"start":{"line":66,"column":79},"end":{"line":66,"column":81}},{"start":{"line":66,"column":84},"end":{"line":66,"column":85}}],"line":66},"17":{"loc":{"start":{"line":67,"column":20},"end":{"line":69,"column":21}},"type":"if","locations":[{"start":{"line":67,"column":20},"end":{"line":69,"column":21}},{"start":{"line":67,"column":20},"end":{"line":69,"column":21}}],"line":67},"18":{"loc":{"start":{"line":71,"column":21},"end":{"line":78,"column":17}},"type":"if","locations":[{"start":{"line":71,"column":21},"end":{"line":78,"column":17}},{"start":{"line":71,"column":21},"end":{"line":78,"column":17}}],"line":71},"19":{"loc":{"start":{"line":71,"column":25},"end":{"line":71,"column":81}},"type":"binary-expr","locations":[{"start":{"line":71,"column":25},"end":{"line":71,"column":51}},{"start":{"line":71,"column":55},"end":{"line":71,"column":81}}],"line":71},"20":{"loc":{"start":{"line":72,"column":20},"end":{"line":74,"column":21}},"type":"if","locations":[{"start":{"line":72,"column":20},"end":{"line":74,"column":21}},{"start":{"line":72,"column":20},"end":{"line":74,"column":21}}],"line":72},"21":{"loc":{"start":{"line":88,"column":16},"end":{"line":101,"column":17}},"type":"if","locations":[{"start":{"line":88,"column":16},"end":{"line":101,"column":17}},{"start":{"line":88,"column":16},"end":{"line":101,"column":17}}],"line":88},"22":{"loc":{"start":{"line":88,"column":20},"end":{"line":88,"column":76}},"type":"binary-expr","locations":[{"start":{"line":88,"column":20},"end":{"line":88,"column":46}},{"start":{"line":88,"column":50},"end":{"line":88,"column":76}}],"line":88},"23":{"loc":{"start":{"line":89,"column":39},"end":{"line":89,"column":85}},"type":"cond-expr","locations":[{"start":{"line":89,"column":57},"end":{"line":89,"column":58}},{"start":{"line":89,"column":61},"end":{"line":89,"column":85}}],"line":89},"24":{"loc":{"start":{"line":89,"column":61},"end":{"line":89,"column":85}},"type":"cond-expr","locations":[{"start":{"line":89,"column":79},"end":{"line":89,"column":81}},{"start":{"line":89,"column":84},"end":{"line":89,"column":85}}],"line":89},"25":{"loc":{"start":{"line":90,"column":20},"end":{"line":92,"column":21}},"type":"if","locations":[{"start":{"line":90,"column":20},"end":{"line":92,"column":21}},{"start":{"line":90,"column":20},"end":{"line":92,"column":21}}],"line":90},"26":{"loc":{"start":{"line":94,"column":21},"end":{"line":101,"column":17}},"type":"if","locations":[{"start":{"line":94,"column":21},"end":{"line":101,"column":17}},{"start":{"line":94,"column":21},"end":{"line":101,"column":17}}],"line":94},"27":{"loc":{"start":{"line":94,"column":25},"end":{"line":94,"column":81}},"type":"binary-expr","locations":[{"start":{"line":94,"column":25},"end":{"line":94,"column":51}},{"start":{"line":94,"column":55},"end":{"line":94,"column":81}}],"line":94},"28":{"loc":{"start":{"line":95,"column":20},"end":{"line":97,"column":21}},"type":"if","locations":[{"start":{"line":95,"column":20},"end":{"line":97,"column":21}},{"start":{"line":95,"column":20},"end":{"line":97,"column":21}}],"line":95}},"s":{"0":1,"1":1,"2":1,"3":14,"4":12,"5":2,"6":12,"7":11,"8":461,"9":461,"10":461,"11":1,"12":460,"13":460,"14":0,"15":2,"16":2,"17":2,"18":5,"19":2,"20":1,"21":1,"22":1,"23":0,"24":17,"25":17,"26":17,"27":0,"28":17,"29":1,"30":0,"31":0,"32":1,"33":3,"34":3,"35":3,"36":3,"37":3,"38":3,"39":3,"40":0,"41":0,"42":0,"43":0,"44":0,"45":1,"46":6,"47":10,"48":10,"49":10,"50":8,"51":8,"52":4,"53":2,"54":2,"55":0,"56":0,"57":2,"58":1},"f":{"0":14,"1":12,"2":461,"3":2,"4":5,"5":17,"6":1,"7":3,"8":1,"9":6},"b":{"0":[12,2],"1":[1,460],"2":[461,1],"3":[0,1],"4":[0,1],"5":[460,0],"6":[460,460],"7":[1,1],"8":[1,0],"9":[17,0],"10":[0,17],"11":[1,16],"12":[0,0],"13":[3,0],"14":[3,3],"15":[3,0],"16":[0,0],"17":[3,0],"18":[0,0],"19":[0,0],"20":[0,0],"21":[8,2],"22":[10,8],"23":[0,8],"24":[4,4],"25":[4,4],"26":[2,0],"27":[2,2],"28":[0,2]},"inputSourceMap":{"version":3,"file":"D:/000_Edrick/UBC/CPSC_310/project_team139/src/controller/helperSort.ts","sources":["D:/000_Edrick/UBC/CPSC_310/project_team139/src/controller/helperSort.ts"],"names":[],"mappings":";;;AAAA,qDAA+D;AAE/D,MAAa,UAAU;IACf,WAAW,CAAC,OAAwB,EAAE,KAAU,EAAE,OAAe,EAAE,WAAqB;QAC9F,IAAI,OAAO,KAAK,KAAK,QAAQ,EAAE;YAC9B,IAAI,CAAC,SAAS,CAAC,KAAK,EAAE,OAAO,EAAE,WAAW,EAAE,OAAO,CAAC,CAAC;SACrD;aAAM;YACN,IAAI,CAAC,YAAY,CAAC,KAAK,EAAE,OAAO,EAAE,WAAW,EAAE,OAAO,CAAC,CAAC;SACxD;IACF,CAAC;IAGO,SAAS,CAAC,KAAa,EAAE,OAAe,EAAE,WAAqB,EAAE,OAAwB;QAChG,IAAI,CAAC,mBAAmB,CAAC,KAAK,EAAE,OAAO,EAAE,WAAW,CAAC,CAAC;QAEtD,OAAO,CAAC,IAAI,CAAC,CAAC,CAAC,EAAE,CAAC,EAAE,EAAE;YACrB,MAAM,MAAM,GAAG,CAAC,CAAC,KAAK,CAAC,CAAC;YACxB,MAAM,MAAM,GAAG,CAAC,CAAC,KAAK,CAAC,CAAC;YAGxB,IAAI,OAAO,MAAM,KAAK,QAAQ,IAAI,OAAO,MAAM,KAAK,QAAQ,EAAE;gBAC7D,OAAO,MAAM,GAAG,MAAM,CAAC,CAAC,CAAC,CAAC,CAAC,CAAC,CAAC,MAAM,GAAG,MAAM,CAAC,CAAC,CAAC,CAAC,CAAC,CAAC,CAAC,CAAC,CAAC,CAAC;aACtD;iBAAM,IAAI,OAAO,MAAM,KAAK,QAAQ,IAAI,OAAO,MAAM,KAAK,QAAQ,EAAE;gBACpE,OAAO,MAAM,GAAG,MAAM,CAAC;aACvB;iBAAM;gBACN,MAAM,IAAI,6BAAY,CAAC,0CAA0C,CAAC,CAAC;aACnE;QACF,CAAC,CAAC,CAAC;IACJ,CAAC;IAIO,YAAY,CAAC,KAAU,EAAE,OAAe,EAAE,WAAqB,EAAE,OAAwB;QAChG,MAAM,SAAS,GAAG,KAAK,CAAC,GAAG,CAAC;QAC5B,MAAM,QAAQ,GAAG,KAAK,CAAC,IAAI,CAAC;QAE5B,QAAQ,CAAC,OAAO,CAAC,CAAC,GAAW,EAAE,EAAE,CAAC,IAAI,CAAC,mBAAmB,CAAC,GAAG,EAAE,OAAO,EAAE,WAAW,CAAC,CAAC,CAAC;QAEvF,IAAI,SAAS,KAAK,IAAI,EAAE;YACvB,IAAI,CAAC,MAAM,CAAC,OAAO,EAAE,QAAQ,CAAC,CAAC;SAC/B;aAAM,IAAI,SAAS,KAAK,MAAM,EAAE;YAChC,IAAI,CAAC,QAAQ,CAAC,OAAO,EAAE,QAAQ,CAAC,CAAC;SACjC;aAAM;YACN,MAAM,IAAI,6BAAY,CAAC,wBAAwB,CAAC,CAAC;SACjD;IACF,CAAC;IAEO,mBAAmB,CAAC,KAAa,EAAE,OAAe,EAAE,WAAqB;QAChF,IAAI,KAAK,CAAC,QAAQ,CAAC,GAAG,CAAC,EAAE;YACxB,MAAM,CAAC,OAAO,EAAE,UAAU,CAAC,GAAG,KAAK,CAAC,KAAK,CAAC,GAAG,CAAC,CAAC;YAC/C,IAAI,OAAO,KAAK,OAAO,EAAE;gBACxB,MAAM,IAAI,6BAAY,CAAC,iBAAiB,CAAC,CAAC;aAC1C;YACD,IAAI,CAAC,WAAW,CAAC,QAAQ,CAAC,UAAU,CAAC,EAAE;gBACtC,MAAM,IAAI,6BAAY,CAAC,+BAA+B,CAAC,CAAC;aACxD;SACD;aAAM;YACN,IAAI,CAAC,WAAW,CAAC,QAAQ,CAAC,KAAK,CAAC,EAAE;gBACjC,MAAM,IAAI,6BAAY,CAAC,0BAA0B,CAAC,CAAC;aACnD;SACD;IACF,CAAC;IAEO,MAAM,CAAC,OAAwB,EAAE,QAAkB;QAC1D,OAAO,CAAC,IAAI,CAAC,CAAC,CAAC,EAAE,CAAC,EAAE,EAAE;YACrB,KAAK,MAAM,GAAG,IAAI,QAAQ,EAAE;gBAC3B,MAAM,MAAM,GAAG,CAAC,CAAC,GAAG,CAAC,CAAC;gBACtB,MAAM,MAAM,GAAG,CAAC,CAAC,GAAG,CAAC,CAAC;gBAGtB,IAAI,OAAO,MAAM,KAAK,QAAQ,IAAI,OAAO,MAAM,KAAK,QAAQ,EAAE;oBAC7D,MAAM,UAAU,GAAG,MAAM,GAAG,MAAM,CAAC,CAAC,CAAC,CAAC,CAAC,CAAC,CAAC,MAAM,GAAG,MAAM,CAAC,CAAC,CAAC,CAAC,CAAC,CAAC,CAAC,CAAC,CAAC,CAAC;oBAClE,IAAI,UAAU,KAAK,CAAC,EAAE;wBACrB,OAAO,UAAU,CAAC;qBAClB;iBACD;qBAAM,IAAI,OAAO,MAAM,KAAK,QAAQ,IAAI,OAAO,MAAM,KAAK,QAAQ,EAAE;oBACpE,IAAI,MAAM,KAAK,MAAM,EAAE;wBACtB,OAAO,MAAM,GAAG,MAAM,CAAC;qBACvB;iBACD;qBAAM;oBACN,MAAM,IAAI,6BAAY,CAAC,0CAA0C,CAAC,CAAC;iBACnE;aACD;YACD,OAAO,CAAC,CAAC;QACV,CAAC,CAAC,CAAC;IACJ,CAAC;IAEO,QAAQ,CAAC,OAAwB,EAAE,QAAkB;QAC5D,OAAO,CAAC,IAAI,CAAC,CAAC,CAAC,EAAE,CAAC,EAAE,EAAE;YACrB,KAAK,MAAM,GAAG,IAAI,QAAQ,EAAE;gBAC3B,MAAM,MAAM,GAAG,CAAC,CAAC,GAAG,CAAC,CAAC;gBACtB,MAAM,MAAM,GAAG,CAAC,CAAC,GAAG,CAAC,CAAC;gBAGtB,IAAI,OAAO,MAAM,KAAK,QAAQ,IAAI,OAAO,MAAM,KAAK,QAAQ,EAAE;oBAC7D,MAAM,UAAU,GAAG,MAAM,GAAG,MAAM,CAAC,CAAC,CAAC,CAAC,CAAC,CAAC,CAAC,MAAM,GAAG,MAAM,CAAC,CAAC,CAAC,CAAC,CAAC,CAAC,CAAC,CAAC,CAAC,CAAC;oBAClE,IAAI,UAAU,KAAK,CAAC,EAAE;wBACrB,OAAO,UAAU,CAAC;qBAClB;iBACD;qBAAM,IAAI,OAAO,MAAM,KAAK,QAAQ,IAAI,OAAO,MAAM,KAAK,QAAQ,EAAE;oBACpE,IAAI,MAAM,KAAK,MAAM,EAAE;wBACtB,OAAO,MAAM,GAAG,MAAM,CAAC;qBACvB;iBACD;qBAAM;oBACN,MAAM,IAAI,6BAAY,CAAC,0CAA0C,CAAC,CAAC;iBACnE;aACD;YACD,OAAO,CAAC,CAAC;QACV,CAAC,CAAC,CAAC;IACJ,CAAC;CACD;AA5GD,gCA4GC","sourcesContent":["import { InsightError, InsightResult } from \"./IInsightFacade\";\n\nexport class HelperSort {\n\tpublic sortResults(results: InsightResult[], order: any, queryId: string, columnParam: string[]): void {\n\t\tif (typeof order === \"string\") {\n\t\t\tthis.basicSort(order, queryId, columnParam, results);\n\t\t} else {\n\t\t\tthis.advancedSort(order, queryId, columnParam, results);\n\t\t}\n\t}\n\n\t// when order is just a single key, whether it's mkey skey or the customkey (no _)\n\tprivate basicSort(order: string, queryId: string, columnParam: string[], results: InsightResult[]): void {\n\t\tthis.validateOrderColumn(order, queryId, columnParam);\n\n\t\tresults.sort((a, b) => {\n\t\t\tconst aValue = a[order];\n\t\t\tconst bValue = b[order];\n\n\t\t\t// Use ternary operator for comparison\n\t\t\tif (typeof aValue === \"string\" && typeof bValue === \"string\") {\n\t\t\t\treturn aValue > bValue ? 1 : aValue < bValue ? -1 : 0;\n\t\t\t} else if (typeof aValue === \"number\" && typeof bValue === \"number\") {\n\t\t\t\treturn aValue - bValue; // Numeric comparison for numbers\n\t\t\t} else {\n\t\t\t\tthrow new InsightError(\"Cannot compare values of different types\");\n\t\t\t}\n\t\t});\n\t}\n\n\t// when order is a composite object, {dir:\"direction\" , keys:[key1,key2]}\n\t// key-n is just a single key, whether it's mkey skey or the customkey (no _)\n\tprivate advancedSort(order: any, queryId: string, columnParam: string[], results: InsightResult[]): void {\n\t\tconst direction = order.dir;\n\t\tconst sortKeys = order.keys;\n\n\t\tsortKeys.forEach((key: string) => this.validateOrderColumn(key, queryId, columnParam));\n\n\t\tif (direction === \"UP\") {\n\t\t\tthis.sortUp(results, sortKeys);\n\t\t} else if (direction === \"DOWN\") {\n\t\t\tthis.sortDown(results, sortKeys);\n\t\t} else {\n\t\t\tthrow new InsightError(\"Invalid sort direction\");\n\t\t}\n\t}\n\n\tprivate validateOrderColumn(order: string, queryId: string, columnParam: string[]): void {\n\t\tif (order.includes(\"_\")) {\n\t\t\tconst [dataset, orderParam] = order.split(\"_\");\n\t\t\tif (dataset !== queryId) {\n\t\t\t\tthrow new InsightError(\"Invalid dataset\");\n\t\t\t}\n\t\t\tif (!columnParam.includes(orderParam)) {\n\t\t\t\tthrow new InsightError(\"Invalid column: ${orderParam}\");\n\t\t\t}\n\t\t} else {\n\t\t\tif (!columnParam.includes(order)) {\n\t\t\t\tthrow new InsightError(\"Invalid column: ${order}\");\n\t\t\t}\n\t\t}\n\t}\n\n\tprivate sortUp(results: InsightResult[], sortKeys: string[]): void {\n\t\tresults.sort((a, b) => {\n\t\t\tfor (const key of sortKeys) {\n\t\t\t\tconst aValue = a[key];\n\t\t\t\tconst bValue = b[key];\n\n\t\t\t\t// Ternary operator for string and number comparison\n\t\t\t\tif (typeof aValue === \"string\" && typeof bValue === \"string\") {\n\t\t\t\t\tconst comparison = aValue > bValue ? 1 : aValue < bValue ? -1 : 0;\n\t\t\t\t\tif (comparison !== 0) {\n\t\t\t\t\t\treturn comparison;\n\t\t\t\t\t}\n\t\t\t\t} else if (typeof aValue === \"number\" && typeof bValue === \"number\") {\n\t\t\t\t\tif (aValue !== bValue) {\n\t\t\t\t\t\treturn aValue - bValue;\n\t\t\t\t\t}\n\t\t\t\t} else {\n\t\t\t\t\tthrow new InsightError(\"Cannot compare values of different types\");\n\t\t\t\t}\n\t\t\t}\n\t\t\treturn 0; // All keys are equal\n\t\t});\n\t}\n\n\tprivate sortDown(results: InsightResult[], sortKeys: string[]): void {\n\t\tresults.sort((a, b) => {\n\t\t\tfor (const key of sortKeys) {\n\t\t\t\tconst aValue = a[key];\n\t\t\t\tconst bValue = b[key];\n\n\t\t\t\t// Reverse ternary operator comparison for descending order\n\t\t\t\tif (typeof aValue === \"string\" && typeof bValue === \"string\") {\n\t\t\t\t\tconst comparison = aValue < bValue ? 1 : aValue > bValue ? -1 : 0;\n\t\t\t\t\tif (comparison !== 0) {\n\t\t\t\t\t\treturn comparison;\n\t\t\t\t\t}\n\t\t\t\t} else if (typeof aValue === \"number\" && typeof bValue === \"number\") {\n\t\t\t\t\tif (aValue !== bValue) {\n\t\t\t\t\t\treturn bValue - aValue;\n\t\t\t\t\t}\n\t\t\t\t} else {\n\t\t\t\t\tthrow new InsightError(\"Cannot compare values of different types\");\n\t\t\t\t}\n\t\t\t}\n\t\t\treturn 0; // All keys are equal\n\t\t});\n\t}\n}\n"]},"_coverageSchema":"1a1c01bbd47fc00a2c39e90264f33305004495a9","hash":"1dc4290535463b8fcbc6bcd6bfa8384225a8396a","contentHash":"b828c66d9c15be2eca006ffb946afc2d5b6b4039673ee0af9a7a32e76ce7a39d"}}