{"D:\\000_Edrick\\UBC\\CPSC_310\\project_team139\\src\\controller\\IInsightFacade.ts":{"path":"D:\\000_Edrick\\UBC\\CPSC_310\\project_team139\\src\\controller\\IInsightFacade.ts","statementMap":{"0":{"start":{"line":2,"column":0},"end":{"line":2,"column":62}},"1":{"start":{"line":3,"column":0},"end":{"line":3,"column":113}},"2":{"start":{"line":5,"column":0},"end":{"line":8,"column":89}},"3":{"start":{"line":6,"column":4},"end":{"line":6,"column":48}},"4":{"start":{"line":7,"column":4},"end":{"line":7,"column":42}},"5":{"start":{"line":11,"column":8},"end":{"line":11,"column":23}},"6":{"start":{"line":12,"column":8},"end":{"line":12,"column":52}},"7":{"start":{"line":15,"column":0},"end":{"line":15,"column":36}},"8":{"start":{"line":18,"column":8},"end":{"line":18,"column":23}},"9":{"start":{"line":19,"column":8},"end":{"line":19,"column":53}},"10":{"start":{"line":22,"column":0},"end":{"line":22,"column":38}},"11":{"start":{"line":25,"column":8},"end":{"line":25,"column":23}},"12":{"start":{"line":26,"column":8},"end":{"line":26,"column":59}},"13":{"start":{"line":29,"column":0},"end":{"line":29,"column":50}}},"fnMap":{"0":{"name":"(anonymous_0)","decl":{"start":{"line":5,"column":1},"end":{"line":5,"column":2}},"loc":{"start":{"line":5,"column":31},"end":{"line":8,"column":1}},"line":5},"1":{"name":"(anonymous_1)","decl":{"start":{"line":10,"column":4},"end":{"line":10,"column":5}},"loc":{"start":{"line":10,"column":25},"end":{"line":13,"column":5}},"line":10},"2":{"name":"(anonymous_2)","decl":{"start":{"line":17,"column":4},"end":{"line":17,"column":5}},"loc":{"start":{"line":17,"column":25},"end":{"line":20,"column":5}},"line":17},"3":{"name":"(anonymous_3)","decl":{"start":{"line":24,"column":4},"end":{"line":24,"column":5}},"loc":{"start":{"line":24,"column":25},"end":{"line":27,"column":5}},"line":24}},"branchMap":{"0":{"loc":{"start":{"line":8,"column":24},"end":{"line":8,"column":87}},"type":"binary-expr","locations":[{"start":{"line":8,"column":24},"end":{"line":8,"column":50}},{"start":{"line":8,"column":55},"end":{"line":8,"column":86}}],"line":8}},"s":{"0":1,"1":1,"2":1,"3":1,"4":1,"5":207,"6":207,"7":1,"8":3,"9":3,"10":1,"11":1,"12":1,"13":1},"f":{"0":1,"1":207,"2":3,"3":1},"b":{"0":[1,1]},"inputSourceMap":{"version":3,"file":"D:/000_Edrick/UBC/CPSC_310/project_team139/src/controller/IInsightFacade.ts","sources":["D:/000_Edrick/UBC/CPSC_310/project_team139/src/controller/IInsightFacade.ts"],"names":[],"mappings":";;;AAMA,IAAY,kBAGX;AAHD,WAAY,kBAAkB;IAC7B,2CAAqB,CAAA;IACrB,qCAAe,CAAA;AAChB,CAAC,EAHW,kBAAkB,GAAlB,0BAAkB,KAAlB,0BAAkB,QAG7B;AAUD,MAAa,YAAa,SAAQ,KAAK;IACtC,YAAY,OAAgB;QAC3B,KAAK,CAAC,OAAO,CAAC,CAAC;QACf,KAAK,CAAC,iBAAiB,CAAC,IAAI,EAAE,YAAY,CAAC,CAAC;IAC7C,CAAC;CACD;AALD,oCAKC;AAED,MAAa,aAAc,SAAQ,KAAK;IACvC,YAAY,OAAgB;QAC3B,KAAK,CAAC,OAAO,CAAC,CAAC;QACf,KAAK,CAAC,iBAAiB,CAAC,IAAI,EAAE,aAAa,CAAC,CAAC;IAC9C,CAAC;CACD;AALD,sCAKC;AAED,MAAa,mBAAoB,SAAQ,KAAK;IAC7C,YAAY,OAAgB;QAC3B,KAAK,CAAC,OAAO,CAAC,CAAC;QACf,KAAK,CAAC,iBAAiB,CAAC,IAAI,EAAE,mBAAmB,CAAC,CAAC;IACpD,CAAC;CACD;AALD,kDAKC","sourcesContent":["/*\n * This is the primary high-level API for the project. In this folder there should be:\n * A class called InsightFacade, this should be in a file called InsightFacade.ts.\n * You should not change this interface at all or the test suite will not work.\n */\n\nexport enum InsightDatasetKind {\n\tSections = \"sections\",\n\tRooms = \"rooms\",\n}\n\nexport interface InsightDataset {\n\tid: string;\n\tkind: InsightDatasetKind;\n\tnumRows: number;\n}\n\nexport type InsightResult = Record<string, string | number>;\n\nexport class InsightError extends Error {\n\tconstructor(message?: string) {\n\t\tsuper(message);\n\t\tError.captureStackTrace(this, InsightError);\n\t}\n}\n\nexport class NotFoundError extends Error {\n\tconstructor(message?: string) {\n\t\tsuper(message);\n\t\tError.captureStackTrace(this, NotFoundError);\n\t}\n}\n\nexport class ResultTooLargeError extends Error {\n\tconstructor(message?: string) {\n\t\tsuper(message);\n\t\tError.captureStackTrace(this, ResultTooLargeError);\n\t}\n}\n\nexport interface IInsightFacade {\n\t/**\n\t * Add a dataset to insightUBC.\n\t *\n\t * @param id  The id of the dataset being added. Follows the format /^[^_]+$/\n\t * @param content  The base64 content of the dataset. This content should be in the form of a serialized zip file.\n\t * @param kind  The kind of the dataset\n\t *\n\t * @return Promise <string[]>\n\t *\n\t * The promise should fulfill on a successful add, reject for any failures.\n\t * The promise should fulfill with a string array,\n\t * containing the ids of all currently added datasets upon a successful add.\n\t * The promise should reject with an InsightError describing the error.\n\t *\n\t * An id is invalid if it contains an underscore, or is only whitespace characters.\n\t * If id is the same as the id of an already added dataset, the dataset should be rejected and not saved.\n\t *\n\t * After receiving the dataset, it should be processed into a data structure of\n\t * your design. The processed data structure should be persisted to disk; your\n\t * system should be able to load this persisted value into memory for answering\n\t * queries.\n\t *\n\t * Ultimately, a dataset must be added or loaded from disk before queries can\n\t * be successfully answered.\n\t */\n\taddDataset(id: string, content: string, kind: InsightDatasetKind): Promise<string[]>;\n\n\t/**\n\t * Remove a dataset from insightUBC.\n\t *\n\t * @param id  The id of the dataset to remove. Follows the format /^[^_]+$/\n\t *\n\t * @return Promise <string>\n\t *\n\t * The promise should fulfill upon a successful removal, reject on any error.\n\t * Attempting to remove a dataset that hasn't been added yet counts as an error.\n\t *\n\t * An id is invalid if it contains an underscore, or is only whitespace characters.\n\t *\n\t * The promise should fulfill the id of the dataset that was removed.\n\t * The promise should reject with a NotFoundError (if a valid id was not yet added)\n\t * or an InsightError (invalid id or any other source of failure) describing the error.\n\t *\n\t * This will delete both disk and memory caches for the dataset for the id meaning\n\t * that subsequent queries for that id should fail unless a new addDataset happens first.\n\t */\n\tremoveDataset(id: string): Promise<string>;\n\n\t/**\n\t * Perform a query on insightUBC.\n\t *\n\t * @param query  The query to be performed.\n\t *\n\t * If a query is incorrectly formatted, references a dataset not added (in memory or on disk),\n\t * or references multiple datasets, it should be rejected.\n\t *\n\t * @return Promise <InsightResult[]>\n\t *\n\t * The promise should fulfill with an array of results.\n\t * The promise should reject with a ResultTooLargeError (if the query returns too many results)\n\t * or an InsightError (for any other source of failure) describing the error.\n\t */\n\tperformQuery(query: unknown): Promise<InsightResult[]>;\n\n\t/**\n\t * List all currently added datasets, their types, and number of rows.\n\t *\n\t * @return Promise <InsightDataset[]>\n\t * The promise should fulfill an array of currently added InsightDatasets, and will only fulfill.\n\t */\n\tlistDatasets(): Promise<InsightDataset[]>;\n}\n"]},"_coverageSchema":"1a1c01bbd47fc00a2c39e90264f33305004495a9","hash":"0edcbd741df7bc084b9e75af7bef382455fbac42","contentHash":"c164cfdc6b2e297e9cc51d719a97397203f9d54e45e6e278604f801085141be2"},"D:\\000_Edrick\\UBC\\CPSC_310\\project_team139\\src\\controller\\InsightFacade.ts":{"path":"D:\\000_Edrick\\UBC\\CPSC_310\\project_team139\\src\\controller\\InsightFacade.ts","statementMap":{"0":{"start":{"line":2,"column":22},"end":{"line":12,"column":3}},"1":{"start":{"line":3,"column":4},"end":{"line":3,"column":33}},"2":{"start":{"line":3,"column":26},"end":{"line":3,"column":33}},"3":{"start":{"line":4,"column":15},"end":{"line":4,"column":52}},"4":{"start":{"line":5,"column":4},"end":{"line":7,"column":5}},"5":{"start":{"line":6,"column":6},"end":{"line":6,"column":68}},"6":{"start":{"line":6,"column":51},"end":{"line":6,"column":63}},"7":{"start":{"line":8,"column":4},"end":{"line":8,"column":39}},"8":{"start":{"line":10,"column":4},"end":{"line":10,"column":33}},"9":{"start":{"line":10,"column":26},"end":{"line":10,"column":33}},"10":{"start":{"line":11,"column":4},"end":{"line":11,"column":17}},"11":{"start":{"line":13,"column":25},"end":{"line":17,"column":2}},"12":{"start":{"line":14,"column":4},"end":{"line":14,"column":72}},"13":{"start":{"line":16,"column":4},"end":{"line":16,"column":21}},"14":{"start":{"line":18,"column":19},"end":{"line":24,"column":1}},"15":{"start":{"line":19,"column":4},"end":{"line":19,"column":42}},"16":{"start":{"line":19,"column":31},"end":{"line":19,"column":42}},"17":{"start":{"line":20,"column":17},"end":{"line":20,"column":19}},"18":{"start":{"line":21,"column":4},"end":{"line":21,"column":141}},"19":{"start":{"line":21,"column":21},"end":{"line":21,"column":141}},"20":{"start":{"line":21,"column":40},"end":{"line":21,"column":141}},"21":{"start":{"line":21,"column":109},"end":{"line":21,"column":141}},"22":{"start":{"line":22,"column":4},"end":{"line":22,"column":36}},"23":{"start":{"line":23,"column":4},"end":{"line":23,"column":18}},"24":{"start":{"line":25,"column":0},"end":{"line":25,"column":62}},"25":{"start":{"line":26,"column":25},"end":{"line":26,"column":52}},"26":{"start":{"line":27,"column":16},"end":{"line":27,"column":32}},"27":{"start":{"line":28,"column":11},"end":{"line":28,"column":44}},"28":{"start":{"line":29,"column":22},"end":{"line":29,"column":46}},"29":{"start":{"line":30,"column":25},"end":{"line":30,"column":52}},"30":{"start":{"line":32,"column":15},"end":{"line":32,"column":24}},"31":{"start":{"line":33,"column":9},"end":{"line":33,"column":46}},"32":{"start":{"line":35,"column":8},"end":{"line":35,"column":46}},"33":{"start":{"line":36,"column":8},"end":{"line":38,"column":9}},"34":{"start":{"line":37,"column":12},"end":{"line":37,"column":66}},"35":{"start":{"line":39,"column":8},"end":{"line":41,"column":9}},"36":{"start":{"line":40,"column":12},"end":{"line":40,"column":78}},"37":{"start":{"line":43,"column":8},"end":{"line":56,"column":9}},"38":{"start":{"line":44,"column":12},"end":{"line":44,"column":78}},"39":{"start":{"line":45,"column":26},"end":{"line":45,"column":51}},"40":{"start":{"line":46,"column":12},"end":{"line":48,"column":13}},"41":{"start":{"line":47,"column":16},"end":{"line":47,"column":77}},"42":{"start":{"line":49,"column":12},"end":{"line":51,"column":13}},"43":{"start":{"line":50,"column":16},"end":{"line":50,"column":79}},"44":{"start":{"line":52,"column":12},"end":{"line":52,"column":64}},"45":{"start":{"line":55,"column":12},"end":{"line":55,"column":69}},"46":{"start":{"line":57,"column":8},"end":{"line":57,"column":48}},"47":{"start":{"line":60,"column":8},"end":{"line":60,"column":86}},"48":{"start":{"line":61,"column":8},"end":{"line":61,"column":83}},"49":{"start":{"line":62,"column":8},"end":{"line":64,"column":9}},"50":{"start":{"line":63,"column":12},"end":{"line":63,"column":66}},"51":{"start":{"line":65,"column":8},"end":{"line":67,"column":9}},"52":{"start":{"line":66,"column":12},"end":{"line":66,"column":71}},"53":{"start":{"line":68,"column":8},"end":{"line":68,"column":33}},"54":{"start":{"line":69,"column":8},"end":{"line":69,"column":51}},"55":{"start":{"line":70,"column":8},"end":{"line":70,"column":18}},"56":{"start":{"line":73,"column":8},"end":{"line":73,"column":86}},"57":{"start":{"line":74,"column":8},"end":{"line":74,"column":83}},"58":{"start":{"line":75,"column":35},"end":{"line":75,"column":37}},"59":{"start":{"line":76,"column":28},"end":{"line":76,"column":51}},"60":{"start":{"line":77,"column":8},"end":{"line":84,"column":9}},"61":{"start":{"line":78,"column":35},"end":{"line":82,"column":13}},"62":{"start":{"line":83,"column":12},"end":{"line":83,"column":52}},"63":{"start":{"line":85,"column":8},"end":{"line":85,"column":34}},"64":{"start":{"line":88,"column":8},"end":{"line":88,"column":86}},"65":{"start":{"line":89,"column":8},"end":{"line":89,"column":83}},"66":{"start":{"line":90,"column":35},"end":{"line":90,"column":40}},"67":{"start":{"line":91,"column":8},"end":{"line":93,"column":9}},"68":{"start":{"line":92,"column":12},"end":{"line":92,"column":70}},"69":{"start":{"line":94,"column":8},"end":{"line":96,"column":9}},"70":{"start":{"line":95,"column":12},"end":{"line":95,"column":54}},"71":{"start":{"line":97,"column":8},"end":{"line":99,"column":9}},"72":{"start":{"line":98,"column":12},"end":{"line":98,"column":54}},"73":{"start":{"line":100,"column":8},"end":{"line":104,"column":9}},"74":{"start":{"line":101,"column":12},"end":{"line":103,"column":13}},"75":{"start":{"line":102,"column":16},"end":{"line":102,"column":58}},"76":{"start":{"line":105,"column":24},"end":{"line":105,"column":57}},"77":{"start":{"line":106,"column":29},"end":{"line":106,"column":55}},"78":{"start":{"line":107,"column":8},"end":{"line":109,"column":9}},"79":{"start":{"line":108,"column":12},"end":{"line":108,"column":75}},"80":{"start":{"line":110,"column":25},"end":{"line":110,"column":86}},"81":{"start":{"line":111,"column":8},"end":{"line":113,"column":9}},"82":{"start":{"line":112,"column":12},"end":{"line":112,"column":22}},"83":{"start":{"line":114,"column":23},"end":{"line":114,"column":75}},"84":{"start":{"line":115,"column":22},"end":{"line":115,"column":26}},"85":{"start":{"line":116,"column":8},"end":{"line":118,"column":9}},"86":{"start":{"line":117,"column":12},"end":{"line":117,"column":79}},"87":{"start":{"line":119,"column":8},"end":{"line":119,"column":22}},"88":{"start":{"line":122,"column":24},"end":{"line":122,"column":39}},"89":{"start":{"line":123,"column":22},"end":{"line":123,"column":35}},"90":{"start":{"line":124,"column":28},"end":{"line":124,"column":30}},"91":{"start":{"line":125,"column":24},"end":{"line":136,"column":10}},"92":{"start":{"line":126,"column":27},"end":{"line":126,"column":29}},"93":{"start":{"line":127,"column":12},"end":{"line":134,"column":15}},"94":{"start":{"line":128,"column":43},"end":{"line":128,"column":57}},"95":{"start":{"line":129,"column":16},"end":{"line":131,"column":17}},"96":{"start":{"line":130,"column":20},"end":{"line":130,"column":79}},"97":{"start":{"line":132,"column":16},"end":{"line":132,"column":40}},"98":{"start":{"line":133,"column":16},"end":{"line":133,"column":66}},"99":{"start":{"line":135,"column":12},"end":{"line":135,"column":26}},"100":{"start":{"line":137,"column":8},"end":{"line":139,"column":9}},"101":{"start":{"line":138,"column":12},"end":{"line":138,"column":67}},"102":{"start":{"line":140,"column":8},"end":{"line":140,"column":23}},"103":{"start":{"line":143,"column":8},"end":{"line":145,"column":9}},"104":{"start":{"line":144,"column":12},"end":{"line":144,"column":73}},"105":{"start":{"line":146,"column":38},"end":{"line":146,"column":54}},"106":{"start":{"line":147,"column":8},"end":{"line":149,"column":9}},"107":{"start":{"line":148,"column":12},"end":{"line":148,"column":71}},"108":{"start":{"line":150,"column":8},"end":{"line":152,"column":9}},"109":{"start":{"line":151,"column":12},"end":{"line":151,"column":56}},"110":{"start":{"line":153,"column":8},"end":{"line":165,"column":11}},"111":{"start":{"line":154,"column":27},"end":{"line":154,"column":35}},"112":{"start":{"line":155,"column":27},"end":{"line":155,"column":35}},"113":{"start":{"line":156,"column":12},"end":{"line":164,"column":13}},"114":{"start":{"line":157,"column":16},"end":{"line":157,"column":52}},"115":{"start":{"line":159,"column":17},"end":{"line":164,"column":13}},"116":{"start":{"line":160,"column":16},"end":{"line":160,"column":39}},"117":{"start":{"line":163,"column":16},"end":{"line":163,"column":100}},"118":{"start":{"line":168,"column":8},"end":{"line":170,"column":9}},"119":{"start":{"line":169,"column":12},"end":{"line":169,"column":28}},"120":{"start":{"line":171,"column":8},"end":{"line":173,"column":9}},"121":{"start":{"line":172,"column":12},"end":{"line":172,"column":72}},"122":{"start":{"line":174,"column":8},"end":{"line":176,"column":9}},"123":{"start":{"line":175,"column":12},"end":{"line":175,"column":71}},"124":{"start":{"line":177,"column":8},"end":{"line":179,"column":9}},"125":{"start":{"line":178,"column":12},"end":{"line":178,"column":68}},"126":{"start":{"line":180,"column":8},"end":{"line":182,"column":9}},"127":{"start":{"line":181,"column":12},"end":{"line":181,"column":68}},"128":{"start":{"line":183,"column":8},"end":{"line":183,"column":64}},"129":{"start":{"line":186,"column":8},"end":{"line":188,"column":9}},"130":{"start":{"line":187,"column":12},"end":{"line":187,"column":77}},"131":{"start":{"line":189,"column":8},"end":{"line":191,"column":9}},"132":{"start":{"line":190,"column":12},"end":{"line":190,"column":74}},"133":{"start":{"line":192,"column":8},"end":{"line":194,"column":9}},"134":{"start":{"line":193,"column":12},"end":{"line":193,"column":71}},"135":{"start":{"line":195,"column":8},"end":{"line":195,"column":61}},"136":{"start":{"line":198,"column":8},"end":{"line":200,"column":9}},"137":{"start":{"line":199,"column":12},"end":{"line":199,"column":83}},"138":{"start":{"line":201,"column":29},"end":{"line":201,"column":56}},"139":{"start":{"line":202,"column":22},"end":{"line":202,"column":39}},"140":{"start":{"line":203,"column":24},"end":{"line":203,"column":41}},"141":{"start":{"line":204,"column":8},"end":{"line":206,"column":9}},"142":{"start":{"line":205,"column":12},"end":{"line":205,"column":56}},"143":{"start":{"line":207,"column":8},"end":{"line":209,"column":9}},"144":{"start":{"line":208,"column":12},"end":{"line":208,"column":68}},"145":{"start":{"line":210,"column":18},"end":{"line":228,"column":10}},"146":{"start":{"line":211,"column":30},"end":{"line":211,"column":57}},"147":{"start":{"line":212,"column":33},"end":{"line":212,"column":65}},"148":{"start":{"line":213,"column":12},"end":{"line":227,"column":13}},"149":{"start":{"line":214,"column":34},"end":{"line":214,"column":52}},"150":{"start":{"line":215,"column":16},"end":{"line":215,"column":56}},"151":{"start":{"line":217,"column":17},"end":{"line":227,"column":13}},"152":{"start":{"line":218,"column":34},"end":{"line":218,"column":48}},"153":{"start":{"line":219,"column":16},"end":{"line":219,"column":56}},"154":{"start":{"line":221,"column":17},"end":{"line":227,"column":13}},"155":{"start":{"line":222,"column":34},"end":{"line":222,"column":52}},"156":{"start":{"line":223,"column":16},"end":{"line":223,"column":58}},"157":{"start":{"line":226,"column":16},"end":{"line":226,"column":46}},"158":{"start":{"line":229,"column":8},"end":{"line":229,"column":17}},"159":{"start":{"line":232,"column":8},"end":{"line":234,"column":9}},"160":{"start":{"line":233,"column":12},"end":{"line":233,"column":59}},"161":{"start":{"line":235,"column":8},"end":{"line":237,"column":9}},"162":{"start":{"line":236,"column":12},"end":{"line":236,"column":60}},"163":{"start":{"line":238,"column":8},"end":{"line":238,"column":89}},"164":{"start":{"line":241,"column":8},"end":{"line":243,"column":9}},"165":{"start":{"line":242,"column":12},"end":{"line":242,"column":76}},"166":{"start":{"line":244,"column":27},"end":{"line":244,"column":108}},"167":{"start":{"line":244,"column":61},"end":{"line":244,"column":107}},"168":{"start":{"line":245,"column":33},"end":{"line":245,"column":62}},"169":{"start":{"line":247,"column":12},"end":{"line":251,"column":13}},"170":{"start":{"line":248,"column":16},"end":{"line":250,"column":17}},"171":{"start":{"line":249,"column":20},"end":{"line":249,"column":32}},"172":{"start":{"line":252,"column":12},"end":{"line":252,"column":25}},"173":{"start":{"line":254,"column":8},"end":{"line":256,"column":11}},"174":{"start":{"line":255,"column":12},"end":{"line":255,"column":37}},"175":{"start":{"line":259,"column":8},"end":{"line":261,"column":9}},"176":{"start":{"line":260,"column":12},"end":{"line":260,"column":76}},"177":{"start":{"line":262,"column":28},"end":{"line":262,"column":110}},"178":{"start":{"line":262,"column":63},"end":{"line":262,"column":109}},"179":{"start":{"line":263,"column":33},"end":{"line":263,"column":63}},"180":{"start":{"line":264,"column":8},"end":{"line":264,"column":110}},"181":{"start":{"line":264,"column":44},"end":{"line":264,"column":108}},"182":{"start":{"line":264,"column":81},"end":{"line":264,"column":107}},"183":{"start":{"line":267,"column":33},"end":{"line":267,"column":85}},"184":{"start":{"line":268,"column":8},"end":{"line":270,"column":11}},"185":{"start":{"line":269,"column":12},"end":{"line":269,"column":49}},"186":{"start":{"line":273,"column":8},"end":{"line":289,"column":9}},"187":{"start":{"line":274,"column":26},"end":{"line":274,"column":69}},"188":{"start":{"line":275,"column":12},"end":{"line":277,"column":13}},"189":{"start":{"line":276,"column":16},"end":{"line":276,"column":23}},"190":{"start":{"line":278,"column":33},"end":{"line":278,"column":74}},"191":{"start":{"line":279,"column":12},"end":{"line":288,"column":13}},"192":{"start":{"line":280,"column":16},"end":{"line":282,"column":17}},"193":{"start":{"line":281,"column":20},"end":{"line":281,"column":29}},"194":{"start":{"line":283,"column":32},"end":{"line":283,"column":61}},"195":{"start":{"line":284,"column":16},"end":{"line":284,"column":52}},"196":{"start":{"line":285,"column":16},"end":{"line":285,"column":50}},"197":{"start":{"line":286,"column":16},"end":{"line":286,"column":44}},"198":{"start":{"line":287,"column":16},"end":{"line":287,"column":47}},"199":{"start":{"line":292,"column":29},"end":{"line":292,"column":101}},"200":{"start":{"line":293,"column":27},"end":{"line":293,"column":36}},"201":{"start":{"line":294,"column":27},"end":{"line":294,"column":50}},"202":{"start":{"line":295,"column":32},"end":{"line":297,"column":10}},"203":{"start":{"line":296,"column":12},"end":{"line":296,"column":80}},"204":{"start":{"line":298,"column":29},"end":{"line":304,"column":10}},"205":{"start":{"line":299,"column":25},"end":{"line":299,"column":44}},"206":{"start":{"line":300,"column":12},"end":{"line":303,"column":13}},"207":{"start":{"line":301,"column":38},"end":{"line":301,"column":64}},"208":{"start":{"line":302,"column":16},"end":{"line":302,"column":56}},"209":{"start":{"line":305,"column":32},"end":{"line":305,"column":63}},"210":{"start":{"line":306,"column":8},"end":{"line":311,"column":9}},"211":{"start":{"line":307,"column":12},"end":{"line":310,"column":13}},"212":{"start":{"line":308,"column":36},"end":{"line":308,"column":70}},"213":{"start":{"line":309,"column":16},"end":{"line":309,"column":53}},"214":{"start":{"line":312,"column":8},"end":{"line":314,"column":9}},"215":{"start":{"line":313,"column":12},"end":{"line":313,"column":56}},"216":{"start":{"line":315,"column":8},"end":{"line":315,"column":39}},"217":{"start":{"line":316,"column":8},"end":{"line":316,"column":46}},"218":{"start":{"line":319,"column":30},"end":{"line":319,"column":60}},"219":{"start":{"line":320,"column":8},"end":{"line":320,"column":37}},"220":{"start":{"line":321,"column":8},"end":{"line":321,"column":66}},"221":{"start":{"line":324,"column":0},"end":{"line":324,"column":32}}},"fnMap":{"0":{"name":"(anonymous_0)","decl":{"start":{"line":2,"column":74},"end":{"line":2,"column":75}},"loc":{"start":{"line":2,"column":96},"end":{"line":9,"column":1}},"line":2},"1":{"name":"(anonymous_1)","decl":{"start":{"line":6,"column":38},"end":{"line":6,"column":39}},"loc":{"start":{"line":6,"column":49},"end":{"line":6,"column":65}},"line":6},"2":{"name":"(anonymous_2)","decl":{"start":{"line":9,"column":6},"end":{"line":9,"column":7}},"loc":{"start":{"line":9,"column":28},"end":{"line":12,"column":1}},"line":9},"3":{"name":"(anonymous_3)","decl":{"start":{"line":13,"column":80},"end":{"line":13,"column":81}},"loc":{"start":{"line":13,"column":95},"end":{"line":15,"column":1}},"line":13},"4":{"name":"(anonymous_4)","decl":{"start":{"line":15,"column":5},"end":{"line":15,"column":6}},"loc":{"start":{"line":15,"column":20},"end":{"line":17,"column":1}},"line":15},"5":{"name":"(anonymous_5)","decl":{"start":{"line":18,"column":50},"end":{"line":18,"column":51}},"loc":{"start":{"line":18,"column":65},"end":{"line":24,"column":1}},"line":18},"6":{"name":"(anonymous_6)","decl":{"start":{"line":34,"column":4},"end":{"line":34,"column":5}},"loc":{"start":{"line":34,"column":40},"end":{"line":58,"column":5}},"line":34},"7":{"name":"(anonymous_7)","decl":{"start":{"line":59,"column":4},"end":{"line":59,"column":5}},"loc":{"start":{"line":59,"column":28},"end":{"line":71,"column":5}},"line":59},"8":{"name":"(anonymous_8)","decl":{"start":{"line":72,"column":4},"end":{"line":72,"column":5}},"loc":{"start":{"line":72,"column":25},"end":{"line":86,"column":5}},"line":72},"9":{"name":"(anonymous_9)","decl":{"start":{"line":87,"column":4},"end":{"line":87,"column":5}},"loc":{"start":{"line":87,"column":30},"end":{"line":120,"column":5}},"line":87},"10":{"name":"(anonymous_10)","decl":{"start":{"line":121,"column":4},"end":{"line":121,"column":5}},"loc":{"start":{"line":121,"column":52},"end":{"line":141,"column":5}},"line":121},"11":{"name":"(anonymous_11)","decl":{"start":{"line":125,"column":37},"end":{"line":125,"column":38}},"loc":{"start":{"line":125,"column":50},"end":{"line":136,"column":9}},"line":125},"12":{"name":"(anonymous_12)","decl":{"start":{"line":127,"column":28},"end":{"line":127,"column":29}},"loc":{"start":{"line":127,"column":37},"end":{"line":134,"column":13}},"line":127},"13":{"name":"(anonymous_13)","decl":{"start":{"line":142,"column":4},"end":{"line":142,"column":5}},"loc":{"start":{"line":142,"column":54},"end":{"line":166,"column":5}},"line":142},"14":{"name":"(anonymous_14)","decl":{"start":{"line":153,"column":21},"end":{"line":153,"column":22}},"loc":{"start":{"line":153,"column":31},"end":{"line":165,"column":9}},"line":153},"15":{"name":"(anonymous_15)","decl":{"start":{"line":167,"column":4},"end":{"line":167,"column":5}},"loc":{"start":{"line":167,"column":48},"end":{"line":184,"column":5}},"line":167},"16":{"name":"(anonymous_16)","decl":{"start":{"line":185,"column":4},"end":{"line":185,"column":5}},"loc":{"start":{"line":185,"column":48},"end":{"line":196,"column":5}},"line":185},"17":{"name":"(anonymous_17)","decl":{"start":{"line":197,"column":4},"end":{"line":197,"column":5}},"loc":{"start":{"line":197,"column":48},"end":{"line":230,"column":5}},"line":197},"18":{"name":"(anonymous_18)","decl":{"start":{"line":210,"column":34},"end":{"line":210,"column":35}},"loc":{"start":{"line":210,"column":41},"end":{"line":228,"column":9}},"line":210},"19":{"name":"(anonymous_19)","decl":{"start":{"line":231,"column":4},"end":{"line":231,"column":5}},"loc":{"start":{"line":231,"column":52},"end":{"line":239,"column":5}},"line":231},"20":{"name":"(anonymous_20)","decl":{"start":{"line":240,"column":4},"end":{"line":240,"column":5}},"loc":{"start":{"line":240,"column":45},"end":{"line":257,"column":5}},"line":240},"21":{"name":"(anonymous_21)","decl":{"start":{"line":244,"column":40},"end":{"line":244,"column":41}},"loc":{"start":{"line":244,"column":61},"end":{"line":244,"column":107}},"line":244},"22":{"name":"sectionChecker","decl":{"start":{"line":246,"column":17},"end":{"line":246,"column":31}},"loc":{"start":{"line":246,"column":35},"end":{"line":253,"column":9}},"line":246},"23":{"name":"(anonymous_23)","decl":{"start":{"line":254,"column":31},"end":{"line":254,"column":32}},"loc":{"start":{"line":254,"column":38},"end":{"line":256,"column":9}},"line":254},"24":{"name":"(anonymous_24)","decl":{"start":{"line":258,"column":4},"end":{"line":258,"column":5}},"loc":{"start":{"line":258,"column":46},"end":{"line":265,"column":5}},"line":258},"25":{"name":"(anonymous_25)","decl":{"start":{"line":262,"column":42},"end":{"line":262,"column":43}},"loc":{"start":{"line":262,"column":63},"end":{"line":262,"column":109}},"line":262},"26":{"name":"(anonymous_26)","decl":{"start":{"line":264,"column":31},"end":{"line":264,"column":32}},"loc":{"start":{"line":264,"column":44},"end":{"line":264,"column":108}},"line":264},"27":{"name":"(anonymous_27)","decl":{"start":{"line":264,"column":67},"end":{"line":264,"column":68}},"loc":{"start":{"line":264,"column":81},"end":{"line":264,"column":107}},"line":264},"28":{"name":"(anonymous_28)","decl":{"start":{"line":266,"column":4},"end":{"line":266,"column":5}},"loc":{"start":{"line":266,"column":51},"end":{"line":271,"column":5}},"line":266},"29":{"name":"(anonymous_29)","decl":{"start":{"line":268,"column":31},"end":{"line":268,"column":32}},"loc":{"start":{"line":268,"column":38},"end":{"line":270,"column":9}},"line":268},"30":{"name":"(anonymous_30)","decl":{"start":{"line":272,"column":4},"end":{"line":272,"column":5}},"loc":{"start":{"line":272,"column":34},"end":{"line":290,"column":5}},"line":272},"31":{"name":"(anonymous_31)","decl":{"start":{"line":291,"column":4},"end":{"line":291,"column":5}},"loc":{"start":{"line":291,"column":42},"end":{"line":317,"column":5}},"line":291},"32":{"name":"(anonymous_32)","decl":{"start":{"line":295,"column":50},"end":{"line":295,"column":51}},"loc":{"start":{"line":295,"column":65},"end":{"line":297,"column":9}},"line":295},"33":{"name":"(anonymous_33)","decl":{"start":{"line":298,"column":49},"end":{"line":298,"column":50}},"loc":{"start":{"line":298,"column":70},"end":{"line":304,"column":9}},"line":298},"34":{"name":"(anonymous_34)","decl":{"start":{"line":318,"column":4},"end":{"line":318,"column":5}},"loc":{"start":{"line":318,"column":37},"end":{"line":322,"column":5}},"line":318}},"branchMap":{"0":{"loc":{"start":{"line":2,"column":22},"end":{"line":12,"column":3}},"type":"binary-expr","locations":[{"start":{"line":2,"column":23},"end":{"line":2,"column":27}},{"start":{"line":2,"column":31},"end":{"line":2,"column":51}},{"start":{"line":2,"column":57},"end":{"line":12,"column":2}}],"line":2},"1":{"loc":{"start":{"line":2,"column":57},"end":{"line":12,"column":2}},"type":"cond-expr","locations":[{"start":{"line":2,"column":74},"end":{"line":9,"column":1}},{"start":{"line":9,"column":6},"end":{"line":12,"column":1}}],"line":2},"2":{"loc":{"start":{"line":3,"column":4},"end":{"line":3,"column":33}},"type":"if","locations":[{"start":{"line":3,"column":4},"end":{"line":3,"column":33}},{"start":{"line":3,"column":4},"end":{"line":3,"column":33}}],"line":3},"3":{"loc":{"start":{"line":5,"column":4},"end":{"line":7,"column":5}},"type":"if","locations":[{"start":{"line":5,"column":4},"end":{"line":7,"column":5}},{"start":{"line":5,"column":4},"end":{"line":7,"column":5}}],"line":5},"4":{"loc":{"start":{"line":5,"column":8},"end":{"line":5,"column":85}},"type":"binary-expr","locations":[{"start":{"line":5,"column":8},"end":{"line":5,"column":13}},{"start":{"line":5,"column":18},"end":{"line":5,"column":84}}],"line":5},"5":{"loc":{"start":{"line":5,"column":18},"end":{"line":5,"column":84}},"type":"cond-expr","locations":[{"start":{"line":5,"column":34},"end":{"line":5,"column":47}},{"start":{"line":5,"column":50},"end":{"line":5,"column":84}}],"line":5},"6":{"loc":{"start":{"line":5,"column":50},"end":{"line":5,"column":84}},"type":"binary-expr","locations":[{"start":{"line":5,"column":50},"end":{"line":5,"column":63}},{"start":{"line":5,"column":67},"end":{"line":5,"column":84}}],"line":5},"7":{"loc":{"start":{"line":10,"column":4},"end":{"line":10,"column":33}},"type":"if","locations":[{"start":{"line":10,"column":4},"end":{"line":10,"column":33}},{"start":{"line":10,"column":4},"end":{"line":10,"column":33}}],"line":10},"8":{"loc":{"start":{"line":13,"column":25},"end":{"line":17,"column":2}},"type":"binary-expr","locations":[{"start":{"line":13,"column":26},"end":{"line":13,"column":30}},{"start":{"line":13,"column":34},"end":{"line":13,"column":57}},{"start":{"line":13,"column":63},"end":{"line":17,"column":1}}],"line":13},"9":{"loc":{"start":{"line":13,"column":63},"end":{"line":17,"column":1}},"type":"cond-expr","locations":[{"start":{"line":13,"column":80},"end":{"line":15,"column":1}},{"start":{"line":15,"column":5},"end":{"line":17,"column":1}}],"line":13},"10":{"loc":{"start":{"line":18,"column":19},"end":{"line":24,"column":1}},"type":"binary-expr","locations":[{"start":{"line":18,"column":20},"end":{"line":18,"column":24}},{"start":{"line":18,"column":28},"end":{"line":18,"column":45}},{"start":{"line":18,"column":50},"end":{"line":24,"column":1}}],"line":18},"11":{"loc":{"start":{"line":19,"column":4},"end":{"line":19,"column":42}},"type":"if","locations":[{"start":{"line":19,"column":4},"end":{"line":19,"column":42}},{"start":{"line":19,"column":4},"end":{"line":19,"column":42}}],"line":19},"12":{"loc":{"start":{"line":19,"column":8},"end":{"line":19,"column":29}},"type":"binary-expr","locations":[{"start":{"line":19,"column":8},"end":{"line":19,"column":11}},{"start":{"line":19,"column":15},"end":{"line":19,"column":29}}],"line":19},"13":{"loc":{"start":{"line":21,"column":4},"end":{"line":21,"column":141}},"type":"if","locations":[{"start":{"line":21,"column":4},"end":{"line":21,"column":141}},{"start":{"line":21,"column":4},"end":{"line":21,"column":141}}],"line":21},"14":{"loc":{"start":{"line":21,"column":40},"end":{"line":21,"column":141}},"type":"if","locations":[{"start":{"line":21,"column":40},"end":{"line":21,"column":141}},{"start":{"line":21,"column":40},"end":{"line":21,"column":141}}],"line":21},"15":{"loc":{"start":{"line":21,"column":44},"end":{"line":21,"column":107}},"type":"binary-expr","locations":[{"start":{"line":21,"column":44},"end":{"line":21,"column":59}},{"start":{"line":21,"column":63},"end":{"line":21,"column":107}}],"line":21},"16":{"loc":{"start":{"line":36,"column":8},"end":{"line":38,"column":9}},"type":"if","locations":[{"start":{"line":36,"column":8},"end":{"line":38,"column":9}},{"start":{"line":36,"column":8},"end":{"line":38,"column":9}}],"line":36},"17":{"loc":{"start":{"line":39,"column":8},"end":{"line":41,"column":9}},"type":"if","locations":[{"start":{"line":39,"column":8},"end":{"line":41,"column":9}},{"start":{"line":39,"column":8},"end":{"line":41,"column":9}}],"line":39},"18":{"loc":{"start":{"line":46,"column":12},"end":{"line":48,"column":13}},"type":"if","locations":[{"start":{"line":46,"column":12},"end":{"line":48,"column":13}},{"start":{"line":46,"column":12},"end":{"line":48,"column":13}}],"line":46},"19":{"loc":{"start":{"line":49,"column":12},"end":{"line":51,"column":13}},"type":"if","locations":[{"start":{"line":49,"column":12},"end":{"line":51,"column":13}},{"start":{"line":49,"column":12},"end":{"line":51,"column":13}}],"line":49},"20":{"loc":{"start":{"line":62,"column":8},"end":{"line":64,"column":9}},"type":"if","locations":[{"start":{"line":62,"column":8},"end":{"line":64,"column":9}},{"start":{"line":62,"column":8},"end":{"line":64,"column":9}}],"line":62},"21":{"loc":{"start":{"line":65,"column":8},"end":{"line":67,"column":9}},"type":"if","locations":[{"start":{"line":65,"column":8},"end":{"line":67,"column":9}},{"start":{"line":65,"column":8},"end":{"line":67,"column":9}}],"line":65},"22":{"loc":{"start":{"line":91,"column":8},"end":{"line":93,"column":9}},"type":"if","locations":[{"start":{"line":91,"column":8},"end":{"line":93,"column":9}},{"start":{"line":91,"column":8},"end":{"line":93,"column":9}}],"line":91},"23":{"loc":{"start":{"line":91,"column":12},"end":{"line":91,"column":30}},"type":"binary-expr","locations":[{"start":{"line":91,"column":12},"end":{"line":91,"column":18}},{"start":{"line":91,"column":22},"end":{"line":91,"column":30}}],"line":91},"24":{"loc":{"start":{"line":94,"column":8},"end":{"line":96,"column":9}},"type":"if","locations":[{"start":{"line":94,"column":8},"end":{"line":96,"column":9}},{"start":{"line":94,"column":8},"end":{"line":96,"column":9}}],"line":94},"25":{"loc":{"start":{"line":97,"column":8},"end":{"line":99,"column":9}},"type":"if","locations":[{"start":{"line":97,"column":8},"end":{"line":99,"column":9}},{"start":{"line":97,"column":8},"end":{"line":99,"column":9}}],"line":97},"26":{"loc":{"start":{"line":101,"column":12},"end":{"line":103,"column":13}},"type":"if","locations":[{"start":{"line":101,"column":12},"end":{"line":103,"column":13}},{"start":{"line":101,"column":12},"end":{"line":103,"column":13}}],"line":101},"27":{"loc":{"start":{"line":101,"column":16},"end":{"line":101,"column":48}},"type":"binary-expr","locations":[{"start":{"line":101,"column":16},"end":{"line":101,"column":29}},{"start":{"line":101,"column":33},"end":{"line":101,"column":48}}],"line":101},"28":{"loc":{"start":{"line":107,"column":8},"end":{"line":109,"column":9}},"type":"if","locations":[{"start":{"line":107,"column":8},"end":{"line":109,"column":9}},{"start":{"line":107,"column":8},"end":{"line":109,"column":9}}],"line":107},"29":{"loc":{"start":{"line":111,"column":8},"end":{"line":113,"column":9}},"type":"if","locations":[{"start":{"line":111,"column":8},"end":{"line":113,"column":9}},{"start":{"line":111,"column":8},"end":{"line":113,"column":9}}],"line":111},"30":{"loc":{"start":{"line":116,"column":8},"end":{"line":118,"column":9}},"type":"if","locations":[{"start":{"line":116,"column":8},"end":{"line":118,"column":9}},{"start":{"line":116,"column":8},"end":{"line":118,"column":9}}],"line":116},"31":{"loc":{"start":{"line":129,"column":16},"end":{"line":131,"column":17}},"type":"if","locations":[{"start":{"line":129,"column":16},"end":{"line":131,"column":17}},{"start":{"line":129,"column":16},"end":{"line":131,"column":17}}],"line":129},"32":{"loc":{"start":{"line":137,"column":8},"end":{"line":139,"column":9}},"type":"if","locations":[{"start":{"line":137,"column":8},"end":{"line":139,"column":9}},{"start":{"line":137,"column":8},"end":{"line":139,"column":9}}],"line":137},"33":{"loc":{"start":{"line":143,"column":8},"end":{"line":145,"column":9}},"type":"if","locations":[{"start":{"line":143,"column":8},"end":{"line":145,"column":9}},{"start":{"line":143,"column":8},"end":{"line":145,"column":9}}],"line":143},"34":{"loc":{"start":{"line":147,"column":8},"end":{"line":149,"column":9}},"type":"if","locations":[{"start":{"line":147,"column":8},"end":{"line":149,"column":9}},{"start":{"line":147,"column":8},"end":{"line":149,"column":9}}],"line":147},"35":{"loc":{"start":{"line":150,"column":8},"end":{"line":152,"column":9}},"type":"if","locations":[{"start":{"line":150,"column":8},"end":{"line":152,"column":9}},{"start":{"line":150,"column":8},"end":{"line":152,"column":9}}],"line":150},"36":{"loc":{"start":{"line":156,"column":12},"end":{"line":164,"column":13}},"type":"if","locations":[{"start":{"line":156,"column":12},"end":{"line":164,"column":13}},{"start":{"line":156,"column":12},"end":{"line":164,"column":13}}],"line":156},"37":{"loc":{"start":{"line":156,"column":16},"end":{"line":156,"column":72}},"type":"binary-expr","locations":[{"start":{"line":156,"column":16},"end":{"line":156,"column":42}},{"start":{"line":156,"column":46},"end":{"line":156,"column":72}}],"line":156},"38":{"loc":{"start":{"line":159,"column":17},"end":{"line":164,"column":13}},"type":"if","locations":[{"start":{"line":159,"column":17},"end":{"line":164,"column":13}},{"start":{"line":159,"column":17},"end":{"line":164,"column":13}}],"line":159},"39":{"loc":{"start":{"line":159,"column":21},"end":{"line":159,"column":77}},"type":"binary-expr","locations":[{"start":{"line":159,"column":21},"end":{"line":159,"column":47}},{"start":{"line":159,"column":51},"end":{"line":159,"column":77}}],"line":159},"40":{"loc":{"start":{"line":168,"column":8},"end":{"line":170,"column":9}},"type":"if","locations":[{"start":{"line":168,"column":8},"end":{"line":170,"column":9}},{"start":{"line":168,"column":8},"end":{"line":170,"column":9}}],"line":168},"41":{"loc":{"start":{"line":171,"column":8},"end":{"line":173,"column":9}},"type":"if","locations":[{"start":{"line":171,"column":8},"end":{"line":173,"column":9}},{"start":{"line":171,"column":8},"end":{"line":173,"column":9}}],"line":171},"42":{"loc":{"start":{"line":171,"column":12},"end":{"line":171,"column":33}},"type":"binary-expr","locations":[{"start":{"line":171,"column":12},"end":{"line":171,"column":21}},{"start":{"line":171,"column":25},"end":{"line":171,"column":33}}],"line":171},"43":{"loc":{"start":{"line":174,"column":8},"end":{"line":176,"column":9}},"type":"if","locations":[{"start":{"line":174,"column":8},"end":{"line":176,"column":9}},{"start":{"line":174,"column":8},"end":{"line":176,"column":9}}],"line":174},"44":{"loc":{"start":{"line":177,"column":8},"end":{"line":179,"column":9}},"type":"if","locations":[{"start":{"line":177,"column":8},"end":{"line":179,"column":9}},{"start":{"line":177,"column":8},"end":{"line":179,"column":9}}],"line":177},"45":{"loc":{"start":{"line":180,"column":8},"end":{"line":182,"column":9}},"type":"if","locations":[{"start":{"line":180,"column":8},"end":{"line":182,"column":9}},{"start":{"line":180,"column":8},"end":{"line":182,"column":9}}],"line":180},"46":{"loc":{"start":{"line":180,"column":12},"end":{"line":180,"column":44}},"type":"binary-expr","locations":[{"start":{"line":180,"column":12},"end":{"line":180,"column":20}},{"start":{"line":180,"column":24},"end":{"line":180,"column":32}},{"start":{"line":180,"column":36},"end":{"line":180,"column":44}}],"line":180},"47":{"loc":{"start":{"line":186,"column":8},"end":{"line":188,"column":9}},"type":"if","locations":[{"start":{"line":186,"column":8},"end":{"line":188,"column":9}},{"start":{"line":186,"column":8},"end":{"line":188,"column":9}}],"line":186},"48":{"loc":{"start":{"line":189,"column":8},"end":{"line":191,"column":9}},"type":"if","locations":[{"start":{"line":189,"column":8},"end":{"line":191,"column":9}},{"start":{"line":189,"column":8},"end":{"line":191,"column":9}}],"line":189},"49":{"loc":{"start":{"line":192,"column":8},"end":{"line":194,"column":9}},"type":"if","locations":[{"start":{"line":192,"column":8},"end":{"line":194,"column":9}},{"start":{"line":192,"column":8},"end":{"line":194,"column":9}}],"line":192},"50":{"loc":{"start":{"line":198,"column":8},"end":{"line":200,"column":9}},"type":"if","locations":[{"start":{"line":198,"column":8},"end":{"line":200,"column":9}},{"start":{"line":198,"column":8},"end":{"line":200,"column":9}}],"line":198},"51":{"loc":{"start":{"line":204,"column":8},"end":{"line":206,"column":9}},"type":"if","locations":[{"start":{"line":204,"column":8},"end":{"line":206,"column":9}},{"start":{"line":204,"column":8},"end":{"line":206,"column":9}}],"line":204},"52":{"loc":{"start":{"line":207,"column":8},"end":{"line":209,"column":9}},"type":"if","locations":[{"start":{"line":207,"column":8},"end":{"line":209,"column":9}},{"start":{"line":207,"column":8},"end":{"line":209,"column":9}}],"line":207},"53":{"loc":{"start":{"line":213,"column":12},"end":{"line":227,"column":13}},"type":"if","locations":[{"start":{"line":213,"column":12},"end":{"line":227,"column":13}},{"start":{"line":213,"column":12},"end":{"line":227,"column":13}}],"line":213},"54":{"loc":{"start":{"line":217,"column":17},"end":{"line":227,"column":13}},"type":"if","locations":[{"start":{"line":217,"column":17},"end":{"line":227,"column":13}},{"start":{"line":217,"column":17},"end":{"line":227,"column":13}}],"line":217},"55":{"loc":{"start":{"line":221,"column":17},"end":{"line":227,"column":13}},"type":"if","locations":[{"start":{"line":221,"column":17},"end":{"line":227,"column":13}},{"start":{"line":221,"column":17},"end":{"line":227,"column":13}}],"line":221},"56":{"loc":{"start":{"line":232,"column":8},"end":{"line":234,"column":9}},"type":"if","locations":[{"start":{"line":232,"column":8},"end":{"line":234,"column":9}},{"start":{"line":232,"column":8},"end":{"line":234,"column":9}}],"line":232},"57":{"loc":{"start":{"line":235,"column":8},"end":{"line":237,"column":9}},"type":"if","locations":[{"start":{"line":235,"column":8},"end":{"line":237,"column":9}},{"start":{"line":235,"column":8},"end":{"line":237,"column":9}}],"line":235},"58":{"loc":{"start":{"line":241,"column":8},"end":{"line":243,"column":9}},"type":"if","locations":[{"start":{"line":241,"column":8},"end":{"line":243,"column":9}},{"start":{"line":241,"column":8},"end":{"line":243,"column":9}}],"line":241},"59":{"loc":{"start":{"line":248,"column":16},"end":{"line":250,"column":17}},"type":"if","locations":[{"start":{"line":248,"column":16},"end":{"line":250,"column":17}},{"start":{"line":248,"column":16},"end":{"line":250,"column":17}}],"line":248},"60":{"loc":{"start":{"line":259,"column":8},"end":{"line":261,"column":9}},"type":"if","locations":[{"start":{"line":259,"column":8},"end":{"line":261,"column":9}},{"start":{"line":259,"column":8},"end":{"line":261,"column":9}}],"line":259},"61":{"loc":{"start":{"line":273,"column":8},"end":{"line":289,"column":9}},"type":"if","locations":[{"start":{"line":273,"column":8},"end":{"line":289,"column":9}},{"start":{"line":273,"column":8},"end":{"line":289,"column":9}}],"line":273},"62":{"loc":{"start":{"line":275,"column":12},"end":{"line":277,"column":13}},"type":"if","locations":[{"start":{"line":275,"column":12},"end":{"line":277,"column":13}},{"start":{"line":275,"column":12},"end":{"line":277,"column":13}}],"line":275},"63":{"loc":{"start":{"line":280,"column":16},"end":{"line":282,"column":17}},"type":"if","locations":[{"start":{"line":280,"column":16},"end":{"line":282,"column":17}},{"start":{"line":280,"column":16},"end":{"line":282,"column":17}}],"line":280},"64":{"loc":{"start":{"line":296,"column":19},"end":{"line":296,"column":79}},"type":"binary-expr","locations":[{"start":{"line":296,"column":19},"end":{"line":296,"column":51}},{"start":{"line":296,"column":55},"end":{"line":296,"column":79}}],"line":296},"65":{"loc":{"start":{"line":300,"column":12},"end":{"line":303,"column":13}},"type":"if","locations":[{"start":{"line":300,"column":12},"end":{"line":303,"column":13}},{"start":{"line":300,"column":12},"end":{"line":303,"column":13}}],"line":300},"66":{"loc":{"start":{"line":312,"column":8},"end":{"line":314,"column":9}},"type":"if","locations":[{"start":{"line":312,"column":8},"end":{"line":314,"column":9}},{"start":{"line":312,"column":8},"end":{"line":314,"column":9}}],"line":312}},"s":{"0":1,"1":148,"2":148,"3":148,"4":148,"5":148,"6":158,"7":148,"8":0,"9":0,"10":0,"11":1,"12":1,"13":0,"14":1,"15":1,"16":0,"17":1,"18":1,"19":1,"20":148,"21":148,"22":1,"23":1,"24":1,"25":1,"26":1,"27":1,"28":1,"29":1,"30":24,"31":24,"32":21,"33":21,"34":5,"35":16,"36":1,"37":15,"38":15,"39":15,"40":15,"41":0,"42":15,"43":0,"44":15,"45":2,"46":13,"47":13,"48":13,"49":13,"50":5,"51":8,"52":3,"53":5,"54":5,"55":5,"56":4,"57":4,"58":4,"59":4,"60":4,"61":4,"62":4,"63":4,"64":35,"65":35,"66":35,"67":35,"68":3,"69":32,"70":0,"71":32,"72":0,"73":32,"74":64,"75":0,"76":32,"77":30,"78":30,"79":0,"80":30,"81":20,"82":1,"83":19,"84":17,"85":17,"86":1,"87":16,"88":19,"89":19,"90":19,"91":19,"92":64917,"93":64917,"94":129896,"95":129896,"96":1,"97":129895,"98":129895,"99":64916,"100":18,"101":11,"102":17,"103":11,"104":0,"105":11,"106":11,"107":0,"108":11,"109":1,"110":10,"111":356,"112":356,"113":356,"114":1,"115":355,"116":355,"117":0,"118":65,"119":1,"120":64,"121":14,"122":50,"123":7,"124":43,"125":23,"126":20,"127":20,"128":0,"129":20,"130":8,"131":12,"132":4,"133":8,"134":8,"135":0,"136":23,"137":1,"138":22,"139":22,"140":22,"141":22,"142":2,"143":20,"144":1,"145":19,"146":1098406,"147":1098404,"148":1098404,"149":258448,"150":258448,"151":839956,"152":129224,"153":129224,"154":710732,"155":258448,"156":258448,"157":452284,"158":17,"159":14,"160":3,"161":11,"162":11,"163":0,"164":3,"165":1,"166":2,"167":5,"168":2,"169":129224,"170":194726,"171":64632,"172":64592,"173":2,"174":129224,"175":11,"176":1,"177":10,"178":23,"179":10,"180":7,"181":452284,"182":578800,"183":7,"184":5,"185":323060,"186":125,"187":73,"188":73,"189":24,"190":49,"191":49,"192":51,"193":51,"194":0,"195":0,"196":0,"197":0,"198":0,"199":15,"200":15,"201":15,"202":15,"203":77289,"204":15,"205":77273,"206":77273,"207":77273,"208":77273,"209":15,"210":15,"211":77273,"212":839956,"213":839956,"214":15,"215":2,"216":13,"217":13,"218":18,"219":18,"220":18,"221":1},"f":{"0":148,"1":158,"2":0,"3":1,"4":0,"5":1,"6":21,"7":13,"8":4,"9":35,"10":19,"11":64917,"12":129896,"13":11,"14":356,"15":65,"16":20,"17":23,"18":1098406,"19":14,"20":3,"21":5,"22":129224,"23":129224,"24":11,"25":23,"26":452284,"27":578800,"28":7,"29":323060,"30":125,"31":15,"32":77289,"33":77273,"34":18},"b":{"0":[1,1,1],"1":[1,0],"2":[148,0],"3":[148,0],"4":[148,148],"5":[0,148],"6":[148,0],"7":[0,0],"8":[1,1,1],"9":[1,0],"10":[1,1,1],"11":[0,1],"12":[1,1],"13":[1,0],"14":[148,0],"15":[148,148],"16":[5,16],"17":[1,15],"18":[0,15],"19":[0,15],"20":[5,8],"21":[3,5],"22":[3,32],"23":[35,33],"24":[0,32],"25":[0,32],"26":[0,64],"27":[64,32],"28":[0,30],"29":[1,19],"30":[1,16],"31":[1,129895],"32":[11,7],"33":[0,11],"34":[0,11],"35":[1,10],"36":[1,355],"37":[356,1],"38":[355,0],"39":[355,355],"40":[1,64],"41":[14,50],"42":[64,53],"43":[7,43],"44":[23,20],"45":[20,0],"46":[20,16,8],"47":[8,12],"48":[4,8],"49":[8,0],"50":[1,22],"51":[2,20],"52":[1,19],"53":[258448,839956],"54":[129224,710732],"55":[258448,452284],"56":[3,11],"57":[11,0],"58":[1,2],"59":[64632,130094],"60":[1,10],"61":[73,52],"62":[24,49],"63":[51,0],"64":[77289,77288],"65":[77273,0],"66":[2,13]},"inputSourceMap":{"version":3,"file":"D:/000_Edrick/UBC/CPSC_310/project_team139/src/controller/InsightFacade.ts","sources":["D:/000_Edrick/UBC/CPSC_310/project_team139/src/controller/InsightFacade.ts"],"names":[],"mappings":";;;;;;;;;;;;;;;;;;;;;;;;;AAAA,qDAQ0B;AAC1B,iCAAyC;AACzC,6CAA+B;AAC/B,+CAAkD;AAClD,qDAAkD;AAGlD,MAAqB,aAAa;IACzB,QAAQ,GAAG,IAAI,GAAG,EAAoB,CAAC;IACvC,EAAE,GAAG,IAAI,+BAAc,EAAE,CAAC;IAE3B,KAAK,CAAC,UAAU,CAAC,EAAU,EAAE,OAAe,EAAE,IAAwB;QAC5E,MAAM,IAAI,CAAC,oBAAoB,CAAC,IAAI,CAAC,CAAC;QAEtC,IAAI,CAAC,IAAI,CAAC,EAAE,CAAC,SAAS,CAAC,EAAE,CAAC,EAAE;YAC3B,MAAM,IAAI,6BAAY,CAAC,YAAY,CAAC,CAAC;SACrC;QAED,IAAI,IAAI,CAAC,QAAQ,CAAC,GAAG,CAAC,EAAE,CAAC,EAAE;YAC1B,MAAM,IAAI,6BAAY,CAAC,wBAAwB,CAAC,CAAC;SACjD;QAED,IAAI,OAAc,CAAC;QACnB,IAAI;YACH,OAAO,GAAG,MAAM,IAAA,iBAAS,EAAC,OAAO,EAAE,EAAE,MAAM,EAAE,IAAI,EAAE,CAAC,CAAC;YACrD,MAAM,KAAK,GAAG,OAAO,CAAC,MAAM,CAAC,SAAS,CAAC,CAAC;YACxC,IAAI,CAAC,KAAK,EAAE;gBACX,MAAM,IAAI,6BAAY,CAAC,mBAAmB,CAAC,CAAC;aAC5C;YACD,IAAI,KAAK,CAAC,MAAM,KAAK,CAAC,EAAE;gBACvB,MAAM,IAAI,6BAAY,CAAC,qBAAqB,CAAC,CAAC;aAC9C;YACD,MAAM,IAAI,CAAC,YAAY,CAAC,EAAE,EAAE,OAAO,EAAE,IAAI,CAAC,QAAQ,CAAC,CAAC;SACpD;QAAC,OAAO,IAAI,EAAE;YACd,MAAM,IAAI,6BAAY,CAAC,eAAe,CAAC,CAAC;SACxC;QAED,OAAO,KAAK,CAAC,IAAI,CAAC,IAAI,CAAC,QAAQ,CAAC,IAAI,EAAE,CAAC,CAAC;IACzC,CAAC;IAEM,KAAK,CAAC,aAAa,CAAC,EAAU;QACpC,MAAM,IAAI,CAAC,oBAAoB,CAAC,mCAAkB,CAAC,QAAQ,CAAC,CAAC;QAC7D,MAAM,IAAI,CAAC,oBAAoB,CAAC,mCAAkB,CAAC,KAAK,CAAC,CAAC;QAE1D,IAAI,CAAC,IAAI,CAAC,EAAE,CAAC,SAAS,CAAC,EAAE,CAAC,EAAE;YAC3B,MAAM,IAAI,6BAAY,CAAC,YAAY,CAAC,CAAC;SACrC;QAED,IAAI,CAAC,IAAI,CAAC,QAAQ,CAAC,GAAG,CAAC,EAAE,CAAC,EAAE;YAC3B,MAAM,IAAI,8BAAa,CAAC,gBAAgB,CAAC,CAAC;SAC1C;QAED,IAAI,CAAC,QAAQ,CAAC,MAAM,CAAC,EAAE,CAAC,CAAC;QAEzB,MAAM,IAAI,CAAC,gBAAgB,CAAC,IAAI,CAAC,QAAQ,CAAC,CAAC;QAE3C,OAAO,EAAE,CAAC;IACX,CAAC;IAEM,KAAK,CAAC,YAAY;QACxB,MAAM,IAAI,CAAC,oBAAoB,CAAC,mCAAkB,CAAC,QAAQ,CAAC,CAAC;QAC7D,MAAM,IAAI,CAAC,oBAAoB,CAAC,mCAAkB,CAAC,KAAK,CAAC,CAAC;QAE1D,MAAM,kBAAkB,GAAqB,EAAE,CAAC;QAChD,MAAM,WAAW,GAAG,IAAI,CAAC,QAAQ,CAAC,OAAO,EAAE,CAAC;QAE5C,KAAK,MAAM,CAAC,EAAE,EAAE,OAAO,CAAC,IAAI,WAAW,EAAE;YAExC,MAAM,cAAc,GAAmB;gBACtC,EAAE,EAAE,EAAE;gBACN,IAAI,EAAE,OAAO,CAAC,IAAI;gBAClB,OAAO,EAAE,OAAO,CAAC,OAAO;aACxB,CAAC;YACF,kBAAkB,CAAC,IAAI,CAAC,cAAc,CAAC,CAAC;SACxC;QACD,OAAO,kBAAkB,CAAC;IAC3B,CAAC;IAEM,KAAK,CAAC,YAAY,CAAC,KAAc;QAEvC,MAAM,IAAI,CAAC,oBAAoB,CAAC,mCAAkB,CAAC,QAAQ,CAAC,CAAC;QAC7D,MAAM,IAAI,CAAC,oBAAoB,CAAC,mCAAkB,CAAC,KAAK,CAAC,CAAC;QAG1D,MAAM,EAAE,KAAK,EAAE,OAAO,EAAE,GAAG,KAAY,CAAC;QAGxC,IAAI,CAAC,KAAK,IAAI,CAAC,OAAO,EAAE;YACvB,MAAM,IAAI,6BAAY,CAAC,gBAAgB,CAAC,CAAC;SACzC;QAED,IAAI,OAAO,KAAK,KAAK,QAAQ,EAAE;YAC9B,MAAM,IAAI,6BAAY,EAAE,CAAC;SACzB;QAED,IAAI,CAAC,KAAK,EAAE;YACX,MAAM,IAAI,6BAAY,EAAE,CAAC;SACzB;QAED,KAAK,MAAM,CAAC,IAAI,MAAM,CAAC,IAAI,CAAC,KAAK,CAAC,EAAE;YACnC,IAAI,CAAC,KAAK,OAAO,IAAI,CAAC,KAAK,SAAS,EAAE;gBACrC,MAAM,IAAI,6BAAY,EAAE,CAAC;aACzB;SACD;QAGD,MAAM,OAAO,GAAG,MAAM,IAAI,CAAC,EAAE,CAAC,UAAU,CAAC,OAAO,CAAC,CAAC;QAElD,MAAM,YAAY,GAAG,IAAI,CAAC,QAAQ,CAAC,GAAG,CAAC,OAAO,CAAC,CAAC;QAGhD,IAAI,CAAC,YAAY,EAAE;YAClB,MAAM,IAAI,6BAAY,CAAC,qBAAqB,CAAC,CAAC;SAC9C;QAED,MAAM,QAAQ,GAAG,MAAM,IAAI,CAAC,WAAW,CAAC,KAAK,EAAE,YAAY,CAAC,QAAQ,EAAE,OAAO,CAAC,CAAC;QAE/E,IAAI,QAAQ,CAAC,MAAM,KAAK,CAAC,EAAE;YAC1B,OAAO,EAAE,CAAC;SACV;QAGD,MAAM,MAAM,GAAG,MAAM,IAAI,CAAC,aAAa,CAAC,OAAO,EAAE,QAAQ,EAAE,OAAO,CAAC,CAAC;QAEpE,MAAM,KAAK,GAAG,IAAI,CAAC;QAEnB,IAAI,MAAM,CAAC,MAAM,GAAG,KAAK,EAAE;YAC1B,MAAM,IAAI,oCAAmB,CAAC,kBAAkB,CAAC,CAAC;SAClD;QAID,OAAO,MAAM,CAAC;IACf,CAAC;IAEO,KAAK,CAAC,aAAa,CAAC,OAAY,EAAE,QAAmB,EAAE,OAAe;QAC7E,MAAM,OAAO,GAAG,OAAO,CAAC,OAAO,CAAC;QAChC,MAAM,KAAK,GAAG,OAAO,CAAC,KAAK,CAAC;QAC5B,MAAM,WAAW,GAAa,EAAE,CAAC;QAGjC,MAAM,OAAO,GAAoB,QAAQ,CAAC,GAAG,CAAC,CAAC,OAAO,EAAE,EAAE;YACzD,MAAM,MAAM,GAAQ,EAAE,CAAC;YACvB,OAAO,CAAC,OAAO,CAAC,CAAC,GAAW,EAAE,EAAE;gBAC/B,MAAM,CAAC,SAAS,EAAE,KAAK,CAAC,GAAG,GAAG,CAAC,KAAK,CAAC,GAAG,CAAC,CAAC;gBAC1C,IAAI,SAAS,KAAK,OAAO,EAAE;oBAC1B,MAAM,IAAI,6BAAY,CAAC,iBAAiB,CAAC,CAAC;iBAC1C;gBACD,WAAW,CAAC,IAAI,CAAC,KAAK,CAAC,CAAC;gBACxB,MAAM,CAAC,GAAG,CAAC,GAAG,IAAI,CAAC,EAAE,CAAC,WAAW,CAAC,KAAK,EAAE,OAAO,CAAC,CAAC;YACnD,CAAC,CAAC,CAAC;YACH,OAAO,MAAM,CAAC;QACf,CAAC,CAAC,CAAC;QAGH,IAAI,KAAK,EAAE;YACV,IAAI,CAAC,WAAW,CAAC,OAAO,EAAE,KAAK,EAAE,OAAO,EAAE,WAAW,CAAC,CAAC;SACvD;QAED,OAAO,OAAO,CAAC;IAChB,CAAC;IAEO,WAAW,CAAC,OAAwB,EAAE,KAAa,EAAE,OAAe,EAAE,WAAqB;QAClG,IAAI,OAAO,KAAK,KAAK,QAAQ,EAAE;YAC9B,MAAM,IAAI,6BAAY,CAAC,mBAAmB,CAAC,CAAC;SAC5C;QAED,MAAM,CAAC,OAAO,EAAE,UAAU,CAAC,GAAG,KAAK,CAAC,KAAK,CAAC,GAAG,CAAC,CAAC;QAC/C,IAAI,OAAO,KAAK,OAAO,EAAE;YACxB,MAAM,IAAI,6BAAY,CAAC,iBAAiB,CAAC,CAAC;SAC1C;QACD,IAAI,CAAC,WAAW,CAAC,QAAQ,CAAC,UAAU,CAAC,EAAE;YACtC,MAAM,IAAI,6BAAY,CAAC,EAAE,CAAC,CAAC;SAC3B;QAED,OAAO,CAAC,IAAI,CAAC,CAAC,CAAC,EAAE,CAAC,EAAE,EAAE;YACrB,MAAM,MAAM,GAAG,CAAC,CAAC,KAAK,CAAC,CAAC;YACxB,MAAM,MAAM,GAAG,CAAC,CAAC,KAAK,CAAC,CAAC;YAExB,IAAI,OAAO,MAAM,KAAK,QAAQ,IAAI,OAAO,MAAM,KAAK,QAAQ,EAAE;gBAC7D,OAAO,MAAM,CAAC,aAAa,CAAC,MAAM,CAAC,CAAC;aACpC;iBAAM,IAAI,OAAO,MAAM,KAAK,QAAQ,IAAI,OAAO,MAAM,KAAK,QAAQ,EAAE;gBACpE,OAAO,MAAM,GAAG,MAAM,CAAC;aACvB;iBAAM;gBACN,MAAM,IAAI,6BAAY,CAAC,0CAA0C,CAAC,CAAC;aACnE;QACF,CAAC,CAAC,CAAC;IACJ,CAAC;IAEO,KAAK,CAAC,WAAW,CAAC,KAAU,EAAE,QAAmB,EAAE,OAAe;QAEzE,IAAI,MAAM,CAAC,IAAI,CAAC,KAAK,CAAC,CAAC,MAAM,KAAK,CAAC,EAAE;YACpC,OAAO,QAAQ,CAAC;SAChB;QACD,IAAI,KAAK,CAAC,GAAG,IAAI,KAAK,CAAC,EAAE,EAAE;YAE1B,OAAO,MAAM,IAAI,CAAC,eAAe,CAAC,KAAK,EAAE,QAAQ,EAAE,OAAO,CAAC,CAAC;SAC5D;QACD,IAAI,KAAK,CAAC,GAAG,EAAE;YACd,OAAO,MAAM,IAAI,CAAC,cAAc,CAAC,KAAK,EAAE,QAAQ,EAAE,OAAO,CAAC,CAAC;SAC3D;QACD,IAAI,KAAK,CAAC,EAAE,EAAE;YACb,OAAO,MAAM,IAAI,CAAC,WAAW,CAAC,KAAK,EAAE,QAAQ,EAAE,OAAO,CAAC,CAAC;SACxD;QACD,IAAI,KAAK,CAAC,EAAE,IAAI,KAAK,CAAC,EAAE,IAAI,KAAK,CAAC,EAAE,EAAE;YACrC,OAAO,MAAM,IAAI,CAAC,WAAW,CAAC,KAAK,EAAE,QAAQ,EAAE,OAAO,CAAC,CAAC;SACxD;QAED,MAAM,IAAI,6BAAY,CAAC,cAAc,CAAC,CAAC;IACxC,CAAC;IAEO,KAAK,CAAC,WAAW,CAAC,KAAU,EAAE,QAAmB,EAAE,OAAe;QAEzE,IAAI,KAAK,CAAC,EAAE,EAAE;YACb,OAAO,MAAM,IAAI,CAAC,EAAE,CAAC,iBAAiB,CAAC,KAAK,EAAE,QAAQ,EAAE,OAAO,CAAC,CAAC;SACjE;QACD,IAAI,KAAK,CAAC,EAAE,EAAE;YACb,OAAO,MAAM,IAAI,CAAC,EAAE,CAAC,cAAc,CAAC,KAAK,EAAE,QAAQ,EAAE,OAAO,CAAC,CAAC;SAC9D;QAED,IAAI,KAAK,CAAC,EAAE,EAAE;YACb,OAAO,MAAM,IAAI,CAAC,EAAE,CAAC,WAAW,CAAC,KAAK,EAAE,QAAQ,EAAE,OAAO,CAAC,CAAC;SAC3D;QACD,MAAM,IAAI,6BAAY,CAAC,WAAW,CAAC,CAAC;IACrC,CAAC;IAEO,KAAK,CAAC,WAAW,CAAC,KAAU,EAAE,QAAmB,EAAE,OAAe;QACzE,IAAI,MAAM,CAAC,IAAI,CAAC,KAAK,CAAC,EAAE,CAAC,CAAC,MAAM,KAAK,CAAC,EAAE;YACvC,MAAM,IAAI,6BAAY,CAAC,6BAA6B,CAAC,CAAC;SACtD;QAED,MAAM,CAAC,GAAG,EAAE,KAAK,CAAC,GAAsB,MAAM,CAAC,OAAO,CAAC,KAAK,CAAC,EAAE,CAAC,CAAC,CAAC,CAAC,CAAC;QACpE,MAAM,KAAK,GAAG,GAAG,CAAC,KAAK,CAAC,GAAG,CAAC,CAAC,CAAC,CAAC,CAAC;QAChC,MAAM,OAAO,GAAG,GAAG,CAAC,KAAK,CAAC,GAAG,CAAC,CAAC,CAAC,CAAC,CAAC;QAClC,IAAI,OAAO,KAAK,OAAO,EAAE;YACxB,MAAM,IAAI,6BAAY,CAAC,EAAE,CAAC,CAAC;SAC3B;QAED,IAAI,OAAO,KAAK,KAAK,QAAQ,EAAE;YAC9B,MAAM,IAAI,6BAAY,CAAC,cAAc,CAAC,CAAC;SACvC;QACD,MAAM,CAAC,GAAG,QAAQ,CAAC,MAAM,CAAC,CAAC,CAAC,EAAE,EAAE;YAC/B,MAAM,SAAS,GAAG,IAAI,CAAC,EAAE,CAAC,YAAY,CAAC,KAAK,CAAC,CAAC;YAC9C,MAAM,YAAY,GAAG,IAAI,CAAC,EAAE,CAAC,cAAc,CAAC,KAAK,EAAE,CAAC,CAAC,CAAC;YACtD,IAAI,SAAS,KAAK,UAAU,EAAE;gBAC7B,MAAM,SAAS,GAAG,KAAK,CAAC,KAAK,CAAC,CAAC,EAAE,CAAC,CAAC,CAAC,CAAC;gBACrC,OAAO,YAAY,CAAC,QAAQ,CAAC,SAAS,CAAC,CAAC;aACxC;iBAAM,IAAI,SAAS,KAAK,OAAO,EAAE;gBACjC,MAAM,SAAS,GAAG,KAAK,CAAC,KAAK,CAAC,CAAC,CAAC,CAAC;gBAEjC,OAAO,YAAY,CAAC,QAAQ,CAAC,SAAS,CAAC,CAAC;aACxC;iBAAM,IAAI,SAAS,KAAK,KAAK,EAAE;gBAC/B,MAAM,SAAS,GAAG,KAAK,CAAC,KAAK,CAAC,CAAC,EAAE,CAAC,CAAC,CAAC,CAAC;gBACrC,OAAO,YAAY,CAAC,UAAU,CAAC,SAAS,CAAC,CAAC;aAC1C;iBAAM;gBACN,OAAO,YAAY,KAAK,KAAK,CAAC;aAC9B;QACF,CAAC,CAAC,CAAC;QAEH,OAAO,CAAC,CAAC;IACV,CAAC;IAEO,KAAK,CAAC,eAAe,CAAC,KAAU,EAAE,QAAmB,EAAE,OAAe;QAI7E,IAAI,KAAK,CAAC,EAAE,EAAE;YACb,OAAO,IAAI,CAAC,QAAQ,CAAC,KAAK,EAAE,QAAQ,EAAE,OAAO,CAAC,CAAC;SAC/C;QAED,IAAI,KAAK,CAAC,GAAG,EAAE;YACd,OAAO,IAAI,CAAC,SAAS,CAAC,KAAK,EAAE,QAAQ,EAAE,OAAO,CAAC,CAAC;SAChD;QAED,MAAM,IAAI,6BAAY,CAAC,6BAA6B,KAAK,CAAC,CAAC,CAAC,EAAE,CAAC,CAAC;IACjE,CAAC;IAEO,KAAK,CAAC,QAAQ,CAAC,KAAU,EAAE,QAAmB,EAAE,OAAe;QACtE,IAAI,KAAK,CAAC,EAAE,CAAC,MAAM,KAAK,CAAC,EAAE;YAC1B,MAAM,IAAI,6BAAY,CAAC,sBAAsB,CAAC,CAAC;SAC/C;QAED,MAAM,UAAU,GAAG,KAAK,CAAC,EAAE,CAAC,GAAG,CAAC,KAAK,EAAE,SAAc,EAAE,EAAE,CAAC,IAAI,CAAC,WAAW,CAAC,SAAS,EAAE,QAAQ,EAAE,OAAO,CAAC,CAAC,CAAC;QAE1G,MAAM,gBAAgB,GAAG,MAAM,OAAO,CAAC,GAAG,CAAC,UAAU,CAAC,CAAC;QAGvD,SAAS,cAAc,CAAC,CAAU;YACjC,KAAK,MAAM,CAAC,IAAI,gBAAgB,EAAE;gBACjC,IAAI,CAAC,CAAC,QAAQ,CAAC,CAAC,CAAC,EAAE;oBAClB,OAAO,IAAI,CAAC;iBACZ;aACD;YACD,OAAO,KAAK,CAAC;QACd,CAAC;QAED,OAAO,QAAQ,CAAC,MAAM,CAAC,CAAC,CAAU,EAAE,EAAE;YACrC,OAAO,cAAc,CAAC,CAAC,CAAC,CAAC;QAC1B,CAAC,CAAC,CAAC;IACJ,CAAC;IAEO,KAAK,CAAC,SAAS,CAAC,KAAU,EAAE,QAAmB,EAAE,OAAe;QACvE,IAAI,KAAK,CAAC,GAAG,CAAC,MAAM,KAAK,CAAC,EAAE;YAC3B,MAAM,IAAI,6BAAY,CAAC,sBAAsB,CAAC,CAAC;SAC/C;QAED,MAAM,WAAW,GAAG,KAAK,CAAC,GAAG,CAAC,GAAG,CAAC,KAAK,EAAE,SAAc,EAAE,EAAE,CAAC,IAAI,CAAC,WAAW,CAAC,SAAS,EAAE,QAAQ,EAAE,OAAO,CAAC,CAAC,CAAC;QAE5G,MAAM,gBAAgB,GAAG,MAAM,OAAO,CAAC,GAAG,CAAC,WAAW,CAAC,CAAC;QAExD,OAAO,QAAQ,CAAC,MAAM,CAAC,CAAC,OAAO,EAAE,EAAE,CAAC,gBAAgB,CAAC,KAAK,CAAC,CAAC,QAAQ,EAAE,EAAE,CAAC,QAAQ,CAAC,QAAQ,CAAC,OAAO,CAAC,CAAC,CAAC,CAAC;IACvG,CAAC;IAEO,KAAK,CAAC,cAAc,CAAC,KAAU,EAAE,QAAmB,EAAE,OAAe;QAC5E,MAAM,gBAAgB,GAAG,MAAM,IAAI,CAAC,WAAW,CAAC,KAAK,CAAC,GAAG,EAAE,QAAQ,EAAE,OAAO,CAAC,CAAC;QAC9E,OAAO,QAAQ,CAAC,MAAM,CAAC,CAAC,CAAU,EAAE,EAAE;YACrC,OAAO,CAAC,gBAAgB,CAAC,QAAQ,CAAC,CAAC,CAAC,CAAC;QACtC,CAAC,CAAC,CAAC;IACJ,CAAC;IAEO,KAAK,CAAC,oBAAoB,CAAC,CAAqB;QACvD,IAAI,CAAC,KAAK,mCAAkB,CAAC,QAAQ,EAAE;YACtC,MAAM,KAAK,GAAG,MAAM,EAAE,CAAC,UAAU,CAAC,sBAAsB,CAAC,CAAC;YAE1D,IAAI,CAAC,KAAK,EAAE;gBACX,OAAO;aACP;YAED,MAAM,YAAY,GAAyB,MAAM,EAAE,CAAC,QAAQ,CAAC,sBAAsB,CAAC,CAAC;YAErF,KAAK,MAAM,CAAC,EAAE,EAAE,OAAO,CAAC,IAAI,YAAY,EAAE;gBACzC,IAAI,IAAI,CAAC,QAAQ,CAAC,GAAG,CAAC,EAAE,CAAC,EAAE;oBAC1B,SAAS;iBACT;gBACD,MAAM,OAAO,GAAG,IAAI,sBAAQ,CAAC,CAAC,CAAC,CAAC;gBAChC,OAAO,CAAC,QAAQ,GAAG,OAAO,CAAC,QAAQ,CAAC;gBACpC,OAAO,CAAC,OAAO,GAAG,OAAO,CAAC,OAAO,CAAC;gBAClC,OAAO,CAAC,IAAI,GAAG,OAAO,CAAC,IAAI,CAAC;gBAC5B,IAAI,CAAC,QAAQ,CAAC,GAAG,CAAC,EAAE,EAAE,OAAO,CAAC,CAAC;aAC/B;SACD;IACF,CAAC;IAEO,KAAK,CAAC,YAAY,CAAC,EAAU,EAAE,GAAU,EAAE,QAA+B;QACjF,MAAM,YAAY,GAAG,IAAI,sBAAQ,CAAC,mCAAkB,CAAC,QAAQ,CAAC,CAAC;QAC/D,MAAM,UAAU,GAAG,GAAG,CAAC,KAAK,CAAC;QAC7B,MAAM,UAAU,GAAG,MAAM,CAAC,IAAI,CAAC,UAAU,CAAC,CAAC;QAC3C,MAAM,eAAe,GAAG,UAAU,CAAC,MAAM,CAAC,CAAC,SAAiB,EAAE,EAAE;YAC/D,OAAO,SAAS,CAAC,UAAU,CAAC,UAAU,CAAC,IAAI,SAAS,KAAK,UAAU,CAAC;QACrE,CAAC,CAAC,CAAC;QAEH,MAAM,YAAY,GAAG,eAAe,CAAC,GAAG,CAAC,KAAK,EAAE,SAAS,EAAE,EAAE;YAC5D,MAAM,IAAI,GAAG,GAAG,CAAC,IAAI,CAAC,SAAS,CAAC,CAAC;YACjC,IAAI,IAAI,EAAE;gBACT,MAAM,aAAa,GAAG,MAAM,IAAI,CAAC,KAAK,CAAC,QAAQ,CAAC,CAAC;gBACjD,OAAO,IAAI,CAAC,KAAK,CAAC,aAAa,CAAC,CAAC,MAAM,CAAC;aACxC;QACF,CAAC,CAAC,CAAC;QAEH,MAAM,eAAe,GAAG,MAAM,OAAO,CAAC,GAAG,CAAC,YAAY,CAAC,CAAC;QAExD,KAAK,MAAM,MAAM,IAAI,eAAe,EAAE;YACrC,KAAK,MAAM,OAAO,IAAI,MAAM,EAAE;gBAC7B,MAAM,WAAW,GAAG,IAAI,qBAAO,CAAC,OAAO,CAAC,CAAC;gBACzC,YAAY,CAAC,UAAU,CAAC,WAAW,CAAC,CAAC;aACrC;SACD;QACD,IAAI,YAAY,CAAC,QAAQ,CAAC,MAAM,KAAK,CAAC,EAAE;YACvC,MAAM,IAAI,6BAAY,CAAC,EAAE,CAAC,CAAC;SAC3B;QAGD,QAAQ,CAAC,GAAG,CAAC,EAAE,EAAE,YAAY,CAAC,CAAC;QAE/B,MAAM,IAAI,CAAC,gBAAgB,CAAC,QAAQ,CAAC,CAAC;IACvC,CAAC;IAEO,KAAK,CAAC,gBAAgB,CAAC,QAA+B;QAE7D,MAAM,aAAa,GAAG,KAAK,CAAC,IAAI,CAAC,QAAQ,CAAC,OAAO,EAAE,CAAC,CAAC;QAErD,MAAM,EAAE,CAAC,SAAS,CAAC,QAAQ,CAAC,CAAC;QAE7B,MAAM,EAAE,CAAC,SAAS,CAAC,sBAAsB,EAAE,aAAa,CAAC,CAAC;IAC3D,CAAC;CACD;AA1XD,gCA0XC","sourcesContent":["import {\n\tIInsightFacade,\n\tInsightDataset,\n\tInsightDatasetKind,\n\tInsightResult,\n\tNotFoundError,\n\tInsightError,\n\tResultTooLargeError,\n} from \"./IInsightFacade\";\nimport JSZip, { loadAsync } from \"jszip\";\nimport * as fs from \"fs-extra\";\nimport { Datasets, Section } from \"./helperClass\";\nimport { HelperFunction } from \"./helperFunction\";\n// import * as path from \"path\";\n\nexport default class InsightFacade implements IInsightFacade {\n\tprivate datasets = new Map<string, Datasets>();\n\tprivate hf = new HelperFunction();\n\n\tpublic async addDataset(id: string, content: string, kind: InsightDatasetKind): Promise<string[]> {\n\t\tawait this.loadDatasetsFromDisk(kind);\n\n\t\tif (!this.hf.isValidId(id)) {\n\t\t\tthrow new InsightError(\"Invalid id\");\n\t\t}\n\n\t\tif (this.datasets.has(id)) {\n\t\t\tthrow new InsightError(\"Dataset already exists\");\n\t\t}\n\n\t\tlet zipData: JSZip;\n\t\ttry {\n\t\t\tzipData = await loadAsync(content, { base64: true });\n\t\t\tconst files = zipData.folder(\"courses\");\n\t\t\tif (!files) {\n\t\t\t\tthrow new InsightError(\"no courses folder\");\n\t\t\t}\n\t\t\tif (files.length === 0) {\n\t\t\t\tthrow new InsightError(\"no content in files\");\n\t\t\t}\n\t\t\tawait this.parseZipFile(id, zipData, this.datasets);\n\t\t} catch (_err) {\n\t\t\tthrow new InsightError(\"Fail to unzip\");\n\t\t}\n\n\t\treturn Array.from(this.datasets.keys());\n\t}\n\n\tpublic async removeDataset(id: string): Promise<string> {\n\t\tawait this.loadDatasetsFromDisk(InsightDatasetKind.Sections);\n\t\tawait this.loadDatasetsFromDisk(InsightDatasetKind.Rooms);\n\n\t\tif (!this.hf.isValidId(id)) {\n\t\t\tthrow new InsightError(\"Invalid id\");\n\t\t}\n\n\t\tif (!this.datasets.has(id)) {\n\t\t\tthrow new NotFoundError(\"cannot find id\");\n\t\t}\n\n\t\tthis.datasets.delete(id);\n\n\t\tawait this.saveDatasetsDisk(this.datasets);\n\n\t\treturn id;\n\t}\n\n\tpublic async listDatasets(): Promise<InsightDataset[]> {\n\t\tawait this.loadDatasetsFromDisk(InsightDatasetKind.Sections);\n\t\tawait this.loadDatasetsFromDisk(InsightDatasetKind.Rooms);\n\n\t\tconst insightDatasetList: InsightDataset[] = [];\n\t\tconst datasetList = this.datasets.entries();\n\n\t\tfor (const [id, dataset] of datasetList) {\n\t\t\t// from chatGPT (next 5 lines)\n\t\t\tconst insightDataset: InsightDataset = {\n\t\t\t\tid: id,\n\t\t\t\tkind: dataset.kind,\n\t\t\t\tnumRows: dataset.numRows,\n\t\t\t};\n\t\t\tinsightDatasetList.push(insightDataset);\n\t\t}\n\t\treturn insightDatasetList;\n\t}\n\n\tpublic async performQuery(query: unknown): Promise<InsightResult[]> {\n\t\t// load from disk\n\t\tawait this.loadDatasetsFromDisk(InsightDatasetKind.Sections);\n\t\tawait this.loadDatasetsFromDisk(InsightDatasetKind.Rooms);\n\n\t\t// go through the query (from chatGPT)\n\t\tconst { WHERE, OPTIONS } = query as any;\n\n\t\t// check valid WHERE and valid OPTION\n\t\tif (!WHERE || !OPTIONS) {\n\t\t\tthrow new InsightError(\"invalid format\");\n\t\t}\n\n\t\tif (typeof query !== \"object\") {\n\t\t\tthrow new InsightError();\n\t\t}\n\n\t\tif (!query) {\n\t\t\tthrow new InsightError();\n\t\t}\n\n\t\tfor (const x of Object.keys(query)) {\n\t\t\tif (x !== \"WHERE\" && x !== \"OPTIONS\") {\n\t\t\t\tthrow new InsightError();\n\t\t\t}\n\t\t}\n\n\t\t// get id from first element of column\n\t\tconst queryId = await this.hf.getQueryId(OPTIONS);\n\n\t\tconst foundDataset = this.datasets.get(queryId);\n\n\t\t// no dataset with id found\n\t\tif (!foundDataset) {\n\t\t\tthrow new InsightError(\"reference not found\");\n\t\t}\n\n\t\tconst filtered = await this.handleWhere(WHERE, foundDataset.sections, queryId);\n\n\t\tif (filtered.length === 0) {\n\t\t\treturn [];\n\t\t}\n\n\t\t// handle OPTIONS\n\t\tconst result = await this.handleOptions(OPTIONS, filtered, queryId);\n\n\t\tconst limit = 5000;\n\n\t\tif (result.length > limit) {\n\t\t\tthrow new ResultTooLargeError(\"result too large\");\n\t\t}\n\n\t\t// console.log(result);\n\n\t\treturn result;\n\t}\n\n\tprivate async handleOptions(options: any, filtered: Section[], queryId: string): Promise<InsightResult[]> {\n\t\tconst columns = options.COLUMNS;\n\t\tconst order = options.ORDER;\n\t\tconst columnParam: String[] = [];\n\n\t\t// map filtered sections to the required columns\n\t\tconst results: InsightResult[] = filtered.map((section) => {\n\t\t\tconst result: any = {};\n\t\t\tcolumns.forEach((col: string) => {\n\t\t\t\tconst [datasetId, field] = col.split(\"_\");\n\t\t\t\tif (datasetId !== queryId) {\n\t\t\t\t\tthrow new InsightError(\"invalid dataset\");\n\t\t\t\t}\n\t\t\t\tcolumnParam.push(field);\n\t\t\t\tresult[col] = this.hf.getParamAll(field, section);\n\t\t\t});\n\t\t\treturn result;\n\t\t});\n\n\t\t// If ORDER exists, sort the results\n\t\tif (order) {\n\t\t\tthis.sortResults(results, order, queryId, columnParam);\n\t\t}\n\n\t\treturn results;\n\t}\n\n\tprivate sortResults(results: InsightResult[], order: string, queryId: string, columnParam: String[]): void {\n\t\tif (typeof order !== \"string\") {\n\t\t\tthrow new InsightError(\"Invalid order key\");\n\t\t}\n\n\t\tconst [dataset, orderParam] = order.split(\"_\");\n\t\tif (dataset !== queryId) {\n\t\t\tthrow new InsightError(\"Invalid dataset\");\n\t\t}\n\t\tif (!columnParam.includes(orderParam)) {\n\t\t\tthrow new InsightError(\"\");\n\t\t}\n\n\t\tresults.sort((a, b) => {\n\t\t\tconst aValue = a[order];\n\t\t\tconst bValue = b[order];\n\n\t\t\tif (typeof aValue === \"string\" && typeof bValue === \"string\") {\n\t\t\t\treturn aValue.localeCompare(bValue); // Lexical comparison for strings\n\t\t\t} else if (typeof aValue === \"number\" && typeof bValue === \"number\") {\n\t\t\t\treturn aValue - bValue; // Numeric comparison for numbers\n\t\t\t} else {\n\t\t\t\tthrow new InsightError(\"Cannot compare values of different types\");\n\t\t\t}\n\t\t});\n\t}\n\n\tprivate async handleWhere(where: any, sections: Section[], queryId: string): Promise<Section[]> {\n\t\t// base case\n\t\tif (Object.keys(where).length === 0) {\n\t\t\treturn sections;\n\t\t}\n\t\tif (where.AND || where.OR) {\n\t\t\t// handle logic comp\n\t\t\treturn await this.handleLogicComp(where, sections, queryId);\n\t\t}\n\t\tif (where.NOT) {\n\t\t\treturn await this.handleNegation(where, sections, queryId);\n\t\t}\n\t\tif (where.IS) {\n\t\t\treturn await this.handleSComp(where, sections, queryId);\n\t\t}\n\t\tif (where.LT || where.GT || where.EQ) {\n\t\t\treturn await this.handleMComp(where, sections, queryId);\n\t\t}\n\n\t\tthrow new InsightError(\"invalid ebnf\");\n\t}\n\n\tprivate async handleMComp(where: any, sections: Section[], queryId: string): Promise<Section[]> {\n\t\t// now we have list of sections with ID that we want\n\t\tif (where.GT) {\n\t\t\treturn await this.hf.handleGreaterThan(where, sections, queryId);\n\t\t}\n\t\tif (where.LT) {\n\t\t\treturn await this.hf.handleLessThan(where, sections, queryId);\n\t\t}\n\n\t\tif (where.EQ) {\n\t\t\treturn await this.hf.handleEqual(where, sections, queryId);\n\t\t}\n\t\tthrow new InsightError(\"no m comp\");\n\t}\n\n\tprivate async handleSComp(where: any, sections: Section[], queryId: string): Promise<Section[]> {\n\t\tif (Object.keys(where.IS).length === 0) {\n\t\t\tthrow new InsightError(\"Invalid Query Syntax for IS\");\n\t\t}\n\n\t\tconst [key, value]: [string, unknown] = Object.entries(where.IS)[0];\n\t\tconst param = key.split(\"_\")[1];\n\t\tconst dataset = key.split(\"_\")[0];\n\t\tif (dataset !== queryId) {\n\t\t\tthrow new InsightError(\"\");\n\t\t}\n\n\t\tif (typeof value !== \"string\") {\n\t\t\tthrow new InsightError(\"invalid skey\");\n\t\t}\n\t\tconst a = sections.filter((s) => {\n\t\t\tconst valueType = this.hf.getValueType(value);\n\t\t\tconst compareValue = this.hf.getParamString(param, s);\n\t\t\tif (valueType === \"startend\") {\n\t\t\t\tconst newString = value.slice(1, -1);\n\t\t\t\treturn compareValue.includes(newString);\n\t\t\t} else if (valueType === \"start\") {\n\t\t\t\tconst newString = value.slice(1);\n\t\t\t\t// console.log(newString);\n\t\t\t\treturn compareValue.endsWith(newString);\n\t\t\t} else if (valueType === \"end\") {\n\t\t\t\tconst newString = value.slice(0, -1);\n\t\t\t\treturn compareValue.startsWith(newString);\n\t\t\t} else {\n\t\t\t\treturn compareValue === value;\n\t\t\t}\n\t\t});\n\n\t\treturn a;\n\t}\n\n\tprivate async handleLogicComp(where: any, sections: Section[], queryId: string): Promise<Section[]> {\n\t\t// where.LOGIC is an array, e.g. ( { AND: [ { GT: [Object] }, { IS: [Object] } ] } )\n\t\t// therefore filteredSections in handleOr and handleAnd stores the result of each recursion of each branches inside the where.LOGIC\n\n\t\tif (where.OR) {\n\t\t\treturn this.handleOr(where, sections, queryId);\n\t\t}\n\n\t\tif (where.AND) {\n\t\t\treturn this.handleAnd(where, sections, queryId);\n\t\t}\n\n\t\tthrow new InsightError(`Invalid logical operator: ${where[0]}`);\n\t}\n\n\tprivate async handleOr(where: any, sections: Section[], queryId: string): Promise<Section[]> {\n\t\tif (where.OR.length === 0) {\n\t\t\tthrow new InsightError(\"Invalid Query Syntax\");\n\t\t}\n\n\t\tconst orPromises = where.OR.map(async (condition: any) => this.handleWhere(condition, sections, queryId));\n\n\t\tconst filteredSections = await Promise.all(orPromises);\n\n\t\t// check whether the section is found in one of the filteredSections members\n\t\tfunction sectionChecker(s: Section): boolean {\n\t\t\tfor (const x of filteredSections) {\n\t\t\t\tif (x.includes(s)) {\n\t\t\t\t\treturn true;\n\t\t\t\t}\n\t\t\t}\n\t\t\treturn false;\n\t\t}\n\n\t\treturn sections.filter((s: Section) => {\n\t\t\treturn sectionChecker(s);\n\t\t});\n\t}\n\n\tprivate async handleAnd(where: any, sections: Section[], queryId: string): Promise<Section[]> {\n\t\tif (where.AND.length === 0) {\n\t\t\tthrow new InsightError(\"Invalid Query Syntax\");\n\t\t}\n\n\t\tconst andPromises = where.AND.map(async (condition: any) => this.handleWhere(condition, sections, queryId));\n\n\t\tconst filteredSections = await Promise.all(andPromises);\n\n\t\treturn sections.filter((section) => filteredSections.every((filtered) => filtered.includes(section)));\n\t}\n\n\tprivate async handleNegation(where: any, sections: Section[], queryId: string): Promise<Section[]> {\n\t\tconst filteredSections = await this.handleWhere(where.NOT, sections, queryId);\n\t\treturn sections.filter((s: Section) => {\n\t\t\treturn !filteredSections.includes(s);\n\t\t});\n\t}\n\n\tprivate async loadDatasetsFromDisk(k: InsightDatasetKind): Promise<void> {\n\t\tif (k === InsightDatasetKind.Sections) {\n\t\t\tconst exist = await fs.pathExists(\"./data/Datasets.json\");\n\n\t\t\tif (!exist) {\n\t\t\t\treturn;\n\t\t\t}\n\n\t\t\tconst datasetArray: [string, Datasets][] = await fs.readJSON(\"./data/Datasets.json\");\n\n\t\t\tfor (const [id, dataset] of datasetArray) {\n\t\t\t\tif (this.datasets.has(id)) {\n\t\t\t\t\tcontinue;\n\t\t\t\t}\n\t\t\t\tconst newData = new Datasets(k);\n\t\t\t\tnewData.sections = dataset.sections;\n\t\t\t\tnewData.numRows = dataset.numRows;\n\t\t\t\tnewData.kind = dataset.kind;\n\t\t\t\tthis.datasets.set(id, newData);\n\t\t\t}\n\t\t}\n\t}\n\n\tprivate async parseZipFile(id: string, zip: JSZip, datasets: Map<string, Datasets>): Promise<void> {\n\t\tconst dumpDatasets = new Datasets(InsightDatasetKind.Sections);\n\t\tconst zipContent = zip.files;\n\t\tconst keyContent = Object.keys(zipContent);\n\t\tconst filteredContent = keyContent.filter((checkPath: string) => {\n\t\t\treturn checkPath.startsWith(\"courses/\") && checkPath !== \"courses/\";\n\t\t});\n\n\t\tconst listPromises = filteredContent.map(async (checkPath) => {\n\t\t\tconst file = zip.file(checkPath);\n\t\t\tif (file) {\n\t\t\t\tconst stringContent = await file.async(\"string\");\n\t\t\t\treturn JSON.parse(stringContent).result;\n\t\t\t}\n\t\t});\n\n\t\tconst fulfillPromises = await Promise.all(listPromises);\n\n\t\tfor (const course of fulfillPromises) {\n\t\t\tfor (const section of course) {\n\t\t\t\tconst dumpSection = new Section(section);\n\t\t\t\tdumpDatasets.addSection(dumpSection);\n\t\t\t}\n\t\t}\n\t\tif (dumpDatasets.sections.length === 0) {\n\t\t\tthrow new InsightError(\"\");\n\t\t}\n\n\t\t// set map\n\t\tdatasets.set(id, dumpDatasets);\n\n\t\tawait this.saveDatasetsDisk(datasets);\n\t}\n\n\tprivate async saveDatasetsDisk(datasets: Map<String, Datasets>): Promise<void> {\n\t\t// Convert Map to an object before writing, from chatGPT\n\t\tconst datasetsArray = Array.from(datasets.entries());\n\n\t\tawait fs.ensureDir(\"./data\");\n\n\t\tawait fs.writeJSON(\"./data/Datasets.json\", datasetsArray);\n\t}\n}\n"]},"_coverageSchema":"1a1c01bbd47fc00a2c39e90264f33305004495a9","hash":"7c4ae0295b706b370fb101a709fccc85a934e857","contentHash":"613932806bc0946a8cbfaddc438aa18fc59275cca6aa22c3b72a1e5d4c7052ca"},"D:\\000_Edrick\\UBC\\CPSC_310\\project_team139\\src\\controller\\helperClass.ts":{"path":"D:\\000_Edrick\\UBC\\CPSC_310\\project_team139\\src\\controller\\helperClass.ts","statementMap":{"0":{"start":{"line":2,"column":0},"end":{"line":2,"column":62}},"1":{"start":{"line":3,"column":0},"end":{"line":3,"column":59}},"2":{"start":{"line":4,"column":25},"end":{"line":4,"column":52}},"3":{"start":{"line":10,"column":8},"end":{"line":10,"column":27}},"4":{"start":{"line":11,"column":8},"end":{"line":11,"column":25}},"5":{"start":{"line":12,"column":8},"end":{"line":12,"column":22}},"6":{"start":{"line":15,"column":8},"end":{"line":15,"column":23}},"7":{"start":{"line":16,"column":8},"end":{"line":16,"column":38}},"8":{"start":{"line":19,"column":0},"end":{"line":19,"column":28}},"9":{"start":{"line":32,"column":8},"end":{"line":34,"column":9}},"10":{"start":{"line":33,"column":12},"end":{"line":33,"column":93}},"11":{"start":{"line":35,"column":8},"end":{"line":54,"column":9}},"12":{"start":{"line":36,"column":12},"end":{"line":36,"column":43}},"13":{"start":{"line":37,"column":12},"end":{"line":37,"column":45}},"14":{"start":{"line":38,"column":12},"end":{"line":38,"column":47}},"15":{"start":{"line":39,"column":12},"end":{"line":39,"column":56}},"16":{"start":{"line":40,"column":12},"end":{"line":40,"column":48}},"17":{"start":{"line":41,"column":12},"end":{"line":46,"column":13}},"18":{"start":{"line":42,"column":16},"end":{"line":42,"column":33}},"19":{"start":{"line":45,"column":16},"end":{"line":45,"column":56}},"20":{"start":{"line":47,"column":12},"end":{"line":47,"column":50}},"21":{"start":{"line":48,"column":12},"end":{"line":48,"column":52}},"22":{"start":{"line":49,"column":12},"end":{"line":49,"column":52}},"23":{"start":{"line":50,"column":12},"end":{"line":50,"column":54}},"24":{"start":{"line":53,"column":12},"end":{"line":53,"column":77}},"25":{"start":{"line":57,"column":8},"end":{"line":67,"column":35}},"26":{"start":{"line":70,"column":20},"end":{"line":70,"column":29}},"27":{"start":{"line":71,"column":8},"end":{"line":73,"column":9}},"28":{"start":{"line":72,"column":12},"end":{"line":72,"column":73}},"29":{"start":{"line":74,"column":8},"end":{"line":74,"column":19}},"30":{"start":{"line":77,"column":0},"end":{"line":77,"column":26}},"31":{"start":{"line":91,"column":8},"end":{"line":93,"column":9}},"32":{"start":{"line":92,"column":12},"end":{"line":92,"column":93}},"33":{"start":{"line":94,"column":8},"end":{"line":109,"column":9}},"34":{"start":{"line":95,"column":12},"end":{"line":95,"column":44}},"35":{"start":{"line":96,"column":12},"end":{"line":96,"column":52}},"36":{"start":{"line":97,"column":12},"end":{"line":97,"column":46}},"37":{"start":{"line":98,"column":12},"end":{"line":98,"column":42}},"38":{"start":{"line":99,"column":12},"end":{"line":99,"column":48}},"39":{"start":{"line":100,"column":12},"end":{"line":100,"column":47}},"40":{"start":{"line":101,"column":12},"end":{"line":101,"column":47}},"41":{"start":{"line":102,"column":12},"end":{"line":102,"column":51}},"42":{"start":{"line":103,"column":12},"end":{"line":103,"column":42}},"43":{"start":{"line":104,"column":12},"end":{"line":104,"column":52}},"44":{"start":{"line":105,"column":12},"end":{"line":105,"column":42}},"45":{"start":{"line":108,"column":12},"end":{"line":108,"column":77}},"46":{"start":{"line":112,"column":8},"end":{"line":112,"column":37}},"47":{"start":{"line":115,"column":20},"end":{"line":115,"column":29}},"48":{"start":{"line":116,"column":8},"end":{"line":118,"column":9}},"49":{"start":{"line":117,"column":12},"end":{"line":117,"column":73}},"50":{"start":{"line":119,"column":8},"end":{"line":119,"column":19}},"51":{"start":{"line":122,"column":0},"end":{"line":122,"column":20}}},"fnMap":{"0":{"name":"(anonymous_0)","decl":{"start":{"line":9,"column":4},"end":{"line":9,"column":5}},"loc":{"start":{"line":9,"column":19},"end":{"line":13,"column":5}},"line":9},"1":{"name":"(anonymous_1)","decl":{"start":{"line":14,"column":4},"end":{"line":14,"column":5}},"loc":{"start":{"line":14,"column":26},"end":{"line":17,"column":5}},"line":14},"2":{"name":"(anonymous_2)","decl":{"start":{"line":31,"column":4},"end":{"line":31,"column":5}},"loc":{"start":{"line":31,"column":25},"end":{"line":55,"column":5}},"line":31},"3":{"name":"(anonymous_3)","decl":{"start":{"line":56,"column":4},"end":{"line":56,"column":5}},"loc":{"start":{"line":56,"column":22},"end":{"line":68,"column":5}},"line":56},"4":{"name":"(anonymous_4)","decl":{"start":{"line":69,"column":4},"end":{"line":69,"column":5}},"loc":{"start":{"line":69,"column":16},"end":{"line":75,"column":5}},"line":69},"5":{"name":"(anonymous_5)","decl":{"start":{"line":90,"column":4},"end":{"line":90,"column":5}},"loc":{"start":{"line":90,"column":22},"end":{"line":110,"column":5}},"line":90},"6":{"name":"(anonymous_6)","decl":{"start":{"line":111,"column":4},"end":{"line":111,"column":5}},"loc":{"start":{"line":111,"column":19},"end":{"line":113,"column":5}},"line":111},"7":{"name":"(anonymous_7)","decl":{"start":{"line":114,"column":4},"end":{"line":114,"column":5}},"loc":{"start":{"line":114,"column":16},"end":{"line":120,"column":5}},"line":114}},"branchMap":{"0":{"loc":{"start":{"line":32,"column":8},"end":{"line":34,"column":9}},"type":"if","locations":[{"start":{"line":32,"column":8},"end":{"line":34,"column":9}},{"start":{"line":32,"column":8},"end":{"line":34,"column":9}}],"line":32},"1":{"loc":{"start":{"line":41,"column":12},"end":{"line":46,"column":13}},"type":"if","locations":[{"start":{"line":41,"column":12},"end":{"line":46,"column":13}},{"start":{"line":41,"column":12},"end":{"line":46,"column":13}}],"line":41},"2":{"loc":{"start":{"line":57,"column":16},"end":{"line":67,"column":33}},"type":"binary-expr","locations":[{"start":{"line":57,"column":16},"end":{"line":57,"column":34}},{"start":{"line":58,"column":12},"end":{"line":58,"column":34}},{"start":{"line":59,"column":12},"end":{"line":59,"column":33}},{"start":{"line":60,"column":12},"end":{"line":60,"column":37}},{"start":{"line":61,"column":12},"end":{"line":61,"column":35}},{"start":{"line":62,"column":12},"end":{"line":62,"column":35}},{"start":{"line":63,"column":12},"end":{"line":63,"column":32}},{"start":{"line":64,"column":12},"end":{"line":64,"column":31}},{"start":{"line":65,"column":12},"end":{"line":65,"column":32}},{"start":{"line":66,"column":12},"end":{"line":66,"column":32}},{"start":{"line":67,"column":12},"end":{"line":67,"column":33}}],"lin
[...]
:5}},"loc":{"start":{"line":61,"column":18},"end":{"line":64,"column":5}},"line":61},"5":{"name":"(anonymous_5)","decl":{"start":{"line":65,"column":4},"end":{"line":65,"column":5}},"loc":{"start":{"line":65,"column":24},"end":{"line":93,"column":5}},"line":65},"6":{"name":"(anonymous_6)","decl":{"start":{"line":94,"column":4},"end":{"line":94,"column":5}},"loc":{"start":{"line":94,"column":54},"end":{"line":110,"column":5}},"line":94},"7":{"name":"(anonymous_7)","decl":{"start":{"line":107,"column":31},"end":{"line":107,"column":32}},"loc":{"start":{"line":107,"column":38},"end":{"line":109,"column":9}},"line":107},"8":{"name":"(anonymous_8)","decl":{"start":{"line":111,"column":4},"end":{"line":111,"column":5}},"loc":{"start":{"line":111,"column":51},"end":{"line":127,"column":5}},"line":111},"9":{"name":"(anonymous_9)","decl":{"start":{"line":124,"column":31},"end":{"line":124,"column":32}},"loc":{"start":{"line":124,"column":38},"end":{"line":126,"column":9}},"line":124},"10":{"name":"(anonymous_10)","decl":{"start":{"line":128,"column":4},"end":{"line":128,"column":5}},"loc":{"start":{"line":128,"column":48},"end":{"line":144,"column":5}},"line":128},"11":{"name":"(anonymous_11)","decl":{"start":{"line":141,"column":31},"end":{"line":141,"column":32}},"loc":{"start":{"line":141,"column":38},"end":{"line":143,"column":9}},"line":141}},"branchMap":{"0":{"loc":{"start":{"line":7,"column":8},"end":{"line":9,"column":9}},"type":"if","locations":[{"start":{"line":7,"column":8},"end":{"line":9,"column":9}},{"start":{"line":7,"column":8},"end":{"line":9,"column":9}}],"line":7},"1":{"loc":{"start":{"line":10,"column":8},"end":{"line":12,"column":9}},"type":"if","locations":[{"start":{"line":10,"column":8},"end":{"line":12,"column":9}},{"start":{"line":10,"column":8},"end":{"line":12,"column":9}}],"line":10},"2":{"loc":{"start":{"line":13,"column":8},"end":{"line":15,"column":9}},"type":"if","locations":[{"start":{"line":13,"column":8},"end":{"line":15,"column":9}},{"start":{"line":13,"column":8},"end":{"line":15,"column":9}}],"line":13},"3":{"loc":{"start":{"line":16,"column":8},"end":{"line":18,"column":9}},"type":"if","locations":[{"start":{"line":16,"column":8},"end":{"line":18,"column":9}},{"start":{"line":16,"column":8},"end":{"line":18,"column":9}}],"line":16},"4":{"loc":{"start":{"line":19,"column":8},"end":{"line":21,"column":9}},"type":"if","locations":[{"start":{"line":19,"column":8},"end":{"line":21,"column":9}},{"start":{"line":19,"column":8},"end":{"line":21,"column":9}}],"line":19},"5":{"loc":{"start":{"line":25,"column":8},"end":{"line":27,"column":9}},"type":"if","locations":[{"start":{"line":25,"column":8},"end":{"line":27,"column":9}},{"start":{"line":25,"column":8},"end":{"line":27,"column":9}}],"line":25},"6":{"loc":{"start":{"line":28,"column":8},"end":{"line":30,"column":9}},"type":"if","locations":[{"start":{"line":28,"column":8},"end":{"line":30,"column":9}},{"start":{"line":28,"column":8},"end":{"line":30,"column":9}}],"line":28},"7":{"loc":{"start":{"line":31,"column":8},"end":{"line":33,"column":9}},"type":"if","locations":[{"start":{"line":31,"column":8},"end":{"line":33,"column":9}},{"start":{"line":31,"column":8},"end":{"line":33,"column":9}}],"line":31},"8":{"loc":{"start":{"line":34,"column":8},"end":{"line":36,"column":9}},"type":"if","locations":[{"start":{"line":34,"column":8},"end":{"line":36,"column":9}},{"start":{"line":34,"column":8},"end":{"line":36,"column":9}}],"line":34},"9":{"loc":{"start":{"line":37,"column":8},"end":{"line":39,"column":9}},"type":"if","locations":[{"start":{"line":37,"column":8},"end":{"line":39,"column":9}},{"start":{"line":37,"column":8},"end":{"line":39,"column":9}}],"line":37},"10":{"loc":{"start":{"line":52,"column":8},"end":{"line":54,"column":9}},"type":"if","locations":[{"start":{"line":52,"column":8},"end":{"line":54,"column":9}},{"start":{"line":52,"column":8},"end":{"line":54,"column":9}}],"line":52},"11":{"loc":{"start":{"line":55,"column":8},"end":{"line":57,"column":9}},"type":"if","locations":[{"start":{"line":55,"column":8},"end":{"line":57,"column":9}},{"start":{"line":55,"column":8},"end":{"line":57,"column":9}}],"line":55},"12":{"loc":{"start":{"line":63,"column":15},"end":{"line":63,"column":91}},"type":"binary-expr","locations":[{"start":{"line":63,"column":15},"end":{"line":63,"column":35}},{"start":{"line":63,"column":39},"end":{"line":63,"column":63}},{"start":{"line":63,"column":67},"end":{"line":63,"column":91}}],"line":63},"13":{"loc":{"start":{"line":66,"column":8},"end":{"line":92,"column":9}},"type":"if","locations":[{"start":{"line":66,"column":8},"end":{"line":92,"column":9}},{"start":{"line":66,"column":8},"end":{"line":92,"column":9}}],"line":66},"14":{"loc":{"start":{"line":66,"column":12},"end":{"line":66,"column":56}},"type":"binary-expr","locations":[{"start":{"line":66,"column":12},"end":{"line":66,"column":33}},{"start":{"line":66,"column":37},"end":{"line":66,"column":56}}],"line":66},"15":{"loc":{"start":{"line":68,"column":12},"end":{"line":70,"column":13}},"type":"if","locations":[{"start":{"line":68,"column":12},"end":{"line":70,"column":13}},{"start":{"line":68,"column":12},"end":{"line":70,"column":13}}],"line":68},"16":{"loc":{"start":{"line":73,"column":13},"end":{"line":92,"column":9}},"type":"if","locations":[{"start":{"line":73,"column":13},"end":{"line":92,"column":9}},{"start":{"line":73,"column":13},"end":{"line":92,"column":9}}],"line":73},"17":{"loc":{"start":{"line":75,"column":12},"end":{"line":77,"column":13}},"type":"if","locations":[{"start":{"line":75,"column":12},"end":{"line":77,"column":13}},{"start":{"line":75,"column":12},"end":{"line":77,"column":13}}],"line":75},"18":{"loc":{"start":{"line":80,"column":13},"end":{"line":92,"column":9}},"type":"if","locations":[{"start":{"line":80,"column":13},"end":{"line":92,"column":9}},{"start":{"line":80,"column":13},"end":{"line":92,"column":9}}],"line":80},"19":{"loc":{"start":{"line":82,"column":12},"end":{"line":84,"column":13}},"type":"if","locations":[{"start":{"line":82,"column":12},"end":{"line":84,"column":13}},{"start":{"line":82,"column":12},"end":{"line":84,"column":13}}],"line":82},"20":{"loc":{"start":{"line":87,"column":13},"end":{"line":92,"column":9}},"type":"if","locations":[{"start":{"line":87,"column":13},"end":{"line":92,"column":9}},{"start":{"line":87,"column":13},"end":{"line":92,"column":9}}],"line":87},"21":{"loc":{"start":{"line":98,"column":8},"end":{"line":100,"column":9}},"type":"if","locations":[{"start":{"line":98,"column":8},"end":{"line":100,"column":9}},{"start":{"line":98,"column":8},"end":{"line":100,"column":9}}],"line":98},"22":{"loc":{"start":{"line":101,"column":8},"end":{"line":103,"column":9}},"type":"if","locations":[{"start":{"line":101,"column":8},"end":{"line":103,"column":9}},{"start":{"line":101,"column":8},"end":{"line":103,"column":9}}],"line":101},"23":{"loc":{"start":{"line":104,"column":8},"end":{"line":106,"column":9}},"type":"if","locations":[{"start":{"line":104,"column":8},"end":{"line":106,"column":9}},{"start":{"line":104,"column":8},"end":{"line":106,"column":9}}],"line":104},"24":{"loc":{"start":{"line":115,"column":8},"end":{"line":117,"column":9}},"type":"if","locations":[{"start":{"line":115,"column":8},"end":{"line":117,"column":9}},{"start":{"line":115,"column":8},"end":{"line":117,"column":9}}],"line":115},"25":{"loc":{"start":{"line":118,"column":8},"end":{"line":120,"column":9}},"type":"if","locations":[{"start":{"line":118,"column":8},"end":{"line":120,"column":9}},{"start":{"line":118,"column":8},"end":{"line":120,"column":9}}],"line":118},"26":{"loc":{"start":{"line":121,"column":8},"end":{"line":123,"column":9}},"type":"if","locations":[{"start":{"line":121,"column":8},"end":{"line":123,"column":9}},{"start":{"line":121,"column":8},"end":{"line":123,"column":9}}],"line":121},"27":{"loc":{"start":{"line":132,"column":8},"end":{"line":134,"column":9}},"type":"if","locations":[{"start":{"line":132,"column":8},"end":{"line":134,"column":9}},{"start":{"line":132,"column":8},"end":{"line":134,"column":9}}],"line":132},"28":{"loc":{"start":{"line":135,"column":8},"end":{"line":137,"column":9}},"type":"if","locations":[{"start":{"line":135,"column":8},"end":{"line":137,"column":9}},{"start":{"line":135,"column":8},"end":{"line":137,"column":9}}],"line":135},"29":{"loc":{"start":{"line":138,"column":8},"end":{"line":140,"column":9}},"type":"if","locations":[{"start":{"line":138,"column":8},"end":{"line":140,"column":9}},{"start":{"line":138,"column":8},"end":{"line":140,"column":9}}],"line":138}},"s":{"0":1,"1":1,"2":1,"3":1163191,"4":2,"5":1163189,"6":1163183,"7":6,"8":2,"9":4,"10":2,"11":2,"12":2,"13":0,"14":1228299,"15":7,"16":1228292,"17":7,"18":1228285,"19":7,"20":1228278,"21":775514,"22":452764,"23":452589,"24":175,"25":129895,"26":129895,"27":175,"28":32,"29":32,"30":1,"31":31,"32":1,"33":30,"34":30,"35":34,"36":34,"37":1098406,"38":258448,"39":258448,"40":0,"41":258448,"42":839958,"43":129225,"44":129225,"45":1,"46":129224,"47":710733,"48":258448,"49":258448,"50":0,"51":258448,"52":452285,"53":1,"54":452284,"55":8,"56":8,"57":8,"58":8,"59":0,"60":8,"61":1,"62":7,"63":0,"64":7,"65":452284,"66":4,"67":4,"68":4,"69":4,"70":0,"71":4,"72":0,"73":4,"74":0,"75":4,"76":258448,"77":8,"78":8,"79":8,"80":8,"81":0,"82":8,"83":1,"84":7,"85":0,"86":7,"87":452284,"88":1},"f":{"0":1163191,"1":1228299,"2":129895,"3":32,"4":34,"5":1098406,"6":8,"7":452284,"8":4,"9":258448,"10":8,"11":452284},"b":{"0":[2,1163189],"1":[1163183,6],"2":[2,4],"3":[2,2],"4":[2,0],"5":[7,1228292],"6":[7,1228285],"7":[7,1228278],"8":[775514,452764],"9":[452589,175],"10":[1,31],"11":[1,30],"12":[34,30,24],"13":[258448,839958],"14":[1098406,387673],"15":[0,258448],"16":[129225,710733],"17":[1,129224],"18":[258448,452285],"19":[0,258448],"20":[1,452284],"21":[0,8],"22":[1,7],"23":[0,7],"24":[0,4],"25":[0,4],"26":[0,4],"27":[0,8],"28":[1,7],"29":[0,7]},"inputSourceMap":{"version":3,"file":"D:/000_Edrick/UBC/CPSC_310/project_team139/src/controller/helperFunction.ts","sources":["D:/000_Edrick/UBC/CPSC_310/project_team139/src/controller/helperFunction.ts"],"names":[],"mappings":";;;AAAA,qDAAgD;AAGhD,MAAa,cAAc;IACnB,WAAW,CAAC,KAAa,EAAE,CAAU;QAC3C,IAAI,KAAK,KAAK,MAAM,EAAE;YACrB,OAAO,CAAC,CAAC,IAAI,CAAC;SACd;QACD,IAAI,KAAK,KAAK,KAAK,EAAE;YACpB,OAAO,CAAC,CAAC,GAAG,CAAC;SACb;QACD,IAAI,KAAK,KAAK,MAAM,EAAE;YACrB,OAAO,CAAC,CAAC,IAAI,CAAC;SACd;QACD,IAAI,KAAK,KAAK,MAAM,EAAE;YACrB,OAAO,CAAC,CAAC,IAAI,CAAC;SACd;QACD,IAAI,KAAK,KAAK,OAAO,EAAE;YACtB,OAAO,CAAC,CAAC,KAAK,CAAC;SACf;QACD,MAAM,IAAI,6BAAY,EAAE,CAAC;IAC1B,CAAC;IAEM,cAAc,CAAC,KAAa,EAAE,CAAU;QAC9C,IAAI,KAAK,KAAK,MAAM,EAAE;YACrB,OAAO,CAAC,CAAC,IAAI,CAAC;SACd;QACD,IAAI,KAAK,KAAK,IAAI,EAAE;YACnB,OAAO,CAAC,CAAC,EAAE,CAAC;SACZ;QACD,IAAI,KAAK,KAAK,OAAO,EAAE;YACtB,OAAO,CAAC,CAAC,KAAK,CAAC;SACf;QACD,IAAI,KAAK,KAAK,YAAY,EAAE;YAC3B,OAAO,CAAC,CAAC,UAAU,CAAC;SACpB;QACD,IAAI,KAAK,KAAK,MAAM,EAAE;YACrB,OAAO,CAAC,CAAC,IAAI,CAAC;SACd;QAED,MAAM,IAAI,6BAAY,CAAC,gBAAgB,CAAC,CAAC;IAC1C,CAAC;IAEM,WAAW,CAAC,KAAa,EAAE,CAAU;QAC3C,IAAI;YACH,OAAO,IAAI,CAAC,cAAc,CAAC,KAAK,EAAE,CAAC,CAAC,CAAC;SACrC;QAAC,MAAM;YACP,OAAO,IAAI,CAAC,WAAW,CAAC,KAAK,EAAE,CAAC,CAAC,CAAC;SAClC;IACF,CAAC;IAEM,KAAK,CAAC,UAAU,CAAC,OAAY;QAGnC,MAAM,OAAO,GAAG,OAAO,CAAC,OAAc,CAAC;QACvC,IAAI,CAAC,OAAO,EAAE;YACb,MAAM,IAAI,6BAAY,CAAC,YAAY,CAAC,CAAC;SACrC;QACD,IAAI,OAAO,CAAC,MAAM,KAAK,CAAC,EAAE;YACzB,MAAM,IAAI,6BAAY,CAAC,iBAAiB,CAAC,CAAC;SAC1C;QACD,MAAM,EAAE,GAAG,OAAO,CAAC,CAAC,CAAC,CAAC,KAAK,CAAC,GAAG,CAAC,CAAC,CAAC,CAAC,CAAC;QACpC,OAAO,EAAE,CAAC;IACX,CAAC;IAEM,SAAS,CAAC,EAAU;QAC1B,MAAM,SAAS,GAAG,EAAE,CAAC,IAAI,EAAE,CAAC;QAC5B,OAAO,SAAS,CAAC,MAAM,GAAG,CAAC,IAAI,CAAC,SAAS,CAAC,QAAQ,CAAC,GAAG,CAAC,IAAI,CAAC,SAAS,CAAC,QAAQ,CAAC,GAAG,CAAC,CAAC;IACrF,CAAC;IAEM,YAAY,CAAC,KAAa;QAChC,IAAI,KAAK,CAAC,UAAU,CAAC,GAAG,CAAC,IAAI,KAAK,CAAC,QAAQ,CAAC,GAAG,CAAC,EAAE;YACjD,MAAM,SAAS,GAAG,KAAK,CAAC,KAAK,CAAC,CAAC,EAAE,CAAC,CAAC,CAAC,CAAC;YACrC,IAAI,SAAS,CAAC,QAAQ,CAAC,GAAG,CAAC,EAAE;gBAC5B,MAAM,IAAI,6BAAY,CAAC,iDAAiD,CAAC,CAAC;aAC1E;YACD,OAAO,UAAU,CAAC;SAClB;aAAM,IAAI,KAAK,CAAC,UAAU,CAAC,GAAG,CAAC,EAAE;YACjC,MAAM,SAAS,GAAG,KAAK,CAAC,KAAK,CAAC,CAAC,CAAC,CAAC;YACjC,IAAI,SAAS,CAAC,QAAQ,CAAC,GAAG,CAAC,EAAE;gBAC5B,MAAM,IAAI,6BAAY,CAAC,iDAAiD,CAAC,CAAC;aAC1E;YACD,OAAO,OAAO,CAAC;SACf;aAAM,IAAI,KAAK,CAAC,QAAQ,CAAC,GAAG,CAAC,EAAE;YAC/B,MAAM,SAAS,GAAG,KAAK,CAAC,KAAK,CAAC,CAAC,EAAE,CAAC,CAAC,CAAC,CAAC;YACrC,IAAI,SAAS,CAAC,QAAQ,CAAC,GAAG,CAAC,EAAE;gBAC5B,MAAM,IAAI,6BAAY,CAAC,iDAAiD,CAAC,CAAC;aAC1E;YACD,OAAO,KAAK,CAAC;SACb;aAAM,IAAI,KAAK,CAAC,QAAQ,CAAC,GAAG,CAAC,EAAE;YAC/B,MAAM,IAAI,6BAAY,CAAC,iDAAiD,CAAC,CAAC;SAC1E;aAAM;YACN,OAAO,QAAQ,CAAC;SAChB;IACF,CAAC;IAEM,KAAK,CAAC,iBAAiB,CAAC,KAAU,EAAE,QAAmB,EAAE,OAAe;QAC9E,MAAM,CAAC,GAAG,EAAE,KAAK,CAAC,GAAsB,MAAM,CAAC,OAAO,CAAC,KAAK,CAAC,EAAE,CAAC,CAAC,CAAC,CAAC,CAAC;QACpE,MAAM,KAAK,GAAG,GAAG,CAAC,KAAK,CAAC,GAAG,CAAC,CAAC,CAAC,CAAC,CAAC;QAChC,MAAM,OAAO,GAAG,GAAG,CAAC,KAAK,CAAC,GAAG,CAAC,CAAC,CAAC,CAAC,CAAC;QAClC,IAAI,OAAO,KAAK,OAAO,EAAE;YACxB,MAAM,IAAI,6BAAY,CAAC,EAAE,CAAC,CAAC;SAC3B;QACD,IAAI,OAAO,KAAK,KAAK,QAAQ,EAAE;YAC9B,MAAM,IAAI,6BAAY,CAAC,0BAA0B,GAAG,+BAA+B,OAAO,KAAK,EAAE,CAAC,CAAC;SACnG;QAED,IAAI,KAAK,CAAC,KAAK,CAAC,EAAE;YACjB,MAAM,IAAI,6BAAY,CAAC,qBAAqB,GAAG,uBAAuB,CAAC,CAAC;SACxE;QAED,OAAO,QAAQ,CAAC,MAAM,CAAC,CAAC,CAAC,EAAE,EAAE;YAC5B,OAAO,IAAI,CAAC,WAAW,CAAC,KAAK,EAAE,CAAC,CAAC,GAAG,KAAK,CAAC;QAC3C,CAAC,CAAC,CAAC;IACJ,CAAC;IAEM,KAAK,CAAC,cAAc,CAAC,KAAU,EAAE,QAAmB,EAAE,OAAe;QAC3E,MAAM,CAAC,GAAG,EAAE,KAAK,CAAC,GAAsB,MAAM,CAAC,OAAO,CAAC,KAAK,CAAC,EAAE,CAAC,CAAC,CAAC,CAAC,CAAC;QACpE,MAAM,KAAK,GAAG,GAAG,CAAC,KAAK,CAAC,GAAG,CAAC,CAAC,CAAC,CAAC,CAAC;QAChC,MAAM,OAAO,GAAG,GAAG,CAAC,KAAK,CAAC,GAAG,CAAC,CAAC,CAAC,CAAC,CAAC;QAClC,IAAI,OAAO,KAAK,OAAO,EAAE;YACxB,MAAM,IAAI,6BAAY,CAAC,EAAE,CAAC,CAAC;SAC3B;QAED,IAAI,OAAO,KAAK,KAAK,QAAQ,EAAE;YAC9B,MAAM,IAAI,6BAAY,CAAC,0BAA0B,GAAG,+BAA+B,OAAO,KAAK,EAAE,CAAC,CAAC;SACnG;QAED,IAAI,KAAK,CAAC,KAAK,CAAC,EAAE;YACjB,MAAM,IAAI,6BAAY,CAAC,qBAAqB,GAAG,uBAAuB,CAAC,CAAC;SACxE;QAED,OAAO,QAAQ,CAAC,MAAM,CAAC,CAAC,CAAC,EAAE,EAAE;YAC5B,OAAO,IAAI,CAAC,WAAW,CAAC,KAAK,EAAE,CAAC,CAAC,GAAG,KAAK,CAAC;QAC3C,CAAC,CAAC,CAAC;IACJ,CAAC;IAEM,KAAK,CAAC,WAAW,CAAC,KAAU,EAAE,QAAmB,EAAE,OAAe;QACxE,MAAM,CAAC,GAAG,EAAE,KAAK,CAAC,GAAsB,MAAM,CAAC,OAAO,CAAC,KAAK,CAAC,EAAE,CAAC,CAAC,CAAC,CAAC,CAAC;QACpE,MAAM,KAAK,GAAG,GAAG,CAAC,KAAK,CAAC,GAAG,CAAC,CAAC,CAAC,CAAC,CAAC;QAChC,MAAM,OAAO,GAAG,GAAG,CAAC,KAAK,CAAC,GAAG,CAAC,CAAC,CAAC,CAAC,CAAC;QAClC,IAAI,OAAO,KAAK,OAAO,EAAE;YACxB,MAAM,IAAI,6BAAY,CAAC,EAAE,CAAC,CAAC;SAC3B;QAED,IAAI,OAAO,KAAK,KAAK,QAAQ,EAAE;YAC9B,MAAM,IAAI,6BAAY,CAAC,0BAA0B,GAAG,+BAA+B,OAAO,KAAK,EAAE,CAAC,CAAC;SACnG;QAED,IAAI,KAAK,CAAC,KAAK,CAAC,EAAE;YACjB,MAAM,IAAI,6BAAY,CAAC,qBAAqB,GAAG,uBAAuB,CAAC,CAAC;SACxE;QACD,OAAO,QAAQ,CAAC,MAAM,CAAC,CAAC,CAAC,EAAE,EAAE;YAC5B,OAAO,IAAI,CAAC,WAAW,CAAC,KAAK,EAAE,CAAC,CAAC,KAAK,KAAK,CAAC;QAC7C,CAAC,CAAC,CAAC;IACJ,CAAC;CACD;AAzJD,wCAyJC","sourcesContent":["import { InsightError } from \"./IInsightFacade\";\nimport { Section } from \"./helperClass\";\n\nexport class HelperFunction {\n\tpublic getParamNum(param: String, s: Section): number {\n\t\tif (param === \"year\") {\n\t\t\treturn s.year;\n\t\t}\n\t\tif (param === \"avg\") {\n\t\t\treturn s.avg;\n\t\t}\n\t\tif (param === \"pass\") {\n\t\t\treturn s.pass;\n\t\t}\n\t\tif (param === \"fail\") {\n\t\t\treturn s.fail;\n\t\t}\n\t\tif (param === \"audit\") {\n\t\t\treturn s.audit;\n\t\t}\n\t\tthrow new InsightError();\n\t}\n\n\tpublic getParamString(param: String, s: Section): string {\n\t\tif (param === \"uuid\") {\n\t\t\treturn s.uuid;\n\t\t}\n\t\tif (param === \"id\") {\n\t\t\treturn s.id;\n\t\t}\n\t\tif (param === \"title\") {\n\t\t\treturn s.title;\n\t\t}\n\t\tif (param === \"instructor\") {\n\t\t\treturn s.instructor;\n\t\t}\n\t\tif (param === \"dept\") {\n\t\t\treturn s.dept;\n\t\t}\n\n\t\tthrow new InsightError(\"no valid param\");\n\t}\n\n\tpublic getParamAll(param: String, s: Section): number | string {\n\t\ttry {\n\t\t\treturn this.getParamString(param, s);\n\t\t} catch {\n\t\t\treturn this.getParamNum(param, s);\n\t\t}\n\t}\n\n\tpublic async getQueryId(options: any): Promise<string> {\n\t\t// TODO: return dataset id from first element of column\n\t\t// check for no column and empty column\n\t\tconst columns = options.COLUMNS as any;\n\t\tif (!columns) {\n\t\t\tthrow new InsightError(\"no columns\");\n\t\t}\n\t\tif (columns.length === 0) {\n\t\t\tthrow new InsightError(\"column is empty\");\n\t\t}\n\t\tconst id = columns[0].split(\"_\")[0];\n\t\treturn id;\n\t}\n\n\tpublic isValidId(id: string): boolean {\n\t\tconst trimmedId = id.trim();\n\t\treturn trimmedId.length > 0 && !trimmedId.includes(\"_\") && !trimmedId.includes(\" \");\n\t}\n\n\tpublic getValueType(value: string): string {\n\t\tif (value.startsWith(\"*\") && value.endsWith(\"*\")) {\n\t\t\tconst newString = value.slice(1, -1);\n\t\t\tif (newString.includes(\"*\")) {\n\t\t\t\tthrow new InsightError(\"Invalid wildcards filter: * found in the middle\");\n\t\t\t}\n\t\t\treturn \"startend\";\n\t\t} else if (value.startsWith(\"*\")) {\n\t\t\tconst newString = value.slice(1);\n\t\t\tif (newString.includes(\"*\")) {\n\t\t\t\tthrow new InsightError(\"Invalid wildcards filter: * found in the middle\");\n\t\t\t}\n\t\t\treturn \"start\";\n\t\t} else if (value.endsWith(\"*\")) {\n\t\t\tconst newString = value.slice(0, -1);\n\t\t\tif (newString.includes(\"*\")) {\n\t\t\t\tthrow new InsightError(\"Invalid wildcards filter: * found in the middle\");\n\t\t\t}\n\t\t\treturn \"end\";\n\t\t} else if (value.includes(\"*\")) {\n\t\t\tthrow new InsightError(\"Invalid wildcards filter: * found in the middle\");\n\t\t} else {\n\t\t\treturn \"normal\";\n\t\t}\n\t}\n\n\tpublic async handleGreaterThan(where: any, sections: Section[], queryId: string): Promise<Section[]> {\n\t\tconst [key, value]: [string, unknown] = Object.entries(where.GT)[0];\n\t\tconst param = key.split(\"_\")[1];\n\t\tconst dataset = key.split(\"_\")[0];\n\t\tif (dataset !== queryId) {\n\t\t\tthrow new InsightError(\"\");\n\t\t}\n\t\tif (typeof value !== \"number\") {\n\t\t\tthrow new InsightError(`Invalid value type for ${key}. Expected a number but got ${typeof value}`);\n\t\t}\n\n\t\tif (isNaN(value)) {\n\t\t\tthrow new InsightError(`Invalid value for ${key}. NaN is not allowed.`);\n\t\t}\n\n\t\treturn sections.filter((s) => {\n\t\t\treturn this.getParamNum(param, s) > value;\n\t\t});\n\t}\n\n\tpublic async handleLessThan(where: any, sections: Section[], queryId: string): Promise<Section[]> {\n\t\tconst [key, value]: [string, unknown] = Object.entries(where.LT)[0];\n\t\tconst param = key.split(\"_\")[1];\n\t\tconst dataset = key.split(\"_\")[0];\n\t\tif (dataset !== queryId) {\n\t\t\tthrow new InsightError(\"\");\n\t\t}\n\t\t// console.log(param);\n\t\tif (typeof value !== \"number\") {\n\t\t\tthrow new InsightError(`Invalid value type for ${key}. Expected a number but got ${typeof value}`);\n\t\t}\n\n\t\tif (isNaN(value)) {\n\t\t\tthrow new InsightError(`Invalid value for ${key}. NaN is not allowed.`);\n\t\t}\n\n\t\treturn sections.filter((s) => {\n\t\t\treturn this.getParamNum(param, s) < value;\n\t\t});\n\t}\n\n\tpublic async handleEqual(where: any, sections: Section[], queryId: string): Promise<Section[]> {\n\t\tconst [key, value]: [string, unknown] = Object.entries(where.EQ)[0];\n\t\tconst param = key.split(\"_\")[1];\n\t\tconst dataset = key.split(\"_\")[0];\n\t\tif (dataset !== queryId) {\n\t\t\tthrow new InsightError(\"\");\n\t\t}\n\t\t// console.log(param);\n\t\tif (typeof value !== \"number\") {\n\t\t\tthrow new InsightError(`Invalid value type for ${key}. Expected a number but got ${typeof value}`);\n\t\t}\n\n\t\tif (isNaN(value)) {\n\t\t\tthrow new InsightError(`Invalid value for ${key}. NaN is not allowed.`);\n\t\t}\n\t\treturn sections.filter((s) => {\n\t\t\treturn this.getParamNum(param, s) === value;\n\t\t});\n\t}\n}\n"]},"_coverageSchema":"1a1c01bbd47fc00a2c39e90264f33305004495a9","hash":"30cd1b8839bd2e0ce378dc6194900f3bff24d56c","contentHash":"4eaaa90d2cc60b80910c17c403e59329c06fe89ad882d39f0202ed9d83ba4fe6"}}