{"D:\\000_Edrick\\UBC\\CPSC_310\\project_team139\\src\\controller\\IInsightFacade.ts":{"path":"D:\\000_Edrick\\UBC\\CPSC_310\\project_team139\\src\\controller\\IInsightFacade.ts","statementMap":{"0":{"start":{"line":2,"column":0},"end":{"line":2,"column":62}},"1":{"start":{"line":3,"column":0},"end":{"line":3,"column":113}},"2":{"start":{"line":5,"column":0},"end":{"line":8,"column":89}},"3":{"start":{"line":6,"column":4},"end":{"line":6,"column":48}},"4":{"start":{"line":7,"column":4},"end":{"line":7,"column":42}},"5":{"start":{"line":11,"column":8},"end":{"line":11,"column":23}},"6":{"start":{"line":12,"column":8},"end":{"line":12,"column":52}},"7":{"start":{"line":15,"column":0},"end":{"line":15,"column":36}},"8":{"start":{"line":18,"column":8},"end":{"line":18,"column":23}},"9":{"start":{"line":19,"column":8},"end":{"line":19,"column":53}},"10":{"start":{"line":22,"column":0},"end":{"line":22,"column":38}},"11":{"start":{"line":25,"column":8},"end":{"line":25,"column":23}},"12":{"start":{"line":26,"column":8},"end":{"line":26,"column":59}},"13":{"start":{"line":29,"column":0},"end":{"line":29,"column":50}}},"fnMap":{"0":{"name":"(anonymous_0)","decl":{"start":{"line":5,"column":1},"end":{"line":5,"column":2}},"loc":{"start":{"line":5,"column":31},"end":{"line":8,"column":1}},"line":5},"1":{"name":"(anonymous_1)","decl":{"start":{"line":10,"column":4},"end":{"line":10,"column":5}},"loc":{"start":{"line":10,"column":25},"end":{"line":13,"column":5}},"line":10},"2":{"name":"(anonymous_2)","decl":{"start":{"line":17,"column":4},"end":{"line":17,"column":5}},"loc":{"start":{"line":17,"column":25},"end":{"line":20,"column":5}},"line":17},"3":{"name":"(anonymous_3)","decl":{"start":{"line":24,"column":4},"end":{"line":24,"column":5}},"loc":{"start":{"line":24,"column":25},"end":{"line":27,"column":5}},"line":24}},"branchMap":{"0":{"loc":{"start":{"line":8,"column":24},"end":{"line":8,"column":87}},"type":"binary-expr","locations":[{"start":{"line":8,"column":24},"end":{"line":8,"column":50}},{"start":{"line":8,"column":55},"end":{"line":8,"column":86}}],"line":8}},"s":{"0":1,"1":1,"2":1,"3":1,"4":1,"5":266,"6":266,"7":1,"8":3,"9":3,"10":1,"11":1,"12":1,"13":1},"f":{"0":1,"1":266,"2":3,"3":1},"b":{"0":[1,1]},"inputSourceMap":{"version":3,"file":"D:/000_Edrick/UBC/CPSC_310/project_team139/src/controller/IInsightFacade.ts","sources":["D:/000_Edrick/UBC/CPSC_310/project_team139/src/controller/IInsightFacade.ts"],"names":[],"mappings":";;;AAMA,IAAY,kBAGX;AAHD,WAAY,kBAAkB;IAC7B,2CAAqB,CAAA;IACrB,qCAAe,CAAA;AAChB,CAAC,EAHW,kBAAkB,GAAlB,0BAAkB,KAAlB,0BAAkB,QAG7B;AAUD,MAAa,YAAa,SAAQ,KAAK;IACtC,YAAY,OAAgB;QAC3B,KAAK,CAAC,OAAO,CAAC,CAAC;QACf,KAAK,CAAC,iBAAiB,CAAC,IAAI,EAAE,YAAY,CAAC,CAAC;IAC7C,CAAC;CACD;AALD,oCAKC;AAED,MAAa,aAAc,SAAQ,KAAK;IACvC,YAAY,OAAgB;QAC3B,KAAK,CAAC,OAAO,CAAC,CAAC;QACf,KAAK,CAAC,iBAAiB,CAAC,IAAI,EAAE,aAAa,CAAC,CAAC;IAC9C,CAAC;CACD;AALD,sCAKC;AAED,MAAa,mBAAoB,SAAQ,KAAK;IAC7C,YAAY,OAAgB;QAC3B,KAAK,CAAC,OAAO,CAAC,CAAC;QACf,KAAK,CAAC,iBAAiB,CAAC,IAAI,EAAE,mBAAmB,CAAC,CAAC;IACpD,CAAC;CACD;AALD,kDAKC","sourcesContent":["/*\n * This is the primary high-level API for the project. In this folder there should be:\n * A class called InsightFacade, this should be in a file called InsightFacade.ts.\n * You should not change this interface at all or the test suite will not work.\n */\n\nexport enum InsightDatasetKind {\n\tSections = \"sections\",\n\tRooms = \"rooms\",\n}\n\nexport interface InsightDataset {\n\tid: string;\n\tkind: InsightDatasetKind;\n\tnumRows: number;\n}\n\nexport type InsightResult = Record<string, string | number>;\n\nexport class InsightError extends Error {\n\tconstructor(message?: string) {\n\t\tsuper(message);\n\t\tError.captureStackTrace(this, InsightError);\n\t}\n}\n\nexport class NotFoundError extends Error {\n\tconstructor(message?: string) {\n\t\tsuper(message);\n\t\tError.captureStackTrace(this, NotFoundError);\n\t}\n}\n\nexport class ResultTooLargeError extends Error {\n\tconstructor(message?: string) {\n\t\tsuper(message);\n\t\tError.captureStackTrace(this, ResultTooLargeError);\n\t}\n}\n\nexport interface IInsightFacade {\n\t/**\n\t * Add a dataset to insightUBC.\n\t *\n\t * @param id  The id of the dataset being added. Follows the format /^[^_]+$/\n\t * @param content  The base64 content of the dataset. This content should be in the form of a serialized zip file.\n\t * @param kind  The kind of the dataset\n\t *\n\t * @return Promise <string[]>\n\t *\n\t * The promise should fulfill on a successful add, reject for any failures.\n\t * The promise should fulfill with a string array,\n\t * containing the ids of all currently added datasets upon a successful add.\n\t * The promise should reject with an InsightError describing the error.\n\t *\n\t * An id is invalid if it contains an underscore, or is only whitespace characters.\n\t * If id is the same as the id of an already added dataset, the dataset should be rejected and not saved.\n\t *\n\t * After receiving the dataset, it should be processed into a data structure of\n\t * your design. The processed data structure should be persisted to disk; your\n\t * system should be able to load this persisted value into memory for answering\n\t * queries.\n\t *\n\t * Ultimately, a dataset must be added or loaded from disk before queries can\n\t * be successfully answered.\n\t */\n\taddDataset(id: string, content: string, kind: InsightDatasetKind): Promise<string[]>;\n\n\t/**\n\t * Remove a dataset from insightUBC.\n\t *\n\t * @param id  The id of the dataset to remove. Follows the format /^[^_]+$/\n\t *\n\t * @return Promise <string>\n\t *\n\t * The promise should fulfill upon a successful removal, reject on any error.\n\t * Attempting to remove a dataset that hasn't been added yet counts as an error.\n\t *\n\t * An id is invalid if it contains an underscore, or is only whitespace characters.\n\t *\n\t * The promise should fulfill the id of the dataset that was removed.\n\t * The promise should reject with a NotFoundError (if a valid id was not yet added)\n\t * or an InsightError (invalid id or any other source of failure) describing the error.\n\t *\n\t * This will delete both disk and memory caches for the dataset for the id meaning\n\t * that subsequent queries for that id should fail unless a new addDataset happens first.\n\t */\n\tremoveDataset(id: string): Promise<string>;\n\n\t/**\n\t * Perform a query on insightUBC.\n\t *\n\t * @param query  The query to be performed.\n\t *\n\t * If a query is incorrectly formatted, references a dataset not added (in memory or on disk),\n\t * or references multiple datasets, it should be rejected.\n\t *\n\t * @return Promise <InsightResult[]>\n\t *\n\t * The promise should fulfill with an array of results.\n\t * The promise should reject with a ResultTooLargeError (if the query returns too many results)\n\t * or an InsightError (for any other source of failure) describing the error.\n\t */\n\tperformQuery(query: unknown): Promise<InsightResult[]>;\n\n\t/**\n\t * List all currently added datasets, their types, and number of rows.\n\t *\n\t * @return Promise <InsightDataset[]>\n\t * The promise should fulfill an array of currently added InsightDatasets, and will only fulfill.\n\t */\n\tlistDatasets(): Promise<InsightDataset[]>;\n}\n"]},"_coverageSchema":"1a1c01bbd47fc00a2c39e90264f33305004495a9","hash":"0edcbd741df7bc084b9e75af7bef382455fbac42","contentHash":"c164cfdc6b2e297e9cc51d719a97397203f9d54e45e6e278604f801085141be2"},"D:\\000_Edrick\\UBC\\CPSC_310\\project_team139\\src\\controller\\InsightFacade.ts":{"path":"D:\\000_Edrick\\UBC\\CPSC_310\\project_team139\\src\\controller\\InsightFacade.ts","statementMap":{"0":{"start":{"line":2,"column":22},"end":{"line":12,"column":3}},"1":{"start":{"line":3,"column":4},"end":{"line":3,"column":33}},"2":{"start":{"line":3,"column":26},"end":{"line":3,"column":33}},"3":{"start":{"line":4,"column":15},"end":{"line":4,"column":52}},"4":{"start":{"line":5,"column":4},"end":{"line":7,"column":5}},"5":{"start":{"line":6,"column":6},"end":{"line":6,"column":68}},"6":{"start":{"line":6,"column":51},"end":{"line":6,"column":63}},"7":{"start":{"line":8,"column":4},"end":{"line":8,"column":39}},"8":{"start":{"line":10,"column":4},"end":{"line":10,"column":33}},"9":{"start":{"line":10,"column":26},"end":{"line":10,"column":33}},"10":{"start":{"line":11,"column":4},"end":{"line":11,"column":17}},"11":{"start":{"line":13,"column":25},"end":{"line":17,"column":2}},"12":{"start":{"line":14,"column":4},"end":{"line":14,"column":72}},"13":{"start":{"line":16,"column":4},"end":{"line":16,"column":21}},"14":{"start":{"line":18,"column":19},"end":{"line":24,"column":1}},"15":{"start":{"line":19,"column":4},"end":{"line":19,"column":42}},"16":{"start":{"line":19,"column":31},"end":{"line":19,"column":42}},"17":{"start":{"line":20,"column":17},"end":{"line":20,"column":19}},"18":{"start":{"line":21,"column":4},"end":{"line":21,"column":141}},"19":{"start":{"line":21,"column":21},"end":{"line":21,"column":141}},"20":{"start":{"line":21,"column":40},"end":{"line":21,"column":141}},"21":{"start":{"line":21,"column":109},"end":{"line":21,"column":141}},"22":{"start":{"line":22,"column":4},"end":{"line":22,"column":36}},"23":{"start":{"line":23,"column":4},"end":{"line":23,"column":18}},"24":{"start":{"line":25,"column":0},"end":{"line":25,"column":62}},"25":{"start":{"line":26,"column":25},"end":{"line":26,"column":52}},"26":{"start":{"line":27,"column":16},"end":{"line":27,"column":32}},"27":{"start":{"line":28,"column":11},"end":{"line":28,"column":44}},"28":{"start":{"line":29,"column":22},"end":{"line":29,"column":46}},"29":{"start":{"line":30,"column":25},"end":{"line":30,"column":52}},"30":{"start":{"line":31,"column":21},"end":{"line":31,"column":44}},"31":{"start":{"line":32,"column":15},"end":{"line":32,"column":46}},"32":{"start":{"line":33,"column":22},"end":{"line":33,"column":46}},"33":{"start":{"line":34,"column":31},"end":{"line":34,"column":64}},"34":{"start":{"line":35,"column":21},"end":{"line":35,"column":44}},"35":{"start":{"line":37,"column":15},"end":{"line":37,"column":24}},"36":{"start":{"line":38,"column":9},"end":{"line":38,"column":46}},"37":{"start":{"line":39,"column":9},"end":{"line":39,"column":38}},"38":{"start":{"line":40,"column":9},"end":{"line":40,"column":40}},"39":{"start":{"line":41,"column":9},"end":{"line":41,"column":58}},"40":{"start":{"line":42,"column":9},"end":{"line":42,"column":38}},"41":{"start":{"line":44,"column":8},"end":{"line":44,"column":46}},"42":{"start":{"line":45,"column":8},"end":{"line":47,"column":9}},"43":{"start":{"line":46,"column":12},"end":{"line":46,"column":66}},"44":{"start":{"line":48,"column":8},"end":{"line":50,"column":9}},"45":{"start":{"line":49,"column":12},"end":{"line":49,"column":78}},"46":{"start":{"line":52,"column":8},"end":{"line":73,"column":9}},"47":{"start":{"line":53,"column":12},"end":{"line":53,"column":78}},"48":{"start":{"line":54,"column":12},"end":{"line":69,"column":13}},"49":{"start":{"line":55,"column":30},"end":{"line":55,"column":55}},"50":{"start":{"line":56,"column":16},"end":{"line":58,"column":17}},"51":{"start":{"line":57,"column":20},"end":{"line":57,"column":81}},"52":{"start":{"line":59,"column":16},"end":{"line":61,"column":17}},"53":{"start":{"line":60,"column":20},"end":{"line":60,"column":83}},"54":{"start":{"line":62,"column":16},"end":{"line":62,"column":68}},"55":{"start":{"line":64,"column":17},"end":{"line":69,"column":13}},"56":{"start":{"line":65,"column":16},"end":{"line":65,"column":72}},"57":{"start":{"line":68,"column":16},"end":{"line":68,"column":80}},"58":{"start":{"line":72,"column":12},"end":{"line":72,"column":69}},"59":{"start":{"line":74,"column":8},"end":{"line":74,"column":48}},"60":{"start":{"line":77,"column":8},"end":{"line":77,"column":86}},"61":{"start":{"line":78,"column":8},"end":{"line":78,"column":83}},"62":{"start":{"line":79,"column":8},"end":{"line":81,"column":9}},"63":{"start":{"line":80,"column":12},"end":{"line":80,"column":66}},"64":{"start":{"line":82,"column":8},"end":{"line":84,"column":9}},"65":{"start":{"line":83,"column":12},"end":{"line":83,"column":71}},"66":{"start":{"line":85,"column":8},"end":{"line":85,"column":33}},"67":{"start":{"line":86,"column":8},"end":{"line":86,"column":51}},"68":{"start":{"line":87,"column":8},"end":{"line":87,"column":18}},"69":{"start":{"line":90,"column":29},"end":{"line":90,"column":98}},"70":{"start":{"line":91,"column":30},"end":{"line":91,"column":99}},"71":{"start":{"line":91,"column":72},"end":{"line":91,"column":98}},"72":{"start":{"line":92,"column":8},"end":{"line":94,"column":9}},"73":{"start":{"line":93,"column":12},"end":{"line":93,"column":76}},"74":{"start":{"line":95,"column":26},"end":{"line":95,"column":53}},"75":{"start":{"line":96,"column":8},"end":{"line":98,"column":9}},"76":{"start":{"line":97,"column":12},"end":{"line":97,"column":87}},"77":{"start":{"line":99,"column":29},"end":{"line":99,"column":60}},"78":{"start":{"line":100,"column":25},"end":{"line":100,"column":51}},"79":{"start":{"line":101,"column":23},"end":{"line":101,"column":68}},"80":{"start":{"line":102,"column":30},"end":{"line":102,"column":89}},"81":{"start":{"line":102,"column":53},"end":{"line":102,"column":88}},"82":{"start":{"line":103,"column":8},"end":{"line":105,"column":9}},"83":{"start":{"line":104,"column":12},"end":{"line":104,"column":79}},"84":{"start":{"line":106,"column":45},"end":{"line":106,"column":88}},"85":{"start":{"line":107,"column":8},"end":{"line":107,"column":46}},"86":{"start":{"line":108,"column":22},"end":{"line":108,"column":86}},"87":{"start":{"line":109,"column":8},"end":{"line":115,"column":9}},"88":{"start":{"line":110,"column":12},"end":{"line":112,"column":13}},"89":{"start":{"line":111,"column":16},"end":{"line":111,"column":25}},"90":{"start":{"line":113,"column":33},"end":{"line":113,"column":61}},"91":{"start":{"line":114,"column":12},"end":{"line":114,"column":47}},"92":{"start":{"line":116,"column":8},"end":{"line":116,"column":39}},"93":{"start":{"line":117,"column":8},"end":{"line":117,"column":46}},"94":{"start":{"line":120,"column":8},"end":{"line":120,"column":86}},"95":{"start":{"line":121,"column":8},"end":{"line":121,"column":83}},"96":{"start":{"line":122,"column":35},"end":{"line":122,"column":37}},"97":{"start":{"line":123,"column":28},"end":{"line":123,"column":51}},"98":{"start":{"line":124,"column":8},"end":{"line":131,"column":9}},"99":{"start":{"line":125,"column":35},"end":{"line":129,"column":13}},"100":{"start":{"line":130,"column":12},"end":{"line":130,"column":52}},"101":{"start":{"line":132,"column":8},"end":{"line":132,"column":34}},"102":{"start":{"line":135,"column":8},"end":{"line":135,"column":86}},"103":{"start":{"line":136,"column":8},"end":{"line":136,"column":83}},"104":{"start":{"line":137,"column":8},"end":{"line":139,"column":9}},"105":{"start":{"line":138,"column":12},"end":{"line":138,"column":54}},"106":{"start":{"line":140,"column":52},"end":{"line":140,"column":57}},"107":{"start":{"line":141,"column":42},"end":{"line":141,"column":89}},"108":{"start":{"line":142,"column":23},"end":{"line":142,"column":87}},"109":{"start":{"line":143,"column":8},"end":{"line":145,"column":9}},"110":{"start":{"line":144,"column":12},"end":{"line":144,"column":22}},"111":{"start":{"line":146,"column":8},"end":{"line":148,"column":9}},"112":{"start":{"line":147,"column":12},"end":{"line":147,"column":85}},"113":{"start":{"line":149,"column":23},"end":{"line":149,"column":75}},"114":{"start":{"line":150,"column":22},"end":{"line":150,"column":26}},"115":{"start":{"line":151,"column":8},"end":{"line":153,"column":9}},"116":{"start":{"line":152,"column":12},"end":{"line":152,"column":79}},"117":{"start":{"line":154,"column":8},"end":{"line":154,"column":22}},"118":{"start":{"line":157,"column":8},"end":{"line":159,"column":9}},"119":{"start":{"line":158,"column":12},"end":{"line":158,"column":102}},"120":{"start":{"line":160,"column":8},"end":{"line":164,"column":9}},"121":{"start":{"line":161,"column":12},"end":{"line":163,"column":13}},"122":{"start":{"line":162,"column":16},"end":{"line":162,"column":89}},"123":{"start":{"line":165,"column":24},"end":{"line":165,"column":57}},"124":{"start":{"line":166,"column":29},"end":{"line":166,"column":55}},"125":{"start":{"line":167,"column":8},"end":{"line":169,"column":9}},"126":{"start":{"line":168,"column":12},"end":{"line":168,"column":75}},"127":{"start":{"line":170,"column":8},"end":{"line":170,"column":41}},"128":{"start":{"line":173,"column":35},"end":{"line":173,"column":42}},"129":{"start":{"line":174,"column":28},"end":{"line":174,"column":30}},"130":{"start":{"line":175,"column":24},"end":{"line":186,"column":10}},"131":{"start":{"line":176,"column":27},"end":{"line":176,"column":29}},"132":{"start":{"line":177,"column":12},"end":{"line":184,"column":15}},"133":{"start":{"line":178,"column":43},"end":{"line":178,"column":57}},"134":{"start":{"line":179,"column":16},"end":{"line":181,"column":17}},"135":{"start":{"line":180,"column":20},"end":{"line":180,"column":79}},"136":{"start":{"line":182,"column":16},"end":{"line":182,"column":40}},"137":{"start":{"line":183,"column":16},"end":{"line":183,"column":63}},"138":{"start":{"line":185,"column":12},"end":{"line":185,"column":26}},"139":{"start":{"line":187,"column":8},"end":{"line":189,"column":9}},"140":{"start":{"line":188,"column":12},"end":{"line":188,"column":70}},"141":{"start":{"line":190,"column":8},"end":{"line":190,"column":23}},"142":{"start":{"line":193,"column":8},"end":{"line":210,"column":9}},"143":{"start":{"line":194,"column":26},"end":{"line":194,"column":69}},"144":{"start":{"line":195,"column":12},"end":{"line":197,"column":13}},"145":{"start":{"line":196,"column":16},"end":{"line":196,"column":23}},"146":{"start":{"line":198,"column":33},"end":{"line":198,"column":74}},"147":{"start":{"line":199,"column":12},"end":{"line":209,"column":13}},"148":{"start":{"line":200,"column":16},"end":{"line":202,"column":17}},"149":{"start":{"line":201,"column":20},"end":{"line":201,"column":29}},"150":{"start":{"line":203,"column":32},"end":{"line":203,"column":61}},"151":{"start":{"line":204,"column":16},"end":{"line":204,"column":52}},"152":{"start":{"line":205,"column":16},"end":{"line":205,"column":46}},"153":{"start":{"line":206,"column":16},"end":{"line":206,"column":50}},"154":{"start":{"line":207,"column":16},"end":{"line":207,"column":44}},"155":{"start":{"line":208,"column":16},"end":{"line":208,"column":47}},"156":{"start":{"line":213,"column":29},"end":{"line":213,"column":101}},"157":{"start":{"line":214,"column":27},"end":{"line":214,"column":36}},"158":{"start":{"line":215,"column":27},"end":{"line":215,"column":50}},"159":{"start":{"line":216,"column":32},"end":{"line":218,"column":10}},"160":{"start":{"line":217,"column":12},"end":{"line":217,"column":80}},"161":{"start":{"line":219,"column":29},"end":{"line":225,"column":10}},"162":{"start":{"line":220,"column":25},"end":{"line":220,"column":44}},"163":{"start":{"line":221,"column":12},"end":{"line":224,"column":13}},"164":{"start":{"line":222,"column":38},"end":{"line":222,"column":64}},"165":{"start":{"line":223,"column":16},"end":{"line":223,"column":56}},"166":{"start":{"line":226,"column":32},"end":{"line":226,"column":63}},"167":{"start":{"line":227,"column":8},"end":{"line":232,"column":9}},"168":{"start":{"line":228,"column":12},"end":{"line":231,"column":13}},"169":{"start":{"line":229,"column":36},"end":{"line":229,"column":70}},"170":{"start":{"line":230,"column":16},"end":{"line":230,"column":53}},"171":{"start":{"line":233,"column":8},"end":{"line":235,"column":9}},"172":{"start":{"line":234,"column":12},"end":{"line":234,"column":56}},"173":{"start":{"line":236,"column":8},"end":{"line":236,"column":39}},"174":{"start":{"line":237,"column":8},"end":{"line":237,"column":46}},"175":{"start":{"line":240,"column":30},"end":{"line":240,"column":60}},"176":{"start":{"line":241,"column":8},"end":{"line":241,"column":37}},"177":{"start":{"line":242,"column":8},"end":{"line":242,"column":66}},"178":{"start":{"line":245,"column":0},"end":{"line":245,"column":32}}},"fnMap":{"0":{"name":"(anonymous_0)","decl":{"start":{"line":2,"column":74},"end":{"line":2,"column":75}},"loc":{"start":{"line":2,"column":96},"end":{"line":9,"column":1}},"line":2},"1":{"name":"(anonymous_1)","decl":{"start":{"line":6,"column":38},"end":{"line":6,"column":39}},"loc":{"start":{"line":6,"column":49},"end":{"line":6,"column":65}},"line":6},"2":{"name":"(anonymous_2)","decl":{"start":{"line":9,"column":6},"end":{"line":9,"column":7}},"loc":{"start":{"line":9,"column":28},"end":{"line":12,"column":1}},"line":9},"3":{"name":"(anonymous_3)","decl":{"start":{"line":13,"column":80},"end":{"line":13,"column":81}},"loc":{"start":{"line":13,"column":95},"end":{"line":15,"column":1}},"line":13},"4":{"name":"(anonymous_4)","decl":{"start":{"line":15,"column":5},"end":{"line":15,"column":6}},"loc":{"start":{"line":15,"column":20},"end":{"line":17,"column":1}},"line":15},"5":{"name":"(anonymous_5)","decl":{"start":{"line":18,"column":50},"end":{"line":18,"column":51}},"loc":{"start":{"line":18,"column":65},"end":{"line":24,"column":1}},"line":18},"6":{"name":"(anonymous_6)","decl":{"start":{"line":43,"column":4},"end":{"line":43,"column":5}},"loc":{"start":{"line":43,"column":40},"end":{"line":75,"column":5}},"line":43},"7":{"name":"(anonymous_7)","decl":{"start":{"line":76,"column":4},"end":{"line":76,"column":5}},"loc":{"start":{"line":76,"column":28},"end":{"line":88,"column":5}},"line":76},"8":{"name":"(anonymous_8)","decl":{"start":{"line":89,"column":4},"end":{"line":89,"column":5}},"loc":{"start":{"line":89,"column":50},"end":{"line":118,"column":5}},"line":89},"9":{"name":"(anonymous_9)","decl":{"start":{"line":91,"column":62},"end":{"line":91,"column":63}},"loc":{"start":{"line":91,"column":72},"end":{"line":91,"column":98}},"line":91},"10":{"name":"(anonymous_10)","decl":{"start":{"line":102,"column":42},"end":{"line":102,"column":43}},"loc":{"start":{"line":102,"column":53},"end":{"line":102,"column":88}},"line":102},"11":{"name":"(anonymous_11)","decl":{"start":{"line":119,"column":4},"end":{"line":119,"column":5}},"loc":{"start":{"line":119,"column":25},"end":{"line":133,"column":5}},"line":119},"12":{"name":"(anonymous_12)","decl":{"start":{"line":134,"column":4},"end":{"line":134,"column":5}},"loc":{"start":{"line":134,"column":30},"end":{"line":155,"column":5}},"line":134},"13":{"name":"(anonymous_13)","decl":{"start":{"line":156,"column":4},"end":{"line":156,"column":5}},"loc":{"start":{"line":156,"column":47},"end":{"line":171,"column":5}},"line":156},"14":{"name":"(anonymous_14)","decl":{"start":{"line":172,"column":4},"end":{"line":172,"column":5}},"loc":{"start":{"line":172,"column":52},"end":{"line":191,"column":5}},"line":172},"15":{"name":"(anonymous_15)","decl":{"start":{"line":175,"column":37},"end":{"line":175,"column":38}},"loc":{"start":{"line":175,"column":47},"end":{"line":186,"column":9}},"line":175},"16":{"name":"(anonymous_16)","decl":{"start":{"line":177,"column":28},"end":{"line":177,"column":29}},"loc":{"start":{"line":177,"column":37},"end":{"line":184,"column":13}},"line":177},"17":{"name":"(anonymous_17)","decl":{"start":{"line":192,"column":4},"end":{"line":192,"column":5}},"loc":{"start":{"line":192,"column":34},"end":{"line":211,"column":5}},"line":192},"18":{"name":"(anonymous_18)","decl":{"start":{"line":212,"column":4},"end":{"line":212,"column":5}},"loc":{"start":{"line":212,"column":42},"end":{"line":238,"column":5}},"line":212},"19":{"name":"(anonymous_19)","decl":{"start":{"line":216,"column":50},"end":{"line":216,"column":51}},"loc":{"start":{"line":216,"column":65},"end":{"line":218,"column":9}},"line":216},"20":{"name":"(anonymous_20)","decl":{"start":{"line":219,"column":49},"end":{"line":219,"column":50}},"loc":{"start":{"line":219,"column":70},"end":{"line":225,"column":9}},"line":219},"21":{"name":"(anonymous_21)","decl":{"start":{"line":239,"column":4},"end":{"line":239,"column":5}},"loc":{"start":{"line":239,"column":37},"end":{"line":243,"column":5}},"line":239}},"branchMap":{"0":{"loc":{"start":{"line":2,"column":22},"end":{"line":12,"column":3}},"type":"binary-expr","locations":[{"start":{"line":2,"column":23},"end":{"line":2,"column":27}},{"start":{"line":2,"column":31},"end":{"line":2,"column":51}},{"start":{"line":2,"column":57},"end":{"line":12,"column":2}}],"line":2},"1":{"loc":{"start":{"line":2,"column":57},"end":{"line":12,"column":2}},"type":"cond-expr","locations":[{"start":{"line":2,"column":74},"end":{"line":9,"column":1}},{"start":{"line":9,"column":6},"end":{"line":12,"column":1}}],"line":2},"2":{"loc":{"start":{"line":3,"column":4},"end":{"line":3,"column":33}},"type":"if","locations":[{"start":{"line":3,"column":4},"end":{"line":3,"column":33}},{"start":{"line":3,"column":4},"end":{"line":3,"column":33}}],"line":3},"3":{"loc":{"start":{"line":5,"column":4},"end":{"line":7,"column":5}},"type":"if","locations":[{"start":{"line":5,"column":4},"end":{"line":7,"column":5}},{"start":{"line":5,"column":4},"end":{"line":7,"column":5}}],"line":5},"4":{"loc":{"start":{"line":5,"column":8},"end":{"line":5,"column":85}},"type":"binary-expr","locations":[{"start":{"line":5,"column":8},"end":{"line":5,"column":13}},{"start":{"line":5,"column":18},"end":{"line":5,"column":84}}],"line":5},"5":{"loc":{"start":{"line":5,"column":18},"end":{"line":5,"column":84}},"type":"cond-expr","locations":[{"start":{"line":5,"column":34},"end":{"line":5,"column":47}},{"start":{"line":5,"column":50},"end":{"line":5,"column":84}}],"line":5},"6":{"loc":{"start":{"line":5,"column":50},"end":{"line":5,"column":84}},"type":"binary-expr","locations":[{"start":{"line":5,"column":50},"end":{"line":5,"column":63}},{"start":{"line":5,"column":67},"end":{"line":5,"column":84}}],"line":5},"7":{"loc":{"start":{"line":10,"column":4},"end":{"line":10,"column":33}},"type":"if","locations":[{"start":{"line":10,"column":4},"end":{"line":10,"column":33}},{"start":{"line":10,"column":4},"end":{"line":10,"column":33}}],"line":10},"8":{"loc":{"start":{"line":13,"column":25},"end":{"line":17,"column":2}},"type":"binary-expr","locations":[{"start":{"line":13,"column":26},"end":{"line":13,"column":30}},{"start":{"line":13,"column":34},"end":{"line":13,"column":57}},{"start":{"line":13,"column":63},"end":{"line":17,"column":1}}],"line":13},"9":{"loc":{"start":{"line":13,"column":63},"end":{"line":17,"column":1}},"type":"cond-expr","locations":[{"start":{"line":13,"column":80},"end":{"line":15,"column":1}},{"start":{"line":15,"column":5},"end":{"line":17,"column":1}}],"line":13},"10":{"loc":{"start":{"line":18,"column":19},"end":{"line":24,"column":1}},"type":"binary-expr","locations":[{"start":{"line":18,"column":20},"end":{"line":18,"column":24}},{"start":{"line":18,"column":28},"end":{"line":18,"column":45}},{"start":{"line":18,"column":50},"end":{"line":24,"column":1}}],"line":18},"11":{"loc":{"start":{"line":19,"column":4},"end":{"line":19,"column":42}},"type":"if","locations":[{"start":{"line":19,"column":4},"end":{"line":19,"column":42}},{"start":{"line":19,"column":4},"end":{"line":19,"column":42}}],"line":19},"12":{"loc":{"start":{"line":19,"column":8},"end":{"line":19,"column":29}},"type":"binary-expr","locations":[{"start":{"line":19,"column":8},"end":{"line":19,"column":11}},{"start":{"line":19,"column":15},"end":{"line":19,"column":29}}],"line":19},"13":{"loc":{"start":{"line":21,"column":4},"end":{"line":21,"column":141}},"type":"if","locations":[{"start":{"line":21,"column":4},"end":{"line":21,"column":141}},{"start":{"line":21,"column":4},"end":{"line":21,"column":141}}],"line":21},"14":{"loc":{"start":{"line":21,"column":40},"end":{"line":21,"column":141}},"type":"if","locations":[{"start":{"line":21,"column":40},"end":{"line":21,"column":141}},{"start":{"line":21,"column":40},"end":{"line":21,"column":141}}],"line":21},"15":{"loc":{"start":{"line":21,"column":44},"end":{"line":21,"column":107}},"type":"binary-expr","locations":[{"start":{"line":21,"column":44},"end":{"line":21,"column":59}},{"start":{"line":21,"column":63},"end":{"line":21,"column":107}}],"line":21},"16":{"loc":{"start":{"line":45,"column":8},"end":{"line":47,"column":9}},"type":"if","locations":[{"start":{"line":45,"column":8},"end":{"line":47,"column":9}},{"start":{"line":45,"column":8},"end":{"line":47,"column":9}}],"line":45},"17":{"loc":{"start":{"line":48,"column":8},"end":{"line":50,"column":9}},"type":"if","locations":[{"start":{"line":48,"column":8},"end":{"line":50,"column":9}},{"start":{"line":48,"column":8},"end":{"line":50,"column":9}}],"line":48},"18":{"loc":{"start":{"line":54,"column":12},"end":{"line":69,"column":13}},"type":"if","locations":[{"start":{"line":54,"column":12},"end":{"line":69,"column":13}},{"start":{"line":54,"column":12},"end":{"line":69,"column":13}}],"line":54},"19":{"loc":{"start":{"line":56,"column":16},"end":{"line":58,"column":17}},"type":"if","locations":[{"start":{"line":56,"column":16},"end":{"line":58,"column":17}},{"start":{"line":56,"column":16},"end":{"line":58,"column":17}}],"line":56},"20":{"loc":{"start":{"line":59,"column":16},"end":{"line":61,"column":17}},"type":"if","locations":[{"start":{"line":59,"column":16},"end":{"line":61,"column":17}},{"start":{"line":59,"column":16},"end":{"line":61,"column":17}}],"line":59},"21":{"loc":{"start":{"line":64,"column":17},"end":{"line":69,"column":13}},"type":"if","locations":[{"start":{"line":64,"column":17},"end":{"line":69,"column":13}},{"start":{"line":64,"column":17},"end":{"line":69,"column":13}}],"line":64},"22":{"loc":{"start":{"line":79,"column":8},"end":{"line":81,"column":9}},"type":"if","locations":[{"start":{"line":79,"column":8},"end":{"line":81,"column":9}},{"start":{"line":79,"column":8},"end":{"line":81,"column":9}}],"line":79},"23":{"loc":{"start":{"line":82,"column":8},"end":{"line":84,"column":9}},"type":"if","locations":[{"start":{"line":82,"column":8},"end":{"line":84,"column":9}},{"start":{"line":82,"column":8},"end":{"line":84,"column":9}}],"line":82},"24":{"loc":{"start":{"line":92,"column":8},"end":{"line":94,"column":9}},"type":"if","locations":[{"start":{"line":92,"column":8},"end":{"line":94,"column":9}},{"start":{"line":92,"column":8},"end":{"line":94,"column":9}}],"line":92},"25":{"loc":{"start":{"line":96,"column":8},"end":{"line":98,"column":9}},"type":"if","locations":[{"start":{"line":96,"column":8},"end":{"line":98,"column":9}},{"start":{"line":96,"column":8},"end":{"line":98,"column":9}}],"line":96},"26":{"loc":{"start":{"line":103,"column":8},"end":{"line":105,"column":9}},"type":"if","locations":[{"start":{"line":103,"column":8},"end":{"line":105,"column":9}},{"start":{"line":103,"column":8},"end":{"line":105,"column":9}}],"line":103},"27":{"loc":{"start":{"line":110,"column":12},"end":{"line":112,"column":13}},"type":"if","locations":[{"start":{"line":110,"column":12},"end":{"line":112,"column":13}},{"start":{"line":110,"column":12},"end":{"line":112,"column":13}}],"line":110},"28":{"loc":{"start":{"line":137,"column":8},"end":{"line":139,"column":9}},"type":"if","locations":[{"start":{"line":137,"column":8},"end":{"line":139,"column":9}},{"start":{"line":137,"column":8},"end":{"line":139,"column":9}}],"line":137},"29":{"loc":{"start":{"line":137,"column":12},"end":{"line":137,"column":55}},"type":"binary-expr","locations":[{"start":{"line":137,"column":12},"end":{"line":137,"column":37}},{"start":{"line":137,"column":41},"end":{"line":137,"column":55}}],"line":137},"30":{"loc":{"start":{"line":143,"column":8},"end":{"line":145,"column":9}},"type":"if","locations":[{"start":{"line":143,"column":8},"end":{"line":145,"column":9}},{"start":{"line":143,"column":8},"end":{"line":145,"column":9}}],"line":143},"31":{"loc":{"start":{"line":146,"column":8},"end":{"line":148,"column":9}},"type":"if","locations":[{"start":{"line":146,"column":8},"end":{"line":148,"column":9}},{"start":{"line":146,"column":8},"end":{"line":148,"column":9}}],"line":146},"32":{"loc":{"start":{"line":151,"column":8},"end":{"line":153,"column":9}},"type":"if","locations":[{"start":{"line":151,"column":8},"end":{"line":153,"column":9}},{"start":{"line":151,"column":8},"end":{"line":153,"column":9}}],"line":151},"33":{"loc":{"start":{"line":157,"column":8},"end":{"line":159,"column":9}},"type":"if","locations":[{"start":{"line":157,"column":8},"end":{"line":159,"column":9}},{"start":{"line":157,"column":8},"end":{"line":159,"column":9}}],"line":157},"34":{"loc":{"start":{"line":157,"column":12},"end":{"line":157,"column":30}},"type":"binary-expr","locations":[{"start":{"line":157,"column":12},"end":{"line":157,"column":18}},{"start":{"line":157,"column":22},"end":{"line":157,"column":30}}],"line":157},"35":{"loc":{"start":{"line":161,"column":12},"end":{"line":163,"column":13}},"type":"if","locations":[{"start":{"line":161,"column":12},"end":{"line":163,"column":13}},{"start":{"line":161,"column":12},"end":{"line":163,"column":13}}],"line":161},"36":{"loc":{"start":{"line":161,"column":16},"end":{"line":161,"column":75}},"type":"binary-expr","locations":[{"start":{"line":161,"column":16},"end":{"line":161,"column":29}},{"start":{"line":161,"column":33},"end":{"line":161,"column":48}},{"start":{"line":161,"column":52},"end":{"line":161,"column":75}}],"line":161},"37":{"loc":{"start":{"line":167,"column":8},"end":{"line":169,"column":9}},"type":"if","locations":[{"start":{"line":167,"column":8},"end":{"line":169,"column":9}},{"start":{"line":167,"column":8},"end":{"line":169,"column":9}}],"line":167},"38":{"loc":{"start":{"line":179,"column":16},"end":{"line":181,"column":17}},"type":"if","locations":[{"start":{"line":179,"column":16},"end":{"line":181,"column":17}},{"start":{"line":179,"column":16},"end":{"line":181,"column":17}}],"line":179},"39":{"loc":{"start":{"line":187,"column":8},"end":{"line":189,"column":9}},"type":"if","locations":[{"start":{"line":187,"column":8},"end":{"line":189,"column":9}},{"start":{"line":187,"column":8},"end":{"line":189,"column":9}}],"line":187},"40":{"loc":{"start":{"line":193,"column":8},"end":{"line":210,"column":9}},"type":"if","locations":[{"start":{"line":193,"column":8},"end":{"line":210,"column":9}},{"start":{"line":193,"column":8},"end":{"line":210,"column":9}}],"line":193},"41":{"loc":{"start":{"line":193,"column":12},"end":{"line":193,"column":113}},"type":"binary-expr","locations":[{"start":{"line":193,"column":12},"end":{"line":193,"column":62}},{"start":{"line":193,"column":66},"end":{"line":193,"column":113}}],"line":193},"42":{"loc":{"start":{"line":195,"column":12},"end":{"line":197,"column":13}},"type":"if","locations":[{"start":{"line":195,"column":12},"end":{"line":197,"column":13}},{"start":{"line":195,"column":12},"end":{"line":197,"column":13}}],"line":195},"43":{"loc":{"start":{"line":200,"column":16},"end":{"line":202,"column":17}},"type":"if","locations":[{"start":{"line":200,"column":16},"end":{"line":202,"column":17}},{"start":{"line":200,"column":16},"end":{"line":202,"column":17}}],"line":200},"44":{"loc":{"start":{"line":217,"column":19},"end":{"line":217,"column":79}},"type":"binary-expr","locations":[{"start":{"line":217,"column":19},"end":{"line":217,"column":51}},{"start":{"line":217,"column":55},"end":{"line":217,"column":79}}],"line":217},"45":{"loc":{"start":{"line":221,"column":12},"end":{"line":224,"column":13}},"type":"if","locations":[{"start":{"line":221,"column":12},"end":{"line":224,"column":13}},{"start":{"line":221,"column":12},"end":{"line":224,"column":13}}],"line":221},"46":{"loc":{"start":{"line":233,"column":8},"end":{"line":235,"column":9}},"type":"if","locations":[{"start":{"line":233,"column":8},"end":{"line":235,"column":9}},{"start":{"line":233,"column":8},"end":{"line":235,"column":9}}],"line":233}},"s":{"0":1,"1":148,"2":148,"3":148,"4":148,"5":148,"6":266,"7":148,"8":0,"9":0,"10":0,"11":1,"12":1,"13":0,"14":1,"15":2,"16":1,"17":1,"18":1,"19":1,"20":148,"21":148,"22":1,"23":1,"24":1,"25":1,"26":1,"27":1,"28":1,"29":1,"30":1,"31":1,"32":1,"33":1,"34":1,"35":25,"36":25,"37":25,"38":25,"39":25,"40":25,"41":22,"42":22,"43":5,"44":17,"45":1,"46":16,"47":16,"48":16,"49":15,"50":15,"51":0,"52":15,"53":0,"54":15,"55":1,"56":1,"57":0,"58":2,"59":14,"60":13,"61":13,"62":13,"63":5,"64":8,"65":3,"66":5,"67":5,"68":5,"69":1,"70":1,"71":80,"72":1,"73":0,"74":1,"75":1,"76":0,"77":1,"78":1,"79":1,"80":1,"81":1,"82":1,"83":0,"84":1,"85":1,"86":1,"87":1,"88":394,"89":30,"90":364,"91":364,"92":1,"93":1,"94":5,"95":5,"96":5,"97":5,"98":5,"99":5,"100":5,"101":5,"102":36,"103":36,"104":36,"105":0,"106":36,"107":36,"108":31,"109":21,"110":1,"111":20,"112":0,"113":20,"114":18,"115":18,"116":1,"117":17,"118":36,"119":3,"120":33,"121":66,"122":0,"123":33,"124":31,"125":31,"126":0,"127":31,"128":20,"129":20,"130":20,"131":64946,"132":64946,"133":130070,"134":130070,"135":1,"136":130069,"137":130069,"138":64945,"139":19,"140":12,"141":18,"142":130,"143":130,"144":130,"145":32,"146":98,"147":98,"148":102,"149":102,"150":0,"151":0,"152":0,"153":0,"154":0,"155":0,"156":15,"157":15,"158":15,"159":15,"160":77289,"161":15,"162":77273,"163":77273,"164":77273,"165":77273,"166":15,"167":15,"168":77273,"169":839956,"170":839956,"171":15,"172":2,"173":13,"174":13,"175":19,"176":19,"177":19,"178":1},"f":{"0":148,"1":266,"2":0,"3":1,"4":0,"5":2,"6":22,"7":13,"8":1,"9":80,"10":1,"11":5,"12":36,"13":36,"14":20,"15":64946,"16":130070,"17":130,"18":15,"19":77289,"20":77273,"21":19},"b":{"0":[1,1,1],"1":[1,0],"2":[148,0],"3":[148,0],"4":[148,148],"5":[0,148],"6":[148,0],"7":[0,0],"8":[1,1,1],"9":[1,0],"10":[1,1,1],"11":[1,1],"12":[2,2],"13":[1,0],"14":[148,0],"15":[148,148],"16":[5,17],"17":[1,16],"18":[15,1],"19":[0,15],"20":[0,15],"21":[1,0],"22":[5,8],"23":[3,5],"24":[0,1],"25":[0,1],"26":[0,1],"27":[30,364],"28":[0,36],"29":[36,36],"30":[1,20],"31":[0,20],"32":[1,17],"33":[3,33],"34":[36,34],"35":[0,66],"36":[66,33,0],"37":[0,31],"38":[1,130069],"39":[12,7],"40":[130,0],"41":[130,55],"42":[32,98],"43":[102,0],"44":[77289,77288],"45":[77273,0],"46":[2,13]},"inputSourceMap":{"version":3,"file":"D:/000_Edrick/UBC/CPSC_310/project_team139/src/controller/InsightFacade.ts","sources":["D:/000_Edrick/UBC/CPSC_310/project_team139/src/controller/InsightFacade.ts"],"names":[],"mappings":";;;;;;;;;;;;;;;;;;;;;;;;;AAAA,qDAQ0B;AAC1B,iCAAyC;AACzC,6CAA+B;AAC/B,+CAAwD;AACxD,qDAAkD;AAClD,6CAA0C;AAC1C,+CAAiC;AACjC,+CAA4C;AAC5C,iEAA8D;AAC9D,6CAA0C;AAG1C,MAAqB,aAAa;IACzB,QAAQ,GAAG,IAAI,GAAG,EAAoB,CAAC;IACvC,EAAE,GAAG,IAAI,+BAAc,EAAE,CAAC;IAC1B,EAAE,GAAG,IAAI,uBAAU,EAAE,CAAC;IACtB,EAAE,GAAG,IAAI,yBAAW,EAAE,CAAC;IACvB,EAAE,GAAG,IAAI,2CAAoB,EAAE,CAAC;IAChC,EAAE,GAAG,IAAI,uBAAU,EAAE,CAAC;IAEvB,KAAK,CAAC,UAAU,CAAC,EAAU,EAAE,OAAe,EAAE,IAAwB;QAC5E,MAAM,IAAI,CAAC,oBAAoB,CAAC,IAAI,CAAC,CAAC;QAEtC,IAAI,CAAC,IAAI,CAAC,EAAE,CAAC,SAAS,CAAC,EAAE,CAAC,EAAE;YAC3B,MAAM,IAAI,6BAAY,CAAC,YAAY,CAAC,CAAC;SACrC;QACD,IAAI,IAAI,CAAC,QAAQ,CAAC,GAAG,CAAC,EAAE,CAAC,EAAE;YAC1B,MAAM,IAAI,6BAAY,CAAC,wBAAwB,CAAC,CAAC;SACjD;QAED,IAAI,OAAc,CAAC;QACnB,IAAI;YACH,OAAO,GAAG,MAAM,IAAA,iBAAS,EAAC,OAAO,EAAE,EAAE,MAAM,EAAE,IAAI,EAAE,CAAC,CAAC;YACrD,IAAI,IAAI,KAAK,mCAAkB,CAAC,QAAQ,EAAE;gBACzC,MAAM,KAAK,GAAG,OAAO,CAAC,MAAM,CAAC,SAAS,CAAC,CAAC;gBACxC,IAAI,CAAC,KAAK,EAAE;oBACX,MAAM,IAAI,6BAAY,CAAC,mBAAmB,CAAC,CAAC;iBAC5C;gBACD,IAAI,KAAK,CAAC,MAAM,KAAK,CAAC,EAAE;oBACvB,MAAM,IAAI,6BAAY,CAAC,qBAAqB,CAAC,CAAC;iBAC9C;gBACD,MAAM,IAAI,CAAC,YAAY,CAAC,EAAE,EAAE,OAAO,EAAE,IAAI,CAAC,QAAQ,CAAC,CAAC;aACpD;iBAAM,IAAI,IAAI,KAAK,mCAAkB,CAAC,KAAK,EAAE;gBAC7C,MAAM,IAAI,CAAC,gBAAgB,CAAC,EAAE,EAAE,OAAO,EAAE,IAAI,CAAC,QAAQ,CAAC,CAAC;aACxD;iBAAM;gBACN,MAAM,IAAI,6BAAY,CAAC,sBAAsB,CAAC,CAAC;aAC/C;SACD;QAAC,OAAO,IAAI,EAAE;YACd,MAAM,IAAI,6BAAY,CAAC,eAAe,CAAC,CAAC;SACxC;QAED,OAAO,KAAK,CAAC,IAAI,CAAC,IAAI,CAAC,QAAQ,CAAC,IAAI,EAAE,CAAC,CAAC;IACzC,CAAC;IAEM,KAAK,CAAC,aAAa,CAAC,EAAU;QACpC,MAAM,IAAI,CAAC,oBAAoB,CAAC,mCAAkB,CAAC,QAAQ,CAAC,CAAC;QAC7D,MAAM,IAAI,CAAC,oBAAoB,CAAC,mCAAkB,CAAC,KAAK,CAAC,CAAC;QAE1D,IAAI,CAAC,IAAI,CAAC,EAAE,CAAC,SAAS,CAAC,EAAE,CAAC,EAAE;YAC3B,MAAM,IAAI,6BAAY,CAAC,YAAY,CAAC,CAAC;SACrC;QAED,IAAI,CAAC,IAAI,CAAC,QAAQ,CAAC,GAAG,CAAC,EAAE,CAAC,EAAE;YAC3B,MAAM,IAAI,8BAAa,CAAC,gBAAgB,CAAC,CAAC;SAC1C;QAED,IAAI,CAAC,QAAQ,CAAC,MAAM,CAAC,EAAE,CAAC,CAAC;QAEzB,MAAM,IAAI,CAAC,gBAAgB,CAAC,IAAI,CAAC,QAAQ,CAAC,CAAC;QAE3C,OAAO,EAAE,CAAC;IACX,CAAC;IAEO,KAAK,CAAC,gBAAgB,CAAC,EAAU,EAAE,OAAc,EAAE,QAA+B;QACzF,MAAM,YAAY,GAAG,IAAI,sBAAQ,CAAC,mCAAkB,CAAC,KAAK,CAAC,CAAC;QAC5D,MAAM,aAAa,GAAG,MAAM,CAAC,IAAI,CAAC,OAAO,CAAC,KAAK,CAAC,CAAC,IAAI,CAAC,CAAC,IAAI,EAAE,EAAE,CAAC,IAAI,CAAC,QAAQ,CAAC,WAAW,CAAC,CAAC,CAAC;QAC5F,IAAI,CAAC,aAAa,EAAE;YACnB,MAAM,IAAI,6BAAY,CAAC,sBAAsB,CAAC,CAAC;SAC/C;QACD,MAAM,SAAS,GAAG,OAAO,CAAC,IAAI,CAAC,aAAa,CAAC,CAAC;QAC9C,IAAI,CAAC,SAAS,EAAE;YACf,MAAM,IAAI,6BAAY,CAAC,iCAAiC,CAAC,CAAC;SAC1D;QACD,MAAM,YAAY,GAAG,MAAM,SAAS,CAAC,KAAK,CAAC,QAAQ,CAAC,CAAC;QACrD,MAAM,QAAQ,GAAG,MAAM,CAAC,KAAK,CAAC,YAAY,CAAC,CAAC;QAG5C,MAAM,MAAM,GAAG,IAAI,CAAC,EAAE,CAAC,kBAAkB,CAAC,QAAQ,EAAE,OAAO,CAAC,CAAC;QAC7D,MAAM,aAAa,GAAG,MAAM,CAAC,IAAI,CAAC,CAAC,KAAK,EAAE,EAAE,CAAC,IAAI,CAAC,EAAE,CAAC,oBAAoB,CAAC,KAAK,CAAC,CAAC,CAAC;QAElF,IAAI,CAAC,aAAa,EAAE;YACnB,MAAM,IAAI,6BAAY,CAAC,yBAAyB,CAAC,CAAC;SAClD;QAGD,MAAM,EAAE,SAAS,EAAE,aAAa,EAAE,GAAG,IAAI,CAAC,EAAE,CAAC,oBAAoB,CAAC,aAAa,CAAC,CAAC;QAEjF,MAAM,IAAI,CAAC,EAAE,CAAC,YAAY,CAAC,SAAS,CAAC,CAAC;QAEtC,MAAM,KAAK,GAAG,MAAM,IAAI,CAAC,EAAE,CAAC,eAAe,CAAC,aAAa,EAAE,SAAS,EAAE,OAAO,CAAC,CAAC;QAE/E,KAAK,MAAM,IAAI,IAAI,KAAK,EAAE;YACzB,IAAI,CAAC,IAAI,EAAE;gBACV,SAAS;aACT;YACD,MAAM,YAAY,GAAG,IAAI,kBAAI,CAAC,IAAI,CAAC,CAAC;YAEpC,YAAY,CAAC,OAAO,CAAC,YAAY,CAAC,CAAC;SAEnC;QAGD,QAAQ,CAAC,GAAG,CAAC,EAAE,EAAE,YAAY,CAAC,CAAC;QAC/B,MAAM,IAAI,CAAC,gBAAgB,CAAC,QAAQ,CAAC,CAAC;IACvC,CAAC;IAEM,KAAK,CAAC,YAAY;QACxB,MAAM,IAAI,CAAC,oBAAoB,CAAC,mCAAkB,CAAC,QAAQ,CAAC,CAAC;QAC7D,MAAM,IAAI,CAAC,oBAAoB,CAAC,mCAAkB,CAAC,KAAK,CAAC,CAAC;QAE1D,MAAM,kBAAkB,GAAqB,EAAE,CAAC;QAChD,MAAM,WAAW,GAAG,IAAI,CAAC,QAAQ,CAAC,OAAO,EAAE,CAAC;QAE5C,KAAK,MAAM,CAAC,EAAE,EAAE,OAAO,CAAC,IAAI,WAAW,EAAE;YAExC,MAAM,cAAc,GAAmB;gBACtC,EAAE,EAAE,EAAE;gBACN,IAAI,EAAE,OAAO,CAAC,IAAI;gBAClB,OAAO,EAAE,OAAO,CAAC,OAAO;aACxB,CAAC;YACF,kBAAkB,CAAC,IAAI,CAAC,cAAc,CAAC,CAAC;SACxC;QACD,OAAO,kBAAkB,CAAC;IAC3B,CAAC;IAEM,KAAK,CAAC,YAAY,CAAC,KAAc;QAEvC,MAAM,IAAI,CAAC,oBAAoB,CAAC,mCAAkB,CAAC,QAAQ,CAAC,CAAC;QAC7D,MAAM,IAAI,CAAC,oBAAoB,CAAC,mCAAkB,CAAC,KAAK,CAAC,CAAC;QAE1D,IAAI,OAAO,KAAK,KAAK,QAAQ,IAAI,KAAK,KAAK,IAAI,EAAE;YAChD,MAAM,IAAI,6BAAY,EAAE,CAAC;SACzB;QAED,MAAM,EAAE,KAAK,EAAE,OAAO,EAAE,eAAe,EAAE,GAAG,KAAY,CAAC;QAEzD,MAAM,EAAE,YAAY,EAAE,OAAO,EAAE,GAAG,MAAM,IAAI,CAAC,aAAa,CAAC,KAAK,EAAE,OAAO,EAAE,KAAK,CAAC,CAAC;QAElF,IAAI,QAAQ,GAAG,MAAM,IAAI,CAAC,EAAE,CAAC,WAAW,CAAC,KAAK,EAAE,YAAY,CAAC,QAAQ,EAAE,OAAO,CAAC,CAAC;QAEhF,IAAI,QAAQ,CAAC,MAAM,KAAK,CAAC,EAAE;YAC1B,OAAO,EAAE,CAAC;SACV;QAGD,IAAI,eAAe,EAAE;YACpB,QAAQ,GAAG,MAAM,IAAI,CAAC,EAAE,CAAC,oBAAoB,CAAC,eAAe,EAAE,QAAQ,CAAC,CAAC;SACzE;QACD,MAAM,MAAM,GAAG,MAAM,IAAI,CAAC,aAAa,CAAC,OAAO,EAAE,QAAQ,EAAE,OAAO,CAAC,CAAC;QAEpE,MAAM,KAAK,GAAG,IAAI,CAAC;QAEnB,IAAI,MAAM,CAAC,MAAM,GAAG,KAAK,EAAE;YAC1B,MAAM,IAAI,oCAAmB,CAAC,kBAAkB,CAAC,CAAC;SAClD;QAID,OAAO,MAAM,CAAC;IACf,CAAC;IAEO,KAAK,CAAC,aAAa,CAAC,KAAU,EAAE,OAAY,EAAE,KAAa;QAClE,IAAI,CAAC,KAAK,IAAI,CAAC,OAAO,EAAE;YAEvB,MAAM,IAAI,6BAAY,CAAC,gDAAgD,CAAC,CAAC;SACzE;QAED,KAAK,MAAM,CAAC,IAAI,MAAM,CAAC,IAAI,CAAC,KAAK,CAAC,EAAE;YACnC,IAAI,CAAC,KAAK,OAAO,IAAI,CAAC,KAAK,SAAS,IAAI,CAAC,KAAK,iBAAiB,EAAE;gBAChE,MAAM,IAAI,6BAAY,CAAC,+BAA+B,CAAC,CAAC;aACxD;SACD;QAGD,MAAM,OAAO,GAAG,MAAM,IAAI,CAAC,EAAE,CAAC,UAAU,CAAC,OAAO,CAAC,CAAC;QAElD,MAAM,YAAY,GAAG,IAAI,CAAC,QAAQ,CAAC,GAAG,CAAC,OAAO,CAAC,CAAC;QAGhD,IAAI,CAAC,YAAY,EAAE;YAClB,MAAM,IAAI,6BAAY,CAAC,qBAAqB,CAAC,CAAC;SAC9C;QACD,OAAO,EAAE,YAAY,EAAE,OAAO,EAAE,CAAC;IAClC,CAAC;IA6BO,KAAK,CAAC,aAAa,CAAC,OAAY,EAAE,QAAe,EAAE,OAAe;QACzE,MAAM,EAAE,OAAO,EAAE,KAAK,EAAE,GAAG,OAAO,CAAC;QACnC,MAAM,WAAW,GAAa,EAAE,CAAC;QAGjC,MAAM,OAAO,GAAoB,QAAQ,CAAC,GAAG,CAAC,CAAC,IAAI,EAAE,EAAE;YACtD,MAAM,MAAM,GAAQ,EAAE,CAAC;YAGvB,OAAO,CAAC,OAAO,CAAC,CAAC,GAAW,EAAE,EAAE;gBAC/B,MAAM,CAAC,SAAS,EAAE,KAAK,CAAC,GAAG,GAAG,CAAC,KAAK,CAAC,GAAG,CAAC,CAAC;gBAG1C,IAAI,SAAS,KAAK,OAAO,EAAE;oBAC1B,MAAM,IAAI,6BAAY,CAAC,iBAAiB,CAAC,CAAC;iBAC1C;gBACD,WAAW,CAAC,IAAI,CAAC,KAAK,CAAC,CAAC;gBAGxB,MAAM,CAAC,GAAG,CAAC,GAAG,IAAI,CAAC,EAAE,CAAC,WAAW,CAAC,KAAK,EAAE,IAAI,CAAC,CAAC;YAChD,CAAC,CAAC,CAAC;YAEH,OAAO,MAAM,CAAC;QACf,CAAC,CAAC,CAAC;QAGH,IAAI,KAAK,EAAE;YACV,IAAI,CAAC,EAAE,CAAC,WAAW,CAAC,OAAO,EAAE,KAAK,EAAE,OAAO,EAAE,WAAW,CAAC,CAAC;SAC1D;QAED,OAAO,OAAO,CAAC;IAChB,CAAC;IAEO,KAAK,CAAC,oBAAoB,CAAC,CAAqB;QACvD,IAAI,CAAC,KAAK,mCAAkB,CAAC,QAAQ,IAAI,CAAC,KAAK,mCAAkB,CAAC,KAAK,EAAE;YACxE,MAAM,KAAK,GAAG,MAAM,EAAE,CAAC,UAAU,CAAC,sBAAsB,CAAC,CAAC;YAE1D,IAAI,CAAC,KAAK,EAAE;gBACX,OAAO;aACP;YAED,MAAM,YAAY,GAAyB,MAAM,EAAE,CAAC,QAAQ,CAAC,sBAAsB,CAAC,CAAC;YAErF,KAAK,MAAM,CAAC,EAAE,EAAE,OAAO,CAAC,IAAI,YAAY,EAAE;gBACzC,IAAI,IAAI,CAAC,QAAQ,CAAC,GAAG,CAAC,EAAE,CAAC,EAAE;oBAC1B,SAAS;iBACT;gBACD,MAAM,OAAO,GAAG,IAAI,sBAAQ,CAAC,CAAC,CAAC,CAAC;gBAChC,OAAO,CAAC,QAAQ,GAAG,OAAO,CAAC,QAAQ,CAAC;gBACpC,OAAO,CAAC,KAAK,GAAG,OAAO,CAAC,KAAK,CAAC;gBAC9B,OAAO,CAAC,OAAO,GAAG,OAAO,CAAC,OAAO,CAAC;gBAClC,OAAO,CAAC,IAAI,GAAG,OAAO,CAAC,IAAI,CAAC;gBAC5B,IAAI,CAAC,QAAQ,CAAC,GAAG,CAAC,EAAE,EAAE,OAAO,CAAC,CAAC;aAC/B;SACD;IACF,CAAC;IAEO,KAAK,CAAC,YAAY,CAAC,EAAU,EAAE,GAAU,EAAE,QAA+B;QACjF,MAAM,YAAY,GAAG,IAAI,sBAAQ,CAAC,mCAAkB,CAAC,QAAQ,CAAC,CAAC;QAC/D,MAAM,UAAU,GAAG,GAAG,CAAC,KAAK,CAAC;QAC7B,MAAM,UAAU,GAAG,MAAM,CAAC,IAAI,CAAC,UAAU,CAAC,CAAC;QAC3C,MAAM,eAAe,GAAG,UAAU,CAAC,MAAM,CAAC,CAAC,SAAiB,EAAE,EAAE;YAC/D,OAAO,SAAS,CAAC,UAAU,CAAC,UAAU,CAAC,IAAI,SAAS,KAAK,UAAU,CAAC;QACrE,CAAC,CAAC,CAAC;QAEH,MAAM,YAAY,GAAG,eAAe,CAAC,GAAG,CAAC,KAAK,EAAE,SAAS,EAAE,EAAE;YAC5D,MAAM,IAAI,GAAG,GAAG,CAAC,IAAI,CAAC,SAAS,CAAC,CAAC;YACjC,IAAI,IAAI,EAAE;gBACT,MAAM,aAAa,GAAG,MAAM,IAAI,CAAC,KAAK,CAAC,QAAQ,CAAC,CAAC;gBACjD,OAAO,IAAI,CAAC,KAAK,CAAC,aAAa,CAAC,CAAC,MAAM,CAAC;aACxC;QACF,CAAC,CAAC,CAAC;QAEH,MAAM,eAAe,GAAG,MAAM,OAAO,CAAC,GAAG,CAAC,YAAY,CAAC,CAAC;QACxD,KAAK,MAAM,MAAM,IAAI,eAAe,EAAE;YACrC,KAAK,MAAM,OAAO,IAAI,MAAM,EAAE;gBAC7B,MAAM,WAAW,GAAG,IAAI,qBAAO,CAAC,OAAO,CAAC,CAAC;gBACzC,YAAY,CAAC,UAAU,CAAC,WAAW,CAAC,CAAC;aACrC;SACD;QACD,IAAI,YAAY,CAAC,QAAQ,CAAC,MAAM,KAAK,CAAC,EAAE;YACvC,MAAM,IAAI,6BAAY,CAAC,EAAE,CAAC,CAAC;SAC3B;QAGD,QAAQ,CAAC,GAAG,CAAC,EAAE,EAAE,YAAY,CAAC,CAAC;QAE/B,MAAM,IAAI,CAAC,gBAAgB,CAAC,QAAQ,CAAC,CAAC;IACvC,CAAC;IAEO,KAAK,CAAC,gBAAgB,CAAC,QAA+B;QAE7D,MAAM,aAAa,GAAG,KAAK,CAAC,IAAI,CAAC,QAAQ,CAAC,OAAO,EAAE,CAAC,CAAC;QAErD,MAAM,EAAE,CAAC,SAAS,CAAC,QAAQ,CAAC,CAAC;QAE7B,MAAM,EAAE,CAAC,SAAS,CAAC,sBAAsB,EAAE,aAAa,CAAC,CAAC;IAC3D,CAAC;CACD;AApTD,gCAoTC","sourcesContent":["import {\n\tIInsightFacade,\n\tInsightDataset,\n\tInsightDatasetKind,\n\tInsightResult,\n\tNotFoundError,\n\tInsightError,\n\tResultTooLargeError,\n} from \"./IInsightFacade\";\nimport JSZip, { loadAsync } from \"jszip\";\nimport * as fs from \"fs-extra\";\nimport { Datasets, Section, Room } from \"./helperClass\";\nimport { HelperFunction } from \"./helperFunction\";\nimport { HelperRoom } from \"./helperRoom\";\nimport * as parse5 from \"parse5\";\nimport { HelperWhere } from \"./helperWhere\";\nimport { HelperTransformation } from \"./helperTransformation\";\nimport { HelperSort } from \"./helperSort\";\n// import * as path from \"path\";\n\nexport default class InsightFacade implements IInsightFacade {\n\tprivate datasets = new Map<string, Datasets>();\n\tprivate hf = new HelperFunction();\n\tprivate hr = new HelperRoom();\n\tprivate hw = new HelperWhere();\n\tprivate ht = new HelperTransformation();\n\tprivate hs = new HelperSort();\n\n\tpublic async addDataset(id: string, content: string, kind: InsightDatasetKind): Promise<string[]> {\n\t\tawait this.loadDatasetsFromDisk(kind);\n\n\t\tif (!this.hf.isValidId(id)) {\n\t\t\tthrow new InsightError(\"Invalid id\");\n\t\t}\n\t\tif (this.datasets.has(id)) {\n\t\t\tthrow new InsightError(\"Dataset already exists\");\n\t\t}\n\n\t\tlet zipData: JSZip;\n\t\ttry {\n\t\t\tzipData = await loadAsync(content, { base64: true });\n\t\t\tif (kind === InsightDatasetKind.Sections) {\n\t\t\t\tconst files = zipData.folder(\"courses\");\n\t\t\t\tif (!files) {\n\t\t\t\t\tthrow new InsightError(\"no courses folder\");\n\t\t\t\t}\n\t\t\t\tif (files.length === 0) {\n\t\t\t\t\tthrow new InsightError(\"no content in files\");\n\t\t\t\t}\n\t\t\t\tawait this.parseZipFile(id, zipData, this.datasets);\n\t\t\t} else if (kind === InsightDatasetKind.Rooms) {\n\t\t\t\tawait this.parseRoomZipFile(id, zipData, this.datasets);\n\t\t\t} else {\n\t\t\t\tthrow new InsightError(\"Invalid dataset kind\");\n\t\t\t}\n\t\t} catch (_err) {\n\t\t\tthrow new InsightError(\"Fail to unzip\");\n\t\t}\n\n\t\treturn Array.from(this.datasets.keys());\n\t}\n\n\tpublic async removeDataset(id: string): Promise<string> {\n\t\tawait this.loadDatasetsFromDisk(InsightDatasetKind.Sections);\n\t\tawait this.loadDatasetsFromDisk(InsightDatasetKind.Rooms);\n\n\t\tif (!this.hf.isValidId(id)) {\n\t\t\tthrow new InsightError(\"Invalid id\");\n\t\t}\n\n\t\tif (!this.datasets.has(id)) {\n\t\t\tthrow new NotFoundError(\"cannot find id\");\n\t\t}\n\n\t\tthis.datasets.delete(id);\n\n\t\tawait this.saveDatasetsDisk(this.datasets);\n\n\t\treturn id;\n\t}\n\n\tprivate async parseRoomZipFile(id: string, zipData: JSZip, datasets: Map<string, Datasets>): Promise<void> {\n\t\tconst dumpDatasets = new Datasets(InsightDatasetKind.Rooms);\n\t\tconst indexFilePath = Object.keys(zipData.files).find((path) => path.endsWith(\"index.htm\"));\n\t\tif (!indexFilePath) {\n\t\t\tthrow new InsightError(\"no index.htm folderß\");\n\t\t}\n\t\tconst indexFile = zipData.file(indexFilePath);\n\t\tif (!indexFile) {\n\t\t\tthrow new InsightError(\"no index file inside the folder\");\n\t\t}\n\t\tconst indexContent = await indexFile.async(\"string\");\n\t\tconst document = parse5.parse(indexContent);\n\n\t\t// find building and classrooms table\n\t\tconst tables = this.hr.findAllNodesByName(document, \"table\");\n\t\tconst buildingTable = tables.find((table) => this.hr.isValidBuildingTable(table));\n\t\t//console.log(buildingTable);\n\t\tif (!buildingTable) {\n\t\t\tthrow new InsightError(\"no valid building table\");\n\t\t}\n\n\t\t// extract room data\n\t\tconst { buildings, buildingLinks } = this.hr.extractBuildingsData(buildingTable);\n\n\t\tawait this.hr.assignLatLon(buildings);\n\n\t\tconst rooms = await this.hr.extractRoomData(buildingLinks, buildings, zipData);\n\t\t//let i = 0;\n\t\tfor (const room of rooms) {\n\t\t\tif (!room) {\n\t\t\t\tcontinue;\n\t\t\t}\n\t\t\tconst roomInstance = new Room(room);\n\t\t\t//console.log(roomInstance);\n\t\t\tdumpDatasets.addRoom(roomInstance);\n\t\t\t//i++;\n\t\t}\n\t\t//console.log(i);\n\t\t//console.log(rooms.length);\n\t\tdatasets.set(id, dumpDatasets);\n\t\tawait this.saveDatasetsDisk(datasets);\n\t}\n\n\tpublic async listDatasets(): Promise<InsightDataset[]> {\n\t\tawait this.loadDatasetsFromDisk(InsightDatasetKind.Sections);\n\t\tawait this.loadDatasetsFromDisk(InsightDatasetKind.Rooms);\n\n\t\tconst insightDatasetList: InsightDataset[] = [];\n\t\tconst datasetList = this.datasets.entries();\n\n\t\tfor (const [id, dataset] of datasetList) {\n\t\t\t// from chatGPT (next 5 lines)\n\t\t\tconst insightDataset: InsightDataset = {\n\t\t\t\tid: id,\n\t\t\t\tkind: dataset.kind,\n\t\t\t\tnumRows: dataset.numRows,\n\t\t\t};\n\t\t\tinsightDatasetList.push(insightDataset);\n\t\t}\n\t\treturn insightDatasetList;\n\t}\n\n\tpublic async performQuery(query: unknown): Promise<InsightResult[]> {\n\t\t// load from disk\n\t\tawait this.loadDatasetsFromDisk(InsightDatasetKind.Sections);\n\t\tawait this.loadDatasetsFromDisk(InsightDatasetKind.Rooms);\n\n\t\tif (typeof query !== \"object\" || query === null) {\n\t\t\tthrow new InsightError();\n\t\t}\n\n\t\tconst { WHERE, OPTIONS, TRANSFORMATIONS } = query as any;\n\n\t\tconst { foundDataset, queryId } = await this.validateQuery(WHERE, OPTIONS, query);\n\n\t\tlet filtered = await this.hw.handleWhere(WHERE, foundDataset.sections, queryId);\n\n\t\tif (filtered.length === 0) {\n\t\t\treturn [];\n\t\t}\n\n\t\t// handle TRANSFORMATIONS when possible, then handle Options\n\t\tif (TRANSFORMATIONS) {\n\t\t\tfiltered = await this.ht.handleTransformation(TRANSFORMATIONS, filtered);\n\t\t}\n\t\tconst result = await this.handleOptions(OPTIONS, filtered, queryId);\n\n\t\tconst limit = 5000;\n\n\t\tif (result.length > limit) {\n\t\t\tthrow new ResultTooLargeError(\"result too large\");\n\t\t}\n\n\t\t// console.log(result);\n\n\t\treturn result;\n\t}\n\n\tprivate async validateQuery(WHERE: any, OPTIONS: any, query: object): Promise<any> {\n\t\tif (!WHERE || !OPTIONS) {\n\t\t\t// check valid WHERE and valid OPTION\n\t\t\tthrow new InsightError(\"invalid format: WHERE and OPTIONS are required\");\n\t\t}\n\n\t\tfor (const x of Object.keys(query)) {\n\t\t\tif (x !== \"WHERE\" && x !== \"OPTIONS\" && x !== \"TRANSFORMATIONS\") {\n\t\t\t\tthrow new InsightError(\"Unexpected key found in query\");\n\t\t\t}\n\t\t}\n\n\t\t// get id from first element of column\n\t\tconst queryId = await this.hf.getQueryId(OPTIONS);\n\n\t\tconst foundDataset = this.datasets.get(queryId);\n\n\t\t// no dataset with id found\n\t\tif (!foundDataset) {\n\t\t\tthrow new InsightError(\"reference not found\");\n\t\t}\n\t\treturn { foundDataset, queryId };\n\t}\n\n\t// private async handleOptions(options: any, filtered: Section[], queryId: string): Promise<InsightResult[]> {\n\t// \tconst columns = options.COLUMNS;\n\t// \tconst order = options.ORDER;\n\t// \tconst columnParam: String[] = [];\n\n\t// \t// map filtered sections to the required columns\n\t// \tconst results: InsightResult[] = filtered.map((section) => {\n\t// \t\tconst result: any = {};\n\t// \t\tcolumns.forEach((col: string) => {\n\t// \t\t\tconst [datasetId, field] = col.split(\"_\");\n\t// \t\t\tif (datasetId !== queryId) {\n\t// \t\t\t\tthrow new InsightError(\"invalid dataset\");\n\t// \t\t\t}\n\t// \t\t\tcolumnParam.push(field);\n\t// \t\t\tresult[col] = this.hf.getParamAll(field, section);\n\t// \t\t});\n\t// \t\treturn result;\n\t// \t});\n\n\t// \t// If ORDER exists, sort the results\n\t// \tif (order) {\n\t// \t\tthis.hs.sortResults(results, order, queryId, columnParam);\n\t// \t}\n\n\t// \treturn results;\n\t// }\n\n\tprivate async handleOptions(options: any, filtered: any[], queryId: string): Promise<InsightResult[]> {\n\t\tconst { COLUMNS, ORDER } = options;\n\t\tconst columnParam: string[] = [];\n\n\t\t// Map filtered sections or transformed data to the required columns\n\t\tconst results: InsightResult[] = filtered.map((item) => {\n\t\t\tconst result: any = {};\n\n\t\t\t// Handle each column in the result\n\t\t\tCOLUMNS.forEach((col: string) => {\n\t\t\t\tconst [datasetId, field] = col.split(\"_\");\n\n\t\t\t\t// Validate datasetId if it's from the query\n\t\t\t\tif (datasetId !== queryId) {\n\t\t\t\t\tthrow new InsightError(\"Invalid dataset\");\n\t\t\t\t}\n\t\t\t\tcolumnParam.push(field);\n\n\t\t\t\t// Use this.hf.getParamAll for the original sections or direct access for transformed data\n\t\t\t\tresult[col] = this.hf.getParamAll(field, item); // Assume item is a Section or transformed object\n\t\t\t});\n\n\t\t\treturn result;\n\t\t});\n\n\t\t// Apply ORDER if it exists\n\t\tif (ORDER) {\n\t\t\tthis.hs.sortResults(results, ORDER, queryId, columnParam);\n\t\t}\n\n\t\treturn results;\n\t}\n\n\tprivate async loadDatasetsFromDisk(k: InsightDatasetKind): Promise<void> {\n\t\tif (k === InsightDatasetKind.Sections || k === InsightDatasetKind.Rooms) {\n\t\t\tconst exist = await fs.pathExists(\"./data/Datasets.json\");\n\n\t\t\tif (!exist) {\n\t\t\t\treturn;\n\t\t\t}\n\n\t\t\tconst datasetArray: [string, Datasets][] = await fs.readJSON(\"./data/Datasets.json\");\n\n\t\t\tfor (const [id, dataset] of datasetArray) {\n\t\t\t\tif (this.datasets.has(id)) {\n\t\t\t\t\tcontinue;\n\t\t\t\t}\n\t\t\t\tconst newData = new Datasets(k);\n\t\t\t\tnewData.sections = dataset.sections;\n\t\t\t\tnewData.rooms = dataset.rooms;\n\t\t\t\tnewData.numRows = dataset.numRows;\n\t\t\t\tnewData.kind = dataset.kind;\n\t\t\t\tthis.datasets.set(id, newData);\n\t\t\t}\n\t\t}\n\t}\n\n\tprivate async parseZipFile(id: string, zip: JSZip, datasets: Map<string, Datasets>): Promise<void> {\n\t\tconst dumpDatasets = new Datasets(InsightDatasetKind.Sections);\n\t\tconst zipContent = zip.files;\n\t\tconst keyContent = Object.keys(zipContent);\n\t\tconst filteredContent = keyContent.filter((checkPath: string) => {\n\t\t\treturn checkPath.startsWith(\"courses/\") && checkPath !== \"courses/\";\n\t\t});\n\n\t\tconst listPromises = filteredContent.map(async (checkPath) => {\n\t\t\tconst file = zip.file(checkPath);\n\t\t\tif (file) {\n\t\t\t\tconst stringContent = await file.async(\"string\");\n\t\t\t\treturn JSON.parse(stringContent).result;\n\t\t\t}\n\t\t});\n\n\t\tconst fulfillPromises = await Promise.all(listPromises);\n\t\tfor (const course of fulfillPromises) {\n\t\t\tfor (const section of course) {\n\t\t\t\tconst dumpSection = new Section(section);\n\t\t\t\tdumpDatasets.addSection(dumpSection);\n\t\t\t}\n\t\t}\n\t\tif (dumpDatasets.sections.length === 0) {\n\t\t\tthrow new InsightError(\"\");\n\t\t}\n\n\t\t// set map\n\t\tdatasets.set(id, dumpDatasets);\n\n\t\tawait this.saveDatasetsDisk(datasets);\n\t}\n\n\tprivate async saveDatasetsDisk(datasets: Map<String, Datasets>): Promise<void> {\n\t\t// Convert Map to an object before writing, from chatGPT\n\t\tconst datasetsArray = Array.from(datasets.entries());\n\n\t\tawait fs.ensureDir(\"./data\");\n\n\t\tawait fs.writeJSON(\"./data/Datasets.json\", datasetsArray);\n\t}\n}\n"]},"_coverageSchema":"1a1c01bbd47fc00a2c39e90264f33305004495a9","hash":"e580624c4236a9f65b10adf1aa2668f0fb6fbb4a","contentHash":"c0bb3ec3b03b16a1c2d6a521692baed87cefc71dc1734cf052df113ac155f2cb"},"D:\\000_Edrick\\UBC\\CPSC_310\\project_team139\\src\\controller\\helperClass.ts":{"path":"D:\\000_Edrick\\UBC\\CPSC_310\\project_team139\\src\\controller\\helperClass.ts","statementMap":{"0":{"start":{"line":2,"column":0},"end":{"line":2,"column":62}},"1":{"start":{"line":3,"column":0},"end":{"line":3,"column":59}},"2":{"start":{"line":4,"column":25},"end":{"line":4,"column":52}},"3":{"start":{"line":11,"column":8},"end":{"line":11,"column":27}},"4":{"start":{"line":12,"column":8},"end":{"line":12,"column":24}},"5":{"start":{"line":13,"column":8},"end":{"line":13,"column":25}},"6":{"start":{"line":14,"column":8},"end":{"line":14,"column":22}},"7":{"start":{"line":17,"column":8},"end":{"line":17,"column":23}},"8":{"start":{"line":18,"column":8},"end":{"line":18,"column":38}},"9":{"start":{"line":21,"column":8},"end":{"line":21,"column":23}},"10":{"start":{"line":22,"column":8},"end":{"line":22,"column":33}},"11":{"start":{"line":25,"column":0},"end":{"line":25,"column":28}},"12":{"start":{"line":38,"column":8},"end":{"line":40,"column":9}},"13":{"start":{"line":39,"column":12},"end":{"line":39,"column":93}},"14":{"start":{"line":41,"column":8},"end":{"line":60,"column":9}},"15":{"start":{"line":42,"column":12},"end":{"line":42,"column":43}},"16":{"start":{"line":43,"column":12},"end":{"line":43,"column":45}},"17":{"start":{"line":44,"column":12},"end":{"line":44,"column":47}},"18":{"start":{"line":45,"column":12},"end":{"line":45,"column":56}},"19":{"start":{"line":46,"column":12},"end":{"line":46,"column":48}},"20":{"start":{"line":47,"column":12},"end":{"line":52,"column":13}},"21":{"start":{"line":48,"column":16},"end":{"line":48,"column":33}},"22":{"start":{"line":51,"column":16},"end":{"line":51,"column":56}},"23":{"start":{"line":53,"column":12},"end":{"line":53,"column":50}},"24":{"start":{"line":54,"column":12},"end":{"line":54,"column":52}},"25":{"start":{"line":55,"column":12},"end":{"line":55,"column":52}},"26":{"start":{"line":56,"column":12},"end":{"line":56,"column":54}},"27":{"start":{"line":59,"column":12},"end":{"line":59,"column":77}},"28":{"start":{"line":63,"column":8},"end":{"line":73,"column":35}},"29":{"start":{"line":76,"column":20},"end":{"line":76,"column":29}},"30":{"start":{"line":77,"column":8},"end":{"line":79,"column":9}},"31":{"start":{"line":78,"column":12},"end":{"line":78,"column":73}},"32":{"start":{"line":80,"column":8},"end":{"line":80,"column":19}},"33":{"start":{"line":83,"column":0},"end":{"line":83,"column":26}},"34":{"start":{"line":97,"column":8},"end":{"line":99,"column":9}},"35":{"start":{"line":98,"column":12},"end":{"line":98,"column":93}},"36":{"start":{"line":100,"column":8},"end":{"line":115,"column":9}},"37":{"start":{"line":101,"column":12},"end":{"line":101,"column":50}},"38":{"start":{"line":102,"column":12},"end":{"line":102,"column":52}},"39":{"start":{"line":103,"column":12},"end":{"line":103,"column":46}},"40":{"start":{"line":104,"column":12},"end":{"line":104,"column":42}},"41":{"start":{"line":105,"column":12},"end":{"line":105,"column":48}},"42":{"start":{"line":106,"column":12},"end":{"line":106,"column":47}},"43":{"start":{"line":107,"column":12},"end":{"line":107,"column":47}},"44":{"start":{"line":108,"column":12},"end":{"line":108,"column":51}},"45":{"start":{"line":109,"column":12},"end":{"line":109,"column":42}},"46":{"start":{"line":110,"column":12},"end":{"line":110,"column":52}},"47":{"start":{"line":111,"column":12},"end":{"line":111,"column":42}},"48":{"start":{"line":114,"column":12},"end":{"line":114,"column":77}},"49":{"start":{"line":118,"column":8},"end":{"line":128,"column":33}},"50":{"start":{"line":131,"column":20},"end":{"line":131,"column":29}},"51":{"start":{"line":132,"column":8},"end":{"line":134,"column":9}},"52":{"start":{"line":133,"column":12},"end":{"line":133,"column":73}},"53":{"start":{"line":135,"column":8},"end":{"line":135,"column":19}},"54":{"start":{"line":138,"column":0},"end":{"line":138,"column":20}}},"fnMap":{"0":{"name":"(anonymous_0)","decl":{"start":{"line":10,"column":4},"end":{"line":10,"column":5}},"loc":{"start":{"line":10,"column":19},"end":{"line":15,"column":5}},"line":10},"1":{"name":"(anonymous_1)","decl":{"start":{"line":16,"column":4},"end":{"line":16,"column":5}},"loc":{"start":{"line":16,"column":26},"end":{"line":19,"column":5}},"line":16},"2":{"name":"(anonymous_2)","decl":{"start":{"line":20,"column":4},"end":{"line":20,"column":5}},"loc":{"start":{"line":20,"column":21},"end":{"line":23,"column":5}},"line":20},"3":{"name":"(anonymous_3)","decl":{"start":{"line":37,"column":4},"end":{"line":37,"column":5}},"loc":{"start":{"line":37,"column":25},"end":{"line":61,"column":5}},"line":37},"4":{"name":"(anonymous_4)","decl":{"start":{"line":62,"column":4},"end":{"line":62,"column":5}},"loc":{"start":{"line":62,"column":22},"end":{"line":74,"column":5}},"line":62},"5":{"name":"(anonymous_5)","decl":{"start":{"line":75,"column":4},"end":{"line":75,"column":5}},"loc":{"start":{"line":75,"column":16},"end":{"line":81,"column":5}},"line":75},"6":{"name":"(anonymous_6)","decl":{"start":{"line":96,"column":4},"end":{"line":96,"column":5}},"loc":{"start":{"line":96,"column":22},"end":{"line":116,"column":5}},"line":96},"7":{"name":"(anonymous_7)","decl":{"start":{"line":117,"column":4},"end":{"line":117,"column":5}},"loc":{"start":{"line":117,"column":19},"end":{"line":129,"column":5}},"line":117},"8":{"name":"(anonymous_8)","decl":{"start":{"line":130,"column":4},"end":{"line":130,"column":5}},"loc":{"start":{"line":130,"column":16},"end":{"line":136,"column":5}},"line":130}},"branchMap":{"0":{"loc":{"start":{"line":38,"column":8},"end":{"line":40,"column":9}},"type":"if","locations":[{"start":{"line":38,"column":8},"end":{"line":40,"column":9}},{"start":{"line":38,"column":8},"end":{"line":40,"column":9}}],"line":38},"1":{"loc":{"start":{"line":47,"column":12},"end":{"line":52,"column":13}},"type":"if","locations":[{"start":{"line":47,"column":12},"end":{"line":52,"column":13}},{"start":{"line":47,"column":12},"end":{"line":52,"column":13}}],"line":47},"2":{"loc":{"start":{"line":63,"column":16},"end":{"line":73,"column":33}},"type":"binary-expr","locations":[{"start":{"line":63,"column":16},"end":{"line":63,"column":34}},{"start":{"line":64,"column":12},"end":{"line":64,"column":34}},{"start":{"line":65,"column":12},"end":{"line":65,"column":33}},{"start":{"line":66,"column":12},"end":{"line":66,"column":37}},{"start":{"line":67,"column":12},"end":{"line":67,"column":35}},{"start":{"line":68,"column":12},"end":{"line":68,"column":35}},{"start":{"line":69,"column":12},"end":{"line":69,"column":32}},{"start":{"line":70,"column":12},"end":{"line":70,"column":31}},{"start":{"line":71,"column":12},"end":{"line":71,"column":32}},{"start":{"line":72,"column":12},"end":{"line":72,"column":32}},{"start":{"line":73,"column":12},"end":{"line":73,"column":33}}],"line":63},"3":{"loc":{"start":{"line":77,"column":8},"end":{"line":79,"column":9}},"type":"if","locations":[{"start":{"line":77,"column":8},"end":{"line":79,"column":9}},{"start":{"line":77,"column":8},"end":{"line":79,"column":9}}],"line":77},"4":{"loc":{"start":{"line":97,"column":8},"end":{"line":99,"column":9}},"type":"if","locations":[{"start":{"line":97,"column":8},"end":{"line":99,"column":9}},{"start":{"line":97,"column":8},"end":{"line":99,"column":9}}],"line":97},"5":{"loc":{"start":{"line":118,"column":16},"end":{"line":128,"column":31}},"type":"binary-expr","locations":[{"start":{"line":118,"column":16},"end":{"line":118,"column":40}},{"start":{"line":119,"column":12},"end":{"line":119,"column":37}},{"start":{"line":120,"column":12},"end":{"line":120,"column":34}},{"start":{"line":121,"column":12},"end":{"line":121,"column":32}},{"start":{"line":122,"column":12},"end":{"line":122,"column":35}},{"start":{"line":123,"column":12},"end":{"line":123,"column":33}},{"start":{"line":124,"column":12},"end":{"line":124,"column":32}},{"start":{"line":125,"column":12},"end":{"line":125,"column":37}},{"start":{"line":126,"column":12},"end":{"line":126,"column":32}},{"start":{"line":127,"column":12},"end":{"line":127,"column":31}},{"start":{"line":128,"column":12},"end":{"line":128,"column":31}}],"line":118},"6":{"loc":{"start":{"line":132,"column":8},"end":{"line":134,"column":9}},"type":"if","locations":[{"start":{"line":132,"column":8},"end":{"line":134,"column":9}},{"start":{"line":132,"column":8},"end":{"line":134,"column":9}}],"line":132}},"s":{"0":1,"1":1,"2":1,"3":16,"4":16,"5":16,"6":16,"7":839956,"8":839956,"9":364,"10":364,"11":1,"12":839956,"13":0,"14":839956,"15":839956,"16":839956,"17":839956,"18":839956,"19":839956,"20":839956,"21":320073,"22":519883,"23":839956,"24":839956,"25":839956,"26":839956,"27":0,"28":839956,"29":3879707,"30":3879707,"31":0,"32":3879707,"33":1,"34":364,"35":0,"36":364,"37":364,"38":364,"39":364,"40":364,"41":364,"42":364,"43":364,"44":364,"45":364,"46":364,"47":364,"48":0,"49":364,"50":1092,"51":1092,"52":0,"53":1092,"54":1},"f":{"0":16,"1":839956,"2":364,"3":839956,"4":839956,"5":3879707,"6":364,"7":364,"8":1092},"b":{"0":[0,839956],"1":[320073,519883],"2":[839956,0,0,0,0,0,0,0,0,0,0],"3":[0,3879707],"4":[0,364],"5":[364,364,364,364,364,364,364,364,364,364,364],"6":[0,1092]},"inputSourceMap":{"version":3,"file":"D:/000_Edrick/UBC/CPSC_310/project_team139/src/controller/helperClass.ts","sources":["D:/000_Edrick/UBC/CPSC_310/project_team139/src/controller/helperClass.ts"],"names":[],"mappings":";;;AAAA,qDAAoE;AAEpE,MAAa,QAAQ;IACb,QAAQ,CAAY;IACpB,KAAK,CAAS;IACd,OAAO,CAAS;IAChB,IAAI,CAAqB;IAEhC,YAAY,CAAqB;QAChC,IAAI,CAAC,QAAQ,GAAG,EAAE,CAAC;QACnB,IAAI,CAAC,KAAK,GAAG,EAAE,CAAC;QAChB,IAAI,CAAC,OAAO,GAAG,CAAC,CAAC;QACjB,IAAI,CAAC,IAAI,GAAG,CAAC,CAAC;IACf,CAAC;IAEM,UAAU,CAAC,SAAkB;QACnC,EAAE,IAAI,CAAC,OAAO,CAAC;QACf,IAAI,CAAC,QAAQ,CAAC,IAAI,CAAC,SAAS,CAAC,CAAC;IAC/B,CAAC;IAEM,OAAO,CAAC,OAAa;QAC3B,EAAE,IAAI,CAAC,OAAO,CAAC;QACf,IAAI,CAAC,KAAK,CAAC,IAAI,CAAC,OAAO,CAAC,CAAC;IAC1B,CAAC;CACD;AAtBD,4BAsBC;AAED,MAAa,OAAO;IACZ,IAAI,CAAS;IACb,EAAE,CAAS;IACX,KAAK,CAAS;IACd,UAAU,CAAS;IACnB,IAAI,CAAS;IACb,IAAI,CAAS;IACb,GAAG,CAAS;IACZ,IAAI,CAAS;IACb,IAAI,CAAS;IACb,KAAK,CAAS;IAErB,YAAY,OAAY;QAEvB,IAAI,CAAC,IAAI,CAAC,cAAc,CAAC,OAAO,CAAC,EAAE;YAClC,MAAM,IAAI,6BAAY,CAAC,uCAAuC,CAAC,CAAC;SAChE;QACD,IAAI;YACH,IAAI,CAAC,IAAI,GAAG,MAAM,CAAC,OAAO,CAAC,EAAE,CAAC,CAAC;YAC/B,IAAI,CAAC,EAAE,GAAG,MAAM,CAAC,OAAO,CAAC,MAAM,CAAC,CAAC;YACjC,IAAI,CAAC,KAAK,GAAG,MAAM,CAAC,OAAO,CAAC,KAAK,CAAC,CAAC;YACnC,IAAI,CAAC,UAAU,GAAG,MAAM,CAAC,OAAO,CAAC,SAAS,CAAC,CAAC;YAC5C,IAAI,CAAC,IAAI,GAAG,MAAM,CAAC,OAAO,CAAC,OAAO,CAAC,CAAC;YACpC,IAAI,OAAO,CAAC,OAAO,KAAK,SAAS,EAAE;gBAClC,IAAI,CAAC,IAAI,GAAG,IAAI,CAAC;aACjB;iBAAM;gBACN,IAAI,CAAC,IAAI,GAAG,IAAI,CAAC,QAAQ,CAAC,OAAO,CAAC,IAAI,CAAC,CAAC;aACxC;YACD,IAAI,CAAC,GAAG,GAAG,IAAI,CAAC,QAAQ,CAAC,OAAO,CAAC,GAAG,CAAC,CAAC;YACtC,IAAI,CAAC,IAAI,GAAG,IAAI,CAAC,QAAQ,CAAC,OAAO,CAAC,IAAI,CAAC,CAAC;YACxC,IAAI,CAAC,IAAI,GAAG,IAAI,CAAC,QAAQ,CAAC,OAAO,CAAC,IAAI,CAAC,CAAC;YACxC,IAAI,CAAC,KAAK,GAAG,IAAI,CAAC,QAAQ,CAAC,OAAO,CAAC,KAAK,CAAC,CAAC;SAC1C;QAAC,OAAO,IAAI,EAAE;YACd,MAAM,IAAI,6BAAY,CAAC,uBAAuB,CAAC,CAAC;SAChD;IACF,CAAC;IAEM,cAAc,CAAC,CAAM;QAC3B,OAAO,CACN,CAAC,CAAC,EAAE,KAAK,SAAS;YAClB,CAAC,CAAC,MAAM,KAAK,SAAS;YACtB,CAAC,CAAC,KAAK,KAAK,SAAS;YACrB,CAAC,CAAC,SAAS,KAAK,SAAS;YACzB,CAAC,CAAC,OAAO,KAAK,SAAS;YACvB,CAAC,CAAC,OAAO,KAAK,SAAS;YACvB,CAAC,CAAC,IAAI,KAAK,SAAS;YACpB,CAAC,CAAC,GAAG,KAAK,SAAS;YACnB,CAAC,CAAC,IAAI,KAAK,SAAS;YACpB,CAAC,CAAC,IAAI,KAAK,SAAS;YACpB,CAAC,CAAC,KAAK,KAAK,SAAS,CACrB,CAAC;IACH,CAAC;IAEM,QAAQ,CAAC,CAAM;QACrB,MAAM,GAAG,GAAG,MAAM,CAAC,CAAC,CAAC,CAAC;QACtB,IAAI,KAAK,CAAC,GAAG,CAAC,EAAE;YACf,MAAM,IAAI,6BAAY,CAAC,mBAAmB,CAAC,CAAC;SAC5C;QACD,OAAO,GAAG,CAAC;IACZ,CAAC;CACD;AA5DD,0BA4DC;AAED,MAAa,IAAI;IACT,QAAQ,CAAS;IACjB,SAAS,CAAS;IAClB,MAAM,CAAS;IACf,IAAI,CAAS;IACb,OAAO,CAAS;IAChB,GAAG,CAAS;IACZ,GAAG,CAAS;IACZ,KAAK,CAAS;IACd,IAAI,CAAS;IACb,SAAS,CAAS;IAClB,IAAI,CAAS;IAEpB,YAAY,IAAS;QAEpB,IAAI,CAAC,IAAI,CAAC,WAAW,CAAC,IAAI,CAAC,EAAE;YAC5B,MAAM,IAAI,6BAAY,CAAC,uCAAuC,CAAC,CAAC;SAChE;QACD,IAAI;YACH,IAAI,CAAC,QAAQ,GAAG,MAAM,CAAC,IAAI,CAAC,QAAQ,CAAC,CAAC;YACtC,IAAI,CAAC,SAAS,GAAG,MAAM,CAAC,IAAI,CAAC,SAAS,CAAC,CAAC;YACxC,IAAI,CAAC,MAAM,GAAG,MAAM,CAAC,IAAI,CAAC,MAAM,CAAC,CAAC;YAClC,IAAI,CAAC,IAAI,GAAG,MAAM,CAAC,IAAI,CAAC,IAAI,CAAC,CAAC;YAC9B,IAAI,CAAC,OAAO,GAAG,MAAM,CAAC,IAAI,CAAC,OAAO,CAAC,CAAC;YACpC,IAAI,CAAC,GAAG,GAAG,IAAI,CAAC,QAAQ,CAAC,IAAI,CAAC,GAAG,CAAC,CAAC;YACnC,IAAI,CAAC,GAAG,GAAG,IAAI,CAAC,QAAQ,CAAC,IAAI,CAAC,GAAG,CAAC,CAAC;YACnC,IAAI,CAAC,KAAK,GAAG,IAAI,CAAC,QAAQ,CAAC,IAAI,CAAC,KAAK,CAAC,CAAC;YACvC,IAAI,CAAC,IAAI,GAAG,MAAM,CAAC,IAAI,CAAC,IAAI,CAAC,CAAC;YAC9B,IAAI,CAAC,SAAS,GAAG,MAAM,CAAC,IAAI,CAAC,SAAS,CAAC,CAAC;YACxC,IAAI,CAAC,IAAI,GAAG,MAAM,CAAC,IAAI,CAAC,IAAI,CAAC,CAAC;SAC9B;QAAC,OAAO,IAAI,EAAE;YACd,MAAM,IAAI,6BAAY,CAAC,uBAAuB,CAAC,CAAC;SAChD;IACF,CAAC;IAEM,WAAW,CAAC,CAAM;QACxB,OAAO,CACN,CAAC,CAAC,QAAQ,KAAK,SAAS;YACxB,CAAC,CAAC,SAAS,KAAK,SAAS;YACzB,CAAC,CAAC,MAAM,KAAK,SAAS;YACtB,CAAC,CAAC,IAAI,KAAK,SAAS;YACpB,CAAC,CAAC,OAAO,KAAK,SAAS;YACvB,CAAC,CAAC,KAAK,KAAK,SAAS;YACrB,CAAC,CAAC,IAAI,KAAK,SAAS;YACpB,CAAC,CAAC,SAAS,KAAK,SAAS;YACzB,CAAC,CAAC,IAAI,KAAK,SAAS;YACpB,CAAC,CAAC,GAAG,KAAK,SAAS;YACnB,CAAC,CAAC,GAAG,KAAK,SAAS,CACnB,CAAC;IAEH,CAAC;IAEM,QAAQ,CAAC,CAAM;QACrB,MAAM,GAAG,GAAG,MAAM,CAAC,CAAC,CAAC,CAAC;QACtB,IAAI,KAAK,CAAC,GAAG,CAAC,EAAE;YACf,MAAM,IAAI,6BAAY,CAAC,mBAAmB,CAAC,CAAC;SAC5C;QACD,OAAO,GAAG,CAAC;IACZ,CAAC;CACD;AA3DD,oBA2DC","sourcesContent":["import { InsightDatasetKind, InsightError } from \"./IInsightFacade\";\n\nexport class Datasets {\n\tpublic sections: Section[];\n\tpublic rooms: Room[];\n\tpublic numRows: number;\n\tpublic kind: InsightDatasetKind;\n\n\tconstructor(k: InsightDatasetKind) {\n\t\tthis.sections = [];\n\t\tthis.rooms = [];\n\t\tthis.numRows = 0;\n\t\tthis.kind = k;\n\t}\n\n\tpublic addSection(newCourse: Section): void {\n\t\t++this.numRows;\n\t\tthis.sections.push(newCourse);\n\t}\n\n\tpublic addRoom(newRoom: Room): void {\n\t\t++this.numRows;\n\t\tthis.rooms.push(newRoom);\n\t}\n}\n\nexport class Section {\n\tpublic uuid: string;\n\tpublic id: string;\n\tpublic title: string;\n\tpublic instructor: string;\n\tpublic dept: string;\n\tpublic year: number;\n\tpublic avg: number;\n\tpublic pass: number;\n\tpublic fail: number;\n\tpublic audit: number;\n\n\tconstructor(section: any) {\n\t\t// check if section is valid\n\t\tif (!this.isValidSection(section)) {\n\t\t\tthrow new InsightError(\"Undefined variable -> invalid section\");\n\t\t}\n\t\ttry {\n\t\t\tthis.uuid = String(section.id);\n\t\t\tthis.id = String(section.Course);\n\t\t\tthis.title = String(section.Title);\n\t\t\tthis.instructor = String(section.Professor);\n\t\t\tthis.dept = String(section.Subject);\n\t\t\tif (section.Section === \"overall\") {\n\t\t\t\tthis.year = 1900;\n\t\t\t} else {\n\t\t\t\tthis.year = this.anyToNum(section.Year);\n\t\t\t}\n\t\t\tthis.avg = this.anyToNum(section.Avg);\n\t\t\tthis.pass = this.anyToNum(section.Pass);\n\t\t\tthis.fail = this.anyToNum(section.Fail);\n\t\t\tthis.audit = this.anyToNum(section.Audit);\n\t\t} catch (_err) {\n\t\t\tthrow new InsightError(\"invalid variable type\");\n\t\t}\n\t}\n\n\tpublic isValidSection(c: any): boolean {\n\t\treturn (\n\t\t\tc.id !== undefined ||\n\t\t\tc.Course !== undefined ||\n\t\t\tc.title !== undefined ||\n\t\t\tc.Professor !== undefined ||\n\t\t\tc.Subject !== undefined ||\n\t\t\tc.Section !== undefined ||\n\t\t\tc.Year !== undefined ||\n\t\t\tc.Avg !== undefined ||\n\t\t\tc.Pass !== undefined ||\n\t\t\tc.Fail !== undefined ||\n\t\t\tc.Audit !== undefined\n\t\t);\n\t}\n\n\tpublic anyToNum(n: any): number {\n\t\tconst num = Number(n);\n\t\tif (isNaN(num)) {\n\t\t\tthrow new InsightError(\"n is not a number\");\n\t\t}\n\t\treturn num;\n\t}\n}\n\nexport class Room {\n\tpublic fullname: string;\n\tpublic shortname: string;\n\tpublic number: string;\n\tpublic name: string;\n\tpublic address: string;\n\tpublic lat: number;\n\tpublic lon: number;\n\tpublic seats: number;\n\tpublic type: string;\n\tpublic furniture: string;\n\tpublic href: string;\n\n\tconstructor(room: any) {\n\t\t// check if section is valid\n\t\tif (!this.isValidRoom(room)) {\n\t\t\tthrow new InsightError(\"Undefined variable -> invalid section\");\n\t\t}\n\t\ttry {\n\t\t\tthis.fullname = String(room.fullname);\n\t\t\tthis.shortname = String(room.shortname);\n\t\t\tthis.number = String(room.number);\n\t\t\tthis.name = String(room.name);\n\t\t\tthis.address = String(room.address);\n\t\t\tthis.lat = this.anyToNum(room.lat);\n\t\t\tthis.lon = this.anyToNum(room.lon);\n\t\t\tthis.seats = this.anyToNum(room.seats);\n\t\t\tthis.type = String(room.type);\n\t\t\tthis.furniture = String(room.furniture);\n\t\t\tthis.href = String(room.href);\n\t\t} catch (_err) {\n\t\t\tthrow new InsightError(\"invalid variable type\");\n\t\t}\n\t}\n\n\tpublic isValidRoom(r: any): boolean {\n\t\treturn (\n\t\t\tr.fullname !== undefined &&\n\t\t\tr.shortname !== undefined &&\n\t\t\tr.number !== undefined &&\n\t\t\tr.name !== undefined &&\n\t\t\tr.address !== undefined &&\n\t\t\tr.seats !== undefined &&\n\t\t\tr.type !== undefined &&\n\t\t\tr.furniture !== undefined &&\n\t\t\tr.href !== undefined &&\n\t\t\tr.lat !== undefined &&\n\t\t\tr.lon !== undefined\n\t\t);\n\t\t//tambahin lat and lon\n\t}\n\n\tpublic anyToNum(n: any): number {\n\t\tconst num = Number(n);\n\t\tif (isNaN(num)) {\n\t\t\tthrow new InsightError(\"n is not a number\");\n\t\t}\n\t\treturn num;\n\t}\n}\n"]},"_coverageSchema":"1a1c01bbd47fc00a2c39e90264f33305004495a9","hash":"598e75354f20a0a4592b96f161937e10927d6889","contentHash":"9be94d11cb704172c2174612889d3395da123e4e5d252fd96853bd9d56d83cab"},"D:\\000_Edrick\\UBC\\CPSC_310\\project_team139\\src\\controller\\helperFunction.ts":{"path":"D:\\000_Edrick\\UBC\\CPSC_310\\project_team139\\src\\controller\\helperFunction.ts","statementMap":{"0":{"start":{"line":2,"column":0},"end":{"line":2,"column":62}},"1":{"start":{"line":3,"column":0},"end":{"line":3,"column":32}},"2":{"start":{"line":4,"column":25},"end":{"line":4,"column":52}},"3":{"start":{"line":7,"column":8},"end":{"line":9,"column":9}},"4":{"start":{"line":8,"column":12},"end":{"line":8,"column":26}},"5":{"start":{"line":10,"column":8},"end":{"line":12,"column":9}},"6":{"start":{"line":11,"column":12},"end":{"line":11,"column":25}},"7":{"start":{"line":13,"column":8},"end":{"line":15,"column":9}},"8":{"start":{"line":14,"column":12},"end":{"line":14,"column":26}},"9":{"start":{"line":16,"column":8},"end":{"line":18,"column":9}},"10":{"start":{"line":17,"column":12},"end":{"line":17,"column":26}},"11":{"start":{"line":19,"column":8},"end":{"line":21,"column":9}},"12":{"start":{"line":20,"column":12},"end":{"line":20,"column":27}},"13":{"start":{"line":22,"column":8},"end":{"line":22,"column":50}},"14":{"start":{"line":25,"column":8},"end":{"line":27,"column":9}},"15":{"start":{"line":26,"column":12},"end":{"line":26,"column":26}},"16":{"start":{"line":28,"column":8},"end":{"line":30,"column":9}},"17":{"start":{"line":29,"column":12},"end":{"line":29,"column":24}},"18":{"start":{"line":31,"column":8},"end":{"line":33,"column":9}},"19":{"start":{"line":32,"column":12},"end":{"line":32,"column":27}},"20":{"start":{"line":34,"column":8},"end":{"line":36,"column":9}},"21":{"start":{"line":35,"column":12},"end":{"line":35,"column":32}},"22":{"start":{"line":37,"column":8},"end":{"line":39,"column":9}},"23":{"start":{"line":38,"column":12},"end":{"line":38,"column":26}},"24":{"start":{"line":40,"column":8},"end":{"line":40,"column":66}},"25":{"start":{"line":43,"column":8},"end":{"line":48,"column":9}},"26":{"start":{"line":44,"column":12},"end":{"line":44,"column":49}},"27":{"start":{"line":47,"column":12},"end":{"line":47,"column":46}},"28":{"start":{"line":51,"column":24},"end":{"line":51,"column":39}},"29":{"start":{"line":52,"column":8},"end":{"line":54,"column":9}},"30":{"start":{"line":53,"column":12},"end":{"line":53,"column":66}},"31":{"start":{"line":55,"column":8},"end":{"line":57,"column":9}},"32":{"start":{"line":56,"column":12},"end":{"line":56,"column":71}},"33":{"start":{"line":58,"column":19},"end":{"line":58,"column":43}},"34":{"start":{"line":59,"column":8},"end":{"line":59,"column":18}},"35":{"start":{"line":62,"column":26},"end":{"line":62,"column":35}},"36":{"start":{"line":63,"column":8},"end":{"line":63,"column":92}},"37":{"start":{"line":66,"column":8},"end":{"line":92,"column":9}},"38":{"start":{"line":67,"column":30},"end":{"line":67,"column":48}},"39":{"start":{"line":68,"column":12},"end":{"line":70,"column":13}},"40":{"start":{"line":69,"column":16},"end":{"line":69,"column":107}},"41":{"start":{"line":71,"column":12},"end":{"line":71,"column":30}},"42":{"start":{"line":73,"column":13},"end":{"line":92,"column":9}},"43":{"start":{"line":74,"column":30},"end":{"line":74,"column":44}},"44":{"start":{"line":75,"column":12},"end":{"line":77,"column":13}},"45":{"start":{"line":76,"column":16},"end":{"line":76,"column":107}},"46":{"start":{"line":78,"column":12},"end":{"line":78,"column":27}},"47":{"start":{"line":80,"column":13},"end":{"line":92,"column":9}},"48":{"start":{"line":81,"column":30},"end":{"line":81,"column":48}},"49":{"start":{"line":82,"column":12},"end":{"line":84,"column":13}},"50":{"start":{"line":83,"column":16},"end":{"line":83,"column":107}},"51":{"start":{"line":85,"column":12},"end":{"line":85,"column":25}},"52":{"start":{"line":87,"column":13},"end":{"line":92,"column":9}},"53":{"start":{"line":88,"column":12},"end":{"line":88,"column":103}},"54":{"start":{"line":91,"column":12},"end":{"line":91,"column":28}},"55":{"start":{"line":95,"column":29},"end":{"line":95,"column":56}},"56":{"start":{"line":96,"column":22},"end":{"line":96,"column":39}},"57":{"start":{"line":97,"column":24},"end":{"line":97,"column":41}},"58":{"start":{"line":98,"column":8},"end":{"line":100,"column":9}},"59":{"start":{"line":99,"column":12},"end":{"line":99,"column":56}},"60":{"start":{"line":101,"column":8},"end":{"line":103,"column":9}},"61":{"start":{"line":102,"column":12},"end":{"line":102,"column":128}},"62":{"start":{"line":104,"column":8},"end":{"line":106,"column":9}},"63":{"start":{"line":105,"column":12},"end":{"line":105,"column":101}},"64":{"start":{"line":107,"column":8},"end":{"line":109,"column":11}},"65":{"start":{"line":108,"column":12},"end":{"
[...]
41,"column":15}},"27":{"start":{"line":40,"column":16},"end":{"line":40,"column":54}},"28":{"start":{"line":42,"column":12},"end":{"line":47,"column":15}},"29":{"start":{"line":43,"column":33},"end":{"line":43,"column":58}},"30":{"start":{"line":44,"column":34},"end":{"line":44,"column":69}},"31":{"start":{"line":45,"column":34},"end":{"line":45,"column":78}},"32":{"start":{"line":46,"column":16},"end":{"line":46,"column":96}},"33":{"start":{"line":48,"column":12},"end":{"line":48,"column":38}},"34":{"start":{"line":50,"column":8},"end":{"line":50,"column":23}},"35":{"start":{"line":53,"column":8},"end":{"line":66,"column":9}},"36":{"start":{"line":55,"column":16},"end":{"line":55,"column":87}},"37":{"start":{"line":55,"column":55},"end":{"line":55,"column":84}},"38":{"start":{"line":57,"column":16},"end":{"line":57,"column":87}},"39":{"start":{"line":57,"column":55},"end":{"line":57,"column":84}},"40":{"start":{"line":59,"column":16},"end":{"line":59,"column":109}},"41":{"start":{"line":59,"column":51},"end":{"line":59,"column":86}},"42":{"start":{"line":61,"column":16},"end":{"line":61,"column":91}},"43":{"start":{"line":61,"column":51},"end":{"line":61,"column":86}},"44":{"start":{"line":63,"column":16},"end":{"line":63,"column":88}},"45":{"start":{"line":63,"column":51},"end":{"line":63,"column":80}},"46":{"start":{"line":65,"column":16},"end":{"line":65,"column":92}},"47":{"start":{"line":69,"column":0},"end":{"line":69,"column":52}}},"fnMap":{"0":{"name":"(anonymous_0)","decl":{"start":{"line":10,"column":4},"end":{"line":10,"column":5}},"loc":{"start":{"line":10,"column":48},"end":{"line":34,"column":5}},"line":10},"1":{"name":"(anonymous_1)","decl":{"start":{"line":14,"column":38},"end":{"line":14,"column":39}},"loc":{"start":{"line":14,"column":48},"end":{"line":16,"column":9}},"line":14},"2":{"name":"(anonymous_2)","decl":{"start":{"line":18,"column":25},"end":{"line":18,"column":26}},"loc":{"start":{"line":18,"column":38},"end":{"line":31,"column":9}},"line":18},"3":{"name":"(anonymous_3)","decl":{"start":{"line":20,"column":26},"end":{"line":20,"column":27}},"loc":{"start":{"line":20,"column":35},"end":{"line":23,"column":13}},"line":20},"4":{"name":"(anonymous_4)","decl":{"start":{"line":35,"column":4},"end":{"line":35,"column":5}},"loc":{"start":{"line":35,"column":36},"end":{"line":51,"column":5}},"line":35},"5":{"name":"(anonymous_5)","decl":{"start":{"line":37,"column":28},"end":{"line":37,"column":29}},"loc":{"start":{"line":37,"column":52},"end":{"line":49,"column":9}},"line":37},"6":{"name":"(anonymous_6)","decl":{"start":{"line":39,"column":29},"end":{"line":39,"column":30}},"loc":{"start":{"line":39,"column":43},"end":{"line":41,"column":13}},"line":39},"7":{"name":"(anonymous_7)","decl":{"start":{"line":42,"column":26},"end":{"line":42,"column":27}},"loc":{"start":{"line":42,"column":41},"end":{"line":47,"column":13}},"line":42},"8":{"name":"(anonymous_8)","decl":{"start":{"line":52,"column":4},"end":{"line":52,"column":5}},"loc":{"start":{"line":52,"column":51},"end":{"line":67,"column":5}},"line":52},"9":{"name":"(anonymous_9)","decl":{"start":{"line":55,"column":48},"end":{"line":55,"column":49}},"loc":{"start":{"line":55,"column":55},"end":{"line":55,"column":84}},"line":55},"10":{"name":"(anonymous_10)","decl":{"start":{"line":57,"column":48},"end":{"line":57,"column":49}},"loc":{"start":{"line":57,"column":55},"end":{"line":57,"column":84}},"line":57},"11":{"name":"(anonymous_11)","decl":{"start":{"line":59,"column":39},"end":{"line":59,"column":40}},"loc":{"start":{"line":59,"column":51},"end":{"line":59,"column":86}},"line":59},"12":{"name":"(anonymous_12)","decl":{"start":{"line":61,"column":39},"end":{"line":61,"column":40}},"loc":{"start":{"line":61,"column":51},"end":{"line":61,"column":86}},"line":61},"13":{"name":"(anonymous_13)","decl":{"start":{"line":63,"column":44},"end":{"line":63,"column":45}},"loc":{"start":{"line":63,"column":51},"end":{"line":63,"column":80}},"line":63}},"branchMap":{"0":{"loc":{"start":{"line":11,"column":8},"end":{"line":13,"column":9}},"type":"if","locations":[{"start":{"line":11,"column":8},"end":{"line":13,"column":9}},{"start":{"line":11,"column":8},"end":{"line":13,"column":9}}],"line":11},"1":{"loc":{"start":{"line":11,"column":12},"end":{"line":11,"column":96}},"type":"binary-expr","locations":[{"start":{"line":11,"column":12},"end":{"line":11,"column":24}},{"start":{"line":11,"column":28},"end":{"line":11,"column":52}},{"start":{"line":11,"column":56},"end":{"line":11,"column":68}},{"start":{"line":11,"column":72},"end":{"line":11,"column":96}}],"line":11},"2":{"loc":{"start":{"line":25,"column":12},"end":{"line":30,"column":13}},"type":"if","locations":[{"start":{"line":25,"column":12},"end":{"line":30,"column":13}},{"start":{"line":25,"column":12},"end":{"line":30,"column":13}}],"line":25},"3":{"loc":{"start":{"line":53,"column":8},"end":{"line":66,"column":9}},"type":"switch","locations":[{"start":{"line":54,"column":12},"end":{"line":55,"column":87}},{"start":{"line":56,"column":12},"end":{"line":57,"column":87}},{"start":{"line":58,"column":12},"end":{"line":59,"column":109}},{"start":{"line":60,"column":12},"end":{"line":61,"column":91}},{"start":{"line":62,"column":12},"end":{"line":63,"column":88}},{"start":{"line":64,"column":12},"end":{"line":65,"column":92}}],"line":53}},"s":{"0":1,"1":1,"2":1,"3":1,"4":1,"5":25,"6":25,"7":0,"8":0,"9":0,"10":0,"11":0,"12":0,"13":0,"14":0,"15":0,"16":0,"17":0,"18":0,"19":0,"20":0,"21":0,"22":0,"23":0,"24":0,"25":0,"26":0,"27":0,"28":0,"29":0,"30":0,"31":0,"32":0,"33":0,"34":0,"35":0,"36":0,"37":0,"38":0,"39":0,"40":0,"41":0,"42":0,"43":0,"44":0,"45":0,"46":0,"47":1},"f":{"0":0,"1":0,"2":0,"3":0,"4":0,"5":0,"6":0,"7":0,"8":0,"9":0,"10":0,"11":0,"12":0,"13":0},"b":{"0":[0,0],"1":[0,0,0,0],"2":[0,0],"3":[0,0,0,0,0,0]},"inputSourceMap":{"version":3,"file":"D:/000_Edrick/UBC/CPSC_310/project_team139/src/controller/helperTransformation.ts","sources":["D:/000_Edrick/UBC/CPSC_310/project_team139/src/controller/helperTransformation.ts"],"names":[],"mappings":";;;AAAA,qDAAgD;AAEhD,qDAAkD;AAClD,6CAA0C;AAE1C,MAAa,oBAAoB;IACxB,EAAE,GAAG,IAAI,+BAAc,EAAE,CAAC;IAC1B,EAAE,GAAG,IAAI,uBAAU,EAAE,CAAC;IAEvB,KAAK,CAAC,oBAAoB,CAAC,KAAU,EAAE,QAAmB;QAEhE,IAAI,CAAC,KAAK,CAAC,KAAK,IAAI,KAAK,CAAC,KAAK,CAAC,MAAM,KAAK,CAAC,IAAI,CAAC,KAAK,CAAC,KAAK,IAAI,KAAK,CAAC,KAAK,CAAC,MAAM,KAAK,CAAC,EAAE;YACzF,MAAM,IAAI,6BAAY,CAAC,cAAc,CAAC,CAAC;SACvC;QACD,MAAM,KAAK,GAAa,KAAK,CAAC,KAAK,CAAC,GAAG,CAAC,CAAC,IAAY,EAAE,EAAE;YACxD,OAAO,IAAI,CAAC,KAAK,CAAC,GAAG,CAAC,CAAC,CAAC,CAAC,CAAC;QAC3B,CAAC,CAAC,CAAC;QAMH,MAAM,WAAW,GAAG,IAAI,GAAG,EAAkC,CAAC;QAE9D,QAAQ,CAAC,OAAO,CAAC,CAAC,OAAO,EAAE,EAAE;YAI5B,MAAM,QAAQ,GAAwB,EAAE,CAAC;YAEzC,KAAK,CAAC,OAAO,CAAC,CAAC,GAAG,EAAE,EAAE;gBAErB,MAAM,QAAQ,GAAG,IAAI,CAAC,EAAE,CAAC,WAAW,CAAC,GAAG,EAAE,OAAO,CAAC,CAAC;gBACnD,QAAQ,CAAC,IAAI,CAAC,QAAQ,CAAC,CAAC;YACzB,CAAC,CAAC,CAAC;YAEH,MAAM,mBAAmB,GAAG,WAAW,CAAC,GAAG,CAAC,QAAQ,CAAC,CAAC;YACtD,IAAI,mBAAmB,EAAE;gBAExB,mBAAmB,CAAC,IAAI,CAAC,OAAO,CAAC,CAAC;aAClC;iBAAM;gBAEN,WAAW,CAAC,GAAG,CAAC,QAAQ,EAAE,CAAC,OAAO,CAAC,CAAC,CAAC;aACrC;QACF,CAAC,CAAC,CAAC;QAGH,MAAM,MAAM,GAAG,IAAI,CAAC,WAAW,CAAC,KAAK,CAAC,KAAK,EAAE,WAAW,CAAC,CAAC;QAE1D,OAAO,MAAM,CAAC;IACf,CAAC;IAEO,WAAW,CAAC,KAAY,EAAE,WAAgD;QAEjF,MAAM,OAAO,GAAU,EAAE,CAAC;QAG1B,WAAW,CAAC,OAAO,CAAC,CAAC,QAAQ,EAAE,QAAQ,EAAE,EAAE;YAG1C,MAAM,WAAW,GAAwB,EAAE,CAAC;YAG5C,QAAQ,CAAC,OAAO,CAAC,CAAC,GAAG,EAAE,GAAG,EAAE,EAAE;gBAC7B,WAAW,CAAC,aAAa,GAAG,EAAE,CAAC,GAAG,GAAG,CAAC;YACvC,CAAC,CAAC,CAAC;YAIH,KAAK,CAAC,OAAO,CAAC,CAAC,SAAS,EAAE,EAAE;gBAC3B,MAAM,QAAQ,GAAG,MAAM,CAAC,IAAI,CAAC,SAAS,CAAC,CAAC,CAAC,CAAC,CAAC;gBAC3C,MAAM,SAAS,GAAG,MAAM,CAAC,IAAI,CAAC,SAAS,CAAC,QAAQ,CAAC,CAAC,CAAC,CAAC,CAAC,CAAC;gBACtD,MAAM,SAAS,GAAG,SAAS,CAAC,QAAQ,CAAC,CAAC,SAAS,CAAC,CAAC,KAAK,CAAC,GAAG,CAAC,CAAC,CAAC,CAAC,CAAC;gBAC/D,WAAW,CAAC,QAAQ,CAAC,GAAG,IAAI,CAAC,kBAAkB,CAAC,SAAS,EAAE,SAAS,EAAE,QAAQ,CAAC,CAAC;YACjF,CAAC,CAAC,CAAC;YAGH,OAAO,CAAC,IAAI,CAAC,WAAW,CAAC,CAAC;QAC3B,CAAC,CAAC,CAAC;QAEH,OAAO,OAAO,CAAC;IAChB,CAAC;IAGO,kBAAkB,CAAC,SAAiB,EAAE,KAAa,EAAE,QAAmB;QAC/E,QAAQ,SAAS,EAAE;YAClB,KAAK,KAAK;gBACT,OAAO,IAAI,CAAC,GAAG,CAAC,GAAG,QAAQ,CAAC,GAAG,CAAC,CAAC,CAAC,EAAE,EAAE,CAAC,IAAI,CAAC,EAAE,CAAC,WAAW,CAAC,KAAK,EAAE,CAAC,CAAC,CAAC,CAAC,CAAC;YACxE,KAAK,KAAK;gBACT,OAAO,IAAI,CAAC,GAAG,CAAC,GAAG,QAAQ,CAAC,GAAG,CAAC,CAAC,CAAC,EAAE,EAAE,CAAC,IAAI,CAAC,EAAE,CAAC,WAAW,CAAC,KAAK,EAAE,CAAC,CAAC,CAAC,CAAC,CAAC;YACxE,KAAK,KAAK;gBACT,OAAO,QAAQ,CAAC,MAAM,CAAC,CAAC,GAAG,EAAE,CAAC,EAAE,EAAE,CAAC,GAAG,GAAG,IAAI,CAAC,EAAE,CAAC,WAAW,CAAC,KAAK,EAAE,CAAC,CAAC,EAAE,CAAC,CAAC,GAAG,QAAQ,CAAC,MAAM,CAAC;YAC9F,KAAK,KAAK;gBACT,OAAO,QAAQ,CAAC,MAAM,CAAC,CAAC,GAAG,EAAE,CAAC,EAAE,EAAE,CAAC,GAAG,GAAG,IAAI,CAAC,EAAE,CAAC,WAAW,CAAC,KAAK,EAAE,CAAC,CAAC,EAAE,CAAC,CAAC,CAAC;YAC5E,KAAK,OAAO;gBACX,OAAO,IAAI,GAAG,CAAC,QAAQ,CAAC,GAAG,CAAC,CAAC,CAAC,EAAE,EAAE,CAAC,IAAI,CAAC,EAAE,CAAC,WAAW,CAAC,KAAK,EAAE,CAAC,CAAC,CAAC,CAAC,CAAC,IAAI,CAAC;YACzE;gBACC,MAAM,IAAI,6BAAY,CAAC,uBAAuB,SAAS,EAAE,CAAC,CAAC;SAC5D;IACF,CAAC;CACD;AA/FD,oDA+FC","sourcesContent":["import { InsightError } from \"./IInsightFacade\";\r\nimport { Section } from \"./helperClass\";\r\nimport { HelperFunction } from \"./helperFunction\";\r\nimport { HelperSort } from \"./helperSort\";\r\n\r\nexport class HelperTransformation {\r\n\tprivate hf = new HelperFunction();\r\n\tprivate hs = new HelperSort();\r\n\r\n\tpublic async handleTransformation(trans: any, sections: Section[]): Promise<any[]> {\r\n\t\t// Validate query since the process will be long and we don't want errors\r\n\t\tif (!trans.GROUP || trans.GROUP.length === 0 || !trans.APPLY || trans.APPLY.length === 0) {\r\n\t\t\tthrow new InsightError(\"invalid ebnf\");\r\n\t\t}\r\n\t\tconst group: string[] = trans.GROUP.map((item: string) => {\r\n\t\t\treturn item.split(\"_\")[1];\r\n\t\t});\r\n\r\n\t\t// each string[] here can contain distinct strings, for example when\r\n\t\t// group by instructor and title, we will have [\"Jean\", \"310\"], [\"Casey\", \"310\"],\r\n\t\t// [\"Kelly\", \"210\"], and so on.\r\n\t\t// the Section[] will contain all the filtered sections that qualifies\r\n\t\tconst groupedData = new Map<(string | number)[], Section[]>();\r\n\r\n\t\tsections.forEach((section) => {\r\n\t\t\t// group is [\"instructor\", \"title\"]\r\n\r\n\t\t\t// datagroup example is [\"Jean\", \"310\"], there will be many\r\n\t\t\tconst dataList: (string | number)[] = [];\r\n\r\n\t\t\tgroup.forEach((col) => {\r\n\t\t\t\t// dataName example \"Jean\", \"310\", 87.7\r\n\t\t\t\tconst dataName = this.hf.getParamAll(col, section);\r\n\t\t\t\tdataList.push(dataName);\r\n\t\t\t});\r\n\r\n\t\t\tconst tryAccessMapElement = groupedData.get(dataList);\r\n\t\t\tif (tryAccessMapElement) {\r\n\t\t\t\t// dataList found, just need to add the section\r\n\t\t\t\ttryAccessMapElement.push(section);\r\n\t\t\t} else {\r\n\t\t\t\t// undefined since key does not exist\r\n\t\t\t\tgroupedData.set(dataList, [section]);\r\n\t\t\t}\r\n\t\t});\r\n\t\t// Notice that 1 section can only be at one group, so this algorithm is possible\r\n\r\n\t\tconst result = this.handleApply(trans.APPLY, groupedData);\r\n\r\n\t\treturn result;\r\n\t}\r\n\r\n\tprivate handleApply(apply: any[], groupedData: Map<(string | number)[], Section[]>): any[] {\r\n\t\t// one result will be {groupKey1: Value1 , groupKey2: Value2, new_col1: agg1, new_col2: agg2, ...}\r\n\t\tconst results: any[] = [];\r\n\r\n\t\t// process each groupedData one by one\r\n\t\tgroupedData.forEach((sections, groupKey) => {\r\n\t\t\t// Make a record to keep results of applyRule,\r\n\t\t\t// preserve each Record <new_col1, resultof{\"MIN\" : s_key}>\r\n\t\t\tconst applyResult: Record<string, any> = {};\r\n\r\n\t\t\t// Add group keys to result, they will be the new_col s\r\n\t\t\tgroupKey.forEach((key, idx) => {\r\n\t\t\t\tapplyResult[`groupField${idx}`] = key;\r\n\t\t\t});\r\n\r\n\t\t\t// Apply each rule to get the result in form of compacted fields,\r\n\t\t\t// the result of each aggregation {\"MIN\" : s_key} will be filled\r\n\t\t\tapply.forEach((applyRule) => {\r\n\t\t\t\tconst applyKey = Object.keys(applyRule)[0];\r\n\t\t\t\tconst operation = Object.keys(applyRule[applyKey])[0];\r\n\t\t\t\tconst targetKey = applyRule[applyKey][operation].split(\"_\")[1];\r\n\t\t\t\tapplyResult[applyKey] = this.performAggregation(operation, targetKey, sections);\r\n\t\t\t});\r\n\r\n\t\t\t// then we push one result\r\n\t\t\tresults.push(applyResult);\r\n\t\t});\r\n\r\n\t\treturn results;\r\n\t}\r\n\r\n\t// Helper function to handle aggregation logic\r\n\tprivate performAggregation(operation: string, param: string, sections: Section[]): number {\r\n\t\tswitch (operation) {\r\n\t\t\tcase \"MAX\":\r\n\t\t\t\treturn Math.max(...sections.map((s) => this.hf.getParamNum(param, s)));\r\n\t\t\tcase \"MIN\":\r\n\t\t\t\treturn Math.min(...sections.map((s) => this.hf.getParamNum(param, s)));\r\n\t\t\tcase \"AVG\":\r\n\t\t\t\treturn sections.reduce((acc, s) => acc + this.hf.getParamNum(param, s), 0) / sections.length;\r\n\t\t\tcase \"SUM\":\r\n\t\t\t\treturn sections.reduce((acc, s) => acc + this.hf.getParamNum(param, s), 0);\r\n\t\t\tcase \"COUNT\":\r\n\t\t\t\treturn new Set(sections.map((s) => this.hf.getParamAll(param, s))).size;\r\n\t\t\tdefault:\r\n\t\t\t\tthrow new InsightError(`Invalid APPLYTOKEN: ${operation}`);\r\n\t\t}\r\n\t}\r\n}\r\n"]},"_coverageSchema":"1a1c01bbd47fc00a2c39e90264f33305004495a9","hash":"e7edafe259b4fe2f1d4ff339a7562ac0ad208a6c","contentHash":"a9bf16f4cba7b2c6d1a8a65cf9d3fdae337a2a301321db9c71aa13e2942c708e"},"D:\\000_Edrick\\UBC\\CPSC_310\\project_team139\\src\\controller\\helperSort.ts":{"path":"D:\\000_Edrick\\UBC\\CPSC_310\\project_team139\\src\\controller\\helperSort.ts","statementMap":{"0":{"start":{"line":2,"column":0},"end":{"line":2,"column":62}},"1":{"start":{"line":3,"column":0},"end":{"line":3,"column":28}},"2":{"start":{"line":4,"column":25},"end":{"line":4,"column":52}},"3":{"start":{"line":7,"column":8},"end":{"line":9,"column":9}},"4":{"start":{"line":8,"column":12},"end":{"line":8,"column":73}},"5":{"start":{"line":10,"column":38},"end":{"line":10,"column":54}},"6":{"start":{"line":11,"column":8},"end":{"line":13,"column":9}},"7":{"start":{"line":12,"column":12},"end":{"line":12,"column":71}},"8":{"start":{"line":14,"column":8},"end":{"line":16,"column":9}},"9":{"start":{"line":15,"column":12},"end":{"line":15,"column":56}},"10":{"start":{"line":17,"column":8},"end":{"line":29,"column":11}},"11":{"start":{"line":18,"column":27},"end":{"line":18,"column":35}},"12":{"start":{"line":19,"column":27},"end":{"line":19,"column":35}},"13":{"start":{"line":20,"column":12},"end":{"line":28,"column":13}},"14":{"start":{"line":21,"column":16},"end":{"line":21,"column":47}},"15":{"start":{"line":23,"column":17},"end":{"line":28,"column":13}},"16":{"start":{"line":24,"column":16},"end":{"line":24,"column":39}},"17":{"start":{"line":27,"column":16},"end":{"line":27,"column":100}},"18":{"start":{"line":32,"column":0},"end":{"line":32,"column":32}}},"fnMap":{"0":{"name":"(anonymous_0)","decl":{"start":{"line":6,"column":4},"end":{"line":6,"column":5}},"loc":{"start":{"line":6,"column":54},"end":{"line":30,"column":5}},"line":6},"1":{"name":"(anonymous_1)","decl":{"start":{"line":17,"column":21},"end":{"line":17,"column":22}},"loc":{"start":{"line":17,"column":31},"end":{"line":29,"column":9}},"line":17}},"branchMap":{"0":{"loc":{"start":{"line":7,"column":8},"end":{"line":9,"column":9}},"type":"if","locations":[{"start":{"line":7,"column":8},"end":{"line":9,"column":9}},{"start":{"line":7,"column":8},"end":{"line":9,"column":9}}],"line":7},"1":{"loc":{"start":{"line":11,"column":8},"end":{"line":13,"column":9}},"type":"if","locations":[{"start":{"line":11,"column":8},"end":{"line":13,"column":9}},{"start":{"line":11,"column":8},"end":{"line":13,"column":9}}],"line":11},"2":{"loc":{"start":{"line":14,"column":8},"end":{"line":16,"column":9}},"type":"if","locations":[{"start":{"line":14,"column":8},"end":{"line":16,"column":9}},{"start":{"line":14,"column":8},"end":{"line":16,"column":9}}],"line":14},"3":{"loc":{"start":{"line":20,"column":12},"end":{"line":28,"column":13}},"type":"if","locations":[{"start":{"line":20,"column":12},"end":{"line":28,"column":13}},{"start":{"line":20,"column":12},"end":{"line":28,"column":13}}],"line":20},"4":{"loc":{"start":{"line":20,"column":16},"end":{"line":20,"column":72}},"type":"binary-expr","locations":[{"start":{"line":20,"column":16},"end":{"line":20,"column":42}},{"start":{"line":20,"column":46},"end":{"line":20,"column":72}}],"line":20},"5":{"loc":{"start":{"line":21,"column":23},"end":{"line":21,"column":46}},"type":"cond-expr","locations":[{"start":{"line":21,"column":41},"end":{"line":21,"column":42}},{"start":{"line":21,"column":45},"end":{"line":21,"column":46}}],"line":21},"6":{"loc":{"start":{"line":23,"column":17},"end":{"line":28,"column":13}},"type":"if","locations":[{"start":{"line":23,"column":17},"end":{"line":28,"column":13}},{"start":{"line":23,"column":17},"end":{"line":28,"column":13}}],"line":23},"7":{"loc":{"start":{"line":23,"column":21},"end":{"line":23,"column":77}},"type":"binary-expr","locations":[{"start":{"line":23,"column":21},"end":{"line":23,"column":47}},{"start":{"line":23,"column":51},"end":{"line":23,"column":77}}],"line":23}},"s":{"0":1,"1":1,"2":1,"3":12,"4":0,"5":12,"6":12,"7":0,"8":12,"9":1,"10":11,"11":461,"12":461,"13":461,"14":1,"15":460,"16":460,"17":0,"18":1},"f":{"0":12,"1":461},"b":{"0":[0,12],"1":[0,12],"2":[1,11],"3":[1,460],"4":[461,1],"5":[0,1],"6":[460,0],"7":[460,460]},"inputSourceMap":{"version":3,"file":"D:/000_Edrick/UBC/CPSC_310/project_team139/src/controller/helperSort.ts","sources":["D:/000_Edrick/UBC/CPSC_310/project_team139/src/controller/helperSort.ts"],"names":[],"mappings":";;;AAAA,qDAA+D;AAE/D,MAAa,UAAU;IACf,WAAW,CAAC,OAAwB,EAAE,KAAa,EAAE,OAAe,EAAE,WAAqB;QACjG,IAAI,OAAO,KAAK,KAAK,QAAQ,EAAE;YAC9B,MAAM,IAAI,6BAAY,CAAC,mBAAmB,CAAC,CAAC;SAC5C;QAED,MAAM,CAAC,OAAO,EAAE,UAAU,CAAC,GAAG,KAAK,CAAC,KAAK,CAAC,GAAG,CAAC,CAAC;QAC/C,IAAI,OAAO,KAAK,OAAO,EAAE;YACxB,MAAM,IAAI,6BAAY,CAAC,iBAAiB,CAAC,CAAC;SAC1C;QACD,IAAI,CAAC,WAAW,CAAC,QAAQ,CAAC,UAAU,CAAC,EAAE;YACtC,MAAM,IAAI,6BAAY,CAAC,EAAE,CAAC,CAAC;SAC3B;QAED,OAAO,CAAC,IAAI,CAAC,CAAC,CAAC,EAAE,CAAC,EAAE,EAAE;YACrB,MAAM,MAAM,GAAG,CAAC,CAAC,KAAK,CAAC,CAAC;YACxB,MAAM,MAAM,GAAG,CAAC,CAAC,KAAK,CAAC,CAAC;YAExB,IAAI,OAAO,MAAM,KAAK,QAAQ,IAAI,OAAO,MAAM,KAAK,QAAQ,EAAE;gBAC7D,OAAO,MAAM,GAAG,MAAM,CAAC,CAAC,CAAC,CAAC,CAAC,CAAC,CAAC,CAAC,CAAC;aAC/B;iBAAM,IAAI,OAAO,MAAM,KAAK,QAAQ,IAAI,OAAO,MAAM,KAAK,QAAQ,EAAE;gBACpE,OAAO,MAAM,GAAG,MAAM,CAAC;aACvB;iBAAM;gBACN,MAAM,IAAI,6BAAY,CAAC,0CAA0C,CAAC,CAAC;aACnE;QACF,CAAC,CAAC,CAAC;IACJ,CAAC;CACD;AA3BD,gCA2BC","sourcesContent":["import { InsightError, InsightResult } from \"./IInsightFacade\";\r\n\r\nexport class HelperSort {\r\n\tpublic sortResults(results: InsightResult[], order: string, queryId: string, columnParam: String[]): void {\r\n\t\tif (typeof order !== \"string\") {\r\n\t\t\tthrow new InsightError(\"Invalid order key\");\r\n\t\t}\r\n\r\n\t\tconst [dataset, orderParam] = order.split(\"_\");\r\n\t\tif (dataset !== queryId) {\r\n\t\t\tthrow new InsightError(\"Invalid dataset\");\r\n\t\t}\r\n\t\tif (!columnParam.includes(orderParam)) {\r\n\t\t\tthrow new InsightError(\"\");\r\n\t\t}\r\n\r\n\t\tresults.sort((a, b) => {\r\n\t\t\tconst aValue = a[order];\r\n\t\t\tconst bValue = b[order];\r\n\r\n\t\t\tif (typeof aValue === \"string\" && typeof bValue === \"string\") {\r\n\t\t\t\treturn aValue > bValue ? 1 : 0; // Lexical comparison for strings\r\n\t\t\t} else if (typeof aValue === \"number\" && typeof bValue === \"number\") {\r\n\t\t\t\treturn aValue - bValue; // Numeric comparison for numbers\r\n\t\t\t} else {\r\n\t\t\t\tthrow new InsightError(\"Cannot compare values of different types\");\r\n\t\t\t}\r\n\t\t});\r\n\t}\r\n}\r\n"]},"_coverageSchema":"1a1c01bbd47fc00a2c39e90264f33305004495a9","hash":"9ed3c219bd7e9ba331c6493b9b2227f5fe3ebcfc","contentHash":"308d17fbfda121df05ae13069320870e5182244d9192a9ca657294ba1737d96f"}}